Solver command line: ['/opt/gurobi911/linux64/bin/gurobi.sh']

Academic license - for non-commercial use only - expires 2021-03-30
Using license file /home/cie/gurobi.lic
Read LP format model from file /tmp/tmphyxn8d9m.pyomo.lp
Reading time = 1.93 seconds
x1051207: 1051203 rows, 700807 columns, 2585285 nonzeros
Read MIP start from file /tmp/tmpfbgzgjec.gurobi.mst
Changed value of parameter timelimit to 200000.0
   Prev: inf  Min: 0.0  Max: inf  Default: inf
Changed value of parameter mipgap to 0.005
   Prev: 0.0001  Min: 0.0  Max: inf  Default: 0.0001
Gurobi Optimizer version 9.1.1 build v9.1.1rc0 (linux64)
Thread count: 16 physical cores, 32 logical processors, using up to 32 threads
Optimize a model with 1051203 rows, 700807 columns and 2585285 nonzeros
Model fingerprint: 0xa93a1bdf
Variable types: 525605 continuous, 175202 integer (0 binary)
Coefficient statistics:
  Matrix range     [1e-03, 3e+01]
  Objective range  [3e-02, 5e+04]
  Bounds range     [2e+00, 1e+03]
  RHS range        [1e+00, 4e+01]

Warning: Completing partial solution with 175200 unfixed non-continuous variables out of 175202
User MIP start produced solution with objective 262702 (99.90s)
User MIP start produced solution with objective 262697 (145.96s)
User MIP start produced solution with objective 262692 (230.58s)
User MIP start produced solution with objective 262680 (255.07s)
User MIP start produced solution with objective 262667 (304.19s)
User MIP start produced solution with objective 262659 (309.66s)
User MIP start produced solution with objective 262639 (321.15s)
User MIP start produced solution with objective 262616 (332.29s)
User MIP start produced solution with objective 262593 (338.15s)
User MIP start produced solution with objective 262562 (342.20s)
User MIP start produced solution with objective 262530 (348.27s)
User MIP start produced solution with objective 262502 (352.06s)
User MIP start produced solution with objective 262464 (355.54s)
User MIP start produced solution with objective 262421 (360.49s)
User MIP start produced solution with objective 262379 (368.43s)
User MIP start produced solution with objective 262326 (376.41s)
User MIP start produced solution with objective 262274 (384.08s)
User MIP start produced solution with objective 262211 (410.25s)
User MIP start produced solution with objective 262150 (421.05s)
Loaded user MIP start with objective 262150
Processed MIP start in 421.29 seconds

Presolve removed 13 rows and 81413 columns
Presolve time: 2.39s
Presolved: 1051190 rows, 619394 columns, 2503880 nonzeros
Variable types: 444192 continuous, 175202 integer (0 binary)

Deterministic concurrent LP optimizer: primal simplex, dual simplex, and barrier
Showing barrier log only...

Root barrier log...

Ordering time: 0.06s

Barrier statistics:
 Dense cols : 4
 AA' NZ     : 1.709e+06
 Factor NZ  : 6.657e+06 (roughly 500 MBytes of memory)
 Factor Ops : 6.693e+07 (less than 1 second per iteration)
 Threads    : 14

                  Objective                Residual
Iter       Primal          Dual         Primal    Dual     Compl     Time
   0   1.20754614e+07 -3.40155193e+09  2.12e+01 6.46e-01  9.66e+03   426s
   1   8.17511008e+06 -1.89496833e+09  2.29e+01 5.88e+01  3.40e+03   427s
   2   7.46751220e+06 -1.03502469e+09  2.09e+01 8.10e+00  1.73e+03   428s
   3   2.98043904e+06 -3.49253931e+08  8.81e-01 7.60e-07  2.56e+02   429s
   4   2.68806366e+06 -2.76472806e+07  7.82e-14 5.59e-08  2.04e+01   430s
   5   2.00956683e+06 -4.76720377e+06  6.39e-14 6.70e-09  4.55e+00   431s
   6   2.06044812e+06 -2.54648935e+06  1.14e-13 4.30e-09  3.09e+00   432s
   7   1.49086336e+06 -1.78855450e+06  9.24e-14 3.35e-09  2.20e+00   433s
   8   6.27454881e+05 -8.86343326e+05  9.24e-14 1.70e-09  1.02e+00   434s
   9   3.98800860e+05 -1.81126480e+05  2.34e-13 2.36e-10  3.89e-01   435s
  10   2.66256617e+05  1.40109764e+05  2.89e-13 3.46e-10  8.47e-02   436s
  11   2.56042538e+05  1.48832252e+05  2.42e-13 3.13e-10  7.20e-02   437s
  12   2.54459600e+05  1.59321596e+05  5.73e-13 1.15e-10  6.39e-02   438s
  13   2.51678576e+05  1.66296768e+05  1.82e-12 2.36e-10  5.73e-02   438s
  14   2.52349606e+05  1.71904372e+05  3.15e-11 3.64e-11  5.40e-02   439s
  15   2.49779238e+05  1.92014183e+05  4.50e-11 2.22e-10  3.88e-02   441s
  16   2.46363977e+05  2.08912440e+05  7.64e-11 6.44e-10  2.51e-02   442s
  17   2.41973943e+05  2.18601787e+05  3.81e-11 6.69e-10  1.57e-02   443s
  18   2.37547806e+05  2.24146938e+05  6.03e-11 8.99e-10  9.00e-03   445s
  19   2.37081784e+05  2.26492136e+05  5.89e-11 2.20e-10  7.11e-03   446s
  20   2.34747439e+05  2.29013847e+05  4.32e-10 7.28e-12  3.85e-03   447s
  21   2.34240461e+05  2.29969791e+05  2.47e-10 5.32e-11  2.87e-03   448s
  22   2.33886685e+05  2.30568778e+05  2.31e-10 3.56e-12  2.23e-03   449s
  23   2.33802901e+05  2.30999210e+05  2.14e-10 9.81e-10  1.88e-03   450s
  24   2.33314611e+05  2.31209869e+05  1.57e-10 6.78e-10  1.41e-03   452s
  25   2.33043348e+05  2.31629120e+05  1.25e-10 2.90e-10  9.50e-04   453s
  26   2.32725650e+05  2.31762620e+05  8.94e-11 1.43e-10  6.47e-04   455s
  27   2.32542396e+05  2.31851334e+05  7.17e-11 8.84e-10  4.64e-04   456s
  28   2.32253548e+05  2.31892382e+05  3.67e-11 5.20e-10  2.43e-04   458s
  29   2.32182421e+05  2.31922047e+05  2.86e-11 4.44e-09  1.75e-04   460s
  30   2.32060032e+05  2.31929277e+05  1.39e-11 2.24e-09  8.78e-05   461s
  31   2.32022515e+05  2.31931360e+05  9.45e-12 1.64e-09  6.12e-05   462s
  32   2.32005696e+05  2.31935895e+05  7.45e-12 4.11e-10  4.69e-05   464s
  33   2.31993007e+05  2.31936162e+05  6.01e-12 9.17e-10  3.82e-05   465s
  34   2.31950116e+05  2.31939475e+05  1.08e-12 4.00e-10  7.15e-06   466s
  35   2.31940798e+05  2.31940045e+05  5.41e-14 1.79e-09  5.06e-07   468s
  36   2.31940290e+05  2.31940274e+05  1.23e-15 1.76e-09  1.08e-08   470s
  37   2.31940276e+05  2.31940276e+05  1.67e-11 6.18e-09  1.24e-13   470s

Barrier solved model in 37 iterations and 470.40 seconds
Optimal objective 2.31940276e+05


Root crossover log...

  437994 DPushes remaining with DInf 0.0000000e+00               471s
       0 DPushes remaining with DInf 0.0000000e+00               472s

   85340 PPushes remaining with PInf 0.0000000e+00               472s
       0 PPushes remaining with PInf 0.0000000e+00               472s

  Push phase complete: Pinf 0.0000000e+00, Dinf 9.5503704e-10    472s


Root simplex log...

Iteration    Objective       Primal Inf.    Dual Inf.      Time
  247460    2.3194028e+05   0.000000e+00   0.000000e+00    472s
  247460    2.3194028e+05   0.000000e+00   0.000000e+00    472s
Concurrent spin time: 0.05s

Solved with barrier

Root relaxation: objective 2.319403e+05, 247460 iterations, 48.09 seconds
Total elapsed time = 481.88s
Total elapsed time = 485.40s
Total elapsed time = 493.51s

    Nodes    |    Current Node    |     Objective Bounds      |     Work
 Expl Unexpl |  Obj  Depth IntInf | Incumbent    BestBd   Gap | It/Node Time

     0     0 231940.276    0 85460 262149.815 231940.276  11.5%     -  495s
H    0     0                    262144.81435 231940.276  11.5%     -  500s
     0     0 231953.173    0 89692 262144.814 231953.173  11.5%     -  516s
     0     0 236525.544    0 84787 262144.814 236525.544  9.77%     -  531s
     0     0 236525.544    0 84787 262144.814 236525.544  9.77%     -  533s
     0     0 238047.942    0 71292 262144.814 238047.942  9.19%     -  549s
     0     0 239764.414    0 73219 262144.814 239764.414  8.54%     -  580s
     0     0 240095.210    0 65473 262144.814 240095.210  8.41%     -  617s
     0     0 240195.116    0 65074 262144.814 240195.116  8.37%     -  632s
     0     0 240221.996    0 69133 262144.814 240221.996  8.36%     -  641s
     0     0 240311.851    0 77504 262144.814 240311.851  8.33%     -  656s
     0     0 240318.327    0 77220 262144.814 240318.327  8.33%     -  667s
     0     0 240318.327    0 77206 262144.814 240318.327  8.33%     -  669s
     0     0 240526.381    0 84068 262144.814 240526.381  8.25%     -  738s
     0     0 240780.566    0 79071 262144.814 240780.566  8.15%     -  787s
     0     0 241024.136    0 77805 262144.814 241024.136  8.06%     -  818s
     0     0 241090.677    0 73299 262144.814 241090.677  8.03%     -  830s
     0     0 241095.245    0 74672 262144.814 241095.245  8.03%     -  839s
     0     0 241197.026    0 73228 262144.814 241197.026  7.99%     -  847s
     0     0 241197.594    0 73187 262144.814 241197.594  7.99%     -  849s
     0     0 241197.594    0 73187 262144.814 241197.594  7.99%     -  877s
H    0     0                    262132.60340 241197.594  7.99%     -  882s
     0     0 241202.638    0 73243 262132.603 241202.638  7.98%     -  892s
     0     0 241216.241    0 84763 262132.603 241216.241  7.98%     -  915s
     0     0 241975.214    0 83340 262132.603 241975.214  7.69%     -  938s
     0     0 241975.783    0 91616 262132.603 241975.783  7.69%     -  941s
     0     0 242064.883    0 96620 262132.603 242064.883  7.66%     - 1028s
     0     0 242168.733    0 96416 262132.603 242168.733  7.62%     - 1227s
     0     0 242331.804    0 95472 262132.603 242331.804  7.55%     - 1372s
     0     0 242396.111    0 95063 262132.603 242396.111  7.53%     - 1528s
     0     0 242397.673    0 95126 262132.603 242397.673  7.53%     - 1542s
     0     0 242400.250    0 94769 262132.603 242400.250  7.53%     - 1557s
H    0     0                    262125.63309 242400.250  7.53%     - 1562s
     0     0 242440.855    0 76655 262125.633 242440.855  7.51%     - 1660s
     0     0 242454.010    0 75074 262125.633 242454.010  7.50%     - 1689s
     0     0 242454.932    0 75219 262125.633 242454.932  7.50%     - 1701s
     0     0 242456.766    0 75329 262125.633 242456.766  7.50%     - 1709s
     0     0 242465.905    0 75583 262125.633 242465.905  7.50%     - 1765s
     0     0 242482.120    0 74601 262125.633 242482.120  7.49%     - 1808s
     0     0 242488.070    0 74443 262125.633 242488.070  7.49%     - 1825s
     0     0 242489.517    0 74340 262125.633 242489.517  7.49%     - 1837s
     0     0 242500.403    0 74604 262125.633 242500.403  7.49%     - 1894s
H    0     0                    262113.36563 242500.403  7.48%     - 1899s
     0     0 242535.056    0 75003 262113.366 242535.056  7.47%     - 1959s
     0     0 242543.838    0 75598 262113.366 242543.838  7.47%     - 1987s
     0     0 242546.368    0 77587 262113.366 242546.368  7.47%     - 2002s
     0     0 242547.364    0 84813 262113.366 242547.364  7.46%     - 2010s
     0     0 242547.364    0 84813 262113.366 242547.364  7.46%     - 2026s
     0     2 242547.364    0 84813 262113.366 242547.364  7.46%     - 2236s
     1     4 244243.504    1 43846 262113.366 242547.407  7.46% 97330 2485s
     3     8 248911.369    2 42997 262113.366 244192.422  6.84% 54489 2672s
     7    12 248915.593    3 42900 262113.366 245622.357  6.29% 61701 2782s
    15    24 248971.894    4 42424 262113.366 245635.505  6.29% 32745 3433s
H   27    40                    262100.20689 245638.053  6.28% 27767 3917s
H   28    40                    262093.34721 245638.053  6.28% 26809 3917s
H   35    40                    262091.85706 245638.053  6.28% 22760 3917s
H   36    40                    262090.11403 245638.053  6.28% 22152 3917s
H   38    40                    262086.33640 245638.053  6.28% 22010 3917s
    43    56 248972.178    6 42417 262086.336 245640.090  6.28% 19736 3930s
    59    72 248972.122    6 42406 262086.336 245640.096  6.28% 14781 3941s
    75    88 248972.122    7 42406 262086.336 245640.096  6.28% 11859 3954s
    91   120 248972.176    8 42406 262086.336 245640.096  6.28%  9909 3958s
H  123   136                    261585.81747 245640.096  6.10%  7338 4086s
H  124   136                    261542.79176 245640.096  6.08%  7279 4086s
H  127   136                    261537.17453 245640.096  6.08%  7107 4087s
   139   168 248972.209   11 42406 261537.175 245640.096  6.08%  6495 4161s
   171   216 248972.209   13 42405 261537.175 245640.096  6.08%  5576 4166s
   219   263 248972.229   15 42404 261537.175 245640.096  6.08%  4357 4207s
   266   389 248972.301   18 42402 261537.175 245640.096  6.08%  3958 4256s
   392   518 248972.688   27 42397 261537.175 245640.096  6.08%  2812 4307s
   521   662 248973.075   35 42391 261537.175 245640.096  6.08%  2255 4355s
   665   834 248973.172   44 42383 261537.175 245640.096  6.08%  1874 4408s
   837  1038 248973.404   57 42381 261537.175 245640.096  6.08%  1551 4466s
  1041  1289 248973.501   62 42374 261537.175 245640.096  6.08%  1324 4521s
  1292  1520 248973.813   79 42358 261537.175 245640.096  6.08%  1113 4574s
  1523  1758 248973.981   86 42349 261537.175 245640.096  6.08%   980 4631s
  1761  2016 248974.302   91 42343 261537.175 245640.096  6.08%   885 4666s
  2019  2256 248974.593  101 42341 261537.175 245640.096  6.08%   785 4697s
  2259  2504 248975.171  114 42345 261537.175 245640.096  6.08%   713 4720s
  2507  2737 248975.336  130 42340 261537.175 245640.096  6.08%   644 4764s
  2740  2969 248975.596  146 42341 261537.175 245640.096  6.08%   606 4809s
  2972  3211 248975.992  159 42335 261537.175 245640.096  6.08%   574 4876s
  3214  3492 248976.737  178 42342 261537.175 245640.096  6.08%   555 4929s
  3495  3762 248977.140  196 42319 261537.175 245640.096  6.08%   523 4976s
  3765  4027 248977.314  201 42314 261537.175 245640.096  6.08%   498 5024s
  4030  4305 248977.430  207 42309 261537.175 245640.096  6.08%   477 5069s
  4308  4591 248977.508  211 42306 261537.175 245640.096  6.08%   459 5113s
  4594  4847 248978.053  224 42280 261537.175 245640.096  6.08%   440 5165s
  4850  5123 248978.954  235 42274 261537.175 245640.096  6.08%   427 5220s
  5126  5392 248979.616  253 42263 261537.175 245640.096  6.08%   413 5278s
  5395  5649 248980.155  271 42253 261537.175 245640.096  6.08%   403 5348s
  5652  5929 248980.345  290 42252 261537.175 245640.096  6.08%   397 5406s
  5932  6212 248980.488  309 42245 261537.175 245640.096  6.08%   387 5463s
  6215  6486 248980.589  328 42243 261537.175 245640.096  6.08%   378 5518s
  6489  6760 248980.858  347 42244 261537.175 245640.096  6.08%   369 5574s
  6763  7036 248981.082  366 42245 261537.175 245640.096  6.08%   362 5634s
  7039  7324 248981.302  385 42243 261537.175 245640.096  6.08%   355 5674s
  7327  7617 248981.636  403 42243 261537.175 245640.096  6.08%   345 5707s
  7620  7902 248982.162  422 42241 261537.175 245640.096  6.08%   332 5739s
  7905  8189 248982.246  441 42241 261537.175 245640.096  6.08%   322 5769s
  8192  8465 248982.719  458 42237 261537.175 245640.096  6.08%   311 5830s
  8468  8751 248982.843  477 42233 261537.175 245640.096  6.08%   306 5859s
  8754  9038 248983.019  496 42231 261537.175 245640.096  6.08%   297 5890s
  9041  9329 248983.140  515 42230 261537.175 245640.096  6.08%   289 5919s
  9332  9621 248983.298  534 42229 261537.175 245640.096  6.08%   281 5948s
  9624  9889 248983.424  553 42221 261537.175 245640.096  6.08%   273 5986s
  9892 10161 248983.565  562 42215 261537.175 245640.096  6.08%   269 6033s
 10164 10422 248983.696  581 42213 261537.175 245640.096  6.08%   267 6063s
H10425 10422                    261535.38931 245640.096  6.08%   263 6525s
 10426 10423 248981.409  569 84813 261535.389 245640.096  6.08%   263 7640s
 10428 10424 256659.105  116 85310 261535.389 245640.096  6.08%   263 7736s
 10429 10425 248976.912  308 100239 261535.389 245640.096  6.08%   263 7753s
 10430 10426 261235.282  280 98397 261535.389 245640.096  6.08%   263 7855s
 10431 10426 261233.306  267 131681 261535.389 245640.096  6.08%   263 7866s
 10432 10427 258937.766  604 108820 261535.389 245640.096  6.08%   263 7926s
 10433 10428 256656.138  101 77532 261535.389 245640.096  6.08%   263 7997s
 10434 10428 248981.559  629 107531 261535.389 245640.096  6.08%   263 8151s
 10435 10429 261238.930  303 97143 261535.389 245640.096  6.08%   263 8373s
 10436 10430 261215.786  129 90729 261535.389 245640.096  6.08%   263 8631s
 10437 10430 248974.473  118 88737 261535.389 245640.096  6.08%   263 8728s
 10438 10431 248977.122  300 96410 261535.389 245640.096  6.08%   263 8755s
H10438  9909                    260883.98542 245640.096  5.84%   263 9160s
 10440  9910 259174.286  384 89555 260883.985 245640.096  5.84%   263 9196s
 10441  9911 256650.569   65 93543 260883.985 245640.096  5.84%   263 9267s
 10442  9912 258229.214   20 92511 260883.985 245640.096  5.84%   263 9380s
 10443  9912 248980.986  530 92540 260883.985 245640.096  5.84%   263 9491s
 10444  9913 260883.985  171 90621 260883.985 245640.096  5.84%   263 9629s
 10445  9914 258252.016  274 89882 260883.985 245640.096  5.84%   263 9810s
 10446  9914 255652.865  414 88571 260883.985 245640.096  5.84%   263 9934s
 10447  9915 255652.856  412 87387 260883.985 245640.096  5.84%   263 10004s
 10448  9916 260883.985  369 88707 260883.985 245640.096  5.84%   263 10082s
 10449  9916 248979.154  471 88218 260883.985 245640.096  5.84%   263 10178s
 10450  9917 248975.897  241 88201 260883.985 245640.096  5.84%   263 10203s
 10451  9918 248970.747   56 93378 260883.985 245640.096  5.84%   263 10385s
 10452  9918 245644.819  198 93020 260883.985 245640.096  5.84%   263 10497s
 10453  9919 258933.649  305 92999 260883.985 245640.096  5.84%   263 10591s
 10454  9920 258228.107    7 93991 260883.985 245640.096  5.84%   263 10644s
 10455  9920 260883.985  628 94765 260883.985 245924.348  5.73%   263 10682s
 10456  9921 258937.922  612 95324 260883.985 245924.348  5.73%   263 10775s
 10457  9922 259174.721  413 93765 260883.985 245924.348  5.73%   263 10973s
 10458  9922 258863.669   27 93801 260883.985 245924.348  5.73%   263 11166s
 10459  9923 259223.653  552 93629 260883.985 245924.348  5.73%   263 11377s
 10460  9924 260883.985  203 93329 260883.985 245924.348  5.73%   263 11454s
 10461  9924 258249.471  244 93681 260883.985 245924.348  5.73%   263 11510s
 10462  9925 248979.940  496 94108 260883.985 245924.348  5.73%   263 11599s
 10463  9926 260883.985  122 94182 260883.985 245924.348  5.73%   262 11708s
 10464  9926 248980.276  491 94137 260883.985 245924.348  5.73%   262 11771s
 10465  9927 248976.594  333 94061 260883.985 245924.348  5.73%   262 11828s
 10466  9928 259153.157  202 94627 260883.985 245924.348  5.73%   262 11880s
 10467  9928 248970.981   26 94818 260883.985 245924.348  5.73%   262 11933s
 10468  9929 248975.688  151 94022 260883.985 245924.348  5.73%   262 11985s
 10469  9930 245924.348  179 93977 260883.985 245924.348  5.73%   262 12007s
 10470  9930 255652.961  420 93977 260883.985 245924.348  5.73%   262 12531s
 10471  9934 245924.348   14 93940 260883.985 245924.348  5.73%   359 13162s
 10473  9936 245924.348   15 93920 260883.985 245924.348  5.73%   374 21422s
 10477  9940 245924.348   16 92116 260883.985 245924.348  5.73%   378 28096s
 10484  9946 245924.348   17 73986 260883.985 245924.348  5.73%   403 29670s
 10496  9951 245924.348   18 74058 260883.985 245924.348  5.73%   497 31716s
 10512  9958 245924.348   19 74235 260883.985 245924.348  5.73%   579 32539s
 10528  9968 245924.348   19 74119 260883.985 245924.348  5.73%   625 32923s
 10544  9977 245924.348   20 74126 260883.985 245924.348  5.73%   646 32991s
H10560  9496                    260856.79533 245924.348  5.72%   648 33369s
H10561  9024                    260458.37002 245924.348  5.58%   649 33369s
 10583  9046 245924.348   21 73987 260458.370 245924.348  5.58%   650 33566s
H10614  8607                    260244.44536 245924.348  5.50%   651 34111s
H10616  8181                    260228.89427 245924.348  5.50%   651 34111s
H10619  7775                    260225.42163 245924.348  5.50%   651 34111s
H10624  7388                    260220.27985 245924.348  5.49%   651 34111s
H10627  7022                    260211.31782 245924.348  5.49%   651 34111s
 10635  7053 245924.348   23 73968 260211.318 245924.348  5.49%   654 34324s
H10670  6736                    260084.61137 245924.348  5.44%   655 34684s
H10691  6399                    260077.70405 245924.348  5.44%   658 34684s
H10706  6081                    260069.11018 245924.348  5.44%   659 34684s
 10713  6134 245947.758   25 42431 260069.110 245924.348  5.44%   664 34893s
 10769  6164     cutoff   26      260069.110 245924.348  5.44%   668 35386s
 10819  6223 251076.067   27 39379 260069.110 245924.348  5.44%   673 35509s
 10895  6290 251076.667   29 39380 260069.110 245924.348  5.44%   673 35633s
 10987  6366 251078.636   32 39379 260069.110 245924.348  5.44%   671 35873s
H11023  6056                    259961.89965 245924.348  5.40%   669 35873s
 11094  6154 251077.904   35 39377 259961.900 245924.348  5.40%   668 36039s
 11216  6257 251078.031   39 39372 259961.900 245924.348  5.40%   664 36185s
 11359  6383 251081.504   44 39368 259961.900 245924.348  5.40%   659 36326s
 11533  6539 251087.426   50 39362 259961.900 245924.348  5.40%   653 36484s
 11747  6701 251093.778   57 39355 259961.900 245924.348  5.40%   645 36641s
 11980  6878 251097.948   62 39349 259961.900 245924.348  5.40%   635 36807s
 12235  7044 251103.051   68 39343 259961.900 245924.348  5.40%   626 36965s
 12487  7208 251106.576   74 39335 259961.900 245924.348  5.40%   616 37131s
 12735  7392 251108.121   77 39329 259961.900 245924.348  5.40%   608 37291s
 13002  7562 251112.460   85 39315 259961.900 245924.348  5.40%   599 37431s
 13261  7704 251116.183   90 39306 259961.900 245924.348  5.40%   590 37566s
 13489  7888 251117.426   94 39303 259961.900 245924.348  5.40%   584 37705s
 13750  8055 251119.388  101 39296 259961.900 245924.348  5.40%   577 37841s
 14005  8218 251122.589  106 39292 259961.900 245924.348  5.40%   569 37960s
 14256  8394 251124.548  113 39281 259961.900 245924.348  5.40%   563 38139s
 14526  8557 251129.280  120 39259 259961.900 245924.348  5.40%   556 38314s
 14790  8737 251127.210  122 39270 259961.900 245924.348  5.40%   548 38472s
 15077  8893 251128.938  131 39260 259961.900 245924.348  5.40%   541 38648s
 15348  9070 251129.570  141 39255 259961.900 245924.348  5.40%   535 38819s
 15635  9223 251131.306  150 39248 259961.900 245924.348  5.40%   527 38995s
 15906  9385 251131.805  160 39238 259961.900 245924.348  5.40%   522 39115s
 16180  9544 251132.288  169 39233 259961.900 245924.348  5.40%   516 39254s
 16450  9698 251132.458  179 39223 259961.900 245924.348  5.40%   511 39639s
 16715  9863 251132.879  188 39214 259961.900 245924.348  5.40%   511 39988s
 16984 10040 251134.087  198 39203 259961.900 245924.348  5.40%   510 40169s
 17270 10181 251136.449  207 39194 259961.900 245924.348  5.40%   505 40400s
 17526 10331 251137.254  216 39185 259961.900 245924.348  5.40%   504 40739s
 17780 10516 251139.606  225 39177 259961.900 245924.348  5.40%   504 40962s
 18067 10681 251140.737  235 39173 259961.900 245924.348  5.40%   499 41306s
 18346 10845 251142.711  244 39165 259961.900 245924.348  5.40%   498 41479s
 18624 11003 251143.097  254 39155 259961.900 245924.348  5.40%   495 41646s
 18896 11165 251145.715  263 39147 259961.900 245924.348  5.40%   491 42066s
 19167 11323 251147.343  273 39138 259961.900 245924.348  5.40%   495 42511s
 19430 11392 251154.924  282 39092 259961.900 245924.348  5.40%   493 42782s
 19588 11536 251153.806  283 39092 259961.900 245924.348  5.40%   498 42998s
 19785 11684 251155.035  283 39092 259961.900 245924.348  5.40%   498 43197s
 20001 11868 251153.878  284 39091 259961.900 245924.348  5.40%   499 43359s
 20257 12037 251157.436  293 39080 259961.900 245924.348  5.40%   496 43519s
 20511 12222 251158.943  303 39072 259961.900 245924.348  5.40%   492 43686s
 20781 12405 251162.848  312 39063 259961.900 245924.348  5.40%   488 43949s
 21054 12585 251164.465  322 39061 259961.900 245924.348  5.40%   486 44144s
 21325 12764 251168.549  331 39052 259961.900 245924.348  5.40%   483 44319s
 21594 12945 251170.018  341 39048 259961.900 245924.348  5.40%   479 44480s
 21865 13140 251173.733  350 39031 259961.900 245924.348  5.40%   476 44676s
 22150 13332 251175.503  360 39030 259961.900 245924.348  5.40%   472 44835s
 22437 13523 251179.061  369 39021 259961.900 245924.348  5.40%   468 44993s
 22724 13713 251180.327  379 39013 259961.900 245924.348  5.40%   464 45155s
 23009 13905 251182.578  388 39004 259961.900 245924.348  5.40%   460 45317s
 23296 14092 251183.218  398 38994 259961.900 245924.348  5.40%   456 45508s
 23579 14273 251186.966  407 38988 259961.900 245924.348  5.40%   452 45668s
H23855 13887                    259634.96071 245924.348  5.28%   449 49627s
H23862 13612                    259606.56767 245924.348  5.27%   449 49627s
H23870 13348                    259584.01786 245924.348  5.26%   449 49627s
H23871 13088                    259541.09810 245924.348  5.25%   449 50085s
H23872 12952                    259535.17702 245924.348  5.24%   449 50085s
H23874 12952                    259530.72368 245924.348  5.24%   449 50085s
H23875 12952                    259520.51977 245924.348  5.24%   449 50085s
H23877 12952                    259512.52022 245924.348  5.24%   450 50085s
 23887 13230 251190.473  418 38978 259512.520 245924.348  5.24%   450 50239s
 24165 13517 251193.363  427 38971 259512.520 245924.348  5.24%   447 50401s
 24452 13804 251195.971  437 38959 259512.520 245924.348  5.24%   443 50553s
 24739 14089 251197.842  446 38952 259512.520 245924.348  5.24%   440 50716s
 25024 14374 251199.527  456 38945 259512.520 245924.348  5.24%   437 50905s
 25309 14661 251204.004  465 38939 259512.520 245924.348  5.24%   433 51091s
 25596 14946 251205.576  475 38930 259512.520 245924.348  5.24%   430 51338s
 25883 15179 251208.044  484 38922 259512.520 245924.348  5.24%   427 51582s
 26122 15449 251209.647  494 38914 259512.520 245924.348  5.24%   426 54323s
H26203 15449                    259481.75385 245924.348  5.22%   424 54323s
 26394 15717 251210.930  503 38907 259481.754 245924.348  5.22%   423 54565s
 26664 15960 251211.995  513 38897 259481.754 245924.348  5.22%   421 55128s
 26911 16233 251213.029  521 38888 259481.754 245924.348  5.22%   420 55309s
 27188 16493 251216.211  530 38882 259481.754 245924.348  5.22%   417 55496s
 27452 16762 251217.530  540 38874 259481.754 245924.348  5.22%   416 55677s
 27724 17035 251219.624  549 38866 259481.754 245924.348  5.22%   413 55859s
 27999 17305 251219.971  559 38856 259481.754 245924.348  5.22%   411 56040s
 28271 17592 251222.055  568 38848 259481.754 245924.348  5.22%   408 56245s
 28558 17877 251222.921  578 38837 259481.754 245924.348  5.22%   406 56433s
 28845 18149 251224.012  587 38830 259481.754 245924.348  5.22%   403 56634s
 29119 18410 251225.386  597 38820 259481.754 245924.348  5.22%   402 56822s
 29386 18697 251227.012  606 38812 259481.754 245924.348  5.22%   400 57002s
 29673 18983 251229.650  616 38803 259481.754 245924.348  5.22%   397 57186s
 29959 19267 251232.134  625 38795 259481.754 245924.348  5.22%   395 57351s
 30246 19554 251234.338  635 38785 259481.754 245924.348  5.22%   392 57513s
 30533 19841 251238.788  644 38776 259481.754 245924.348  5.22%   390 57668s
 30820 20128 251240.954  654 38764 259481.754 245924.348  5.22%   388 57822s
 31107 20412 251248.540  663 38756 259481.754 245924.348  5.22%   385 59159s
 31393 20699 251251.504  673 38746 259481.754 245924.348  5.22%   389 59317s
 31680 20986 251257.272  682 38736 259481.754 245924.348  5.22%   387 59482s
 31967 21250 251259.828  692 38727 259481.754 245924.348  5.22%   385 59645s
 32233 21525 251260.225  695 38723 259481.754 245924.348  5.22%   383 59811s
 32512 21802 251262.061  704 38716 259481.754 245924.348  5.22%   381 59970s
 32791 22070 251265.133  714 38704 259481.754 245924.348  5.22%   380 60133s
 33061 22354 251268.394  723 38696 259481.754 245924.348  5.22%   378 60295s
 33347 22639 251270.105  733 38689 259481.754 245924.348  5.22%   377 60461s
 33634 22906 251270.868  742 38681 259481.754 245924.348  5.22%   375 60627s
 33903 23193 251273.609  752 38670 259481.754 245924.348  5.22%   373 60786s
 34190 23480 251276.148  761 38661 259481.754 245924.348  5.22%   371 60945s
 34477 23766 251278.908  771 38655 259481.754 245924.348  5.22%   369 61104s
 34764 24039 251284.161  780 38647 259481.754 245924.348  5.22%   367 61271s
 35039 24326 251286.706  790 38637 259481.754 245924.348  5.22%   366 61494s
 35326 24612 251292.666  799 38631 259481.754 245924.348  5.22%   364 61693s
 35612 24899 251295.487  809 38621 259481.754 245924.348  5.22%   362 61888s
 35899 25170 251301.299  818 38611 259481.754 245924.348  5.22%   360 62045s
 36172 25457 251303.616  828 38601 259481.754 245924.348  5.22%   358 62206s
 36459 25713 251307.541  837 38593 259481.754 245924.348  5.22%   357 62407s
 36721 25998 251311.333  847 38582 259481.754 245924.348  5.22%   356 62577s
 37008 26269 251315.114  856 38573 259481.754 245924.348  5.22%   355 62776s
 37283 26539 251319.677  866 38562 259481.754 245924.348  5.22%   355 62886s
 37555 26822 251323.809  875 38552 259481.754 245924.348  5.22%   353 63056s
 37841 27083 251326.108  885 38539 259481.754 245924.348  5.22%   353 63214s
 38114 27351 251331.264  894 38528 259481.754 245924.348  5.22%   352 63320s
 38401 27612 251334.933  904 38518 259481.754 245924.348  5.22%   350 63403s
 38684 27876 251338.571  912 38509 259481.754 245924.348  5.22%   348 63715s
 38959 28143 251342.269  921 38497 259481.754 245924.348  5.22%   348 63919s
 39228 28418 251344.528  931 38489 259481.754 245924.348  5.22%   347 64037s
 39512 28689 251348.710  940 38480 259481.754 245924.348  5.22%   345 64172s
 39783 28952 251349.664  950 38470 259481.754 245924.348  5.22%   343 64317s
 40047 29210 251353.999  959 38450 259481.754 245924.348  5.22%   342 64450s
 40313 29473 251359.003  969 38439 259481.754 245924.348  5.22%   341 64583s
 40583 29732 251363.584  978 38430 259481.754 245924.348  5.22%   340 64715s
 40846 29975 251368.936  988 38418 259481.754 245924.348  5.22%   339 64905s
 41093 30239 251375.017  997 38410 259481.754 245924.348  5.22%   339 65038s
H41361 29843                    259374.94050 245924.348  5.19%   338 81275s
 41362 29834 259348.353 1374 84813 259374.940 245924.348  5.19%   338 83979s
 41364 29835 258291.981 1584 94273 259374.940 245924.348  5.19%   337 84076s
H41364 28343                    259373.93284 245924.348  5.19%   337 84476s
 41365 28344 251217.279  756 120391 259373.933 245924.348  5.19%   337 84519s
 41366 28345 247935.780 1569 115388 259373.933 245924.348  5.19%   337 84537s
 41367 28345 248663.606 1426 86880 259373.933 245924.348  5.19%   337 84636s
 41368 28346 250315.166  125 89237 259373.933 245924.348  5.19%   337 84660s
 41369 28347 258412.414  891 118445 259373.933 245924.348  5.19%   337 84833s
 41370 28347 259274.830  908 107447 259373.933 245924.348  5.19%   337 84885s
 41371 28348 248282.512  132 96918 259373.933 245924.348  5.19%   337 84949s
 41372 28349 259243.502  720 78781 259373.933 245924.348  5.19%   337 85040s
 41373 28349 258181.553  625 112133 259373.933 245924.348  5.19%   337 85353s
 41374 28350 258406.510  847 100121 259373.933 245924.348  5.19%   337 85614s
 41375 28351 258329.915 1855 106826 259373.933 245924.348  5.19%   337 85760s
 41376 28351 254792.934  776 99687 259373.933 245924.348  5.19%   337 86009s
H41376 26933                    259373.92087 245924.348  5.19%   337 86297s
 41377 26934 258299.876  323 93512 259373.921 245924.348  5.19%   337 86331s
 41378 26935 258391.997  753 92738 259373.921 245924.348  5.19%   337 86399s
 41379 26935 256882.146 1410 91120 259373.921 245924.348  5.19%   337 86543s
 41380 26936 248155.811 1784 90024 259373.921 245924.348  5.19%   337 86631s
 41381 26937 258334.607 1874 90297 259373.921 245924.348  5.19%   337 86797s
 41382 26937 258371.345  691 90331 259373.921 245924.348  5.19%   337 86933s
 41383 26938 256811.345  869 90466 259373.921 245924.348  5.19%   337 87071s
 41384 26939 248984.284   41 89426 259373.921 245924.348  5.19%   337 87194s
 41385 26939 258334.341  471 89544 259373.921 245924.348  5.19%   337 87242s
H41385 25592                    259373.42073 245924.348  5.19%   337 87539s
 41386 25593 251260.683  946 72955 259373.421 245924.348  5.19%   337 87543s
H41386 24312                    259372.12627 245924.348  5.18%   337 87697s
 41387 24313 259112.439  176 73150 259372.126 247330.003  4.64%   337 87702s
H41387 23097                    259371.97948 247330.003  4.64%   337 87808s
 41388 23097 248517.337  424 73166 259371.979 247356.262  4.63%   337 87813s
 41389 23098 258531.793 1391 73239 259371.979 247367.221  4.63%   337 87991s
 41390 23099 248033.632 1697 71323 259371.979 247380.095  4.62%   337 88245s
 41391 23099 251150.591  271 71080 259371.979 247398.652  4.62%   337 88280s
 41392 23100 248221.147 1581 71098 259371.979 247421.062  4.61%   337 88320s
 41393 23101 258395.295  822 74580 259371.979 247448.257  4.60%   337 88356s
 41394 23101 251089.545   38 74448 259371.979 247453.775  4.60%   337 88534s
H41394 21946                    259361.29340 247453.775  4.59%   337 88763s
 41395 21947 248462.560 1139 74449 259361.293 247459.211  4.59%   337 89024s
 41396 21948 258399.694  854 74486 259361.293 247467.748  4.59%   337 89395s
 41397 21948 256774.375  751 74563 259361.293 247473.156  4.58%   337 90251s
 41398 21949 249012.536 1099 74617 259361.293 247485.999  4.58%   337 90519s
 41399 21950 248209.448   96 74689 259361.293 247491.309  4.58%   337 90780s
 41400 21950 248557.559  528 74704 259361.293 247499.456  4.57%   337 90984s
 41401 21951 258414.044  905 74767 259361.293 247503.872  4.57%   337 91296s
 41402 21952 251164.076  389 74655 259361.293 247514.479  4.57%   337 91535s
 41403 21952 256718.111 2025 74737 259361.293 247519.444  4.57%   337 91796s
 41404 21953 248670.913  771 74843 259361.293 247536.505  4.56%   337 91828s
 41405 21954 258280.943 1385 74980 259361.293 247547.283  4.56%   337 92001s
 41406 21954 251165.707  314 74954 259361.293 247550.829  4.55%   337 92225s
 41407 21955 256743.496  582 74964 259361.293 247553.811  4.55%   337 92338s
 41408 21956 256835.727  995 74971 259361.293 247556.608  4.55%   337 92592s
 41409 21956 258490.462 1125 74856 259361.293 247563.481  4.55%   337 92861s
 41410 21957 258390.766  780 74882 259361.293 247567.659  4.55%   337 93240s
 41411 21958 251478.473  449 74895 259361.293 247570.670  4.55%   337 93415s
 41412 21958 247955.736  585 74900 259361.293 247573.649  4.54%   337 93692s
 41413 21959 248315.596 1284 74864 259361.293 247578.379  4.54%   337 93919s
 41414 21960 258407.314  845 74870 259361.293 247580.718  4.54%   337 94141s
 41415 21960 248741.769 1463 74803 259361.293 247593.838  4.54%   337 94412s
 41416 21961 247952.706  162 74799 259361.293 247595.901  4.54%   337 94617s
 41417 21962 248120.616 1102 74687 259361.293 247779.658  4.47%   337 94762s
 41418 21962 248376.496 1023 74642 259361.293 247782.676  4.46%   337 94938s
 41419 21963 247871.999  435 74673 259361.293 247788.936  4.46%   337 95066s
 41420 21964 258254.097   81 74645 259361.293 247790.418  4.46%   337 95304s
 41421 21964 258267.903  235 74731 259361.293 247791.434  4.46%   337 95566s
 41422 21965 248113.345 1504 74712 259361.293 247801.863  4.46%   337 95798s
 41423 21966 249228.486 1524 74705 259361.293 247815.440  4.45%   337 96063s
 41424 21966 248645.866  416 74601 259361.293 247822.740  4.45%   337 96344s
 41425 21967 258431.519  790 74565 259361.293 247822.740  4.45%   337 96482s
 41426 21968 258553.950 1566 74558 259361.293 247833.192  4.44%   337 96707s
 41427 21968 247972.095 1971 74581 259361.293 247834.619  4.44%   337 96896s
 41428 21969 248212.496 1037 74562 259361.293 247843.131  4.44%   337 97223s
 41429 21970 258231.069  832 74461 259361.293 247844.252  4.44%   337 97437s
 41430 21970 258393.637  763 74424 259361.293 247852.838  4.44%   337 97886s
 41431 21971 258096.125  219 74475 259361.293 247862.779  4.43%   337 98229s
 41432 21972 258401.413  873 74443 259361.293 247868.551  4.43%   337 98535s
 41433 21972 249192.927  100 74436 259361.293 247874.801  4.43%   337 98883s
 41434 21973 259062.211  185 74435 259361.293 247875.795  4.43%   337 99114s
 41435 21974 249082.768  476 73985 259361.293 247875.795  4.43%   337 99409s
 41436 21974 258396.820  776 73946 259361.293 247875.795  4.43%   337 100311s
 41437 21975 251274.514  748 74039 259361.293 248066.420  4.35%   337 100652s
 41438 21976 248066.420 2114 74029 259361.293 248066.420  4.35%   337 101220s
 41439 21976 248066.420 1992 74040 259361.293 248066.420  4.35%   337 101488s
 41440 21977 248066.420   42 74119 259361.293 248066.420  4.35%   337 101686s
 41441 21978 258205.844  717 74007 259361.293 248066.420  4.35%   337 101871s
 41442 21978 258643.371  133 74033 259361.293 248066.420  4.35%   337 102042s
 41443 21979 251201.240  454 74027 259361.293 248066.420  4.35%   337 102389s
 41444 21980 248066.420  616 74042 259361.293 248066.420  4.35%   337 102581s
 41445 21980 248066.420 2142 74101 259361.293 248066.420  4.35%   337 102773s
 41446 21981 249057.169  892 74124 259361.293 248066.420  4.35%   337 103837s
 41447 21982 251234.390  837 74165 259361.293 248066.420  4.35%   337 104287s
 41448 21982 258375.635  710 74227 259361.293 248066.420  4.35%   337 104535s
 41449 21983 258258.202   91 74230 259361.293 248066.420  4.35%   337 104686s
 41450 21984 248737.548 1040 74191 259361.293 248066.420  4.35%   337 104834s
H41450 20883                    259329.64629 248066.420  4.34%   337 104989s
 41451 20883 258267.244  118 74148 259329.646 248066.420  4.34%   337 105016s
 41452 20884 248383.773  654 74199 259329.646 248066.420  4.34%   337 105816s
 41453 20885 248499.439 2037 74195 259329.646 248066.420  4.34%   337 106364s
H41453 19839                    259324.30051 248066.420  4.34%   337 106485s
 41455 19840 248066.420  379 74205 259324.301 248066.420  4.34%   337 106674s
 41456 19841 251179.772  501 74205 259324.301 248066.420  4.34%   337 106810s
 41457 19841 248612.356 1848 74226 259324.301 248066.420  4.34%   337 107003s
H41457 18848                    259321.80284 248066.420  4.34%   337 107644s
 41458 18849 258376.670  524 74257 259321.803 248066.420  4.34%   337 107645s
 41459 18850 254774.925  737 74275 259321.803 248066.420  4.34%   337 107892s
 41460 18850 251504.035  473 74291 259321.803 248066.420  4.34%   337 108788s
 41461 18851 248066.420  993 74283 259321.803 248066.420  4.34%   337 109442s
H41461 17906                    259320.53369 248066.420  4.34%   337 109599s
 41462 17907 259320.534 1374 74272 259320.534 248066.420  4.34%   337 109600s
 41463 17907 248066.420 2006 74256 259320.534 248066.420  4.34%   337 109815s
 41464 17908 258291.981 1584 74287 259320.534 248066.420  4.34%   337 109994s
 41465 17909 251217.279  756 74298 259320.534 248066.420  4.34%   337 110405s
H41465 17012                    259317.64306 248066.420  4.34%   337 110717s
 41467 17013 248663.606 1426 74286 259317.643 248066.420  4.34%   337 111320s
 41468 17014 250315.166  125 74312 259317.643 248066.420  4.34%   337 111873s
 41469 17014 258412.414  891 74307 259317.643 248066.420  4.34%   337 112013s
 41470 17015 259274.830  908 74303 259317.643 248066.420  4.34%   337 112543s
 41471 17016 248282.512  132 74493 259317.643 248066.420  4.34%   337 112822s
 41472 17016 259243.502  720 74501 259317.643 248066.420  4.34%   337 113047s
 41473 17017 258181.553  625 74482 259317.643 248066.420  4.34%   337 113268s
 41474 17018 258406.510  847 74504 259317.643 248066.420  4.34%   337 113429s
 41475 17018 258329.915 1855 74542 259317.643 248066.420  4.34%   337 113586s
 41476 17019 254792.934  776 74530 259317.643 248066.420  4.34%   337 114942s
 41477 17020 258299.876  323 74541 259317.643 248066.420  4.34%   337 115064s
H41477 16167                    259311.13416 248066.420  4.34%   337 115204s
 41478 16167 258391.997  753 74539 259311.134 248066.420  4.34%   337 115205s
 41479 16168 256882.146 1410 74548 259311.134 248066.420  4.34%   337 115344s
H41479 15358                    259301.52634 248066.420  4.33%   337 116518s
 41480 15359 248155.811 1784 74568 259301.526 248066.420  4.33%   337 116520s
 41481 15359 258334.607 1874 74534 259301.526 248066.420  4.33%   337 116808s
H41481 14589                    259300.22073 248066.420  4.33%   337 117332s
 41483 14591 256811.345  869 74610 259300.221 248066.420  4.33%   337 117602s
 41484 14591 248984.284   41 74638 259300.221 248066.420  4.33%   337 118058s
 41485 14592 258334.341  471 74618 259300.221 248066.420  4.33%   337 118405s
H41485 13860                    259295.31569 248066.420  4.33%   337 118672s
 41487 13861 259112.439  176 74605 259295.316 248066.420  4.33%   336 118970s
 41488 13862 248517.337  424 74619 259295.316 248066.420  4.33%   336 119177s
 41489 13863 258531.793 1391 74601 259295.316 248066.420  4.33%   336 119343s
H41489 13168                    259291.48178 248066.420  4.33%   336 119531s
 41491 13169 251150.591  271 74558 259291.482 248066.420  4.33%   336 119815s
 41492 13170 248221.147 1581 74609 259291.482 248066.420  4.33%   336 120718s
 41493 13170 258395.295  822 74603 259291.482 248066.420  4.33%   336 121011s
H41493 12509                    259285.18340 248066.420  4.33%   336 121206s
 41495 12511 248462.560 1139 74687 259285.183 248066.420  4.33%   336 121511s
 41496 12511 258399.694  854 74693 259285.183 248066.420  4.33%   336 121704s
 41497 12512 256774.375  751 74702 259285.183 248066.420  4.33%   336 121876s
H41497 11884                    259277.82671 248066.420  4.32%   336 122042s
 41499 11885 248209.448   96 74705 259277.827 248066.420  4.32%   336 122233s
 41500 11886 248557.559  528 74737 259277.827 248066.420  4.32%   336 123106s
 41501 11887 258414.044  905 74736 259277.827 248066.420  4.32%   336 123352s
H41501 11291                    259269.58968 248066.420  4.32%   336 123839s
 41502 11291 251164.076  389 74746 259269.590 248066.420  4.32%   336 123840s
 41503 11292 256718.111 2025 74682 259269.590 248066.420  4.32%   336 124060s
 41504 11293 248670.913  771 74728 259269.590 248066.420  4.32%   336 124219s
 41505 11293 258280.943 1385 74653 259269.590 248066.420  4.32%   336 124490s
 41506 11294 251165.707  314 74679 259269.590 248066.420  4.32%   336 124606s
 41507 11295 256743.496  582 74688 259269.590 248066.420  4.32%   336 124786s
 41508 11295 256835.727  995 74691 259269.590 248066.420  4.32%   336 125200s
 41509 11296 258490.462 1125 74705 259269.590 248066.420  4.32%   336 125463s
 41510 11297 258390.766  780 74743 259269.590 248066.420  4.32%   336 125609s
 41511 11297 251478.473  449 74683 259269.590 248066.420  4.32%   336 126235s
 41512 11298 248066.420  585 74718 259269.590 248066.420  4.32%   336 126844s
 41513 11299 248315.596 1284 74675 259269.590 248066.420  4.32%   336 126931s
H41513 10731                    259262.15597 248066.420  4.32%   336 126989s
 41514 10731 258407.314  845 74683 259262.156 248066.420  4.32%   336 126991s
 41515 10732 248741.769 1463 74676 259262.156 248066.420  4.32%   336 127032s
 41516 10733 248066.420  162 74672 259262.156 248066.420  4.32%   336 127472s
 41517 10733 248120.616 1102 74671 259262.156 248066.420  4.32%   336 127588s
H41517 10194                    259251.37206 248066.420  4.31%   336 127624s
 41518 10195 248376.496 1023 74673 259251.372 248066.420  4.31%   336 127625s
 41519 10196 248066.420  435 74707 259251.372 248066.420  4.31%   336 127712s
 41520 10196 258254.097   81 74716 259251.372 248066.420  4.31%   336 128302s
 41521 10197 258267.903  235 74621 259251.372 248066.420  4.31%   336 128431s
 41522 10198 248113.345 1504 74725 259251.372 248066.420  4.31%   336 128481s
 41523 10198 249228.486 1524 74594 259251.372 248066.420  4.31%   336 128596s
 41524 10199 248645.866  416 74594 259251.372 248066.420  4.31%   336 129213s
 41525 10200 258431.519  790 74602 259251.372 248066.420  4.31%   336 129250s
H41525  9687                    259224.87731 248066.420  4.30%   336 130277s
 41527  9688 248066.420 1971 74697 259224.877 248066.420  4.30%   336 130480s
 41528  9689 248212.496 1037 74690 259224.877 248066.420  4.30%   336 131519s
 41529  9689 258231.069  832 74681 259224.877 248066.420  4.30%   336 131634s
 41530  9690 258393.637  763 74650 259224.877 248066.420  4.30%   336 131681s
 41531  9691 258096.125  219 74562 259224.877 248066.420  4.30%   336 131926s
 41532  9691 258401.413  873 74555 259224.877 248066.420  4.30%   336 131974s
 41533  9692 249192.927  100 74591 259224.877 248066.420  4.30%   336 132131s
H41533  9205                    259215.64923 248066.420  4.30%   336 132167s
 41535  9206 249082.768  476 74596 259215.649 248066.420  4.30%   336 132272s
 41536  9207 258396.820  776 74522 259215.649 248066.420  4.30%   336 132328s
 41537  9208 251274.514  748 74628 259215.649 248066.420  4.30%   336 132426s
H41537  8744                    259206.94964 248066.420  4.30%   336 132466s
 41539  8745 248066.420 1992 74562 259206.950 248066.420  4.30%   336 132548s
 41540  8746 248066.420   42 74526 259206.950 248066.420  4.30%   336 132610s
 41541  8746 258205.844  717 74490 259206.950 248066.420  4.30%   336 132769s
H41541  8306                    259198.42400 248066.420  4.29%   336 132815s
 41543  8308 251201.240  454 74492 259198.424 248066.420  4.29%   336 132862s
 41544  8308 248066.420  616 74451 259198.424 248066.420  4.29%   336 132908s
 41545  8309 248066.420 2142 74462 259198.424 248066.420  4.29%   336 132951s
H41545  7891                    259191.20183 248066.420  4.29%   336 132989s
 41546  7892 249057.169  892 74472 259191.202 248066.420  4.29%   336 132990s
 41547  7892 251234.390  837 74609 259191.202 248066.420  4.29%   336 133176s
 41548  7893 258375.635  710 74609 259191.202 248066.420  4.29%   336 133210s
 41549  7894 258258.202   91 74650 259191.202 248066.420  4.29%   336 133243s
H41549  7496                    259186.48478 248066.420  4.29%   336 133283s
 41551  7497 258267.244  118 74701 259186.485 248066.420  4.29%   336 133427s
 41552  7498 248383.773  654 74693 259186.485 248066.420  4.29%   336 133473s
 41553  7498 248499.439 2037 74710 259186.485 248066.420  4.29%   336 133518s
H41553  7120                    259178.85956 248066.420  4.29%   336 133608s
 41554  7121 258360.645  544 74710 259178.860 248066.420  4.29%   336 133610s
 41555  7122 248066.420  379 74572 259178.860 248066.420  4.29%   336 133776s
 41556  7122 251179.772  501 74573 259178.860 248066.420  4.29%   336 133830s
 41557  7123 248612.356 1848 74601 259178.860 248066.420  4.29%   336 133981s
 41558  7124 258376.670  524 74579 259178.860 248066.420  4.29%   336 134031s
 41559  7124 254774.925  737 74593 259178.860 248066.420  4.29%   336 134078s
 41560  7125 251504.035  473 74596 259178.860 248066.420  4.29%   336 134123s
 41561  7126 248066.420  993 74513 259178.860 248066.420  4.29%   336 134327s
H41561  6766                    259153.44140 248066.420  4.28%   336 135564s
 41562  6766 259153.441 1374 74522 259153.441 248066.420  4.28%   336 135565s
 41563  6767 248066.420 2006 74506 259153.441 248066.420  4.28%   336 135620s
 41564  6768 258291.981 1584 74507 259153.441 248066.420  4.28%   336 136348s
 41565  6768 251217.279  756 74497 259153.441 248066.420  4.28%   336 136393s
 41566  6769 248066.420 1569 74490 259153.441 248066.420  4.28%   336 136435s
 41567  6770 248663.606 1426 74329 259153.441 248066.420  4.28%   336 136556s
 41568  6770 250315.166  125 74333 259153.441 248066.420  4.28%   336 136593s
 41569  6771 258412.414  891 74370 259153.441 248066.420  4.28%   336 136637s
 41570  6772 259153.441  908 74379 259153.441 248066.420  4.28%   336 136679s
 41571  6772 248282.512  132 74552 259153.441 248066.420  4.28%   336 136827s
 41572  6773 259153.441  720 74554 259153.441 248066.420  4.28%   336 136860s
 41573  6774 258181.553  625 74567 259153.441 248066.420  4.28%   336 136930s
 41574  6774 258406.510  847 74567 259153.441 248066.420  4.28%   336 136960s
 41575  6775 258329.915 1855 74536 259153.441 248066.420  4.28%   336 137091s
 41576  6776 254792.934  776 74532 259153.441 248066.420  4.28%   336 137137s
 41577  6776 258299.876  323 74527 259153.441 248066.420  4.28%   336 137177s
 41578  6777 258391.997  753 74537 259153.441 248066.420  4.28%   336 137216s
 41579  6778 256882.146 1410 74574 259153.441 248066.420  4.28%   336 137299s
 41580  6778 248155.811 1784 74582 259153.441 248066.420  4.28%   336 137330s
 41581  6779 258334.607 1874 74618 259153.441 248066.420  4.28%   336 137360s
 41582  6780 258371.345  691 74610 259153.441 248066.420  4.28%   336 137424s
 41583  6780 256811.345  869 74583 259153.441 248066.420  4.28%   336 137461s
 41584  6781 248984.284   41 74592 259153.441 248066.420  4.28%   336 137493s
 41585  6782 258334.341  471 74567 259153.441 248066.420  4.28%   336 137644s
 41586  6782 251260.683  946 74570 259153.441 248066.420  4.28%   336 137688s
 41587  6783 259112.439  176 74396 259153.441 248066.420  4.28%   336 137790s
 41588  6784 248517.337  424 74395 259153.441 248066.420  4.28%   336 137846s
 41589  6784 258531.793 1391 74381 259153.441 248066.420  4.28%   336 137951s
 41590  6785 248066.420 1697 74389 259153.441 248066.420  4.28%   336 137974s
 41591  6786 251150.591  271 74389 259153.441 248066.420  4.28%   336 138343s
H41592  6446                    259113.93796 248066.420  4.26%   379 163230s
 41594  6450 248453.930   28 77038 259113.938 248066.420  4.26%   381 168232s
 41598  6456 248483.798   29 78876 259113.938 248454.131  4.11%   390 171929s
 41602  6455 248482.504   29 78851 259113.938 248455.151  4.11%   397 171930s
 41606  6470 248486.711   30 78516 259113.938 248482.690  4.10%   404 176327s
 41622  6480 248489.202   31 78690 259113.938 248485.336  4.10%   427 178789s
 41638  6490 248487.563   31 78701 259113.938 248485.336  4.10%   437 180265s
 41654  6501 248718.534   32 46138 259113.938 248485.416  4.10%   444 180821s
H41670  6185                    259109.45939 248485.416  4.10%   446 182660s
H41671  5875                    259107.25301 248485.416  4.10%   446 182660s
H41673  5580                    259105.45593 248485.416  4.10%   449 182660s
H41674  5301                    259105.06628 248485.416  4.10%   450 182660s
H41679  5033                    259104.91519 248486.001  4.10%   453 182660s
H41684  4780                    259103.74811 248486.001  4.10%   453 182660s
 41686  4810 248718.677   33 46136 259103.748 248486.001  4.10%   453 183186s
H41717  4576                    258556.25808 248486.001  3.89%   456 200001s
H41726  4346                    258547.62606 248486.001  3.89%   457 200001s

Cutting planes:
  Gomory: 1325
  MIR: 264956
  StrongCG: 3
  Flow cover: 25
  Relax-and-lift: 39

Explored 41733 nodes (20179731 simplex iterations) in 200001.90 seconds
Thread count was 32 (of 32 available processors)

Solution count 10: 258548 258556 259104 ... 259153

Time limit reached
Best objective 2.585476260596e+05, best bound 2.484860010278e+05, gap 3.8916%

