Solver command line: ['/opt/gurobi911/linux64/bin/gurobi.sh']

Academic license - for non-commercial use only - expires 2021-03-30
Using license file /home/cie/gurobi.lic
Read LP format model from file /tmp/tmpevyh8n9o.pyomo.lp
Reading time = 0.19 seconds
x105127: 105123 rows, 70087 columns, 258096 nonzeros
Read MIP start from file /tmp/tmpn_uy3gwo.gurobi.mst
Changed value of parameter timelimit to 200000.0
   Prev: inf  Min: 0.0  Max: inf  Default: inf
Changed value of parameter mipgap to 0.005
   Prev: 0.0001  Min: 0.0  Max: inf  Default: 0.0001
Gurobi Optimizer version 9.1.1 build v9.1.1rc0 (linux64)
Thread count: 16 physical cores, 32 logical processors, using up to 32 threads
Optimize a model with 105123 rows, 70087 columns and 258096 nonzeros
Model fingerprint: 0x20c2797d
Variable types: 52565 continuous, 17522 integer (0 binary)
Coefficient statistics:
  Matrix range     [1e-02, 3e+01]
  Objective range  [3e-01, 5e+04]
  Bounds range     [2e+00, 2e+03]
  RHS range        [1e+00, 2e+01]

Warning: Completing partial solution with 17520 unfixed non-continuous variables out of 17522
User MIP start produced solution with objective 760052 (5.26s)
User MIP start produced solution with objective 240071 (10.22s)
User MIP start produced solution with objective 240066 (32.19s)
User MIP start produced solution with objective 237882 (34.48s)
User MIP start produced solution with objective 234890 (38.20s)
User MIP start produced solution with objective 234387 (41.20s)
User MIP start produced solution with objective 234380 (51.09s)
User MIP start produced solution with objective 234376 (51.57s)
User MIP start produced solution with objective 234364 (51.90s)
User MIP start produced solution with objective 234361 (52.30s)
User MIP start produced solution with objective 234356 (52.66s)
User MIP start produced solution with objective 234349 (53.81s)
User MIP start produced solution with objective 234325 (54.19s)
Loaded user MIP start with objective 234325
Processed MIP start in 54.23 seconds

Presolve removed 4 rows and 8764 columns
Presolve time: 0.21s
Presolved: 105119 rows, 61323 columns, 249331 nonzeros
Variable types: 43801 continuous, 17522 integer (0 binary)

Deterministic concurrent LP optimizer: primal and dual simplex (primal and dual model)
Showing first log only...

Presolve removed 35040 rows and 17520 columns
Presolved: 70079 rows, 43803 columns, 179251 nonzeros


Root simplex log...

Iteration    Objective       Primal Inf.    Dual Inf.      Time
       0    1.8806612e+06   0.000000e+00   2.757172e+05     55s
   25845    2.0355032e+05   0.000000e+00   1.041201e+05     55s
Concurrent spin time: 4.61s

Solved with primal simplex (dual model)

Root relaxation: objective 2.021264e+05, 45823 iterations, 5.59 seconds

    Nodes    |    Current Node    |     Objective Bounds      |     Work
 Expl Unexpl |  Obj  Depth IntInf | Incumbent    BestBd   Gap | It/Node Time

     0     0 202126.350    0 11883 234324.530 202126.350  13.7%     -   61s
     0     0 203553.866    0 9343 234324.530 203553.866  13.1%     -   63s
     0     0 211050.171    0 5650 234324.530 211050.171  9.93%     -   65s
     0     0 211445.503    0 5402 234324.530 211445.503  9.76%     -   66s
     0     0 211446.637    0 5390 234324.530 211446.637  9.76%     -   66s
     0     0 211446.933    0 5389 234324.530 211446.933  9.76%     -   67s
     0     0 211447.156    0 5388 234324.530 211447.156  9.76%     -   67s
     0     0 212442.302    0 7951 234324.530 212442.302  9.34%     -   70s
     0     0 212743.134    0 6253 234324.530 212743.134  9.21%     -   73s
     0     0 212818.352    0 6187 234324.530 212818.352  9.18%     -   75s
     0     0 212822.369    0 6217 234324.530 212822.369  9.18%     -   75s
     0     0 212822.468    0 6216 234324.530 212822.468  9.18%     -   75s
     0     0 212932.899    0 6259 234324.530 212932.899  9.13%     -   80s
     0     0 213395.464    0 6083 234324.530 213395.464  8.93%     -   85s
     0     0 213537.544    0 6237 234324.530 213537.544  8.87%     -   87s
     0     0 213544.270    0 6248 234324.530 213544.270  8.87%     -   88s
     0     0 213544.757    0 6260 234324.530 213544.757  8.87%     -   88s
     0     0 213664.890    0 5649 234324.530 213664.890  8.82%     -   93s
H    0     0                    222703.14751 213664.890  4.06%     -   94s
     0     0 213744.640    0 4900 222703.148 213744.640  4.02%     -   95s
     0     0 213756.680    0 4820 222703.148 213756.680  4.02%     -   95s
     0     0 213757.334    0 4842 222703.148 213757.334  4.02%     -   96s
     0     0 213790.475    0 4774 222703.148 213790.475  4.00%     -   97s
H    0     0                    222127.90275 213790.475  3.75%     -  100s
     0     0 213800.603    0 4789 222127.903 213800.603  3.75%     -  100s
     0     0 213801.613    0 4817 222127.903 213801.613  3.75%     -  100s
     0     0 213806.877    0 4702 222127.903 213806.877  3.75%     -  101s
     0     0 213808.212    0 4734 222127.903 213808.212  3.75%     -  105s
     0     0 213812.854    0 4734 222127.903 213812.854  3.74%     -  105s
     0     0 213812.854    0 4725 222127.903 213812.854  3.74%     -  106s
     0     2 213812.854    0 4725 222127.903 213812.854  3.74%     -  110s
     3     4 220108.692    2 2170 222127.903 213816.885  3.74%  4519  115s
    25    36 220118.337    6 2164 222127.903 220118.337  0.90%  1675  121s
    41    52 220119.704    7 2163 222127.903 220118.985  0.90%  1177  133s
    57    68 220121.916    8 2161 222127.903 220118.985  0.90%  1101  136s
    73    82 220123.946    9 2159 222127.903 220118.985  0.90%   994  140s
H   89   108                    222125.21461 220118.985  0.90%   894  141s
H   91   108                    222119.52600 220118.985  0.90%   874  141s
H  221   569                    222059.43896 220118.985  0.87%   378  145s
   602   922 220142.748   37 2123 222059.439 220118.985  0.87%   159  154s
H  626   922                    221876.33777 220118.985  0.79%   153  154s
H  651   922                    221842.77003 220118.985  0.78%   148  154s
H  676   922                    221824.32154 220118.985  0.77%   143  154s
   977  1788 220159.229   55 2106 221824.322 220118.985  0.77%   104  158s
  1857  2348 220189.013   87 2085 221824.322 220118.985  0.77%  60.3  162s
  2419  2924 220219.161  117 2055 221824.322 220118.985  0.77%  49.2  165s
  3604  4094 220274.053  164 2008 221824.322 220118.985  0.77%  36.4  171s
  4717  5179 220316.235  204 1968 221824.322 220118.985  0.77%  30.4  178s
  5260  5750 220341.685  227 1945 221824.322 220118.985  0.77%  28.4  181s
  5833  6362 220362.256  255 1925 221824.322 220118.985  0.77%  26.8  185s
  7133  7712 220407.378  295 1886 221824.322 220118.985  0.77%  23.7  192s
  7801  8367 220439.770  325 1856 221824.322 220118.985  0.77%  22.5  196s
  8458  8977 220464.289  351 1831 221824.322 220118.985  0.77%  21.6  200s
  9776 10526 220512.362  394 1788 221824.322 220118.985  0.77%  20.1  209s
H10623 10526                    221773.68752 220118.985  0.75%  19.2  225s
 10624 10527 220418.371  288 4725 221773.688 220118.985  0.75%  19.2  246s
H10625 10001                    221773.35089 220118.985  0.75%  19.2  256s
H10625  9501                    221772.78186 220118.985  0.75%  19.2  257s
 10627  9502 220816.948  494 9796 221772.782 220118.985  0.75%  19.2  268s
 10628  9503 220141.484   28 9336 221772.782 220118.985  0.75%  19.2  274s
 10629  9503 220397.196  183 7823 221772.782 220118.985  0.75%  19.2  278s
 10630  9504 220565.924  317 5174 221772.782 220118.985  0.75%  19.2  281s
 10633  9506 220539.134  277 4668 221772.782 220118.985  0.75%  19.2  285s
 10635  9507 220373.577  243 4622 221772.782 220118.985  0.75%  19.2  291s
 10638  9509 221086.163  732 3726 221772.782 220118.985  0.75%  19.2  296s
 10641  9511 220184.425   84 3594 221772.782 220118.985  0.75%  19.2  300s
 10645  9514 220629.175  359 3632 221772.782 220118.985  0.75%  19.2  305s
 10649  9518 220118.985   13 3488 221772.782 220118.985  0.75%  33.2  310s
 10657  9523 220406.839   15 2187 221772.782 220181.184  0.72%  37.3  326s
 10665  9528 220433.582   16 2203 221772.782 220182.538  0.72%  38.0  336s
 10677  9540 220436.794   17 2198 221772.782 220420.705  0.61%  43.5  344s
 10693  9551 220437.167   18 2197 221772.782 220424.043  0.61%  44.4  346s
 10725  9566 220437.487   19 2196 221772.782 220424.955  0.61%  45.6  351s
H10726  9090                    221769.49487 220424.955  0.61%  45.6  351s
H10738  8634                    221767.93629 220424.955  0.61%  45.7  351s
H10772  8245                    221764.12216 220424.955  0.60%  45.7  353s
H10774  7836                    221762.83922 220424.955  0.60%  45.7  353s
H10777  7447                    221759.87548 220424.955  0.60%  45.8  353s
H10779  7077                    221756.46517 220424.955  0.60%  45.8  353s
H10790  6724                    221755.71716 220424.955  0.60%  45.7  353s
 10801  6814 220448.383   21 2194 221755.717 220424.955  0.60%  45.8  355s
H10901  6751                    221714.56201 220424.955  0.58%  45.6  363s
H10919  6429                    221691.20540 220424.955  0.57%  45.9  363s
 11209  6926 220457.120   34 2181 221691.205 220424.955  0.57%  45.1  370s
 11815  7232 220474.966   50 2165 221691.205 220424.955  0.57%  43.5  376s
 12329  7508 220494.677   72 2143 221691.205 220424.955  0.57%  42.4  381s
 12786  7854 220503.834   84 2130 221691.205 220424.955  0.57%  41.9  385s
 13291  8124 220507.450   87 2127 221691.205 220424.955  0.57%  40.7  390s
 14273  8787 220525.601  109 2106 221691.205 220424.955  0.57%  38.8  398s
 14757  8959 220534.151  119 2097 221691.205 220424.955  0.57%  38.0  402s
 15097  9242 220539.784  128 2089 221691.205 220424.955  0.57%  37.7  408s
 15499  9563 220552.360  146 2071 221691.205 220424.955  0.57%  37.1  412s
 15962  9801 220561.514  162 2055 221691.205 220424.955  0.57%  36.6  417s
 16362  9977 220579.532  183 2034 221691.205 220424.955  0.57%  36.3  421s
 16678 10230 220603.655  202 2015 221691.205 220424.955  0.57%  36.2  427s
 17048 10519 220633.524  225 1993 221691.205 220424.955  0.57%  36.0  434s
 17468 10805 220666.987  249 1969 221691.205 220424.955  0.57%  36.1  439s
 17904 11062 220684.373  264 1946 221691.205 220424.955  0.57%  35.9  445s
 18319 11357 220706.279  286 1924 221691.205 220424.955  0.57%  35.8  450s
 18754 11618 220728.006  304 1906 221691.205 220424.955  0.57%  35.5  458s
 19170 11837 220748.611  322 1896 221691.205 220424.955  0.57%  35.7  465s
 19538 12150 220767.308  337 1885 221691.205 220424.955  0.57%  35.7  472s
 19981 12530 220789.747  352 1870 221691.205 220424.955  0.57%  35.7  479s
 20519 12835 220798.546  361 1852 221691.205 220424.955  0.57%  35.5  488s
 21017 13340 220811.430  371 1841 221691.205 220424.955  0.57%  35.4  499s
 21704 13712 220832.220  386 1826 221691.205 220424.955  0.57%  35.3  509s
 22317 14164 220853.922  402 1810 221691.205 220424.955  0.57%  35.2  519s
 22984 14627 220871.501  415 1797 221691.205 220424.955  0.57%  35.0  529s
 23683 14965 220897.032  441 1751 221691.205 220424.955  0.57%  34.9  539s
 24266 15307 220907.476  452 1739 221691.205 220424.955  0.57%  35.0  552s
 24822 15457 220928.300  475 1716 221691.205 220424.955  0.57%  35.1  565s
 25176 16200 220937.111  482 1733 221691.205 220424.955  0.57%  35.2  578s
 26055 16962 220960.775  510 1683 221691.205 220424.955  0.57%  35.1  592s
 27124 17662 220991.762  542 1651 221691.205 220424.955  0.57%  34.8  606s
 28214 18094 221031.172  577 1616 221691.205 220424.955  0.57%  34.4  619s
 29162 17966 221052.912  606 1588 221691.205 220424.955  0.57%  34.5  947s
H29164 17966                    221690.21780 220424.955  0.57%  34.5  947s
H29165 17826                    221666.19035 220424.955  0.56%  34.5  947s
H29169 17361                    221638.26440 220424.955  0.55%  34.5  947s
H29181 17032                    221615.11868 220424.955  0.54%  34.5  947s
H29184 16239                    221575.71123 220424.955  0.52%  34.5 1662s
 29265 16702 221056.061  607 1588 221575.711 220424.955  0.52%  34.6 1678s
 29763 17032 221070.819  624 1568 221575.711 220424.955  0.52%  34.5 1695s
 30143 18823 221084.839  636 1556 221575.711 220424.955  0.52%  34.4 1717s
 31973 20530 221122.772  670 1521 221575.711 220424.955  0.52%  33.2 1738s
 33702 22104 221163.813  700 1491 221575.711 220424.955  0.52%  32.3 1759s
 35294 23359 221220.160  744 1447 221575.711 220424.955  0.52%  31.7 1779s
 36579 24774 221243.947  769 1424 221575.711 220424.955  0.52%  31.6 1800s
 38014 26128 221292.370  810 1379 221575.711 220424.955  0.52%  31.4 1822s
 39402 27523 221315.823  842 1337 221575.711 220424.955  0.52%  31.5 1844s
 40851 28873 221347.016  885 1297 221575.711 220424.955  0.52%  31.5 1867s
 42278 31493 221370.444  921 1256 221575.711 220424.955  0.52%  31.5 2045s
 45240 32861 221418.420  992 1207 221575.711 220424.955  0.52%  31.3 2069s
 46620 35029 221431.461 1014 1183 221575.711 220424.955  0.52%  32.7 2101s
 48792 36902 221461.053 1067 1120 221575.711 220424.955  0.52%  32.3 2131s
 50667 39124 221483.431 1116 1076 221575.711 220424.955  0.52%  32.2 2163s
 52895 41457 221495.152 1149 1038 221575.711 220424.955  0.52%  31.8 2195s
 55230 43391 221515.725 1199  992 221575.711 220424.955  0.52%  31.3 2222s
 57164 45077 221534.491 1249  941 221575.711 220424.955  0.52%  31.1 2249s
 58872 46560 221553.979 1306  896 221575.711 220424.955  0.52%  31.3 2277s
 60429 48194 221568.954 1341  863 221575.711 220424.955  0.52%  31.5 2307s
 62174 50106 221572.863 1348  847 221575.711 220429.765  0.52%  31.8 2339s
 64157 52768 220637.256  125 2114 221575.711 220429.765  0.52%  31.8 2388s
 66875 54462 220820.754  313 1922 221575.711 220429.765  0.52%  32.4 2428s
 68597 56910 220946.508  435 1777 221575.711 220429.765  0.52%  32.7 2470s
 71085 59318 221082.105  608 1607 221575.711 220429.765  0.52%  32.9 2512s
 73541 61458 221206.059  787 1433 221575.711 220429.765  0.52%  33.1 2552s
 75707 63859 221357.321  949 1275 221575.711 220429.765  0.52%  33.3 2590s
 78151 66014 221463.808 1113 1107 221575.711 220429.765  0.52%  33.2 2625s
 80345 68247 221573.277 1287  943 221575.711 220431.056  0.52%  33.3 2659s
 82618 70274 220693.901  177 2057 221575.711 220431.056  0.52%  33.4 2692s
 84647 73003 220872.714  365 1870 221575.711 220431.056  0.52%  33.4 2739s
 87388 74667 221010.272  553 1658 221575.711 220431.056  0.52%  33.5 2765s
 89054 76816 221106.579  701 1508 221575.711 220431.056  0.52%  33.4 2800s
 91265 79026 221210.222  852 1343 221575.711 220431.056  0.52%  33.5 2836s
 93519 80973 221301.930 1033 1152 221575.711 220431.056  0.52%  33.4 2870s
 95573 83282 221372.494 1221  971 221575.711 220431.056  0.52%  33.5 2904s
 98026 85793 221433.098 1409  786 221575.711 220431.056  0.52%  33.4 2938s
 100623 88391 221481.633 1547  659 221575.711 220431.056  0.52%  33.1 2972s
 103221 90628 221520.153 1733  474 221575.711 220431.056  0.52%  32.9 3005s
 105462 93337 221535.743 1921  307 221575.711 220431.056  0.52%  32.8 3051s
 108240 95471 221545.270 2109  123 221575.711 220431.056  0.52%  33.0 3085s
 110488 97725 221553.079 2297   65 221575.711 220431.056  0.52%  33.0 3116s
 112788 99902 221562.564 2485   34 221575.711 220431.056  0.52%  32.9 3147s
 115006 101991 221565.877 2673   21 221575.711 220431.056  0.52%  32.9 3178s
 117248 103889 221570.695 2861   14 221575.711 220431.056  0.52%  32.8 3207s
H117277 103887                    221575.59033 220431.056  0.52%  32.8 3207s
 119166 106234 221574.413 3049    4 221575.590 220431.705  0.52%  32.7 3237s
 121543 108310 220678.829  159 2075 221575.590 220431.705  0.52%  32.5 3267s
 123625 110224 220807.160  300 1944 221575.590 220431.705  0.52%  32.5 3297s
 125643 112608 220956.157  467 1767 221575.590 220431.705  0.52%  32.5 3329s
 128085 115445 221106.728  637 1583 221575.590 220431.705  0.52%  32.3 3368s
 130952 117482 221239.061  825 1399 221575.590 220431.705  0.52%  32.1 3397s
 133001 119510 221340.134  960 1264 221575.590 220431.705  0.52%  32.1 3427s
 135093 121724 221426.238 1082 1144 221575.590 220431.705  0.52%  32.0 3458s
 137322 123662 221491.939 1185 1042 221575.590 220431.705  0.52%  32.0 3487s
 139260 125589 221564.239 1302  931 221575.590 220433.726  0.52%  32.0 3516s
 141224 127832 220499.582   24 2210 221575.590 220433.726  0.52%  32.0 3545s
 143471 129913 220729.120  212 2021 221575.590 220433.726  0.52%  31.9 3575s
 145577 131094 220900.503  391 1827 221575.590 220433.726  0.52%  31.8 3602s
 146833 133269 220979.637  495 1719 221575.590 220433.726  0.52%  31.8 3634s
 149086 135822 221101.217  674 1535 221575.590 220433.726  0.52%  31.8 3678s
 151704 138205 221232.472  853 1336 221575.590 220433.726  0.52%  31.9 3713s
 154089 140386 221307.462 1032 1161 221575.590 220433.726  0.52%  31.8 3748s
 156270 142353 221373.082 1220  974 221575.590 220433.726  0.52%  31.9 3782s
 158239 144388 221435.143 1408  787 221575.590 220433.726  0.52%  32.0 3818s
 160315 146351 221486.433 1566  641 221575.590 220433.726  0.52%  32.1 3854s
 162346 148646 221521.597 1754  461 221575.590 220433.726  0.52%  32.2 3890s
 164677 150683 221542.905 1942  280 221575.590 220433.726  0.52%  32.2 3923s
 166812 152629 221549.373 2130  121 221575.590 220433.726  0.52%  32.3 3956s
 168805 154903 221558.393 2318   60 221575.590 220433.726  0.52%  32.3 3988s
 171095 157325 221564.840 2506   34 221575.590 220433.726  0.52%  32.3 4028s
 173527 159504 221569.441 2694   23 221575.590 220433.726  0.52%  32.3 4063s
 175741 161279 221574.136 2882   16 221575.590 220434.374  0.52%  32.3 4097s
 177556 163416 220628.706  112 2121 221575.590 220434.374  0.52%  32.3 4135s
 179695 165232 221390.151  272 1809 221575.590 220434.374  0.52%  32.4 4172s
 181581 167036 221540.041  431 1652 221575.590 220434.903  0.51%  32.5 4208s
 183541 169257 220503.245   27 2208 221575.590 220435.069  0.51%  32.7 4242s
 185776 171715 220738.962  215 2021 221575.590 220435.069  0.51%  32.7 4279s
 188234 174030 220922.903  403 1839 221575.590 220435.069  0.51%  32.7 4316s
 190552 176007 221038.901  540 1671 221575.590 220435.069  0.51%  32.7 4353s
 192548 178326 221147.388  686 1541 221575.590 220435.069  0.51%  32.7 4396s
 194922 180710 221330.755  874 1350 221575.590 220435.069  0.51%  32.8 4436s
 197362 182865 221554.745 1006 1132 221575.590 220435.159  0.51%  32.8 4474s
 199636 184994 220690.983  163 2082 221575.590 220435.403  0.51%  32.9 4512s
 201832 187134 220891.806  294 1978 221575.590 220435.403  0.51%  33.0 4547s
 203978 188932 221069.189  391 1895 221575.590 220435.403  0.51%  33.0 4583s
 205785 190773 221191.457  445 1874 221575.590 220435.403  0.51%  33.1 4619s
 207685 192730 221305.914  495 1841 221575.590 220435.403  0.51%  33.2 4657s
 209679 194311 221433.746  543 1799 221575.590 220435.403  0.51%  33.3 4696s
 211366 196632 221542.875  586 1775 221575.590 220435.476  0.51%  33.4 4734s
 213755 199115 220543.713   55 2178 221575.590 220435.561  0.51%  33.4 4773s
 216278 201449 220762.874  243 1992 221575.590 220435.561  0.51%  33.4 4807s
 218614 203526 220944.075  431 1780 221575.590 220435.561  0.51%  33.4 4842s
 220704 205743 221067.988  566 1641 221575.590 220435.561  0.51%  33.5 4877s
 222923 207916 221220.647  754 1461 221575.590 220435.561  0.51%  33.4 4912s
 225096 209964 221353.735  885 1329 221575.590 220435.561  0.51%  33.4 4946s
 227185 211997 221421.948  991 1243 221575.590 220435.561  0.51%  33.4 4978s
 229231 214048 221480.537 1090 1128 221575.590 220435.561  0.51%  33.5 5009s
 231303 216063 221557.528 1265  968 221575.590 220435.955  0.51%  33.6 5041s
 233381 217587 220615.770  108 2128 221575.590 220435.955  0.51%  33.6 5122s
 234977 220115 220779.152  266 1968 221575.590 220435.955  0.51%  33.6 5158s
 237519 222431 220963.931  454 1755 221575.590 220435.955  0.51%  33.5 5186s
 239849 224438 221077.130  607 1611 221575.590 220435.955  0.51%  33.4 5212s
 241931 226209 221162.466  746 1473 221575.590 220435.955  0.51%  33.3 5240s
 243744 227992 221282.723  868 1352 221575.590 220435.955  0.51%  33.3 5270s
 245583 229768 221436.102 1007 1234 221575.590 220435.955  0.51%  33.3 5300s
 247420 231680 221546.492 1144 1096 221575.590 220436.190  0.51%  33.3 5332s
 249451 233825 220504.824   26 2210 221575.590 220436.190  0.51%  33.3 5365s
 251598 236037 220731.527  214 2020 221575.590 220436.190  0.51%  33.3 5399s
 253810 238049 220883.011  375 1844 221575.590 220436.190  0.51%  33.2 5433s
 255858 240013 220997.557  519 1699 221575.590 220436.190  0.51%  33.3 5468s
 257846 242611 221083.815  663 1538 221575.590 220436.190  0.51%  33.2 5509s
 260482 245094 221239.659  851 1336 221575.590 220436.190  0.51%  33.3 5548s
 263000 247663 221314.285 1039 1151 221575.590 220436.190  0.51%  33.3 5581s
 265597 250175 221378.993 1227  973 221575.590 220436.190  0.51%  33.2 5614s
 268132 252596 221437.267 1415  791 221575.590 220436.190  0.51%  33.1 5646s
 270553 255020 221491.767 1603  603 221575.590 220436.190  0.51%  33.1 5676s
 273022 257493 221529.607 1791  425 221575.590 220436.190  0.51%  33.0 5701s
 275506 259636 221544.969 1979  268 221575.590 220436.190  0.51%  33.0 5725s
 277649 261972 221553.732 2167  107 221575.590 220436.190  0.51%  32.9 5756s
 280049 264210 221558.943 2355   63 221575.590 220436.190  0.51%  32.9 5780s
 282321 266249 221566.762 2543   38 221575.590 220436.190  0.51%  32.8 5804s
 284421 268160 221572.356 2731   23 221575.590 220436.497  0.51%  32.7 5832s
 286413 270124 220581.274   83 2152 221575.590 220436.497  0.51%  32.7 5858s
 288431 272018 220770.724  252 1982 221575.590 220436.497  0.51%  32.6 5884s
 290351 273873 220923.884  409 1824 221575.590 220436.497  0.51%  32.6 5909s
 292218 275988 221033.863  533 1682 221575.590 220436.497  0.51%  32.6 5936s
 294381 277967 221141.364  671 1543 221575.590 220436.497  0.51%  32.5 5965s
 296360 280052 221257.550  811 1410 221575.590 220436.497  0.51%  32.5 5995s
 298449 282499 221396.142  952 1275 221575.590 220436.497  0.51%  32.5 6036s
 301023 284735 221502.769 1087 1131 221575.590 220436.497  0.51%  32.5 6071s
 303294 286931 221554.829 1219 1000 221575.590 220437.035  0.51%  32.4 6101s
 305528 289170 220627.401  119 2115 221575.590 220437.035  0.51%  32.4 6129s
 307814 291288 220837.096  307 1928 221575.590 220437.035  0.51%  32.4 6157s
 309976 293466 220988.966  453 1757 221575.590 220437.035  0.51%  32.4 6185s
 312178 295581 221166.859  629 1588 221575.590 220437.035  0.51%  32.3 6213s
 314295 297376 221303.174  753 1462 221575.590 220437.035  0.51%  32.3 6242s
 316176 299338 221403.955  853 1363 221575.590 220437.035  0.51%  32.3 6274s
 318162 301184 221549.254  999 1212 221575.590 220437.307  0.51%  32.4 6305s
 320125 303702 220607.142   91 2140 221575.590 220437.307  0.51%  32.4 6343s
 322680 305760 220836.688  279 1949 221575.590 220437.307  0.51%  32.4 6375s
 324740 307831 220983.254  405 1829 221575.590 220437.307  0.51%  32.4 6408s
 326811 309966 221139.511  570 1642 221575.590 220437.307  0.51%  32.4 6442s
 328997 312105 221280.422  710 1507 221575.590 220437.307  0.51%  32.4 6476s
 331145 314224 221394.771  836 1386 221575.590 220437.307  0.51%  32.4 6512s
 333306 316752 221520.420  957 1259 221575.590 220437.907  0.51%  32.4 6545s
 335923 319028 220604.019  106 2129 221575.590 220437.907  0.51%  32.4 6576s
 338199 321404 220757.564  257 1971 221575.590 220437.907  0.51%  32.3 6609s
 340575 324055 220913.357  445 1773 221575.590 220437.907  0.51%  32.2 6646s
 343226 326130 221093.112  633 1586 221575.590 220437.907  0.51%  32.2 6674s
 345311 328052 221184.624  755 1461 221575.590 220437.907  0.51%  32.2 6700s
 347277 330043 221265.204  874 1342 221575.590 220437.907  0.51%  32.2 6727s
 349335 332091 221385.433  966 1248 221575.590 220437.907  0.51%  32.2 6755s
 351446 334436 221448.664 1075 1144 221575.590 220437.907  0.51%  32.1 6783s
 353826 336479 221569.416 1233 1008 221575.590 220438.097  0.51%  32.0 6813s
 355946 338530 220642.713  119 2115 221575.590 220438.097  0.51%  32.0 6845s
 358003 340493 220855.276  299 1938 221575.590 220438.097  0.51%  32.0 6876s
 359978 342412 220969.608  425 1791 221575.590 220438.097  0.51%  32.0 6908s
 361911 344256 221113.050  549 1695 221575.590 220438.097  0.51%  32.0 6948s
 363814 346925 221241.399  689 1561 221575.590 220438.097  0.51%  32.0 6991s
 366538 349291 221451.889  877 1370 221575.590 220438.097  0.51%  32.0 7029s
 368962 351704     cutoff 1008      221575.590 220438.556  0.51%  32.0 7067s
 371427 354056 220757.378  213 2021 221575.590 220438.556  0.51%  32.0 7103s
 373781 356074 220951.894  401 1838 221575.590 220438.556  0.51%  32.0 7140s
 375802 358194 221056.297  519 1689 221575.590 220438.556  0.51%  32.0 7177s
 377977 360460 221232.769  706 1510 221575.590 220438.556  0.51%  32.1 7214s
 380324 362804 221371.090  859 1354 221575.590 220438.556  0.51%  32.1 7251s
 382747 364565 221509.013  983 1231 221575.590 220438.770  0.51%  32.1 7292s
 384609 367349 220534.346   51 2181 221575.590 220438.770  0.51%  32.1 7333s
 387405 369865 220755.418  239 1989 221575.590 220438.770  0.51%  32.1 7374s
 389921 371964 220942.594  427 1781 221575.590 220438.770  0.51%  32.1 7411s
 392111 374507 221068.989  576 1639 221575.590 220438.770  0.51%  32.1 7449s
 394757 376983 221214.045  759 1458 221575.590 220438.770  0.51%  32.1 7485s
 397295 379278 221349.119  924 1302 221575.590 220438.770  0.51%  32.0 7521s
 399617 381627 221484.414 1112 1113 221575.590 220438.770  0.51%  32.0 7557s
 401993 383810     cutoff 1259      221575.590 220439.263  0.51%  32.0 7592s
 404237 386092 220727.775  202 2035 221575.590 220439.263  0.51%  32.0 7631s
 406523 388321 220898.784  390 1829 221575.590 220439.263  0.51%  32.0 7668s
 408767 389527 221029.643  564 1657 221575.590 220439.263  0.51%  32.0 7772s
 410006 391926 221098.118  674 1549 221575.590 220439.263  0.51%  32.0 7812s
 412555 394387 221286.328  862 1364 221575.590 220439.263  0.51%  32.0 7853s
 415071 396414 221462.804 1050 1205 221575.590 220439.263  0.51%  32.0 7892s
 417150 398290 221558.604 1222  996 221575.590 220439.545  0.51%  32.1 7930s
 419048 400063 220588.467   90 2143 221575.590 220439.545  0.51%  32.1 7969s
 420912 402158 220790.158  278 1953 221575.590 220439.545  0.51%  32.2 8007s
 423056 404385 220983.392  466 1745 221575.590 220439.545  0.51%  32.2 8045s
 425379 406918 221133.444  654 1563 221575.590 220439.545  0.51%  32.2 8083s
 427975 409023 221287.324  842 1381 221575.590 220439.545  0.51%  32.2 8115s
 430125 411098 221392.822  976 1243 221575.590 220439.545  0.51%  32.1 8147s
 432302 412527 221469.101 1078 1144 221575.590 220439.545  0.51%  32.1 8168s
 433761 415011 221498.519 1141 1081 221575.590 220439.545  0.51%  32.1 8199s
 436248 417365 221571.198 1281  940 221575.590 220439.600  0.51%  32.0 8230s
 438654 419561 220595.147  104 2130 221575.590 220439.600  0.51%  32.0 8261s
 440863 421586 220642.348  155 2077 221575.590 220439.600  0.51%  32.0 8291s
 442944 423889 220659.709  175 2063 221575.590 220439.600  0.51%  32.0 8322s
 445266 426018 220681.918  192 2045 221575.590 220439.600  0.51%  31.9 8352s
 447452 428520 220699.572  207 2028 221575.590 220439.600  0.51%  31.9 8388s
 450000 430680 220724.437  225 2010 221575.590 220439.600  0.51%  31.8 8415s
 452176 432644 220746.220  244 1993 221575.590 220439.600  0.51%  31.8 8440s
 454140 434783 220761.426  259 1979 221575.590 220439.600  0.51%  31.8 8464s
 456291 436833 220788.816  297 1942 221575.590 220439.600  0.51%  31.7 8488s
 458360 438850 220811.284  315 1923 221575.590 220439.600  0.51%  31.7 8512s
 460401 440713 220822.507  327 1911 221575.590 220439.600  0.51%  31.7 8540s
 462311 442614 220855.278  353 1886 221575.590 220439.600  0.51%  31.7 8567s
 464289 444549 220862.173  358 1881 221575.590 220439.600  0.51%  31.6 8596s
 466247 446415 220871.419  366 1873 221575.590 220439.600  0.51%  31.6 8626s
 468138 448722 220890.105  383 1855 221575.590 220439.600  0.51%  31.6 8663s
 470465 450930 220904.440  401 1812 221575.590 220439.600  0.51%  31.6 8699s
 472704 452908 220924.210  421 1792 221575.590 220439.600  0.51%  31.6 8733s
 474709 454789 220933.219  429 1779 221575.590 220439.600  0.51%  31.7 8765s
 476618 456702 220951.891  452 1753 221575.590 220439.600  0.51%  31.7 8798s
 478641 458818 220965.202  462 1744 221575.590 220439.600  0.51%  31.7 8834s
 480853 460874 220988.727  496 1720 221575.590 220439.600  0.51%  31.7 8868s
 482983 462906 220998.390  507 1704 221575.590 220439.600  0.51%  31.8 8903s
 485039 464810 221012.003  517 1693 221575.590 220439.600  0.51%  31.8 8936s
 486945 466888 221023.435  525 1685 221575.590 220439.600  0.51%  31.9 8970s
 489025 468933 221041.388  542 1670 221575.590 220439.600  0.51%  31.9 9006s
 491172 471139 221047.728  550 1670 221575.590 220439.600  0.51%  32.0 9038s
 493406 473349 221060.215  568 1652 221575.590 220439.600  0.51%  32.0 9071s
 495653 475473 221074.973  594 1625 221575.590 220439.600  0.51%  32.0 9103s
 497819 477736 221091.246  617 1604 221575.590 220439.600  0.51%  32.0 9138s
 500114 479681 221105.707  640 1581 221575.590 220439.600  0.51%  32.0 9171s
 502085 481704 221124.568  655 1566 221575.590 220439.600  0.51%  32.0 9205s
 504124 483561 221132.443  666 1554 221575.590 220439.600  0.51%  32.0 9239s
 506013 485766 221142.134  674 1546 221575.590 220439.600  0.51%  32.0 9275s
 508267 488166 221143.432  676 1544 221575.590 220439.600  0.51%  32.0 9311s
 510698 490460 221151.844  684 1533 221575.590 220439.600  0.51%  32.0 9349s
 513009 492401 221166.897  690 1527 221575.590 220439.600  0.51%  32.0 9381s
 514983 494263 221177.235  700 1517 221575.590 220439.600  0.51%  32.0 9414s
 516924 495926 221191.715  711 1508 221575.590 220439.600  0.51%  32.1 9448s
 518587 498129 221192.663  714 1506 221575.590 220439.600  0.51%  32.1 9483s
 520790 500361 221203.244  727 1491 221575.590 220439.600  0.51%  32.1 9519s
 523059 502404 221218.901  744 1478 221575.590 220439.600  0.51%  32.1 9554s
 525120 504174 221230.584  758 1460 221575.590 220439.600  0.51%  32.2 9591s
 526981 506180 221247.838  772 1445 221575.590 220439.600  0.51%  32.2 9627s
 528999 508411 221259.342  796 1415 221575.590 220439.600  0.51%  32.2 9665s
 531257 510066 221270.200  804 1406 221575.590 220439.600  0.51%  32.2 9701s
 532947 512589 221282.144  810 1400 221575.590 220439.600  0.51%  32.3 9744s
 535510 514768 221293.987  816 1395 221575.590 220439.600  0.51%  32.3 9782s
 537703 517090 221301.772  823 1391 221575.590 220439.600  0.51%  32.3 9822s
 540031 519267 221305.441  831 1384 221575.590 220439.600  0.51%  32.4 9861s
 542235 521343 221313.060  838 1376 221575.590 220439.600  0.51%  32.4 9898s
 544392 523457 221327.852  850 1358 221575.590 220439.600  0.51%  32.4 9935s
 546543 524319 221340.641  868 1343 221575.590 220439.600  0.51%  32.4 9964s
H546557 510150                    221566.28718 220439.600  0.51%  32.4 9964s
 547405 512528 221346.215  873 1338 221566.287 220439.600  0.51%  32.4 10002s
 549841 514848 221351.202  876 1334 221566.287 220439.600  0.51%  32.4 10039s
 552163 516722 221359.396  886 1323 221566.287 220439.600  0.51%  32.4 10076s
 554045 518989 221370.952  903 1304 221566.287 220439.600  0.51%  32.4 10115s
 556323 521026 221381.988  914 1293 221566.287 220439.600  0.51%  32.4 10154s
 558379 523162 221390.563  921 1286 221566.287 220439.600  0.51%  32.4 10193s
 560592 525293 221402.058  929 1278 221566.287 220439.600  0.51%  32.5 10229s
 562758 527510 221406.032  930 1277 221566.287 220439.600  0.51%  32.5 10266s
 565005 529828 221418.660  947 1260 221566.287 220439.600  0.51%  32.5 10301s
 567325 532204 221432.667  974 1231 221566.287 220439.600  0.51%  32.4 10337s
 569701 534234 221443.504  985 1220 221566.287 220439.600  0.51%  32.4 10373s
 571764 536250 221446.245  990 1219 221566.287 220439.600  0.51%  32.5 10407s
 573853 538100 221453.837  997 1209 221566.287 220439.600  0.51%  32.5 10446s
 575750 539991 221455.256  999 1208 221566.287 220439.600  0.51%  32.5 10486s
 577643 541787 221458.223 1005 1193 221566.287 220439.600  0.51%  32.5 10526s
 579457 543759 221475.005 1033 1168 221566.287 220439.600  0.51%  32.6 10570s
 581484 545532 221486.233 1048 1146 221566.287 220439.600  0.51%  32.6 10613s
 583327 547659 221491.670 1058 1146 221566.287 220439.600  0.51%  32.7 10658s
 585540 550149 221499.751 1068 1138 221566.287 220439.600  0.51%  32.7 10701s
 588071 552557 221512.514 1080 1130 221566.287 220439.600  0.51%  32.7 10742s
 590513 554790 221517.859 1096 1110 221566.287 220439.600  0.51%  32.8 10781s
 592746 556654 221531.886 1112 1095 221566.287 220439.600  0.51%  32.8 10815s
 594610 558721 221540.348 1129 1078 221566.287 220439.600  0.51%  32.8 10853s
 596694 560899 221551.488 1148 1059 221566.287 220439.600  0.51%  32.8 10891s
 598925 563085 221562.094 1179 1032 221566.287 220442.157  0.51%  32.8 10927s
 601190 565282 220713.974  191 2043 221566.287 220442.157  0.51%  32.8 10960s
 603450 567451 220887.885  379 1855 221566.287 220442.157  0.51%  32.8 10993s
 605647 569638 221010.941  533 1683 221566.287 220442.157  0.51%  32.8 11027s
 607865 571537 221151.529  699 1522 221566.287 220442.157  0.51%  32.8 11061s
 609821 573203 221287.698  838 1386 221566.287 220442.157  0.51%  32.8 11096s
 611539 575286 221379.132  933 1285 221566.287 220442.157  0.51%  32.8 11132s
 613665 577563 221482.597 1075 1167 221566.287 220442.157  0.51%  32.8 11168s
 615952 579707 221538.374 1202 1039 221566.287 220442.545  0.51%  32.8 11206s
 618229 581886 220603.465   97 2136 221566.287 220442.545  0.51%  32.9 11241s
 620415 583960 220817.290  285 1943 221566.287 220442.545  0.51%  32.9 11277s
 622507 585985 220997.442  442 1768 221566.287 220442.545  0.51%  32.9 11315s
 624584 587977 221195.172  605 1609 221566.287 220442.545  0.51%  32.9 11353s
 626636 590392 221362.720  753 1486 221566.287 220442.545  0.51%  32.9 11390s
 629085 592610 221513.915  906 1337 221566.287 220443.122  0.51%  32.9 11427s
 631365 594127 220519.066   37 2195 221566.287 220443.122  0.51%  32.9 11462s
 632882 596127 220589.006   92 2141 221566.287 220443.122  0.51%  32.9 11501s
 634900 598264 220648.888  136 2097 221566.287 220443.122  0.51%  33.0 11541s
 637080 600193 220701.707  184 2045 221566.287 220443.122  0.51%  33.0 11580s
 639023 602432 220735.195  218 2012 221566.287 220443.122  0.51%  33.0 11621s
 641333 604636 220789.011  275 1954 221566.287 220443.122  0.51%  33.0 11660s
 643581 606894 220815.096  301 1928 221566.287 220443.122  0.51%  33.1 11701s
 645841 609298 220851.298  333 1899 221566.287 220443.122  0.51%  33.1 11742s
 648261 611611 220872.546  350 1881 221566.287 220443.122  0.51%  33.1 11782s
 650651 614191 220899.952  374 1857 221566.287 220443.122  0.51%  33.1 11817s
 653237 616619 220916.037  389 1842 221566.287 220443.122  0.51%  33.0 11852s
 655665 618539 220929.826  402 1825 221566.287 220443.122  0.51%  33.0 11886s
 657619 619147 220955.172  439 1788 221566.287 220443.122  0.51%  33.0 11916s
 658233 622139 220967.505  447 1782 221566.287 220443.122  0.51%  33.0 11978s
 661241 624926 220983.029  474 1739 221566.287 220443.122  0.51%  33.1 12033s
 664028 627341 220998.793  488 1720 221566.287 220443.122  0.51%  33.1 12084s
 666494 629751 221023.803  508 1697 221566.287 220443.122  0.51%  33.2 12131s
 668954 631869 221039.454  524 1686 221566.287 220443.122  0.51%  33.2 12174s
 671099 634040 221048.438  557 1654 221566.287 220443.122  0.51%  33.3 12219s
 673299 636345 221077.029  605 1613 221566.287 220443.122  0.51%  33.3 12263s
 675654 638599 221115.119  676 1542 221566.287 220443.122  0.51%  33.4 12309s
 677960 641122 221132.631  689 1529 221566.287 220443.122  0.51%  33.4 12354s
 680515 643048 221142.751  694 1525 221566.287 220443.122  0.51%  33.4 12394s
 682518 645536 221150.302  698 1522 221566.287 220443.122  0.51%  33.5 12436s
 685086 647791 221167.455  710 1512 221566.287 220443.122  0.51%  33.4 12475s
 687422 650016 221178.850  721 1501 221566.287 220443.122  0.51%  33.5 12513s
 689678 652288 221189.766  728 1493 221566.287 220443.122  0.51%  33.5 12549s
 691970 654413 221192.089  731 1489 221566.287 220443.122  0.51%  33.5 12586s
 694142 656603 221214.750  764 1456 221566.287 220443.122  0.51%  33.5 12623s
 696379 658910 221229.379  775 1435 221566.287 220443.122  0.51%  33.5 12662s
 698688 660835 221243.910  785 1433 221566.287 220443.122  0.51%  33.5 12699s
 700696 662944 221252.365  792 1425 221566.287 220443.122  0.51%  33.5 12737s
 702867 665181 221258.139  802 1415 221566.287 220443.122  0.51%  33.6 12774s
 705114 667551 221268.589  810 1406 221566.287 220443.122  0.51%  33.5 12811s
 707488 669712 221277.581  817 1399 221566.287 220443.122  0.51%  33.5 12845s
 709655 671598 221288.697  828 1389 221566.287 220443.122  0.51%  33.5 12879s
 711637 672942 221292.319  832 1385 221566.287 220443.122  0.51%  33.5 12915s
H712243 670032                    221564.39208 220443.122  0.51%  33.5 12915s
 713002 672265 221299.555  839 1378 221564.392 220443.122  0.51%  33.5 12952s
 715247 674305 221305.255  847 1370 221564.392 220443.122  0.51%  33.5 12989s
 717287 676543 221319.142  852 1367 221564.392 220443.122  0.51%  33.5 13025s
 719525 678968 221328.499  859 1360 221564.392 220443.122  0.51%  33.5 13061s
 721982 681522 221334.144  863 1356 221564.392 220443.122  0.51%  33.5 13092s
 724540 683782 221336.904  865 1354 221564.392 220443.122  0.51%  33.5 13129s
 726836 685844 221338.336  866 1351 221564.392 220443.122  0.51%  33.5 13161s
 728945 687586 221339.615  867 1350 221564.392 220443.122  0.51%  33.4 13193s
 730788 689678 221346.023  872 1347 221564.392 220443.122  0.51%  33.5 13227s
 732934 691733 221350.820  882 1341 221564.392 220443.122  0.51%  33.5 13263s
 734989 693813 221361.374  889 1319 221564.392 220443.122  0.51%  33.5 13298s
 737071 695867 221376.150  918 1291 221564.392 220443.122  0.51%  33.5 13335s
 739133 697310 221380.009  923 1289 221564.392 220443.122  0.51%  33.5 13362s
 740640 699476 221381.223  925 1286 221564.392 220443.122  0.51%  33.5 13399s
 742860 701501 221385.477  927 1283 221564.392 220443.122  0.51%  33.5 13434s
 745056 702945 221400.001  948 1262 221564.392 220443.122  0.51%  33.5 13479s
 746568 705778 221411.210  973 1238 221564.392 220443.122  0.51%  33.5 13527s
 749449 708252 221432.625 1037 1174 221564.392 220443.122  0.51%  33.5 13571s
 751925 708268 221453.710 1089 1128 221564.392 220443.122  0.51%  33.5 15514s
H751934 705489                    221562.65294 220443.122  0.51%  33.5 15514s
 751941 705880 221453.895 1090 1127 221562.653 220443.122  0.51%  33.5 15538s
 752332 707419 221460.800 1097 1120 221562.653 220443.122  0.51%  33.5 15583s
 753885 708706 221467.110 1106 1111 221562.653 220443.122  0.51%  33.5 15636s
 755174 711088 221479.584 1117 1098 221562.653 220443.122  0.51%  33.5 15684s
 757597 713570 221484.378 1121 1096 221562.653 220443.122  0.51%  33.6 15731s
 760162 716142 221494.801 1153 1068 221562.653 220443.122  0.51%  33.6 15776s
 762752 718656 221508.117 1188 1033 221562.653 220443.122  0.51%  33.6 15821s
 765266 721057 221524.847 1231  991 221562.653 220443.122  0.51%  33.6 15867s
 767669 723430 221531.365 1253  973 221562.653 220443.122  0.51%  33.7 15913s
 770095 725468 221539.503 1274  948 221562.653 220443.122  0.51%  33.7 15953s
 772292 727893 221547.806 1290  932 221562.653 220443.122  0.51%  33.7 15990s
 774725 729606 221553.059 1309  912 221562.653 220443.122  0.51%  33.7 16025s
 776448 731758 221555.318 1313  908 221562.653 220443.122  0.51%  33.7 16064s
 778610 733782 221554.409 1313  908 221562.653 220443.122  0.51%  33.7 16103s
 780638 735863     cutoff 1313      221562.653 220445.049  0.50%  33.7 16143s
 782753 738055 220683.809  164 2068 221562.653 220445.049  0.50%  33.7 16183s
 784961 740190 220887.655  352 1877 221562.653 220445.049  0.50%  33.8 16225s
 787179 742390 221050.171  514 1716 221562.653 220445.049  0.50%  33.8 16264s
 789472 744771 221187.875  639 1578 221562.653 220445.049  0.50%  33.8 16306s
 791925 746951 221376.221  807 1431 221562.653 220445.049  0.50%  33.8 16344s
 794109 748630 221506.357  943 1296 221562.653 220445.524  0.50%  33.8 16381s
 795819 750998 220579.038   74 2159 221562.653 220445.524  0.50%  33.8 16422s
 798207 753002 220790.271  262 1973 221562.653 220445.524  0.50%  33.8 16463s
 800293 755211 221008.153  450 1759 221562.653 220445.524  0.50%  33.8 16503s
 802604 757510 221193.479  637 1581 221562.653 220445.524  0.50%  33.8 16541s
 804966 759940 221348.649  786 1434 221562.653 220445.524  0.50%  33.8 16583s
 807467 762409 221500.709  916 1327 221562.653 220445.907  0.50%  33.8 16621s
 809964 764979 220554.049   57 2177 221562.653 220445.907  0.50%  33.8 16664s
 812534 767337 220794.389  245 1991 221562.653 220445.907  0.50%  33.8 16703s
 814892 769523 220996.601  433 1799 221562.653 220445.907  0.50%  33.8 16740s
 817078 771363 221126.400  559 1657 221562.653 220445.907  0.50%  33.8 16777s
 819006 773589 221244.135  705 1513 221562.653 220445.907  0.50%  33.8 16813s
 821281 775740 221410.277  844 1377 221562.653 220445.907  0.50%  33.8 16849s
 823434 777874 221507.901  939 1281 221562.653 220446.105  0.50%  33.8 16886s
 825621 780162 220616.797  104 2130 221562.653 220446.105  0.50%  33.8 16922s
 827938 782529 220812.859  278 1958 221562.653 220446.105  0.50%  33.8 16957s
 830313 784629 220985.912  432 1808 221562.653 220446.105  0.50%  33.8 16989s
 832425 786500 221124.304  601 1642 221562.653 220446.105  0.50%  33.8 17034s
 834398 789100 221292.249  762 1486 221562.653 220446.105  0.50%  33.8 17076s
 837067 791550 221489.401  950 1296 221562.653 220446.105  0.50%  33.8 17114s
 839561 793861 221562.370 1055 1161 221562.653 220446.282  0.50%  33.8 17152s
 841937 796337 220649.391   98 2133 221562.653 220446.282  0.50%  33.8 17189s
 844421 798578 220746.976  159 2073 221562.653 220446.282  0.50%  33.8 17222s
 846670 800996 220806.835  196 2039 221562.653 220446.282  0.50%  33.7 17255s
 849089 803218 220867.505  239 1997 221562.653 220446.282  0.50%  33.7 17286s
 851415 805672 220947.821  289 1945 221562.653 220446.282  0.50%  33.7 17319s
 853913 808204 221011.152  333 1901 221562.653 220446.282  0.50%  33.7 17358s
 856540 810570 221036.200  352 1883 221562.653 220446.282  0.50%  33.7 17391s
 858943 812947 221050.107  365 1872 221562.653 220446.282  0.50%  33.6 17422s
 861320 815069 221067.345  377 1859 221562.653 220446.282  0.50%  33.6 17450s
 863444 816938 221097.071  396 1836 221562.653 220446.282  0.50%  33.6 17478s
 865358 818862 221129.857  416 1781 221562.653 220446.282  0.50%  33.6 17508s
 867304 820460 221164.593  440 1754 221562.653 220446.282  0.50%  33.6 17539s
 868904 822429 221201.052  460 1736 221562.653 220446.282  0.50%  33.6 17572s
 870927 824501 221226.041  474 1720 221562.653 220446.282  0.50%  33.6 17606s
 873103 826911 221263.372  491 1697 221562.653 220446.282  0.50%  33.6 17639s
 875519 829460 221309.270  520 1671 221562.653 220446.282  0.50%  33.5 17676s
 878078 831667 221370.981  564 1631 221562.653 220446.282  0.50%  33.5 17703s
 880291 833423 221408.655  582 1606 221562.653 220446.282  0.50%  33.5 17729s
 882091 834957 221425.453  597 1592 221562.653 220446.282  0.50%  33.5 17757s
 883651 836854 221454.590  612 1580 221562.653 220446.282  0.50%  33.5 17789s
 885603 838874 221483.553  629 1562 221562.653 220446.282  0.50%  33.5 17823s
 887761 841066 221510.012  645 1546 221562.653 220446.282  0.50%  33.5 17858s
 890027 842982 221557.047  675 1519 221562.653 220446.282  0.50%  33.5 17892s
 892012 845254 221560.892  677 1492 221562.653 220446.965  0.50%  33.5 17930s
 894379 847569 220618.058  114 2124 221562.653 220446.965  0.50%  33.5 17966s
 896744 849054 220804.917  302 1928 221562.653 220446.965  0.50%  33.4 18121s
 898302 852056 220921.134  428 1783 221562.653 220446.965  0.50%  33.4 18168s
 901310 854941 221106.473  616 1621 221562.653 220446.965  0.50%  33.4 18217s
 904259 857735 221286.739  804 1437 221562.653 220446.965  0.50%  33.4 18259s
 907071 860398 221407.235  992 1224 221562.653 220446.965  0.50%  33.4 18301s
 909736 862580 221517.512 1153 1068 221562.653 220447.107  0.50%  33.4 18343s
 911998 864860 220533.456   38 2196 221562.653 220447.107  0.50%  33.4 18384s
 914296 867153 220639.878  103 2130 221562.653 220447.107  0.50%  33.4 18424s
 916650 869241 220725.644  158 2074 221562.653 220447.107  0.50%  33.4 18464s
 918875 871697 220782.698  197 2035 221562.653 220447.107  0.50%  33.4 18504s
 921380 873842 220836.982  239 1992 221562.653 220447.107  0.50%  33.4 18538s
 923525 875937 220913.528  289 1940 221562.653 220447.107  0.50%  33.4 18574s
 925622 877772 220988.241  330 1901 221562.653 220447.107  0.50%  33.4 18609s
 927461 879793 221054.529  368 1862 221562.653 220447.107  0.50%  33.4 18645s
 929547 881761 221105.252  397 1823 221562.653 220447.107  0.50%  33.4 18680s
 931617 883918     cutoff  413      221562.653 220447.107  0.50%  33.5 18714s
 933824 886104 221159.622  429 1798 221562.653 220447.107  0.50%  33.5 18750s
 936065 888159 221180.634  445 1783 221562.653 220447.107  0.50%  33.5 18788s
 938128 890317 221229.106  473 1754 221562.653 220447.107  0.50%  33.5 18826s
 940292 892427 221255.649  492 1734 221562.653 220447.107  0.50%  33.5 18870s
 942589 894697 221302.839  518 1716 221562.653 220447.107  0.50%  33.5 18909s
 945020 897009 221341.147  541 1693 221562.653 220447.107  0.50%  33.5 18946s
 947368 899140 221360.069  551 1681 221562.653 220447.107  0.50%  33.5 18984s
 949599 901497 221414.507  576 1653 221562.653 220447.107  0.50%  33.5 19023s
 951960 903887 221431.247  584 1643 221562.653 220447.107  0.50%  33.5 19060s
 954352 906034 221442.730  592 1640 221562.653 220447.107  0.50%  33.5 19098s
 956580 908301 221462.751  602 1625 221562.653 220447.107  0.50%  33.5 19131s
 958953 910920 221487.073  615 1616 221562.653 220447.107  0.50%  33.5 19166s
 961576 913564 221538.676  644 1592 221562.653 220447.107  0.50%  33.5 19207s
 964248 915801 221548.176  652 1584 221562.653 220447.107  0.50%  33.5 19236s
 966546 917810 221561.352  665 1543 221562.653 220447.638  0.50%  33.4 19261s
 968592 919749 220755.003  212 2023 221562.653 220447.638  0.50%  33.4 19287s
 970580 921574 220938.505  388 1843 221562.653 220447.638  0.50%  33.4 19313s
 972411 923341 221032.234  488 1748 221562.653 220447.638  0.50%  33.4 19341s
 974255 925195 221117.062  586 1634 221562.653 220447.638  0.50%  33.4 19372s
 976188 927259 221257.675  735 1507 221562.653 220447.638  0.50%  33.4 19404s
 978271 929368 221384.358  853 1385 221562.653 220447.638  0.50%  33.4 19436s
 980396 931043 221500.642  973 1250 221562.653 220447.638  0.50%  33.4 19467s
 982091 933420     cutoff 1043      221562.653 220448.397  0.50%  33.4 19511s
 984587 935793 220699.651  168 2069 221562.653 220448.397  0.50%  33.4 19548s
 986998 937893 220876.822  356 1882 221562.653 220448.397  0.50%  33.4 19584s
 989168 940138 220971.031  471 1746 221562.653 220448.397  0.50%  33.4 19620s
 991497 942506 221086.676  633 1588 221562.653 220448.397  0.50%  33.4 19654s
 993903 944872 221279.373  815 1406 221562.653 220448.397  0.50%  33.4 19687s
 996273 947060 221372.217  928 1289 221562.653 220448.397  0.50%  33.4 19719s
 998467 949116 221449.558 1042 1179 221562.653 220448.397  0.50%  33.4 19751s
 1000523 951058 221494.000 1133 1085 221562.653 220448.397  0.50%  33.4 19782s
 1002569 953150 221538.011 1222 1006 221562.653 220448.789  0.50%  33.4 19817s
 1004882 955519 220692.329  169 2066 221562.653 220448.789  0.50%  33.4 19851s
 1007293 957576 220885.351  357 1883 221562.653 220448.789  0.50%  33.4 19883s
 1009387 959503 221033.393  487 1750 221562.653 220448.789  0.50%  33.4 19915s
 1011337 961672 221193.529  621 1618 221562.653 220448.789  0.50%  33.4 19949s
 1013510 963622 221392.450  801 1441 221562.653 220448.789  0.50%  33.4 19983s
 1015494 965678 221537.221  931 1303 221562.653 220448.852  0.50%  33.4 20018s
 1017623 967796 220529.622   44 2191 221562.653 220448.892  0.50%  33.4 20052s
 1019808 969946 220755.372  232 2002 221562.653 220448.892  0.50%  33.4 20086s
 1022068 972407 220947.054  420 1815 221562.653 220448.892  0.50%  33.4 20121s
 1024601 975043 221075.240  580 1636 221562.653 220448.892  0.50%  33.4 20161s
 1027271 977133 221228.128  768 1445 221562.653 220448.892  0.50%  33.4 20193s
 1029381 979401 221342.413  914 1308 221562.653 220448.892  0.50%  33.4 20227s
 1031657 981481 221411.894 1004 1247 221562.653 220448.892  0.50%  33.4 20258s
 1033760 983948 221479.569 1131 1118 221562.653 220448.892  0.50%  33.4 20290s
 1036256 986358 221550.314 1259  995 221562.653 220449.241  0.50%  33.3 20319s
 1038715 988458 220623.816  117 2119 221562.653 220449.241  0.50%  33.3 20347s
 1040898 990491 220812.779  305 1929 221562.653 220449.241  0.50%  33.3 20378s
 1042949 992674 220971.735  463 1745 221562.653 220449.241  0.50%  33.3 20405s
 1045161 995127 221101.319  618 1597 221562.653 220449.241  0.50%  33.3 20441s
 1047651 997119 221244.757  806 1411 221562.653 220449.241  0.50%  33.3 20470s
 1049643 999082 221367.102  973 1240 221562.653 220449.241  0.50%  33.3 20500s
 1051650 1000925 221490.122 1103 1137 221562.653 220449.241  0.50%  33.3 20531s
 1053591 1002695 221547.457 1209 1032 221562.653 220449.934  0.50%  33.3 20563s
 1055460 1004915 220620.729  103 2130 221562.653 220449.934  0.50%  33.3 20597s
 1057750 1007238 220826.366  291 1943 221562.653 220449.934  0.50%  33.3 20633s
 1060113 1008685 220981.180  445 1767 221562.653 220449.934  0.50%  33.3 20658s
 1061560 1010889 221097.030  557 1654 221562.653 220449.934  0.50%  33.2 20693s
 1063764 1013010 221293.592  745 1476 221562.653 220449.934  0.50%  33.2 20728s
 1065937 1015156 221470.293  910 1312 221562.653 220449.934  0.50%  33.3 20771s
 1068238 1017667     cutoff 1005      221562.653 220450.147  0.50%  33.3 20810s
 1070820 1020062 220733.930  217 2016 221562.653 220450.147  0.50%  33.3 20846s
 1073234 1022235 220912.451  398 1830 221562.653 220450.147  0.50%  33.3 20882s
 1075447 1024501 221039.219  556 1659 221562.653 220450.147  0.50%  33.3 20917s
 1077730 1026690 221181.210  738 1482 221562.653 220450.147  0.50%  33.3 20954s
 1079919 1028696 221315.535  897 1322 221562.653 220450.147  0.50%  33.3 20989s
 1081929 1030905 221438.120 1026 1215 221562.653 220450.147  0.50%  33.3 21026s
 1084179 1032971 221529.036 1194 1042 221562.653 220450.312  0.50%  33.3 21061s
 1086389 1035436 220589.436   90 2145 221562.653 220450.312  0.50%  33.3 21100s
 1088880 1037657 220781.991  278 1959 221562.653 220450.312  0.50%  33.3 21134s
 1091128 1039774 220964.775  452 1759 221562.653 220450.312  0.50%  33.3 21168s
 1093301 1042031 221114.056  640 1579 221562.653 220450.312  0.50%  33.3 21202s
 1095558 1044212 221263.911  818 1396 221562.653 220450.312  0.50%  33.3 21235s
 1097769 1046246 221414.144  983 1236 221562.653 220450.312  0.50%  33.3 21264s
 1099819 1048104 221523.148 1114 1132 221562.653 220450.312  0.50%  33.3 21294s
 1101822 1050395 221558.252 1207 1016 221562.653 220450.666  0.50%  33.3 21326s
 1104154 1052537 220718.951  195 2041 221562.653 220450.666  0.50%  33.3 21357s
 1106330 1054600 220905.443  383 1854 221562.653 220450.666  0.50%  33.3 21390s
 1108455 1057171 221019.138  508 1705 221562.653 220450.666  0.50%  33.3 21431s
 1111051 1059338 221134.733  688 1533 221562.653 220450.666  0.50%  33.3 21465s
 1113253 1061487 221266.843  825 1402 221562.653 220450.666  0.50%  33.3 21498s
 1115436 1063649 221356.870  946 1275 221562.653 220450.666  0.50%  33.3 21531s
 1117631 1065732 221468.643 1097 1121 221562.653 220450.666  0.50%  33.3 21564s
 1119736 1067910     cutoff 1248      221562.653 220451.460  0.50%  33.3 21598s
 1121958 1070094 220618.459  102 2134 221562.653 220451.460  0.50%  33.3 21633s
 1124162 1072299 220826.097  277 1958 221562.653 220451.460  0.50%  33.3 21668s
 1126377 1074551 221007.452  435 1806 221562.653 220451.460  0.50%  33.3 21704s
 1128716 1076657 221144.430  561 1657 221562.653 220451.460  0.50%  33.3 21737s
 1130839 1079214 221282.669  688 1549 221562.653 220451.460  0.50%  33.3 21778s
 1133442 1081506 221408.094  820 1425 221562.653 220451.460  0.50%  33.3 21809s
 1135751 1083526 221486.208  906 1330 221562.653 220451.460  0.50%  33.3 21839s
 1137801 1085424 221559.991  999 1240 221562.653 220451.533  0.50%  33.3 21868s
 1139784 1087319 220549.747   61 2174 221562.653 220451.533  0.50%  33.3 21896s
 1141752 1089510 220776.720  249 1981 221562.653 220451.533  0.50%  33.3 21925s
 1143989 1091424 220997.269  437 1780 221562.653 220451.533  0.50%  33.2 21952s
 1145982 1093365 221088.293  522 1708 221562.653 220451.533  0.50%  33.2 21983s
 1148053 1095619 221205.685  664 1575 221562.653 220451.533  0.50%  33.2 22015s
 1150337 1097736 221339.720  800 1431 221562.653 220451.533  0.50%  33.2 22047s
 1152469 1100313 221449.397  889 1342 221562.653 220451.533  0.50%  33.2 22088s
 1155058 1102243     cutoff 1004      221562.653 220451.533  0.50%  33.2 22122s
 1157082 1104400     cutoff 1007      221562.653 220451.941  0.50%  33.2 22156s
 1159260 1106531 220753.188  214 2018 221562.653 220451.941  0.50%  33.2 22192s
 1161418 1108577 220922.031  385 1830 221562.653 220451.941  0.50%  33.2 22225s
 1163485 1110625 221028.714  513 1707 221562.653 220451.941  0.50%  33.2 22257s
 1165610 1112845 221170.487  693 1528 221562.653 220451.941  0.50%  33.2 22290s
 1167865 1114786 221310.154  856 1369 221562.653 220451.941  0.50%  33.2 22322s
 1169843 1116785 221424.493 1012 1216 221562.653 220451.941  0.50%  33.2 22357s
 1171842 1118864 221500.089 1120 1104 221562.653 220451.941  0.50%  33.2 22391s
 1173967 1121562 221554.980 1230  995 221562.653 220452.201  0.50%  33.2 22433s
 1176739 1123796 220731.091  193 2046 221562.653 220452.201  0.50%  33.2 22466s
 1178997 1125749 220930.508  381 1861 221562.653 220452.201  0.50%  33.2 22498s
 1181015 1128068 221016.145  472 1742 221562.653 220452.201  0.50%  33.2 22530s
 1183347 1130149 221164.787  630 1587 221562.653 220452.201  0.50%  33.2 22560s
 1185430 1132160 221316.320  800 1423 221562.653 220452.201  0.50%  33.2 22590s
 1187449 1134087 221506.369  973 1255 221562.653 220452.664  0.50%  33.2 22621s
 1189469 1136284 220545.959   52 2181 221562.653 220452.664  0.50%  33.2 22653s
 1191699 1138816 220763.531  240 1989 221562.653 220452.664  0.50%  33.2 22683s
 1194233 1140760 220945.316  428 1787 221562.653 220452.664  0.50%  33.1 22712s
 1196275 1143220 221054.872  559 1654 221562.653 220452.664  0.50%  33.1 22749s
 1198857 1145279 221216.675  747 1477 221562.653 220452.664  0.50%  33.1 22780s
 1200969 1147097 221327.258  884 1336 221562.653 220452.664  0.50%  33.1 22812s
 1202862 1149139 221423.209 1010 1233 221562.653 220452.664  0.50%  33.1 22845s
 1204920 1151358 221528.576 1152 1093 221562.653 220452.664  0.50%  33.1 22879s
 1207180 1153476     cutoff 1241      221562.653 220452.704  0.50%  33.1 22913s
 1209337 1155760 220765.817  219 2015 221562.653 220452.704  0.50%  33.1 22946s
 1211638 1157732 220952.539  407 1803 221562.653 220452.704  0.50%  33.1 22980s
 1213640 1159916 221015.712  498 1723 221562.653 220452.704  0.50%  33.1 23015s
 1215873 1162303 221181.041  659 1556 221562.653 220452.704  0.50%  33.1 23049s
 1218291 1164447 221347.379  825 1394 221562.653 220452.704  0.50%  33.1 23085s
 1220531 1166781 221500.915  949 1295 221562.653 220453.303  0.50%  33.1 23117s
 1222921 1169013 220521.867   38 2195 221562.653 220453.303  0.50%  33.1 23149s
 1225193 1170909 220782.933  223 2022 221562.653 220453.303  0.50%  33.1 23179s
 1227111 1172711 220922.656  321 1945 221562.653 220453.303  0.50%  33.1 23210s
 1228913 1174551 221001.611  362 1905 221562.653 220453.303  0.50%  33.1 23240s
 1230769 1176482 221119.116  416 1858 221562.653 220453.303  0.50%  33.1 23273s
 1232746 1178438 221226.406  463 1870 221562.653 220453.303  0.50%  33.2 23307s
 1234745 1179636 221353.986  520 1816 221562.653 220453.303  0.50%  33.2 23333s
 1235977 1181636 221445.731  554 1799 221562.653 220453.303  0.50%  33.2 23370s
 1238048 1183694     cutoff  602      221562.653 220453.399  0.50%  33.2 23404s
 1240160 1186080 220748.193  199 2036 221562.653 220453.399  0.50%  33.2 23441s
 1242593 1187802 220954.208  387 1850 221562.653 220453.399  0.50%  33.2 23472s
 1244357 1189970 221088.739  518 1722 221562.653 220453.399  0.50%  33.2 23508s
 1246597 1192120 221296.142  701 1543 221562.653 220453.399  0.50%  33.2 23540s
 1248749 1194225 221427.931  826 1418 221562.653 220453.439  0.50%  33.2 23575s
 1250921 1196257 220523.079   40 2193 221562.653 220453.439  0.50%  33.2 23610s
 1252985 1198338 220751.769  228 2005 221562.653 220453.439  0.50%  33.2 23646s
 1255123 1200478 220945.290  416 1818 221562.653 220453.439  0.50%  33.2 23681s
 1257293 1202466 221048.099  558 1655 221562.653 220453.439  0.50%  33.2 23716s
 1259343 1203911 221181.166  722 1495 221562.653 220453.439  0.50%  33.2 23750s
 1260802 1206429 221277.716  846 1369 221562.653 220453.439  0.50%  33.2 23791s
 1263326 1208432 221407.157  992 1248 221562.653 220453.439  0.50%  33.2 23826s
 1265345 1210486 221504.697 1157 1084 221562.653 220453.439  0.50%  33.2 23862s
 1267413 1212267     cutoff 1281      221562.653 220453.930  0.50%  33.2 23898s
 1269237 1214259 220673.609  152 2083 221562.653 220453.930  0.50%  33.2 23935s
 1271233 1216121 220854.910  340 1890 221562.653 220453.930  0.50%  33.2 23973s
 1273155 1218405 221028.912  528 1681 221562.653 220453.930  0.50%  33.2 24010s
 1275449 1220560 221173.816  716 1499 221562.653 220453.930  0.50%  33.2 24049s
 1277626 1222611 221313.875  881 1336 221562.653 220453.930  0.50%  33.2 24087s
 1279681 1224589 221434.143 1042 1181 221562.653 220453.930  0.50%  33.2 24125s
 1281659 1226635 221513.562 1174 1073 221562.653 220453.930  0.50%  33.2 24167s
 1283711 1228950 221562.366 1270  950 221562.653 220454.003  0.50%  33.3 24208s
 1286076 1231001 220762.492  218 2016 221562.653 220454.003  0.50%  33.3 24247s
 1288139 1232999 220969.151  406 1830 221562.653 220454.003  0.50%  33.3 24288s
 1290141 1234619 221146.780  588 1652 221562.653 220454.003  0.50%  33.3 24328s
 1291808 1236846 221292.541  730 1490 221562.653 220454.003  0.50%  33.3 24370s
 1294043 1239053 221486.724  918 1302 221562.653 220454.397  0.50%  33.3 24414s
 1296301 1241106 220523.547   38 2194 221562.653 220454.397  0.50%  33.3 24455s
 1298384 1243287 220747.119  226 2007 221562.653 220454.397  0.50%  33.4 24497s
 1300574 1245445 220935.040  414 1821 221562.653 220454.397  0.50%  33.4 24540s
 1302794 1247036 221091.661  602 1616 221562.653 220454.397  0.50%  33.4 24581s
 1304397 1249635 221182.797  736 1488 221562.653 220454.397  0.50%  33.4 24631s
 1307015 1251846 221339.219  924 1297 221562.653 220454.397  0.50%  33.4 24677s
 1309326 1253884 221479.611 1065 1183 221562.653 220454.693  0.50%  33.5 24721s
 1311481 1256224 220546.710   54 2179 221562.653 220454.693  0.50%  33.5 24767s
 1313838 1258385 220670.867  148 2085 221562.653 220454.693  0.50%  33.5 24813s
 1316087 1260583 220764.409  237 1998 221562.653 220454.693  0.50%  33.5 24857s
 1318365 1262903 220852.351  331 1901 221562.653 220454.693  0.50%  33.5 24900s
 1320749 1264912 220953.302  425 1815 221562.653 220454.693  0.50%  33.5 24942s
 1322839 1266396 220986.441  469 1751 221562.653 220454.693  0.50%  33.6 24984s
 1324424 1268492 221013.200  505 1715 221562.653 220454.693  0.50%  33.6 25024s
 1326539 1270486 221048.374  568 1656 221562.653 220454.693  0.50%  33.6 25064s
 1328588 1272766 221081.319  618 1602 221562.653 220454.693  0.50%  33.6 25104s
 1330916 1275094 221112.648  668 1554 221562.653 220454.693  0.50%  33.6 25145s
 1333260 1277298 221166.748  720 1498 221562.653 220454.693  0.50%  33.6 25184s
 1335523 1279584 221206.980  770 1448 221562.653 220454.693  0.50%  33.6 25223s
 1337849 1281823 221262.525  837 1380 221562.653 220454.693  0.50%  33.6 25260s
 1340101 1284089 221290.610  881 1339 221562.653 220454.693  0.50%  33.6 25298s
 1342375 1286493 221305.561  919 1297 221562.653 220454.693  0.50%  33.6 25336s
 1344779 1288183 221349.402  990 1231 221562.653 220454.693  0.50%  33.6 25372s
 1346469 1290380 221358.810 1014 1208 221562.653 220454.693  0.50%  33.6 25413s
 1348804 1292599 221388.120 1071 1149 221562.653 220454.693  0.50%  33.7 25449s
 1351054 1294702 221404.080 1112 1101 221562.653 220454.693  0.50%  33.6 25480s
 1353176 1296792 221435.319 1158 1063 221562.653 220454.693  0.50%  33.6 25512s
 1355284 1298748 221446.074 1212 1011 221562.653 220454.693  0.50%  33.6 25544s
 1357298 1300728 221467.798 1257  965 221562.653 220454.693  0.50%  33.6 25577s
 1359396 1302756 221481.443 1302  922 221562.653 220454.693  0.50%  33.6 25611s
 1361431 1305005 221506.471 1360  870 221562.653 220454.693  0.50%  33.6 25644s
 1363697 1305544 221531.658 1421  818 221562.653 220454.693  0.50%  33.6 25823s
 1364317 1307877 221543.439 1434  803 221562.653 220454.693  0.50%  33.6 25863s
 1366670 1310125 221560.897 1485  728 221562.653 220455.605  0.50%  33.6 25903s

Cutting planes:
  Learned: 472
  Gomory: 724
  Cover: 10
  MIR: 15470
  Flow cover: 3421
  RLT: 28
  Relax-and-lift: 367

Explored 1368944 nodes (46180278 simplex iterations) in 25906.35 seconds
Thread count was 32 (of 32 available processors)

Solution count 10: 221563 221564 221566 ... 221691

Optimal solution found (tolerance 5.00e-03)
Best objective 2.215626529431e+05, best bound 2.204556053051e+05, gap 0.4997%

