Solver command line: ['/opt/gurobi911/linux64/bin/gurobi.sh']


--------------------------------------------
Warning: your license will expire in 1 days
--------------------------------------------

Academic license - for non-commercial use only - expires 2021-10-07
Using license file /home/cie/gurobi.lic
Read LP format model from file /tmp/tmpma3mm0dp.pyomo.lp
Reading time = 0.20 seconds
x105127: 105125 rows, 70087 columns, 275640 nonzeros
Read MIP start from file /tmp/tmp5ffucgag.gurobi.mst
Changed value of parameter timelimit to 200000.0
   Prev: inf  Min: 0.0  Max: inf  Default: inf
Changed value of parameter mipgap to 0.005
   Prev: 0.0001  Min: 0.0  Max: inf  Default: 0.0001
Gurobi Optimizer version 9.1.1 build v9.1.1rc0 (linux64)
Thread count: 16 physical cores, 32 logical processors, using up to 32 threads
Optimize a model with 105125 rows, 70087 columns and 275640 nonzeros
Model fingerprint: 0x80e1bdcc
Variable types: 52565 continuous, 17522 integer (0 binary)
Coefficient statistics:
  Matrix range     [1e-02, 1e+02]
  Objective range  [3e-01, 5e+04]
  Bounds range     [2e+00, 2e+03]
  RHS range        [1e+00, 4e+02]

Warning: Completing partial solution with 17520 unfixed non-continuous variables out of 17522
User MIP start produced solution with objective 736367 (10.97s)
User MIP start produced solution with objective 449399 (14.58s)
User MIP start produced solution with objective 449333 (61.60s)
Loaded user MIP start with objective 449333
Processed MIP start in 62.31 seconds

Presolve removed 5 rows and 8764 columns
Presolve time: 0.13s
Presolved: 105120 rows, 61323 columns, 266874 nonzeros
Variable types: 43801 continuous, 17522 integer (0 binary)

Deterministic concurrent LP optimizer: primal and dual simplex (primal and dual model)
Showing first log only...

Presolve removed 35042 rows and 17521 columns
Presolved: 70078 rows, 43802 columns, 196790 nonzeros


Root simplex log...

Iteration    Objective       Primal Inf.    Dual Inf.      Time
       0    3.4646703e+05   7.273236e+03   2.862316e+09     63s
   21392    4.5998805e+05   0.000000e+00   2.392205e+05     65s
   29582    4.1674890e+05   0.000000e+00   5.281559e+04     70s
Concurrent spin time: 0.69s

Solved with primal simplex (dual model)

Root relaxation: objective 4.083483e+05, 68740 iterations, 11.21 seconds
Total elapsed time = 78.91s
Total elapsed time = 80.70s

    Nodes    |    Current Node    |     Objective Bounds      |     Work
 Expl Unexpl |  Obj  Depth IntInf | Incumbent    BestBd   Gap | It/Node Time

     0     0 408348.323    0 5205 449332.520 408348.323  9.12%     -   81s
     0     0 408348.323    0 5290 449332.520 408348.323  9.12%     -   92s
     0     0 409418.930    0 5321 449332.520 409418.930  8.88%     -  108s
     0     0 409618.623    0 5416 449332.520 409618.623  8.84%     -  122s
     0     0 409618.623    0 5417 449332.520 409618.623  8.84%     -  123s
     0     0 409857.601    0 5384 449332.520 409857.601  8.79%     -  134s
     0     0 410683.671    0 5451 449332.520 410683.671  8.60%     -  143s
     0     0 410691.851    0 5455 449332.520 410691.851  8.60%     -  144s
     0     0 410691.896    0 5456 449332.520 410691.896  8.60%     -  144s
     0     0 410747.705    0 5426 449332.520 410747.705  8.59%     -  149s
     0     0 410764.846    0 5407 449332.520 410764.846  8.58%     -  151s
     0     0 410765.433    0 5408 449332.520 410765.433  8.58%     -  152s
     0     0 410770.984    0 5411 449332.520 410770.984  8.58%     -  153s
     0     0 410771.349    0 5411 449332.520 410771.349  8.58%     -  161s
     0     0 410776.962    0 5406 449332.520 410776.962  8.58%     -  162s
H    0     0                    449330.68151 410776.962  8.58%     -  171s
     0     0 410777.346    0 5407 449330.682 410777.346  8.58%     -  171s
     0     0 410785.367    0 5408 449330.682 410785.367  8.58%     -  172s
     0     0 410785.371    0 5406 449330.682 410785.371  8.58%     -  181s
     0     0 410787.603    0 5405 449330.682 410787.603  8.58%     -  181s
     0     0 410787.607    0 5404 449330.682 410787.607  8.58%     -  182s
     0     0 410792.221    0 5405 449330.682 410792.221  8.58%     -  183s
     0     0 410792.221    0 5405 449330.682 410792.221  8.58%     -  187s
     0     2 410792.221    0 5405 449330.682 410792.221  8.58%     -  202s
     1     4 413449.625    1 5076 449330.682 410792.493  8.58% 39470  249s
     3     6 infeasible    2      449330.682 414035.714  7.86% 24610  258s
    13    24 421357.794    4  586 449330.682 421289.188  6.24%  6995  260s
    25    40 421357.941    5  625 449330.682 421357.579  6.23%  4202  268s
H   42    56                    449330.53599 421357.721  6.23%  3257  269s
H   48    56                    449328.41302 421357.723  6.22%  2870  269s
   105   135 421357.975   10  625 449328.413 421357.723  6.22%  1343  270s
H  136   151                    449328.26750 421357.723  6.22%  1040  289s
H  139   151                    449020.01591 421357.723  6.16%  1017  289s
H  146   151                    448958.55830 421357.723  6.15%   969  289s
   152   342 421359.610   13  622 448958.558 421357.723  6.15%   931  290s
   984  2181 421378.132   74  607 448958.558 421357.723  6.15%   147  300s
  2182  3245 421407.707  141  553 448958.558 421357.723  6.15%  67.9  305s
  3246  4332 421453.077  271  490 448958.558 421357.723  6.15%  47.1  311s
  4333  5342 421468.260  363  460 448958.558 421357.723  6.15%  36.4  317s
  5343  6456 421470.915  441  458 448958.558 421357.723  6.15%  30.5  323s
  6457  7596 421472.465  520  443 448958.558 421357.723  6.15%  26.2  329s
  7597  8670 421473.251  561  454 448958.558 421357.723  6.15%  23.0  335s
  8671  9998 421477.118  638  445 448958.558 421357.723  6.15%  20.7  342s
  9999 11290 421477.722  706  442 448958.558 421357.723  6.15%  18.5  349s
 11292 11291 421374.305   62 5405 448958.558 421357.723  6.15%  16.9  453s
H11293 10727                    448956.08931 421357.723  6.15%  16.9  477s
 11295 10728 421362.298   24 5301 448956.089 421357.723  6.15%  16.9  497s
H11295 10191                    423723.12001 421357.723  0.56%  16.9  501s
H11295  9682                    423698.04212 421357.723  0.55%  16.9  501s
H11296  9199                    423547.66988 421357.723  0.52%  16.9  523s
H11296  8739                    423519.74124 421357.723  0.51%  16.9  523s
H11296  8302                    423519.23834 421357.723  0.51%  16.9  523s
H11297  7886                    423485.06742 421357.723  0.50%  16.9  536s
 11299  7888 421473.116  380 5432 423485.067 421357.723  0.50%  16.9  541s
 11300  7888 423485.067  667 5422 423485.067 421357.723  0.50%  16.9  549s
 11301  7889 421471.195  300 5422 423485.067 421357.723  0.50%  16.8  559s
 11302  7890 421467.454  350 5400 423485.067 421357.723  0.50%  16.8  562s
H11302  7496                    423483.74948 421357.723  0.50%  16.8  580s
 11304  7500 421357.723   16 5399 423483.749 421357.723  0.50%  26.4  606s
 11306  7503 421357.723   17 5398 423483.749 421357.723  0.50%  27.6  626s
 11310  7510 421357.723   18 5395 423483.749 421357.723  0.50%  28.8  632s
 11318  7523 421357.723   19 5393 423483.749 421357.723  0.50%  29.5  639s
 11350  7545 421357.723   20  720 423483.749 421357.723  0.50%  30.9  646s
H11382  7191                    423483.62786 421357.723  0.50%  30.9  652s
H11384  6833                    423481.75342 421357.723  0.50%  31.6  652s
H11388  6494                    423481.11494 421357.723  0.50%  31.5  652s
H11429  6205                    423396.20751 421357.723  0.48%  31.4  674s
H11430  5900                    423380.99113 421357.723  0.48%  32.1  674s
H11435  5608                    423366.83059 421357.723  0.47%  32.1  674s
H11438  5331                    423366.60107 421357.723  0.47%  32.1  674s
H11442  5068                    423359.63392 421357.723  0.47%  32.1  674s

Cutting planes:
  MIR: 9781

Explored 11445 nodes (491251 simplex iterations) in 674.19 seconds
Thread count was 32 (of 32 available processors)

Solution count 10: 423360 423367 423367 ... 423723

Optimal solution found (tolerance 5.00e-03)
Best objective 4.233596339231e+05, best bound 4.213577233968e+05, gap 0.4729%

