Solver command line: ['/opt/gurobi911/linux64/bin/gurobi.sh']

Academic license - for non-commercial use only - expires 2021-03-30
Using license file /home/cie/gurobi.lic
Read LP format model from file /tmp/tmpy2_kcgb7.pyomo.lp
Reading time = 0.19 seconds
x105127: 105123 rows, 70087 columns, 258096 nonzeros
Read MIP start from file /tmp/tmp9rveptqn.gurobi.mst
Changed value of parameter timelimit to 300000.0
   Prev: inf  Min: 0.0  Max: inf  Default: inf
Changed value of parameter mipgap to 0.005
   Prev: 0.0001  Min: 0.0  Max: inf  Default: 0.0001
Gurobi Optimizer version 9.1.1 build v9.1.1rc0 (linux64)
Thread count: 16 physical cores, 32 logical processors, using up to 32 threads
Optimize a model with 105123 rows, 70087 columns and 258096 nonzeros
Model fingerprint: 0x2c3088d5
Variable types: 52565 continuous, 17522 integer (0 binary)
Coefficient statistics:
  Matrix range     [1e-02, 3e+01]
  Objective range  [1e+00, 5e+04]
  Bounds range     [1e+00, 2e+03]
  RHS range        [1e+00, 2e+01]

Warning: Completing partial solution with 17520 unfixed non-continuous variables out of 17522
User MIP start produced solution with objective 1.03528e+06 (4.88s)
User MIP start produced solution with objective 253360 (7.01s)
User MIP start produced solution with objective 253341 (7.09s)
User MIP start produced solution with objective 253312 (19.38s)
User MIP start produced solution with objective 253267 (20.32s)
User MIP start produced solution with objective 253188 (21.48s)
User MIP start produced solution with objective 253144 (21.98s)
User MIP start produced solution with objective 253011 (23.19s)
User MIP start produced solution with objective 252880 (23.53s)
User MIP start produced solution with objective 252794 (23.89s)
User MIP start produced solution with objective 252658 (24.18s)
User MIP start produced solution with objective 252512 (24.69s)
User MIP start produced solution with objective 252387 (25.18s)
User MIP start produced solution with objective 252190 (26.02s)
User MIP start produced solution with objective 252014 (26.38s)
User MIP start produced solution with objective 251782 (26.80s)
User MIP start produced solution with objective 251564 (27.19s)
User MIP start produced solution with objective 251294 (27.62s)
User MIP start produced solution with objective 250949 (27.98s)
User MIP start produced solution with objective 250609 (28.39s)
User MIP start produced solution with objective 250173 (28.75s)
User MIP start produced solution with objective 249864 (29.36s)
User MIP start produced solution with objective 249542 (29.81s)
User MIP start produced solution with objective 249174 (30.16s)
Loaded user MIP start with objective 249174
Processed MIP start in 30.19 seconds

Presolve removed 4 rows and 8764 columns
Presolve time: 0.40s
Presolved: 105119 rows, 61323 columns, 249331 nonzeros
Variable types: 43801 continuous, 17522 integer (8761 binary)

Deterministic concurrent LP optimizer: primal and dual simplex (primal and dual model)
Showing first log only...

Presolve removed 35040 rows and 17520 columns
Presolved: 70079 rows, 43803 columns, 179251 nonzeros


Root simplex log...

Iteration    Objective       Primal Inf.    Dual Inf.      Time
       0    1.1916645e+06   0.000000e+00   2.780165e+05     31s
Concurrent spin time: 4.96s

Solved with primal simplex (dual model)

Root relaxation: objective 2.055057e+05, 40269 iterations, 5.83 seconds

    Nodes    |    Current Node    |     Objective Bounds      |     Work
 Expl Unexpl |  Obj  Depth IntInf | Incumbent    BestBd   Gap | It/Node Time

     0     0 205505.678    0 8542 249173.757 205505.678  17.5%     -   39s
H    0     0                    249132.59516 205505.678  17.5%     -   39s
     0     0 205505.678    0 11124 249132.595 205505.678  17.5%     -   42s
     0     0 205505.678    0 8524 249132.595 205505.678  17.5%     -   45s
     0     0 205547.427    0 10029 249132.595 205547.427  17.5%     -   49s
     0     0 213863.428    0 7835 249132.595 213863.428  14.2%     -   54s
     0     0 214701.041    0 6754 249132.595 214701.041  13.8%     -   57s
     0     0 215209.291    0 8081 249132.595 215209.291  13.6%     -   60s
     0     0 216001.913    0 7065 249132.595 216001.913  13.3%     -   63s
     0     0 216244.251    0 7956 249132.595 216244.251  13.2%     -   66s
     0     0 216247.067    0 7956 249132.595 216247.067  13.2%     -   66s
     0     0 216247.191    0 7955 249132.595 216247.191  13.2%     -   66s
     0     0 216247.194    0 7955 249132.595 216247.194  13.2%     -   66s
     0     0 216284.499    0 7957 249132.595 216284.499  13.2%     -   69s
     0     0 219927.334    0 8327 249132.595 219927.334  11.7%     -   83s
     0     0 220069.042    0 8442 249132.595 220069.042  11.7%     -   85s
     0     0 220295.895    0 6473 249132.595 220295.895  11.6%     -   88s
     0     0 220322.773    0 6398 249132.595 220322.773  11.6%     -   89s
     0     0 220324.372    0 6393 249132.595 220324.372  11.6%     -   89s
     0     0 221870.117    0 8438 249132.595 221870.117  10.9%     -  100s
H    0     0                    249073.78174 221870.117  10.9%     -  102s
     0     0 222173.479    0 7772 249073.782 222173.479  10.8%     -  105s
     0     0 222295.794    0 8525 249073.782 222295.794  10.8%     -  107s
     0     0 222299.059    0 8516 249073.782 222299.059  10.7%     -  107s
     0     0 222347.904    0 8526 249073.782 222347.904  10.7%     -  109s
     0     0 222366.020    0 8507 249073.782 222366.020  10.7%     -  112s
     0     0 222366.716    0 8506 249073.782 222366.716  10.7%     -  112s
     0     0 222404.819    0 8512 249073.782 222404.819  10.7%     -  113s
     0     0 222404.819    0 8511 249073.782 222404.819  10.7%     -  114s
H    0     0                    248107.81562 222404.819  10.4%     -  122s
H    0     0                    248045.72957 222404.819  10.3%     -  128s
H    0     2                    248025.51374 222404.819  10.3%     -  129s
     0     2 222404.819    0 8510 248025.514 222404.819  10.3%     -  129s
     1     4 223270.905    1 5077 248025.514 222407.059  10.3%  5647  137s
     7     8 227124.248    3 4734 248025.514 227124.248  8.43%  5841  141s
H   35    48                    248004.87556 227607.990  8.22%  2422  149s
H   36    48                    247968.12708 227607.990  8.21%  2355  149s
H   37    48                    247956.65561 227607.990  8.21%  2341  149s
H   39    48                    247942.34265 227607.990  8.20%  2276  149s
H   46    48                    247933.70746 227607.990  8.20%  2043  149s
H   48    48                    247932.29780 227607.990  8.20%  1961  149s
    51    64 229847.526    7 4101 247932.298 227607.990  8.20%  1885  150s
H  146   159                    246386.15156 227613.008  7.62%   870  154s
H  147   159                    246257.33973 227613.008  7.57%   864  154s
H  149   159                    246240.13185 227613.008  7.56%   852  154s
H  150   159                    246215.00144 227613.008  7.56%   847  154s
H  158   159                    246151.49366 227613.008  7.53%   804  154s
H  159   159                    246094.47943 227613.008  7.51%   799  154s
   162   201 229854.794   14 4094 246094.479 227613.008  7.51%   784  155s
   210   220 229857.727   17 4091 246094.479 227613.008  7.51%   606  172s
H  216   220                    243498.39261 227613.008  6.52%   590  172s
H  217   220                    243115.59945 227613.008  6.38%   587  172s
   374   379 229862.472   22 4108 243115.599 227613.008  6.38%   377  175s
  1092  1056 229869.958   34 4098 243115.599 227613.008  6.38%   139  180s
  2122  2138 229881.700   52 4083 243115.599 227613.008  6.38%  75.5  185s
  3349  3446 229888.746   63 4074 243115.599 227613.008  6.38%  51.3  190s
  4462  4570 229896.228   80 4061 243115.599 227613.008  6.38%  41.2  196s
  5267  5429 230661.460   96 3938 243115.599 227613.008  6.38%  36.8  200s
  6383  6556 230479.836  113 3942 243115.599 227613.008  6.38%  32.1  206s
  7260  7391 229928.751  128 4023 243115.599 227613.008  6.38%  31.3  211s
  8121  8305 230915.121  168 3854 243115.599 227613.008  6.38%  31.8  216s
  8819  9080 232517.684  180 3760 243115.599 227613.008  6.38%  32.2  221s
  9638  9887 229991.873  202 3959 243115.599 227613.008  6.38%  31.9  225s
 10429 10291 232069.678  158 8511 243115.599 227613.008  6.38%  32.2  274s
H10430  9777                    243115.50775 227613.008  6.38%  32.2  284s
 10431  9777 237796.651  118 8542 243115.508 227613.008  6.38%  32.2  286s
 10432  9778 232047.589  115 10678 243115.508 227613.008  6.38%  32.2  297s
 10433  9779 232924.307  251 9560 243115.508 227613.008  6.38%  32.2  304s
 10434  9779 239001.074  575 8551 243115.508 227613.008  6.38%  32.2  311s
 10435  9780 237931.891  466 7640 243115.508 227613.008  6.38%  32.2  316s
 10436  9781 237108.460  261 7756 243115.508 227613.008  6.38%  32.2  321s
 10439  9783 232900.047  210 8489 243115.508 227613.008  6.38%  32.2  326s
 10440  9783 237500.475  142 8487 243115.508 227613.008  6.38%  32.2  330s
 10442  9785 237481.504  102 8498 243115.508 227613.008  6.38%  32.2  335s
 10445  9787 233095.390  290 8431 243115.508 227613.008  6.38%  32.1  341s
 10448  9789 237134.538  374 8439 243115.508 227613.008  6.38%  32.1  345s
H10449  9299                    243113.21461 227613.008  6.38%  32.1  350s
H10451  8836                    243105.21992 227613.008  6.37%  32.1  354s
 10452  8836 238274.352  659 8460 243105.220 227613.008  6.37%  32.1  356s
 10454  8838 238472.264  698 8460 243105.220 227613.008  6.37%  32.1  366s
H10454  8397                    243095.29849 227613.008  6.37%  45.7  367s
 10455  8398 227613.008   12 8459 243095.298 227613.008  6.37%  45.7  384s
 10457  8402 227613.008   13 8520 243095.298 227613.008  6.37%  46.9  399s
 10461  8406 227795.191   14 8604 243095.298 227613.008  6.37%  50.4  411s
 10469  8415 233011.586   15 6912 243095.298 227613.008  6.37%  51.9  432s
 10483  8418 233013.496   16 6893 243095.298 227613.008  6.37%  57.5  462s
 10499  8419     cutoff   17      243095.298 227613.008  6.37%  66.4  474s
 10515  8421 228954.835   18 4641 243095.298 227613.008  6.37%  72.4  481s
H10531  8004                    243071.27332 227613.008  6.36%  76.9  489s
H10536  7603                    243067.60807 227613.008  6.36%  78.8  489s
H10537  7224                    243042.93391 227613.008  6.35%  78.8  489s
 10547  7245 229100.066   20 4613 243042.934 227613.008  6.35%  79.3  496s
H10577  6903                    242956.52083 227613.008  6.32%  82.2  500s
H10580  6560                    242937.65707 227613.008  6.31%  82.7  500s
H10582  6234                    242921.28906 227613.008  6.30%  82.8  500s
H10588  5923                    242911.89038 227613.008  6.30%  82.8  500s
H10639  5674                    242584.26077 227613.008  6.17%  84.0  516s
H10641  5394                    242510.17632 227613.008  6.14%  83.9  516s
H10656  5124                    242503.41869 227613.008  6.14%  84.1  516s
H10669  4869                    242492.38481 227613.008  6.14%  84.1  516s
 10673  4898 229105.967   23 4610 242492.385 227613.008  6.14%  84.1  522s
 10707  4946 229108.016   25 4608 242492.385 227613.008  6.14%  84.2  526s
 10769  4981 229115.062   28 4605 242492.385 227613.008  6.14%  85.2  531s
 10906  5087 229121.015   30 4603 242492.385 227613.008  6.14%  86.2  537s
 10988  5150 229126.346   32 4601 242492.385 227613.008  6.14%  87.5  543s
 11082  5231 229130.419   33 4600 242492.385 227613.008  6.14%  88.4  548s
 11201  5315 229138.219   37 4596 242492.385 227613.008  6.14%  88.9  554s
 11328  5397 229142.349   38 4595 242492.385 227613.008  6.14%  89.4  559s
 11457  5493 229146.478   39 4598 242492.385 227613.008  6.14%  89.9  565s
 11600  5608 229150.606   40 4597 242492.385 227613.008  6.14%  90.4  571s
 11766  5738 229155.552   41 4596 242492.385 227613.008  6.14%  90.5  577s
 11960  5854 229159.599   42 4595 242492.385 227613.008  6.14%  90.5  584s
 12146  5975 229163.726   43 4594 242492.385 227613.008  6.14%  90.7  590s
 12335  6077 229168.030   45 4592 242492.385 227613.008  6.14%  90.7  597s
 12506  6199 229173.791   47 4590 242492.385 227613.008  6.14%  91.1  604s
 12691  6318 229180.305   50 4587 242492.385 227613.008  6.14%  91.3  610s
 12878  6475 229184.491   51 4586 242492.385 227613.008  6.14%  91.5  617s
 13103  6612 229190.180   53 4584 242492.385 227613.008  6.14%  91.2  624s
 13321  6776 229194.365   54 4583 242492.385 227613.008  6.14%  91.1  631s
 13574  6975 229199.454   55 4582 242492.385 227613.008  6.14%  90.9  639s
 13861  7157 229204.541   56 4588 242492.385 227613.008  6.14%  90.6  646s
 14157  7338 229209.684   57 4587 242492.385 227613.008  6.14%  90.3  654s
 14443  7570 229218.693   59 4585 242492.385 227613.008  6.14%  89.8  661s
 14782  7779 234371.126   60 3533 242492.385 227613.008  6.14%  89.8  669s
 15112  7985 229222.925   60 4584 242492.385 227613.008  6.14%  88.6  678s
 15442  8226 229226.839   61 4583 242492.385 227613.008  6.14%  88.5  687s
 15809  8518 229232.864   63 4581 242492.385 227613.008  6.14%  88.4  696s
 16247  8727 234789.882   65 3525 242492.385 227613.008  6.14%  88.2  704s
H16651  8364                    242467.20870 227613.008  6.13%  87.1  969s
H16652  8123                    242438.56339 227613.008  6.12%  87.1  969s
H16653  7899                    242424.40174 227613.008  6.11%  87.2  969s
H16657  7656                    242347.33908 227613.008  6.08%  87.2  969s
H16668  7355                    242118.49197 227613.008  5.99%  87.2 1118s
H16669  7154                    242090.58358 227613.008  5.98%  87.7 1118s
H16683  6972                    242085.58607 227613.008  5.98%  88.9 1118s
H16685  6804                    242082.91394 227613.008  5.98%  88.9 1118s
 16696  6958 229246.165   66 4578 242082.914 227613.008  5.98%  89.3 1121s
 16855  7361 233475.654   68 3551 242082.914 227613.008  5.98%  89.3 1132s
 17311  7584 229254.280   68 4576 242082.914 227613.008  5.98%  87.8 1141s
 17711  7843 233480.028   69 3550 242082.914 227613.008  5.98%  88.6 1152s
 18112  8161 229259.424   69 4575 242082.914 227613.008  5.98%  88.5 1163s
 18564  8517 229271.336   72 4576 242082.914 227613.008  5.98%  88.0 1174s
 19071  8812 229272.161   73 4575 242082.914 227613.008  5.98%  87.2 1187s
 19560  9133 229278.750   75 4573 242082.914 227613.008  5.98%  86.9 1201s
 20070  9279 229287.082   79 4569 242082.914 227613.008  5.98%  86.9 1214s
 20343  9950 230620.623   81 3998 242082.914 227613.008  5.98%  87.6 1227s
 21016 11701 229301.841   82 4566 242082.914 227613.008  5.98%  86.1 1265s
 22769 12301 229314.294   86 4565 242082.914 227613.008  5.98%  84.3 1276s
 23373 12948 231669.210   84 4040 242082.914 227613.008  5.98%  83.8 1290s
 24041 13691 232615.948   87 3614 242082.914 227613.008  5.98%  83.3 1303s
 24784 14414 229320.275   87 4564 242082.914 227613.008  5.98%  82.0 1316s
 25557 14899 229326.255   88 4563 242082.914 227613.008  5.98%  81.2 1331s
 26110 15451 229340.552   94 4582 242082.914 227613.008  5.98%  81.9 1345s
 26691 16139 229350.208   96 4580 242082.914 227613.008  5.98%  82.2 1360s
 27394 16776 229361.527   99 4580 242082.914 227613.008  5.98%  82.1 1374s
 28098 17519 229371.258  101 4579 242082.914 227613.008  5.98%  81.7 1391s
 28914 18378 229378.291  102 4578 242082.914 227613.008  5.98%  81.1 1410s
 29829 19025 229400.422  115 4565 242082.914 227613.008  5.98%  80.4 1431s
 30560 19870 229431.044  145 4535 242082.914 227613.008  5.98%  80.6 1453s
 31405 20613 229436.200  146 4538 242082.914 227613.008  5.98%  79.9 1474s
 32168 20629 229442.759  148 4536 242082.914 227613.008  5.98%  79.7 1758s
H32169 20615                    242065.47739 227613.008  5.97%  79.7 1758s
H32170 20605                    242059.51724 227613.008  5.97%  79.7 1758s
 32184 20692 232655.007  149 3605 242059.517 227613.008  5.97%  79.9 1766s
 32277 21350 229448.776  149 4535 242059.517 227613.008  5.97%  80.1 1788s
 32935 22287 229454.226  150 4534 242059.517 227613.008  5.97%  79.9 1810s
 33890 23605 229459.608  151 4533 242059.517 227613.008  5.97%  79.6 1834s
 35271 24878 229463.897  153 4530 242059.517 227613.008  5.97%  79.0 1857s
 36570 26234 229477.661  164 4519 242059.517 227613.008  5.97%  78.7 1880s
 37936 27432 229488.768  171 4512 242059.517 227613.008  5.97%  78.1 1904s
 39187 28477 229498.863  175 4508 242059.517 227613.008  5.97%  78.4 1930s
 40396 29545 230907.094  192 4141 242059.517 227613.008  5.97%  78.6 1958s
H41585 29542                    242058.16232 227613.008  5.97%  79.2 2384s
 41586 29543 237499.411  214 8511 242058.162 227613.008  5.97%  79.2 2433s
 41588 29544 241258.653  117 9459 242058.162 227613.008  5.97%  79.2 2446s
 41589 29545 239432.373  499 9926 242058.162 227613.008  5.97%  79.2 2452s
 41590 29546 235013.533  180 10304 242058.162 227613.008  5.97%  79.2 2463s
 41591 29546 234580.343   61 10402 242058.162 227613.008  5.97%  79.1 2473s
 41592 29547 234992.875  188 10078 242058.162 227613.008  5.97%  79.1 2482s
 41593 29548 239180.151  797 9395 242058.162 227613.008  5.97%  79.1 2497s
 41594 29548 240210.186  627 9098 242058.162 227613.008  5.97%  79.1 2504s
 41595 29549 238219.807  381 8516 242058.162 227613.008  5.97%  79.1 2509s
 41596 29550 239922.998  345 8267 242058.162 227613.008  5.97%  79.1 2518s
 41597 29550 240989.281  763 8264 242058.162 227613.008  5.97%  79.1 2530s
 41598 29551 239323.802  928 8382 242058.162 227613.008  5.97%  79.1 2539s
 41599 29552 231567.189  674 8391 242058.162 227613.008  5.97%  79.1 2545s
 41600 29552 235363.791  235 8382 242058.162 227613.008  5.97%  79.1 2550s
 41601 29553 241812.046  181 8403 242058.162 227613.008  5.97%  79.1 2555s
 41602 29554 241550.191  239 8403 242058.162 227613.008  5.97%  79.1 2578s
 41603 29554 240260.804  152 8427 242058.162 227613.008  5.97%  79.1 2580s
 41605 29556 235901.203  125 8442 242058.162 227613.008  5.97%  79.1 2602s
 41606 29556 240928.715  784 8446 242058.162 227613.008  5.97%  79.1 2626s
 41608 29558 241972.959  349 8452 242058.162 227613.008  5.97%  79.1 2631s
 41609 29558 239619.879  246 8433 242058.162 227613.008  5.97%  79.1 2649s
 41610 29559 241275.985  386 8462 242058.162 227613.008  5.97%  79.1 2668s
 41611 29560 239685.468  407 8427 242058.162 227613.008  5.97%  79.1 2682s
 41612 29560 239571.603  526 8449 242058.162 227613.008  5.97%  79.1 2708s
 41613 29561 237175.002  413 8450 242058.162 227613.008  5.97%  79.1 2725s
 41614 29562 234974.240  182 8471 242058.162 227613.008  5.97%  79.1 2750s
 41616 29563 240848.416  396 8423 242058.162 227613.008  5.97%  79.1 2766s
 41617 29564 239724.078  269 8442 242058.162 227613.008  5.97%  79.1 2788s
 41618 29564 240905.238  370 8438 242058.162 227613.008  5.97%  79.1 2806s
 41619 29565 238518.882  164 8462 242058.162 227613.008  5.97%  79.1 2831s
 41620 29566 238822.619  140 8473 242058.162 227613.008  5.97%  79.1 2849s
 41621 29566 238150.952  368 8475 242058.162 227613.008  5.97%  79.1 2875s
 41622 29567 238119.035  469 8468 242058.162 227613.008  5.97%  79.1 2891s
 41623 29568 239887.379 2551 8476 242058.162 227613.008  5.97%  79.1 2913s
 41624 29568 241633.864  904 8473 242058.162 227613.008  5.97%  79.1 2927s
 41625 29569 237945.286 2209 8481 242058.162 227613.008  5.97%  79.1 2949s
 41626 29570 238345.135  402 8493 242058.162 227613.008  5.97%  79.1 2951s
 41627 29570 239394.179  273 8459 242058.162 227613.008  5.97%  79.1 2973s
 41628 29571 238297.534   91 8471 242058.162 227613.008  5.97%  79.1 2997s
 41629 29572 239198.791  363 8458 242058.162 227613.008  5.97%  79.1 3013s
 41630 29572 239490.488  145 8436 242058.162 227613.008  5.97%  79.1 3037s
 41631 29573 241922.846 2885 8424 242058.162 227613.008  5.97%  79.1 3052s
 41632 29574 239099.936 2418 8430 242058.162 227613.008  5.97%  79.1 3070s
 41633 29574 238126.063  363 8502 242058.162 227613.008  5.97%  79.1 3090s
 41634 29575 240094.669  417 8512 242058.162 227613.008  5.97%  79.1 3122s
 41635 29576 240697.877  388 8514 242058.162 227613.008  5.97%  79.1 3142s
 41636 29576 237478.129   96 8535 242058.162 227613.008  5.97%  79.1 3167s
 41637 29577 242021.127 1236 8492 242058.162 227613.008  5.97%  79.1 3189s
 41638 29578 237909.536   41 8571 242058.162 227613.008  5.97%  79.1 3211s
 41639 29578 238183.494  374 8565 242058.162 227613.008  5.97%  79.1 3226s
 41640 29579 238202.103   70 8544 242058.162 227613.008  5.97%  79.1 3244s
 41641 29580 233612.588 1319 8502 242058.162 227613.008  5.97%  79.1 3263s
 41642 29580 235653.796   45 8492 242058.162 227613.008  5.97%  79.1 3289s
 41643 29581 237274.051  465 8531 242058.162 227613.008  5.97%  79.0 3293s
 41644 29582 238771.033  196 8581 242058.162 227613.008  5.97%  79.0 3307s
 41645 29582 240339.850  316 8568 242058.162 227613.008  5.97%  79.0 3335s
 41646 29583 241950.834 1784 8577 242058.162 227613.008  5.97%  79.0 3353s
 41647 29584 230917.129  460 8573 242058.162 227613.008  5.97%  79.0 3375s
 41648 29584 238012.463   67 8582 242058.162 227613.008  5.97%  79.0 3394s
 41649 29585 236098.369  174 8550 242058.162 227613.008  5.97%  79.0 3421s
 41650 29586 235944.286  124 8567 242058.162 227613.008  5.97%  79.0 3436s
 41651 29586 235287.369  275 8565 242058.162 227613.008  5.97%  79.0 3462s
 41652 29587 238716.747  358 8536 242058.162 227613.008  5.97%  79.0 3479s
 41653 29588 239730.574  225 8585 242058.162 227613.008  5.97%  79.0 3507s
 41654 29588 236291.376  217 8529 242058.162 227613.008  5.97%  79.0 3522s
 41655 29589 241818.042  993 8523 242058.162 227613.008  5.97%  79.0 3536s
 41656 29590 237215.771  129 8562 242058.162 227613.008  5.97%  79.0 3557s
 41657 29590 238169.175  371 8564 242058.162 227613.008  5.97%  79.0 3574s
 41658 29591 240395.189  303 8561 242058.162 227613.008  5.97%  79.0 3592s
 41659 29592 239960.998  468 8564 242058.162 227613.008  5.97%  79.0 3617s
 41660 29592 240702.271  928 8547 242058.162 227613.008  5.97%  79.0 3632s
 41661 29593 240239.451  951 8593 242058.162 227613.008  5.97%  79.0 3652s
 41662 29594 235057.000  199 8615 242058.162 227613.008  5.97%  79.0 3669s
 41663 29594 238001.413  338 8610 242058.162 227613.008  5.97%  79.0 3690s
 41664 29595 234591.314   64 8615 242058.162 227613.008  5.97%  79.0 3707s
 41665 29596 239632.227  477 8602 242058.162 227613.008  5.97%  79.0 3730s
H41665 28114                    242057.91978 227613.008  5.97%  79.0 3737s
 41666 28114 240998.846  705 8640 242057.920 227613.008  5.97%  79.0 3751s
 41667 28115 240995.721  578 8628 242057.920 227613.008  5.97%  79.0 3777s
 41668 28116 240368.564 1191 8587 242057.920 227613.008  5.97%  79.0 3797s
 41669 28116 241337.068 1510 8585 242057.920 227613.008  5.97%  79.0 3817s
 41670 28117 240383.272  282 8577 242057.920 227613.008  5.97%  79.0 3831s
 41671 28118 239778.511   99 8590 242057.920 227613.008  5.97%  79.0 3855s
 41672 28118 238863.893  271 8639 242057.920 227613.008  5.97%  79.0 3881s
 41673 28119 238634.736   95 8631 242057.920 227613.008  5.97%  79.0 3916s
 41674 28120 229399.737  113 8643 242057.920 227613.008  5.97%  79.0 3935s
 41675 28120 239085.405  184 8648 242057.920 227613.008  5.97%  79.0 3957s
 41676 28121 240681.608  531 8638 242057.920 227613.008  5.97%  79.0 3978s
 41677 28122 236108.692  399 8599 242057.920 227613.008  5.97%  79.0 3995s
 41678 28122 237866.876  600 8634 242057.920 227613.008  5.97%  79.0 4010s
 41679 28123 238025.440  343 8601 242057.920 227613.008  5.97%  79.0 4041s
H41679 26716                    242056.29733 227613.008  5.97%  79.0 4045s
 41680 26717 239730.344  418 8620 242056.297 227613.008  5.97%  79.0 4057s
 41681 26717 237861.895 2188 8637 242056.297 227613.008  5.97%  79.0 4083s
 41682 26718 238094.764   47 8657 242056.297 227613.008  5.97%  79.0 4102s
 41683 26719 238581.674   74 8653 242056.297 227613.008  5.97%  79.0 4128s
 41684 26719 239109.650  192 8595 242056.297 227613.008  5.97%  79.0 4143s
 41685 26720 239183.382  116 8603 242056.297 227613.008  5.97%  79.0 4160s
 41686 26721 237499.411  214 8639 242056.297 227613.008  5.97%  79.0 4173s
 41687 26721 240634.951  616 8632 242056.297 227613.008  5.97%  79.0 4197s
 41688 26722 241258.653  117 8631 242056.297 227613.008  5.97%  79.0 4210s
 41689 26723 239432.373  499 8643 242056.297 227613.008  5.97%  79.0 4224s
 41690 26723 235013.533  180 8606 242056.297 227613.008  5.97%  79.0 4239s
 41691 26724 234580.343   61 8613 242056.297 227613.008  5.97%  79.0 4263s
 41692 26725 234992.875  188 8599 242056.297 227613.008  5.97%  79.0 4280s
 41693 26725 239180.151  797 8591 242056.297 227613.008  5.97%  79.0 4294s
 41694 26726 240210.186  627 8589 242056.297 227613.008  5.97%  79.0 4310s
 41695 26727 238219.807  381 8634 242056.297 227613.008  5.97%  79.0 4338s
 41696 26727 239922.998  345 8624 242056.297 227613.008  5.97%  78.9 4352s
H41696 25388                    242056.06268 227613.008  5.97%  78.9 4367s
 41698 25390 239323.802  928 8631 242056.063 227613.008  5.97%  78.9 4383s
 41699 25390 231567.189  674 8642 242056.063 227613.008  5.97%  78.9 4410s
 41700 25391 235363.791  235 8632 242056.063 227613.008  5.97%  78.9 4424s
 41701 25392 241812.046  181 8628 242056.063 227613.008  5.97%  78.9 4444s
 41702 25392 241550.191  239 8665 242056.063 227613.008  5.97%  78.9 4462s
 41703 25393 240260.804  152 8636 242056.063 227613.008  5.97%  78.9 4490s
 41704 25394 239741.670  561 8635 242056.063 227613.008  5.97%  78.9 4511s
 41705 25394 235901.203  125 8687 242056.063 227613.008  5.97%  78.9 4533s
 41706 25395 240928.715  784 8671 242056.063 227613.008  5.97%  78.9 4552s
 41707 25396 241674.358  194 8677 242056.063 227613.008  5.97%  78.9 4576s
 41708 25396 241972.959  349 8669 242056.063 227613.008  5.97%  78.9 4594s
H41708 24125                    242054.63110 227613.008  5.97%  78.9 4610s
 41710 24127 241275.985  386 8657 242054.631 227613.008  5.97%  78.9 4629s
 41711 24127 239685.468  407 8647 242054.631 227613.008  5.97%  78.9 4658s
 41712 24128 239571.603  526 8662 242054.631 227613.008  5.97%  78.9 4672s
H41712 22919                    242053.32352 227613.008  5.97%  78.9 4685s
 41714 22920 234974.240  182 8694 242053.324 227613.008  5.97%  78.9 4708s
 41715 22921 232540.369 1004 8676 242053.324 227613.008  5.97%  78.9 4734s
 41716 22922 240848.416  396 8706 242053.324 227613.008  5.97%  78.9 4762s
H41716 21774                    242050.89008 227613.008  5.96%  78.9 4779s
 41718 21775 240905.238  370 8698 242050.890 227613.008  5.96%  78.9 4796s
 41719 21776 238518.882  164 8699 242050.890 227613.008  5.96%  78.9 4833s
 41720 21776 238822.619  140 8714 242050.890 227613.008  5.96%  78.9 4862s
 41721 21777 238150.952  368 8715 242050.890 227613.008  5.96%  78.9 4898s
 41722 21778 238119.035  469 8707 242050.890 227613.008  5.96%  78.9 4920s
 41723 21778 239887.379 2551 8724 242050.890 227613.008  5.96%  78.9 4948s
 41724 21779 241633.864  904 8721 242050.890 227613.008  5.96%  78.9 4970s
H41724 20688                    242050.57329 227613.008  5.96%  78.9 4999s
 41726 20689 238345.135  402 8730 242050.573 227613.008  5.96%  78.9 5031s
 41727 20690 239394.179  273 8737 242050.573 227613.008  5.96%  78.9 5067s
 41728 20691 238297.534   91 8747 242050.573 227613.008  5.96%  78.9 5095s
H41728 19654                    242049.26359 227613.008  5.96%  78.9 5128s
 41730 19655 239490.488  145 8730 242049.264 227613.008  5.96%  78.9 5154s
 41731 19656 241922.846 2885 8728 242049.264 227613.008  5.96%  78.9 5190s
 41732 19656 239099.936 2418 8730 242049.264 227613.008  5.96%  78.9 5211s
H41732 18670                    242046.07629 227613.008  5.96%  78.9 5231s
 41734 18672 240094.669  417 8767 242046.076 227613.008  5.96%  78.9 5258s
 41735 18672 240697.877  388 8749 242046.076 227632.694  5.95%  78.9 5288s
 41736 18673 237478.129   96 8754 242046.076 227638.898  5.95%  78.9 5312s
 41737 18674 242021.127 1236 8737 242046.076 227650.587  5.95%  78.9 5330s
 41738 18674 237909.536   41 8780 242046.076 227656.559  5.94%  78.9 5354s
 41739 18675 238183.494  374 8776 242046.076 227669.300  5.94%  78.9 5395s
 41740 18676 238202.103   70 8824 242046.076 227677.441  5.94%  78.9 5419s
H41740 17740                    242043.42106 227695.724  5.93%  78.9 5440s
 41742 17741 235653.796   45 8759 242043.421 227699.932  5.93%  78.9 5458s
 41743 17742 237274.051  465 8758 242043.421 227710.840  5.92%  78.9 5487s
 41744 17742 238771.033  196 8781 242043.421 227719.032  5.92%  78.9 5516s
 41745 17743 240339.850  316 8764 242043.421 227731.929  5.91%  78.9 5554s
 41746 17744 241950.834 1784 8760 242043.421 227737.556  5.91%  78.9 5573s
 41747 17744 230917.129  460 8778 242043.421 227750.670  5.91%  78.9 5622s
 41748 17745 238012.463   67 8821 242043.421 227757.267  5.90%  78.9 5652s
 41749 17746 236098.369  174 8792 242043.421 227763.336  5.90%  78.8 5682s
 41750 17746 235944.286  124 8788 242043.421 227775.769  5.89%  78.8 5715s
 41751 17747 235287.369  275 8784 242043.421 227783.446  5.89%  78.8 5733s
 41752 17748 238716.747  358 8774 242043.421 227789.222  5.89%  78.8 5754s
 41753 17748 239730.574  225 8774 242043.421 227795.620  5.89%  78.8 5788s
 41754 17749 236291.376  217 8789 242043.421 227800.480  5.88%  78.8 5813s
 41755 17750 241818.042  993 8765 242043.421 227817.149  5.88%  78.8 5841s
 41756 17750 237215.771  129 8766 242043.421 227822.935  5.88%  78.8 5864s
H41756 16860                    242043.06407 227828.892  5.87%  78.8 5900s
 41758 16862 240395.189  303 8770 242043.064 227833.316  5.87%  78.8 5926s
 41759 16862 239960.998  468 8762 242043.064 227843.925  5.87%  78.8 5952s
 41760 16863 240702.271  928 8791 242043.064 227845.066  5.87%  78.8 5969s
H41760 16017                    242042.65129 227856.851  5.86%  78.8 6019s
 41762 16018 235057.000  199 8781 242042.651 227864.531  5.86%  78.8 6048s
 41763 16019 238001.413  338 8772 242042.651 227868.123  5.86%  78.8 6070s
 41764 16020 234591.314   64 8778 242042.651 227873.650  5.85%  78.8 6098s
H41764 15216                    242040.97763 227890.357  5.85%  78.8 6114s
 41766 15217 240998.846  705 8793 242040.978 227896.760  5.84%  78.8 6126s
 41767 15218 240995.721  578 8785 242040.978 227907.661  5.84%  78.8 6140s
 41768 15218 240368.564 1191 8793 242040.978 227911.913  5.84%  78.8 6154s
H41768 14454                    242037.12723 227919.157  5.83%  78.8 6167s
 41770 14456 240383.272  282 8830 242037.127 227923.390  5.83%  78.8 6180s
 41771 14456 239778.511   99 8807 242037.127 227927.822  5.83%  78.8 6224s
 41772 14457 238863.893  271 8825 242037.127 227933.449  5.83%  78.8 6246s
H41772 13731                    242034.38770 227941.980  5.82%  78.8 6256s
 41774 13732 229399.737  113 8803 242034.388 227969.592  5.81%  78.8 6296s
 41775 13733 239085.405  184 8843 242034.388 227974.637  5.81%  78.8 6309s
 41776 13734 240681.608  531 8834 242034.388 227980.885  5.81%  78.8 6356s
 41777 13734 236108.692  399 8843 242034.388 227985.463  5.80%  78.8 6377s
H41777 13044                    242032.62604 227989.454  5.80%  78.8 6391s
 41779 13046 238025.440  343 8823 242032.626 227995.136  5.80%  78.8 6406s
 41780 13046 239730.344  418 8815 242032.626 227998.849  5.80%  78.8 6433s
 41781 13047 237861.895 2188 8829 242032.626 228001.870  5.80%  78.8 6446s
H41781 12391                    242032.47514 228004.108  5.80%  78.8 6470s
 41783 12392 238581.674   74 8863 242032.475 228012.165  5.79%  78.8 6487s
 41784 12393 239109.650  192 8857 242032.475 228017.521  5.79%  78.8 6498s
 41785 12394 239183.382  116 8878 242032.475 228023.225  5.79%  78.8 6523s
H41785 11771                    242019.24004 228025.589  5.78%  78.8 6559s
 41787 11772 240634.951  616 8850 242019.240 228028.662  5.78%  78.8 6572s
H41787 11180                    242007.71131 228031.933  5.77%  78.8 6600s
 41789 11181 239432.373  499 8837 242007.711 228035.178  5.77%  78.8 6614s
 41790 11182 235013.533  180 8831 242007.711 228037.305  5.77%  78.8 6625s
 41791 11183 234580.343   61 8844 242007.711 228042.230  5.77%  78.8 6641s
 41792 11183 234992.875  188 8851 242007.711 228044.253  5.77%  78.8 6673s
 41793 11184 239180.151  797 8883 242007.711 228048.201  5.77%  78.8 6695s
H41793 10621                    242005.12934 228051.580  5.77%  78.8 6732s
 41795 10622 238219.807  381 8886 242005.129 228052.998  5.77%  78.8 6748s
 41796 10623 239922.998  345 8874 242005.129 228055.848  5.76%  78.8 6760s
 41797 10624 240989.281  763 8862 242005.129 228059.253  5.76%  78.8 6781s
 41798 10624 239323.802  928 8868 242005.129 228063.903  5.76%  78.8 6799s
 41799 10625 231567.189  674 8854 242005.129 228066.346  5.76%  78.8 6821s
 41800 10626 235363.791  235 8832 242005.129 228072.569  5.76%  78.8 6835s
 41801 10626 241812.046  181 8847 242005.129 228089.402  5.75%  78.8 6878s
H41801 10092                    242004.55671 228094.868  5.75%  78.8 6918s
 41803 10094 240260.804  152 8881 242004.557 228101.668  5.74%  78.7 6947s
 41804 10094 239741.670  561 8853 242004.557 228103.561  5.74%  78.7 6957s
 41805 10095 235901.203  125 8858 242004.557 228106.581  5.74%  78.7 6968s
 41806 10096 240928.715  784 8871 242004.557 228109.755  5.74%  78.7 6978s
 41807 10096 241674.358  194 8871 242004.557 228109.755  5.74%  78.7 7061s
H41807  9589                    242003.78575 228109.755  5.74%  94.4 7068s
 41808  9589 228205.043   23 8708 242003.786 228112.510  5.74%  94.7 7213s
 41810  9588 228314.144   24 5220 242003.786 228237.635  5.69%  96.5 7246s
 41812  9590 228394.519   25 5216 242003.786 228314.177  5.66%  96.7 7530s
 41814  9591     cutoff   26      242003.786 228316.139  5.66%  96.8 7604s
 41818  9594 236078.703   27 3972 242003.786 232346.247  3.99%  99.5 7680s
 41824  9602 236963.856   28 3890 242003.786 232347.708  3.99%   100 7912s
 41834  9614 237367.114   29 3931 242003.786 232462.559  3.94%   104 7987s
H41839  9130                    242002.64049 232462.559  3.94%   105 7987s
H41842  8670                    241994.33958 232462.559  3.94%   105 7987s
H41844  8233                    241988.21293 232462.559  3.94%   106 7987s
 41850  8247 237375.366   30 3850 241988.213 232467.120  3.93%   106 7997s
 41866  8258 237375.366   31 3850 241988.213 232467.461  3.93%   107 8002s
 41882  8268 237375.366   32 3849 241988.213 232467.490  3.93%   107 8067s
 41898  8294 237375.508   33 3850 241988.213 232467.490  3.93%   108 8071s
H41929  7886                    241982.11182 232467.490  3.93%   108 8110s
H41933  7490                    241972.52144 232467.490  3.93%   108 8110s
 41945  7518 237376.463   36 3851 241972.521 232467.490  3.93%   108 8118s
 41977  7550 237378.481   38 3847 241972.521 232467.490  3.93%   108 8149s
 42019  7580 237384.267   41 3848 241972.521 232467.490  3.93%   109 8155s
 42063  7615 237390.069   44 3846 241972.521 232467.490  3.93%   109 8182s
 42113  7642 237397.266   48 3829 241972.521 232467.490  3.93%   109 8257s
 42157  7691 237409.187   52 3821 241972.521 232467.490  3.93%   110 8271s
 42220  7747 237424.958   57 3817 241972.521 232467.490  3.93%   110 8304s
 42297  7795 237466.767   59 3937 241972.521 232467.490  3.93%   111 8327s
 42372  7863 237472.567   65 3941 241972.521 232467.490  3.93%   112 8343s
 42465  7907 237482.212   73 3932 241972.521 232467.490  3.93%   112 8365s
 42540  7929 237517.915   82 3921 241972.521 232467.490  3.93%   113 8410s
 42590  7977 237520.882   84 3931 241972.521 232467.490  3.93%   114 8461s
 42657  8031 237561.505   86 3993 241972.521 232467.490  3.93%   115 8502s
 42736  8077 237679.259   95 4001 241972.521 232467.490  3.93%   117 8576s
 42808  8158 237680.170   96 4001 241972.521 232467.490  3.93%   119 8608s
 42913  8204 237699.954  107 3990 241972.521 232467.490  3.93%   120 8678s
 42996  8280 237737.881  109 3972 241972.521 232467.490  3.93%   121 8720s
 43102  8366 237761.498  117 3966 241972.521 232467.490  3.93%   122 8749s
 43223  8469 237854.215  122 3956 241972.521 232467.490  3.93%   123 8793s
 43367  8580 237879.504  135 3949 241972.521 232467.490  3.93%   124 8815s
 43527  8696 237971.066  153 3916 241972.521 232467.490  3.93%   124 8842s
 43699  8768 238007.865  159 3899 241972.521 232467.490  3.93%   125 8872s
 43830  8872 238020.821  165 3900 241972.521 232467.490  3.93%   126 9017s
 43983  8982 238060.027  182 3879 241972.521 232467.490  3.93%   129 9081s
 44147  9148 238124.547  196 3847 241972.521 232467.490  3.93%   130 9129s
 44378  9312 238203.459  226 3847 241972.521 232467.490  3.93%   131 9177s
 44620  9463 238301.652  259 3807 241972.521 232467.490  3.93%   132 9214s
 44864  9584 238413.165  295 3781 241972.521 232467.490  3.93%   133 9275s
 45089  9762 238528.110  334 3740 241972.521 232467.490  3.93%   135 9332s
 45366  9983 238713.945  346 3598 241972.521 232467.490  3.93%   136 9450s
H45692  9471                    241926.31519 232467.490  3.91%   139 14763s
H45695  9112                    241922.51467 232467.490  3.91%   139 14763s
H45698  8757                    241905.87789 232467.490  3.90%   139 14763s
 45708  8930 238841.236  384 3519 241905.878 232467.490  3.90%   140 17909s
H45835  8556                    241897.49826 232467.490  3.90%   140 17909s
H45874  8237                    241897.48763 232467.490  3.90%   140 17909s
 45891  8411 238863.761  397 3499 241897.488 232467.490  3.90%   140 17966s
 46114  8562 238900.516  416 3494 241897.488 232467.490  3.90%   143 18015s
 46350  8878 238928.286  434 3477 241897.488 232467.490  3.90%   144 18085s
 46751  9039 238980.317  460 3445 241897.488 232467.490  3.90%   145 18196s
 47065  9255 239033.795  482 3408 241897.488 232467.490  3.90%   147 18453s
 47393  9746 239161.798  512 3337 241897.488 232467.490  3.90%   149 18539s
 48029 10019 239268.453  582 3254 241897.488 232467.490  3.90%   151 18613s
 48535 10403 239384.548  660 3175 241897.488 232467.490  3.90%   152 18735s
 49119 10695 239502.938  745 3083 241897.488 232467.490  3.90%   154 18861s
 49642 11123 239727.242  817 2901 241897.488 232467.490  3.90%   157 19101s
 50282 11423 239787.883  915 2797 241897.488 232467.490  3.90%   160 19264s
 50872 11901 239889.475 1021 2635 241897.488 232467.490  3.90%   164 19427s
 51578 12469 240054.466 1135 2504 241897.488 232467.490  3.90%   167 19558s
 52405 13097 240193.982 1258 2388 241897.488 232467.490  3.90%   169 19680s
 53406 13677 240364.790 1391 2244 241897.488 232467.490  3.90%   171 19864s
 54386 14324 240596.287 1536 2068 241897.488 232467.490  3.90%   173 19993s
 55400 14906 240780.436 1694 1870 241897.488 232467.490  3.90%   175 20165s
 56376 15655 241080.495 1864 1651 241897.488 232467.490  3.90%   177 20343s
 57482 16453 241329.409 2047 1404 241897.488 232467.490  3.90%   179 20476s
 58671 17223 241663.966 2235 1151 241897.488 232475.372  3.90%   180 20650s
 59880 17150 233388.277   32 4715 241897.488 232475.372  3.90%   182 25752s
H59881 17135                    241889.48740 232475.372  3.89%   182 25752s
 59896 17573 233390.048   33 4713 241889.487 232475.372  3.89%   182 25877s
 60340 18838 233408.489   47 4690 241889.487 232475.372  3.89%   184 26066s
 61639 20023 233583.173  164 4586 241889.487 232475.372  3.89%   186 26239s
 62887 22547 233704.948  222 4509 241889.487 232475.372  3.89%   187 26732s
H62921 22541                    241885.44178 232475.372  3.89%   187 26732s
 65542 24106 238946.692  410 3645 241885.442 232475.372  3.89%   196 26927s
 67218 25430 240901.999  506 3394 241885.442 232475.372  3.89%   198 27105s
 68592 26747 241093.522  564 3333 241885.442 232475.372  3.89%   199 27327s
 69933 28040 241244.384  653 3181 241885.442 232475.372  3.89%   201 27493s
 71324 29795 241424.209  731 3073 241885.442 232475.372  3.89%   202 27672s
 73156 31052 241557.149  811 2990 241885.442 232475.372  3.89%   202 27873s
 74478 32594 241719.796  905 2834 241885.442 232475.372  3.89%   204 28050s
 76076 33871 241868.271 1010 2707 241885.442 232479.769  3.89%   204 28267s
 77390 35538 236595.845   42 3892 241885.442 232479.769  3.89%   205 28454s
 79077 37177 236887.575   72 4088 241885.442 232479.769  3.89%   207 28654s
 80742 38900 237176.606  154 3939 241885.442 232479.769  3.89%   207 28848s
 82591 40530 238012.966  342 3540 241885.442 232479.769  3.89%   208 29031s
 84274 42544 238779.446  530 3198 241885.442 232479.769  3.89%   209 29608s
 86451 44411 239084.197  718 2977 241885.442 232479.769  3.89%   218 29904s
 88432 45974 239324.765  906 2769 241885.442 232479.769  3.89%   221 30183s
 90102 47505 239539.058 1094 2545 241885.442 232479.769  3.89%   224 30467s
 91662 48689 239864.845 1282 2285 241885.442 232479.769  3.89%   226 30728s
 92920 50003 240179.081 1470 2036 241885.442 232479.769  3.89%   230 31011s
 94299 51238 240477.770 1658 1805 241885.442 232479.769  3.89%   233 31307s
 95588 52620 240800.030 1846 1562 241885.442 232479.769  3.89%   236 31632s
 97162 53943 241073.298 2034 1363 241885.442 232479.769  3.89%   239 31933s
 98527 55553 241411.883 2222 1101 241885.442 232479.769  3.89%   242 32224s
 100189 56613 241598.130 2410  701 241885.442 232479.769  3.89%   244 32598s
 101309 58007 241748.484 2598  336 241885.442 232479.769  3.89%   246 32886s
 102786 59535 241871.802 2786  103 241885.442 232487.374  3.89%   250 33198s
 104347 60881 236490.983  135 3864 241885.442 232487.374  3.89%   253 33464s
 105709 62776 236649.985  242 3738 241885.442 232487.374  3.89%   256 33986s
 107672 64397 236792.340  430 3470 241885.442 232487.374  3.89%   263 34329s
 109362 66031 238751.904  570 3500 241885.442 232487.374  3.89%   266 34656s
 111019 67553 241843.293  728 3273 241885.442 232489.325  3.88%   268 34956s
 112644 69097 240672.462  119 3773 241885.442 232489.719  3.88%   271 35244s
 114211 70768 240932.716  194 3835 241885.442 232489.719  3.88%   273 35546s
 115938 72272 infeasible  348      241885.442 232490.710  3.88%   275 35846s
 117517 73839 235594.264  172 3876 241885.442 232490.710  3.88%   277 36156s
 119194 75507 235771.987  305 3752 241885.442 232490.710  3.88%   279 36449s
 120917 77124 236135.832  493 3444 241885.442 232490.710  3.88%   281 36742s
 122571 78735 236788.850  681 3435 241885.442 232490.710  3.88%   282 37095s
 124228 80028 240434.609  780 3443 241885.442 232490.710  3.88%   284 37375s
 125569 81428 241814.035  962 2935 241885.442 232492.294  3.88%   286 37649s
 127118 83095 235595.270  180 3866 241885.442 232492.294  3.88%   288 38158s
 128912 84758 235822.139  368 3675 241885.442 232492.294  3.88%   293 38516s
 130672 86350 236587.497  556 3333 241885.442 232492.294  3.88%   296 38825s
 132306 87840 238314.058  744 3502 241885.442 232492.294  3.88%   298 39114s
 133898 89238 241222.133  930 3235 241885.442 232493.740  3.88%   300 39460s
 135455 90615 237449.624   77 3897 241885.442 232493.740  3.88%   302 39785s
 136885 92035 237853.747  153 3991 241885.442 232493.740  3.88%   305 40102s
 138346 93308 240027.402  205 3562 241885.442 232493.740  3.88%   307 40430s
 139794 94485 241645.525  329 3116 241885.442 232493.880  3.88%   309 40760s
 141044 96118 237264.489   83 3890 241885.442 232493.880  3.88%   312 41065s
 142749 97803 237791.874  185 3747 241885.442 232493.880  3.88%   313 41356s
 144483 99256 238382.781  259 3911 241885.442 232493.880  3.88%   314 41624s
 146063 100953 240714.551  303 3259 241885.442 232493.880  3.88%   314 41885s
 147809 102644 241567.483  488 3241 241885.442 232494.703  3.88%   315 42259s
 149585 103901 241300.679  119 3781 241885.442 232494.703  3.88%   318 42546s
 150894 105082 241512.774  162 3961 241885.442 232501.336  3.88%   320 42852s
 152151 106305 236649.552   66 3942 241885.442 232502.410  3.88%   322 43196s
 153427 107722 236678.146  105 3899 241885.442 232502.410  3.88%   325 43503s
 154868 108985 236693.681  135 3862 241885.442 232502.410  3.88%   327 43819s
 156147 110384 236715.140  167 3832 241885.442 232502.410  3.88%   329 44128s
 157555 111671 236720.377  177 3825 241885.442 232502.410  3.88%   332 44401s
 158864 112980 236729.886  181 3815 241885.442 232502.410  3.88%   334 44678s
 160200 113955 236739.838  197 3820 241885.442 232502.410  3.88%   336 45126s
 161298 115170 237492.868  211 3874 241885.442 232502.410  3.88%   339 45539s
 162562 116530 236756.274  215 3796 241885.442 232502.410  3.88%   343 45916s
 163934 117813 236765.979  235 3769 241885.442 232502.410  3.88%   346 46285s
 165235 119124 236784.054  243 3714 241885.442 232502.410  3.88%   349 46680s
 166578 120510 236801.845  252 3731 241885.442 232502.410  3.88%   352 47054s
 168044 121613 236819.312  260 3722 241885.442 232502.410  3.88%   355 47505s
 169265 122938 236833.759  269 3648 241885.442 232502.410  3.88%   360 47999s
 170646 124314 236851.622  285 3693 241885.442 232502.410  3.88%   364 48487s
 172096 125824 236855.488  290 3685 241885.442 232502.410  3.88%   369 48988s
 173663 127190 236862.628  297 3714 241885.442 232502.410  3.88%   374 49452s
 175130 128465 236866.350  302 3705 241885.442 232502.410  3.88%   378 49936s
 176456 129660 236869.443  306 3704 241885.442 232502.410  3.88%   383 50428s
 177745 130863 236871.671  309 3707 241885.442 232502.410  3.88%   389 50882s
 179009 132196 236877.035  314 3687 241885.442 232502.410  3.88%   394 51323s
 180382 133415 237096.538  323 3817 241885.442 232502.410  3.88%   399 51772s
 181639 134578 236892.665  329 3658 241885.442 232502.410  3.88%   403 52204s
 182851 135710 236903.500  340 3639 241885.442 232502.410  3.88%   408 52669s
 184092 136878 236906.963  345 3628 241885.442 232502.410  3.88%   414 53133s
 185339 137955 236912.653  351 3630 241885.442 232502.410  3.88%   419 53636s
 186490 139149 236918.794  358 3629 241885.442 232502.410  3.88%   424 54141s
 187783 140411 236923.014  362 3626 241885.442 232502.410  3.88%   429 54703s
 189156 141555 236930.843  367 3617 241885.442 232502.410  3.88%   435 55253s
 190419 142762 236938.384  376 3594 241885.442 232502.410  3.88%   441 55761s
 191751 143618 236940.759  381 3601 241885.442 232502.410  3.88%   446 56329s
H192000 29170                    237447.70211 232502.410  2.08%   449 56329s
 192734 30119 236950.951  389 3504 237447.702 232502.410  2.08%   453 56848s
H193643 23110                    237175.51501 232502.410  1.97%   454 56848s
 194827 24623 236959.972  403 3479 237175.515 232502.410  1.97%   456 57425s
H195682 24573                    237174.13632 232502.410  1.97%   457 57425s
 196786 26466 237010.576  467 3335 237174.136 232502.410  1.97%   458 57874s
H197714 26414                    237172.33620 232502.410  1.97%   458 57874s
*197767 26364            1511    237170.43911 232502.410  1.97%   458 57874s
 199118 27461     cutoff  561      237170.439 232502.410  1.97%   458 58342s
 200608 28475     cutoff  655      237170.439 232502.725  1.97%   460 58827s
 202033 29618 235527.214  159 3680 237170.439 232502.725  1.97%   463 59296s
 203307 30768 235778.922  251 3797 237170.439 232502.725  1.97%   467 59934s
H203666  8159                    236033.62358 232502.725  1.50%   468 59934s
 204524  7851 236029.344  268 3651 236033.624 232502.725  1.50%   470 60516s
 205911  8896     cutoff  304      236033.624 232502.725  1.50%   473 61041s
 207865  9879 235967.506  407 3199 236033.624 232560.882  1.47%   474 61451s
 209660 11378 235700.225  141 3474 236033.624 232560.882  1.47%   476 61785s
 211461 12967 235916.306  329 3152 236033.624 232596.886  1.46%   477 62236s
 213371 14095 234813.699  234 3658 236033.624 232596.886  1.46%   479 62573s
 214681 16305 235513.349  335 3376 236033.624 232596.886  1.46%   480 62914s
 217125 18116 235739.460  523 2998 236033.624 232596.886  1.46%   479 63170s
 219230 20168 235852.309  711 2499 236033.624 232596.886  1.46%   477 63394s
 221453 22022 235984.802  899 1243 236033.624 232619.544  1.45%   475 63630s
H223299  8704                    235514.53252 232653.899  1.21%   474 63630s
 223542  7144     cutoff  317      235514.533 232676.076  1.21%   473 63867s
 224005  7458 233660.396  310 4541 235514.533 232716.801  1.19%   476 64382s
H224334  5437                    235318.00139 232716.801  1.11%   476 64382s
 224722  5859     cutoff  322      235318.001 232716.801  1.11%   477 64627s
 225784  6693 234681.303  351 4254 235318.001 232771.890  1.08%   478 64908s
 227336  7809 234319.053  264 3652 235318.001 232771.890  1.08%   478 65196s
 228809  9055 235240.731  440 3237 235318.001 232790.426  1.07%   478 65456s
 230354 10364 233480.744  278 4209 235318.001 232790.426  1.07%   477 65658s
 232081 11609 233490.704  281 4205 235318.001 232790.426  1.07%   476 65974s
 233996 12862 233519.024  290 4191 235318.001 232790.426  1.07%   476 66248s
 235780 14130 233536.068  295 4186 235318.001 232790.426  1.07%   476 66488s
 237757 15456 233553.835  301 4181 235318.001 232790.426  1.07%   475 66717s
 239688 16730 233693.838  320 4059 235318.001 232790.426  1.07%   474 66924s
 241699 17595 233742.069  333 4033 235318.001 232790.426  1.07%   473 67418s
H242063 17576                    235316.55020 232790.426  1.07%   473 67418s
 243187 18528 233776.436  344 4022 235316.550 232790.426  1.07%   472 67633s
 244937 19650 233808.508  355 4003 235316.550 232790.426  1.07%   472 67843s
 246790 20569 233843.250  365 3977 235316.550 232790.426  1.07%   472 68054s
 248333 21152 233871.946  371 3981 235316.550 232790.426  1.07%   472 68310s
H248808 13194                    235092.43262 232790.426  0.98%   473 68310s
 249537 13615 233911.516  381 3977 235092.433 232790.426  0.98%   473 68529s
 251091 14383 234002.906  404 3946 235092.433 232790.426  0.98%   474 68765s
 252784 15430 234111.056  430 3930 235092.433 232790.426  0.98%   474 69042s
 255000 16618 234517.478  539 3808 235092.433 232790.426  0.98%   474 69239s
 256928 17215 234573.017  560 3802 235092.433 232790.426  0.98%   473 69430s
 258335 17847 234604.587  573 3794 235092.433 232790.426  0.98%   473 69663s
 259912 18740 234634.907  591 3666 235092.433 232790.426  0.98%   472 69886s
 261424 19270 234663.748  603 3645 235092.433 232790.426  0.98%   472 70112s
 262694 20117 234722.327  628 3584 235092.433 232790.426  0.98%   472 70326s
 264624 21053 234752.362  639 3577 235092.433 232790.426  0.98%   472 70540s
 266727 21911     cutoff  719      235092.433 232790.426  0.98%   470 70753s
 268677 22857     cutoff  814      235092.433 232790.426  0.98%   470 70934s
 270614 23892     cutoff  909      235092.433 233151.351  0.83%   469 71151s
 272311 25303 234166.516  407 3919 235092.433 233151.351  0.83%   468 71336s
 274364 26693 234763.358  595 3582 235092.433 233151.351  0.83%   467 71596s
 276780 27668 235015.589  779 3342 235092.433 233171.499  0.82%   466 71774s
 278493 28420 234839.373  542 3787 235092.433 233179.499  0.81%   465 71988s
 280057 29361 234343.556  517 4045 235092.433 233179.499  0.81%   465 72179s
 281691 29956 234984.167  705 3569 235092.433 233192.767  0.81%   464 72389s
 283265 30342 234186.068  520 4030 235092.433 233248.559  0.78%   464 72571s
 285114 30855 234724.369  681 3643 235092.433 233248.559  0.78%   463 72771s
 286706 31666 234996.079  869 3359 235092.433 233262.106  0.78%   463 72941s
 288522 32909 234935.268  621 3694 235092.433 233275.459  0.77%   461 73114s
 290746 34326 233636.610  621 4105 235092.433 233284.052  0.77%   460 73262s
 292939 35756 234134.172  809 3770 235092.433 233284.052  0.77%   458 73404s
 295111 37253 234533.964  997 3537 235092.433 233284.052  0.77%   456 73606s
 297916 38216 234671.484 1185 3016 235092.433 233284.052  0.77%   453 73733s
 299401 39375 234766.090 1372 1977 235092.433 233284.052  0.77%   453 73859s
 301097 40222 234883.014 1549  511 235092.433 233284.052  0.77%   451 74001s
H301715 29481                    234978.67385 233284.052  0.72%   451 74001s
 302650 30018 234925.679 1724  232 234978.674 233363.946  0.69%   450 74133s
 304153 30707 234544.127  522 3998 234978.674 233376.556  0.68%   450 74296s
 305547 31429 234826.021  533 3727 234978.674 233391.192  0.68%   449 74457s
 306888 32022 233547.723  257 4143 234978.674 233394.382  0.67%   449 74605s
 308090 32836 234553.066  305 3818 234978.674 233394.382  0.67%   448 74749s
 309665 33566 234963.638  407 3732 234978.674 233409.917  0.67%   447 74903s
 310922 34418 233930.689  242 4064 234978.674 233421.133  0.66%   447 75053s
 312471 35605 234485.510  370 3784 234978.674 233421.133  0.66%   447 75237s
 314294 36888 234772.061  500 3668 234978.674 233433.442  0.66%   445 75376s
 316039 38628 233952.857  586 3999 234978.674 233433.442  0.66%   444 75617s
 318418 39751 234557.466  757 3575 234978.674 233433.442  0.66%   444 75780s
 319974 40894 234637.057  796 3546 234978.674 233433.442  0.66%   443 75943s
 321629 42027     cutoff  828      234978.674 233433.442  0.66%   443 76106s
 323328 42772 234799.154  954 3283 234978.674 233433.442  0.66%   443 76272s
 324821 43549     cutoff 1025      234978.674 233433.442  0.66%   443 76427s
 326515 44195     cutoff 1153      234978.674 233452.731  0.65%   442 76594s
 327981 44707 234654.946  610 4015 234978.674 233454.982  0.65%   442 76781s
 329285 45466 234975.734  407 4109 234978.674 233463.878  0.64%   442 76974s
 331223 46266 234819.836  719 3634 234978.674 233474.023  0.64%   442 77151s
 333051 47011 234481.665  551 3804 234978.674 233480.859  0.64%   441 77319s
 334947 47812     cutoff  702      234978.674 233482.210  0.64%   440 77481s
 336982 48967 234783.282  625 3843 234978.674 233495.209  0.63%   439 77737s
 339648 49650 234723.211  370 4258 234978.674 233500.910  0.63%   438 77897s
 341113 50819 233671.600  600 3948 234978.674 233500.910  0.63%   437 78041s
 343420 51675 234497.767  788 3589 234978.674 233500.910  0.63%   436 78208s
 345089 52443 234685.489  930 3424 234978.674 233500.910  0.63%   435 78359s
 346420 53195 234799.714 1118 2893 234978.674 233500.910  0.63%   435 78504s
 347817 54328 234939.741 1306 1515 234978.674 233501.208  0.63%   435 78697s
 349667 55298 233539.389  231 4053 234978.674 233522.235  0.62%   434 78863s
 351175 56178 233560.606  234 4043 234978.674 233522.235  0.62%   433 79030s
 352633 56666 233597.067  239 4012 234978.674 233522.235  0.62%   433 79213s
 353718 57255 233694.651  261 4021 234978.674 233522.235  0.62%   434 79393s
 354989 58284 233705.905  264 4017 234978.674 233522.235  0.62%   434 79613s
 356916 59336 233728.707  270 3922 234978.674 233522.235  0.62%   433 79788s
 359022 60324 233767.280  281 4001 234978.674 233522.235  0.62%   432 80019s
 361664 60686 233853.219  300 3977 234978.674 233522.235  0.62%   431 80943s
H362045 59992                    234972.83500 233522.235  0.62%   431 80943s
 362698 60950 233894.134  311 3902 234972.835 233522.235  0.62%   431 81135s
 364951 61891 233955.278  324 3886 234972.835 233522.235  0.62%   430 81283s
 366981 62559 234013.578  338 3865 234972.835 233522.235  0.62%   429 81449s
 368842 63315 234074.519  352 3833 234972.835 233522.235  0.62%   428 81611s
 370681 64232 234100.109  357 3829 234972.835 233522.235  0.62%   427 81757s
 372253 65200 234191.576  375 3814 234972.835 233522.235  0.62%   426 81916s
 373982 66029 234482.669  400 3774 234972.835 233522.235  0.62%   426 82087s
 375753 67048 234470.500  431 3690 234972.835 233522.235  0.62%   425 82252s
 377622 68153 234631.439  505 3692 234972.835 233522.235  0.62%   424 82398s
 379811 69340 234638.055  507 3689 234972.835 233522.235  0.62%   423 82598s
 382608 70253 234827.268  585 3552 234972.835 233522.235  0.62%   422 82731s
 384591 71385 234919.290  615 3541 234972.835 233584.653  0.59%   420 82868s
 386502 72411 233805.238  303 4027 234972.835 233651.849  0.56%   419 82988s
 388002 73306 234295.181  397 3750 234972.835 233651.849  0.56%   419 83114s
 389460 74127 234597.267  499 3623 234972.835 233651.849  0.56%   418 83242s
 390903 74837 234823.258  590 3545 234972.835 233651.849  0.56%   417 83368s
 392360 75591 234970.361  672 3326 234972.835 233657.616  0.56%   417 83506s
 394073 76163 234662.268  348 4273 234972.835 233666.184  0.56%   416 83649s
 395343 76731 234776.077  418 4108 234972.835 233666.715  0.56%   416 83799s
 396530 77443 234936.928  411 4183 234972.835 233669.903  0.55%   416 83945s
 397948 77992 234845.456  808 3560 234972.835 233680.560  0.55%   416 84093s
 399239 78593 234913.514  419 4283 234972.835 233681.853  0.55%   416 84246s
 400611 79420 234788.738  628 3656 234972.835 233695.808  0.54%   416 84499s
 403064 80438 234876.263  804 3657 234972.835 233698.315  0.54%   415 84661s
 405201 81242 234331.050  492 3711 234972.835 233698.315  0.54%   414 84805s
 406946 81767 234706.956  649 3574 234972.835 233698.315  0.54%   414 84977s
 408207 82539 234930.808  778 3429 234972.835 233706.091  0.54%   414 85128s
 410141 83517 234919.307  517 4017 234972.835 233711.108  0.54%   413 85268s
 411821 84579 234956.292  515 4035 234972.835 233720.785  0.53%   413 85421s
 413619 85714 234771.819  423 3686 234972.835 233725.894  0.53%   412 85577s
 415616 86812 234481.957  661 3643 234972.835 233727.700  0.53%   411 85731s
 417273 87936 234769.525  815 3401 234972.835 233729.943  0.53%   411 85888s
 419194 88909 234760.367  333 4277 234972.835 233735.585  0.53%   410 86031s
 420980 89613 234830.363  471 3608 234972.835 233740.101  0.52%   409 86188s
 422600 90418 234055.125  254 4393 234972.835 233746.514  0.52%   409 86435s
 424893 91083 234183.533  287 4324 234972.835 233751.744  0.52%   409 86604s
 426701 91969     cutoff  199      234972.835 233751.830  0.52%   408 86766s
 428618 92695 234893.138  421 4113 234972.835 233751.910  0.52%   408 86929s
 430243 93206 234513.048  362 3733 234972.835 233756.992  0.52%   408 87120s
 431347 93709 234158.635  608 3888 234972.835 233761.666  0.52%   408 87296s
 432967 94524 234618.568  364 4285 234972.835 233765.224  0.51%   408 87461s
 434765 95265 234690.494  376 4188 234972.835 233765.742  0.51%   407 87633s
 436350 96023 234932.514  441 4090 234972.835 233768.735  0.51%   407 87805s
 438192 96808     cutoff  429      234972.835 233772.562  0.51%   407 87975s
 439925 97608 234572.028  440 4229 234972.835 233779.442  0.51%   407 88124s
 442203 98628 234295.892  628 3692 234972.835 233779.442  0.51%   406 88271s
 444343 99805 234965.757  804 3237 234972.835 233790.421  0.50%   405 88498s
 446754 100736 233936.400  633 3969 234972.835 233790.421  0.50%   405 88678s
 448651 101607 234117.770  663 3713 234972.835 233790.421  0.50%   404 88840s
 450464 102554 234281.728  686 3671 234972.835 233790.421  0.50%   404 88993s
 452200 103275 234446.562  726 3641 234972.835 233790.421  0.50%   404 89212s
 453598 103944 234525.504  767 3527 234972.835 233790.421  0.50%   404 89384s
 455294 104455 234563.625  788 3497 234972.835 233790.421  0.50%   403 89557s
 457153 105227 234647.633  851 3421 234972.835 233790.421  0.50%   403 89707s
 459104 106157 234681.902  872 3364 234972.835 233790.421  0.50%   403 89850s
 460942 107359 234723.062  904 3407 234972.835 233790.421  0.50%   402 90008s
 463026 108341     cutoff  983      234972.835 233790.421  0.50%   401 90177s
 464726 109028     cutoff 1077      234972.835 233790.421  0.50%   401 90314s
 466052 109938     cutoff 1171      234972.835 233792.850  0.50%   401 90515s
 468266 110720 234926.970  562 4071 234972.835 233837.469  0.48%   401 90682s

Cutting planes:
  Learned: 1211
  Gomory: 606
  Cover: 582
  Clique: 2
  MIR: 23674
  StrongCG: 1
  Flow cover: 6016
  RLT: 661
  Relax-and-lift: 319

Explored 469893 nodes (188408753 simplex iterations) in 90683.75 seconds
Thread count was 32 (of 32 available processors)

Solution count 10: 234973 235092 235317 ... 237448

Optimal solution found (tolerance 5.00e-03)
Best objective 2.349728350043e+05, best bound 2.338374692215e+05, gap 0.4832%

