Solver command line: ['/opt/gurobi911/linux64/bin/gurobi.sh']

Academic license - for non-commercial use only - expires 2021-03-30
Using license file /home/cie/gurobi.lic
Read LP format model from file /tmp/tmp87j5zrij.pyomo.lp
Reading time = 1.95 seconds
x1051207: 1051203 rows, 700807 columns, 2585285 nonzeros
Read MIP start from file /tmp/tmpz7bflo2o.gurobi.mst
Changed value of parameter timelimit to 50000.0
   Prev: inf  Min: 0.0  Max: inf  Default: inf
Changed value of parameter mipgap to 0.005
   Prev: 0.0001  Min: 0.0  Max: inf  Default: 0.0001
Gurobi Optimizer version 9.1.1 build v9.1.1rc0 (linux64)
Thread count: 16 physical cores, 32 logical processors, using up to 32 threads
Optimize a model with 1051203 rows, 700807 columns and 2585285 nonzeros
Model fingerprint: 0x39c574f2
Variable types: 525605 continuous, 175202 integer (0 binary)
Coefficient statistics:
  Matrix range     [1e-03, 3e+01]
  Objective range  [3e-02, 5e+04]
  Bounds range     [2e+00, 1e+03]
  RHS range        [1e+00, 4e+01]

Warning: Completing partial solution with 175200 unfixed non-continuous variables out of 175202
User MIP start produced solution with objective 274296 (1496.07s)
User MIP start produced solution with objective 274138 (1550.35s)
User MIP start produced solution with objective 266913 (2514.78s)
User MIP start produced solution with objective 266908 (2590.93s)
User MIP start produced solution with objective 266907 (3480.01s)
User MIP start produced solution with objective 266899 (4532.92s)
User MIP start produced solution with objective 266888 (5275.91s)
User MIP start produced solution with objective 266883 (8537.33s)
User MIP start produced solution with objective 266870 (9528.88s)
User MIP start produced solution with objective 266857 (11084.52s)
User MIP start produced solution with objective 266832 (12272.03s)
User MIP start produced solution with objective 266809 (13403.87s)
User MIP start produced solution with objective 266789 (14186.51s)
User MIP start produced solution with objective 266764 (15004.19s)
User MIP start produced solution with objective 266737 (15814.26s)
User MIP start produced solution with objective 266705 (16162.04s)
User MIP start produced solution with objective 266671 (17350.71s)
User MIP start produced solution with objective 266639 (19123.66s)
User MIP start produced solution with objective 266612 (20003.91s)
User MIP start produced solution with objective 266574 (21366.69s)
User MIP start produced solution with objective 266194 (22620.89s)
User MIP start produced solution with objective 266164 (22665.10s)
Loaded user MIP start with objective 266164
Processed MIP start in 22945.49 seconds

Presolve removed 13 rows and 81413 columns
Presolve time: 2.50s
Presolved: 1051190 rows, 619394 columns, 2503880 nonzeros
Variable types: 444192 continuous, 175202 integer (0 binary)

Deterministic concurrent LP optimizer: primal simplex, dual simplex, and barrier
Showing barrier log only...

Root barrier log...

Ordering time: 0.06s

Barrier statistics:
 Dense cols : 4
 AA' NZ     : 1.709e+06
 Factor NZ  : 6.657e+06 (roughly 500 MBytes of memory)
 Factor Ops : 6.693e+07 (less than 1 second per iteration)
 Threads    : 14

                  Objective                Residual
Iter       Primal          Dual         Primal    Dual     Compl     Time
   0   1.21037913e+07 -3.44818010e+09  2.12e+01 6.46e-01  9.70e+03  22951s
   1   8.20310124e+06 -1.90665699e+09  2.29e+01 5.88e+01  3.40e+03  22951s
   2   7.49594092e+06 -1.03643540e+09  2.09e+01 8.14e+00  1.72e+03  22952s
   3   3.07664867e+06 -3.48504477e+08  1.53e+00 1.49e-07  2.90e+02  22954s
   4   2.62212236e+06 -3.04033985e+07  1.16e-01 2.16e-09  2.38e+01  22955s
   5   1.60781194e+06 -4.67893109e+06  1.86e-04 1.22e-08  4.22e+00  22956s
   6   9.42051764e+05 -4.18439895e+05  2.08e-05 4.00e-09  9.14e-01  22956s
   7   5.40340357e+05 -4.35982632e+04  1.00e-05 1.47e-09  3.92e-01  22957s
   8   3.47847753e+05  1.15153101e+05  4.62e-06 3.13e-10  1.56e-01  22958s
   9   3.30151416e+05  1.54050347e+05  4.08e-06 2.33e-10  1.18e-01  22959s
  10   3.13729064e+05  1.88500928e+05  3.51e-06 1.87e-10  8.41e-02  22960s
  11   3.02005016e+05  2.02230319e+05  2.96e-06 5.78e-11  6.70e-02  22961s
  12   2.96044265e+05  2.04733313e+05  2.71e-06 8.09e-11  6.13e-02  22962s
  13   2.93981583e+05  2.05130279e+05  2.62e-06 1.60e-13  5.97e-02  22963s
  14   2.91340771e+05  2.08500644e+05  2.51e-06 3.67e-10  5.56e-02  22964s
  15   2.79645953e+05  2.09697852e+05  2.09e-06 2.96e-10  4.70e-02  22966s
  16   2.72010870e+05  2.20541384e+05  1.77e-06 1.13e-09  3.46e-02  22967s
  17   2.65308528e+05  2.24840994e+05  1.47e-06 2.91e-10  2.72e-02  22968s
  18   2.57956672e+05  2.26208105e+05  1.19e-06 1.85e-09  2.13e-02  22970s
  19   2.53801168e+05  2.27419202e+05  1.06e-06 1.05e-08  1.77e-02  22971s
  20   2.47949508e+05  2.27972309e+05  8.25e-07 1.07e-08  1.34e-02  22972s
  21   2.45648176e+05  2.28651969e+05  7.32e-07 6.73e-09  1.14e-02  22974s
  22   2.40940482e+05  2.28858333e+05  5.22e-07 7.68e-09  8.11e-03  22975s
  23   2.39488302e+05  2.30879614e+05  4.33e-07 3.28e-09  5.78e-03  22976s
  24   2.36599915e+05  2.31599153e+05  2.43e-07 1.91e-08  3.36e-03  22978s
  25   2.35742149e+05  2.31730672e+05  2.04e-07 2.60e-08  2.69e-03  22979s
  26   2.34873416e+05  2.31759132e+05  1.56e-07 2.24e-08  2.09e-03  22980s
  27   2.34346577e+05  2.31800742e+05  1.28e-07 1.75e-08  1.71e-03  22981s
  28   2.34200795e+05  2.31823769e+05  1.20e-07 2.57e-08  1.60e-03  22982s
  29   2.34173881e+05  2.31839270e+05  1.16e-07 2.36e-08  1.57e-03  22983s
  30   2.33436471e+05  2.31855306e+05  7.77e-08 2.94e-08  1.06e-03  22984s
  31   2.33049919e+05  2.31882461e+05  5.86e-08 2.71e-08  7.84e-04  22985s
  32   2.32640688e+05  2.31905131e+05  3.60e-08 3.79e-08  4.94e-04  22987s
  33   2.32369621e+05  2.31919368e+05  2.26e-08 2.66e-08  3.02e-04  22988s
  34   2.32071976e+05  2.31925841e+05  6.60e-09 4.32e-08  9.81e-05  22989s
  35   2.32063981e+05  2.31930399e+05  6.19e-09 1.71e-08  8.97e-05  22990s
  36   2.32018040e+05  2.31933823e+05  3.84e-09 2.89e-08  5.66e-05  22991s
  37   2.32014322e+05  2.31935368e+05  3.64e-09 4.49e-08  5.30e-05  22992s
  38   2.31977590e+05  2.31937155e+05  1.80e-09 6.29e-08  2.72e-05  22992s
  39   2.31973456e+05  2.31938612e+05  1.63e-09 5.06e-08  2.34e-05  22993s
  40   2.31957373e+05  2.31939236e+05  8.21e-10 3.11e-08  1.22e-05  22994s
  41   2.31943375e+05  2.31939793e+05  1.43e-10 2.20e-08  2.41e-06  22995s
  42   2.31940718e+05  2.31940167e+05  1.99e-11 1.60e-08  3.70e-07  22997s
  43   2.31940278e+05  2.31940275e+05  4.86e-11 6.55e-09  1.84e-09  22998s
  44   2.31940276e+05  2.31940276e+05  5.30e-19 7.90e-09  5.25e-14  22998s

Barrier solved model in 44 iterations and 22998.35 seconds
Optimal objective 2.31940276e+05


Root crossover log...

  437994 DPushes remaining with DInf 0.0000000e+00             22998s
       0 DPushes remaining with DInf 0.0000000e+00             22999s

   85340 PPushes remaining with PInf 0.0000000e+00             22999s
       0 PPushes remaining with PInf 0.0000000e+00             22999s

  Push phase complete: Pinf 0.0000000e+00, Dinf 9.4776619e-10  22999s


Root simplex log...

Iteration    Objective       Primal Inf.    Dual Inf.      Time
  242603    2.3194028e+05   0.000000e+00   0.000000e+00  23000s
  242603    2.3194028e+05   0.000000e+00   0.000000e+00  23000s
Concurrent spin time: 0.05s

Solved with barrier

Root relaxation: objective 2.319403e+05, 242603 iterations, 51.36 seconds
Total elapsed time = 23005.50s
Total elapsed time = 23013.80s
Total elapsed time = 23018.00s

    Nodes    |    Current Node    |     Objective Bounds      |     Work
 Expl Unexpl |  Obj  Depth IntInf | Incumbent    BestBd   Gap | It/Node Time

     0     0 231940.276    0 85310 266164.203 231940.276  12.9%     - 23019s
H    0     0                    266160.31686 231940.276  12.9%     - 23034s
     0     0 231952.860    0 86821 266160.317 231952.860  12.9%     - 23040s
     0     0 236518.076    0 95589 266160.317 236518.076  11.1%     - 23057s
     0     0 236518.076    0 95589 266160.317 236518.076  11.1%     - 23060s
     0     0 237785.064    0 98206 266160.317 237785.064  10.7%     - 23079s
     0     0 239192.684    0 83167 266160.317 239192.684  10.1%     - 23103s
     0     0 239341.220    0 79791 266160.317 239341.220  10.1%     - 23144s
     0     0 239487.583    0 77525 266160.317 239487.583  10.0%     - 23171s
     0     0 239545.041    0 69303 266160.317 239545.041  10.0%     - 23180s
     0     0 239545.415    0 69282 266160.317 239545.415  10.0%     - 23184s
     0     0 240557.532    0 81316 266160.317 240557.532  9.62%     - 23234s
     0     0 240927.176    0 75752 266160.317 240927.176  9.48%     - 23276s
     0     0 241102.246    0 71746 266160.317 241102.246  9.41%     - 23295s
     0     0 241230.984    0 70622 266160.317 241230.984  9.37%     - 23312s
     0     0 241232.969    0 63811 266160.317 241232.969  9.37%     - 23324s
     0     0 241965.956    0 71721 266160.317 241965.956  9.09%     - 23352s
H    0     0                    266157.46955 241965.956  9.09%     - 23357s
     0     0 241967.180    0 76800 266157.470 241967.180  9.09%     - 23361s
     0     0 241975.774    0 82996 266157.470 241975.774  9.09%     - 23388s
     0     0 241976.928    0 86095 266157.470 241976.928  9.09%     - 23403s
     0     0 241990.310    0 84370 266157.470 241990.310  9.08%     - 23435s
     0     0 241990.310    0 84370 266157.470 241990.310  9.08%     - 23450s
H    0     0                    266155.31485 241990.310  9.08%     - 23506s
H    0     2                    266150.39816 241990.310  9.08%     - 23526s
     0     2 241990.310    0 84370 266150.398 241990.310  9.08%     - 23526s
     1     4 243463.583    1 48055 266150.398 241990.373  9.08% 149608 23747s
     3     7 248128.011    2 47536 266150.398 243845.345  8.38% 68869 24165s
     7    14 248147.558    3 47319 266150.398 245552.044  7.74% 66309 24249s
    14    28 248886.131    4 42514 266150.398 245566.245  7.73% 38592 24480s
H   28    38                    266133.54371 245572.216  7.73% 29728 25128s
    44    52 248889.423    6 42486 266133.544 245572.469  7.73% 22248 25199s
    60    68 248889.472    6 42480 266133.544 245572.469  7.73% 17721 25203s
    76    84 248889.596    7 42487 266133.544 245572.469  7.73% 14024 25219s
    92   109 248889.538    7 42477 266133.544 245572.469  7.73% 11884 25376s
H  117   141                    266053.98964 245572.469  7.70%  9655 25403s
H  121   141                    266053.44579 245572.469  7.70%  9336 25403s
H  123   141                    266046.37828 245572.469  7.70%  9185 25403s
H  135   141                    266037.27883 245572.469  7.69%  8544 25403s
H  137   141                    266027.40487 245572.469  7.69%  8419 25403s
H  139   141                    266020.15058 245572.469  7.69%  8298 25403s
   149   173 248889.592   10 42476 266020.151 245572.469  7.69%  7741 25421s
H  181   189                    265851.18786 245572.469  7.63%  6513 25491s
H  182   189                    265839.40104 245572.469  7.62%  6478 25491s
H  183   189                    265820.08695 245572.469  7.62%  6442 25491s
   197   236 248889.592   12 42474 265820.087 245572.469  7.62%  5985 25509s
H  244   252                    265543.02625 245572.469  7.52%  4942 25660s
H  245   252                    265540.45487 245572.469  7.52%  4922 25660s
H  250   252                    265516.48909 245572.469  7.51%  4823 25660s
   260   315 248889.848   16 42485 265516.489 245572.469  7.51%  4638 25680s
   323   392 248889.682   19 42468 265516.489 245572.469  7.51%  3829 25701s
   400   483 248889.809   24 42469 265516.489 245572.469  7.51%  3165 25723s
   491   659 248889.930   30 42465 265516.489 245572.469  7.51%  2627 25751s
   667   821 248890.318   41 42461 265516.489 245572.469  7.51%  1975 25779s
   829  1051 248890.551   47 42467 265516.489 245572.469  7.51%  1621 25811s
  1059  1297 248890.642   55 42461 265516.489 245572.469  7.51%  1293 25846s
  1305  1552 248890.769   64 42455 265516.489 245572.469  7.51%  1081 25880s
  1560  1811 248891.198   83 42449 265516.489 245572.469  7.51%   923 25917s
  1819  2091 248891.829   96 42440 265516.489 245572.469  7.51%   805 25952s
  2099  2360 248892.111  110 42425 265516.489 245572.469  7.51%   711 25986s
  2368  2646 248892.950  127 42416 265516.489 245572.469  7.51%   642 26022s
  2654  2925 248893.237  144 42414 265516.489 245572.469  7.51%   582 26055s
  2933  3203 248893.479  160 42414 265516.489 245572.469  7.51%   535 26087s
  3211  3482 248893.687  179 42409 265516.489 245572.469  7.51%   498 26119s
  3284  3482 245575.992   33 67814 265516.489 245572.469  7.51%   487 26120s
  3490  3756 248893.793  192 42413 265516.489 245572.469  7.51%   467 26151s
  3764  4020 248894.121  199 42391 265516.489 245572.469  7.51%   439 26181s
  4028  4292 248894.251  203 42385 265516.489 245572.469  7.51%   417 26214s
  4300  4560 248894.526  207 42415 265516.489 245572.469  7.51%   397 26248s
  4568  4823 248894.715  221 42390 265516.489 245572.469  7.51%   382 26282s
  4831  5089 248894.805  239 42378 265516.489 245572.469  7.51%   369 26316s
  5097  5354 248895.358  256 42378 265516.489 245572.469  7.51%   357 26348s
  5362  5609 248895.818  274 42371 265516.489 245572.469  7.51%   347 26380s
  5617  5866 248896.141  293 42361 265516.489 245572.469  7.51%   337 26411s
  5874  6130 248896.569  310 42362 265516.489 245572.469  7.51%   329 26443s
  6138  6391 248896.780  329 42357 265516.489 245572.469  7.51%   321 26475s
  6399  6656 248897.656  344 42354 265516.489 245572.469  7.51%   312 26506s
  6664  6918 248897.712  359 42352 265516.489 245572.469  7.51%   304 26538s
  6926  7193 248897.948  378 42349 265516.489 245572.469  7.51%   297 26570s
  7201  7450 248898.057  397 42343 265516.489 245572.469  7.51%   289 26599s
  7458  7718 248898.778  414 42339 265516.489 245572.469  7.51%   282 26630s
  7726  7972 248898.949  426 42333 265516.489 245572.469  7.51%   276 26662s
  7980  8223 248899.104  432 42326 265516.489 245572.469  7.51%   270 26695s
  8231  8485 248899.404  439 42309 265516.489 245572.469  7.51%   265 26729s
  8493  8740 248899.482  454 42310 265516.489 245572.469  7.51%   260 26762s
  8748  8996 248899.554  473 42301 265516.489 245572.469  7.51%   255 26794s
  9004  9255 248899.589  487 42299 265516.489 245572.469  7.51%   251 26826s
  9263  9500 248899.754  505 42293 265516.489 245572.469  7.51%   246 26861s
  9508  9744 248900.210  522 42293 265516.489 245572.469  7.51%   243 26895s
  9752  9994 248900.427  538 42297 265516.489 245572.469  7.51%   239 26927s
 10002 10242 248900.438  546 42293 265516.489 245572.469  7.51%   236 26956s
H10250 10242                    265515.81270 245572.469  7.51%   232 27499s
 10251 10243 259449.512  438 84370 265515.813 245572.469  7.51%   232 28185s
H10252  9731                    265513.53431 245572.469  7.51%   232 28283s
 10253  9731 245576.472  303 94119 265513.534 245572.469  7.51%   232 28286s
 10254  9732 259439.663  361 97052 265513.534 245572.469  7.51%   232 28353s
 10255  9733 256787.559  186 103423 265513.534 245572.469  7.51%   232 28398s
 10256  9733 258177.955  482 119989 265513.534 245572.469  7.51%   232 28486s
 10257  9734 248895.077  260 89159 265513.534 245572.469  7.51%   232 28520s
 10258  9735 258177.201  470 85800 265513.534 245572.469  7.51%   232 28666s
 10259  9735 253389.247   45 86020 265513.534 245572.469  7.51%   232 28792s
 10260  9736 248915.298  638 72687 265513.534 245572.469  7.51%   232 28824s
 10261  9737 259429.465  314 71985 265513.534 245572.469  7.51%   232 28870s
 10262  9737 259445.186  407 71919 265513.534 245572.469  7.51%   232 28884s
 10263  9738 248891.229   99 71494 265513.534 245572.469  7.51%   232 28935s
 10264  9739 248891.633  112 79251 265513.534 245572.469  7.51%   232 29057s
 10265  9739 259312.869  482 75046 265513.534 245572.469  7.51%   232 29108s
 10266  9740 256584.818  149 78513 265513.534 245572.469  7.51%   232 29204s
 10267  9741 248893.999  196 73747 265513.534 245572.469  7.51%   232 29271s
 10268  9741 259311.871  417 73686 265513.534 245572.469  7.51%   232 29348s
 10269  9742 259318.571   89 73295 265513.534 245572.469  7.51%   232 29467s
 10270  9743 259297.060  100 73087 265513.534 245572.469  7.51%   232 29523s
 10271  9743 250948.151  160 72497 265513.534 245572.469  7.51%   232 29638s
 10272  9744 257916.657   77 72946 265513.534 245572.469  7.51%   232 29685s
 10273  9745 248897.741  363 72514 265513.534 245572.469  7.51%   232 29750s
 10274  9745 256834.186  691 72167 265513.534 245572.469  7.51%   232 29799s
 10275  9746 258186.681  588 71801 265513.534 245572.469  7.51%   232 29824s
 10276  9747 245576.456   14 71973 265513.534 245572.469  7.51%   232 29839s
 10277  9747 259314.754   63 71757 265513.534 245572.469  7.51%   232 29866s
 10278  9748 259124.439  232 71588 265513.534 245572.469  7.51%   232 29991s
 10279  9749 248893.004  377 75400 265513.534 245572.469  7.51%   232 30311s
 10280  9749 248894.247  319 75164 265513.534 245572.469  7.51%   231 30468s
H10280  9261                    265512.12044 245572.469  7.51%   231 30600s
 10281  9262 245576.578  116 74625 265512.120 245572.469  7.51%   231 30608s
 10282  9263 248893.762  282 74572 265512.120 245572.469  7.51%   231 30660s
 10283  9263 248894.311  420 74288 265512.120 245572.469  7.51%   231 30709s
 10284  9264 250956.650  464 74858 265512.120 245572.469  7.51%   231 30834s
 10285  9265 248896.612  310 74849 265512.120 245572.469  7.51%   231 30888s
 10286  9265 257911.622   15 74873 265512.120 245572.469  7.51%   231 30933s
H10286  8801                    265511.79923 245572.469  7.51%   231 31017s
 10287  8802 256968.706  633 99631 265511.799 245572.469  7.51%   231 31025s
H10287  8362                    265511.67155 245572.469  7.51%   231 31051s
 10288  8363 248892.294  295 99373 265511.672 245572.469  7.51%   231 31089s
 10289  8363 248892.794  364 99417 265511.672 245572.469  7.51%   231 31129s
 10290  8364 248894.443  233 99417 265511.672 245572.469  7.51%   231 31144s
H10290  7945                    265510.57651 245572.469  7.51%   231 31615s
 10292  7949 245572.469   14 99382 265510.577 245572.469  7.51%   347 35852s
 10294  7953 245572.469   15 74169 265510.577 245572.469  7.51%   356 36863s
 10298  7958 245572.469   16 73836 265510.577 245572.469  7.51%   374 37354s
 10306  7967 245572.469   17 73894 265510.577 245572.469  7.51%   398 38344s
 10321  7978 245572.469   18 73865 265510.577 245572.469  7.51%   433 39432s
H10322  7579                    265509.88668 245572.469  7.51%   433 39432s
H10323  7201                    260785.21493 245572.469  5.83%   437 39432s
 10337  7212 245572.469   19 73809 260785.215 245572.469  5.83%   469 39990s
 10353  7222 245572.469   19 73775 260785.215 245572.469  5.83%   494 50000s

Cutting planes:
  Gomory: 381
  MIR: 264705
  StrongCG: 27

Explored 10368 nodes (6050582 simplex iterations) in 50000.18 seconds
Thread count was 32 (of 32 available processors)

Solution count 10: 260785 265510 265511 ... 265820

Time limit reached
Best objective 2.607852149327e+05, best bound 2.455724690873e+05, gap 5.8334%

