Solver command line: ['/opt/gurobi951/linux64/bin/gurobi.sh']

Set parameter Username
Academic license - for non-commercial use only - expires 2022-05-23
Read LP format model from file /tmp/tmpouyt2mlg.pyomo.lp
Reading time = 0.19 seconds
x105127: 105123 rows, 70087 columns, 258131 nonzeros
Read MIP start from file /tmp/tmpfw3wb7ct.gurobi.mst
Set parameter TimeLimit to value 300000
Set parameter MIPGap to value 0.008
Gurobi Optimizer version 9.5.1 build v9.5.1rc2 (linux64)
Thread count: 16 physical cores, 32 logical processors, using up to 32 threads
Optimize a model with 105123 rows, 70087 columns and 258131 nonzeros
Model fingerprint: 0x5a3e9dcf
Variable types: 52565 continuous, 17522 integer (0 binary)
Coefficient statistics:
  Matrix range     [1e-02, 3e+01]
  Objective range  [3e-01, 5e+04]
  Bounds range     [2e+00, 1e+03]
  RHS range        [1e+00, 2e+01]

Warning: Completing partial solution with 17520 unfixed non-continuous variables out of 17522
Processing user MIP start: 0 nodes explored in subMIP, total elapsed time 5s
User MIP start produced solution with objective 740208 (8.48s)
Processing user MIP start: 0 nodes explored in subMIP, total elapsed time 10s
User MIP start produced solution with objective 219345 (11.60s)
User MIP start produced solution with objective 219336 (11.69s)
Processing user MIP start: 0 nodes explored in subMIP, total elapsed time 15s
Processing user MIP start: 0 nodes explored in subMIP, total elapsed time 20s
User MIP start produced solution with objective 213278 (22.83s)
Processing user MIP start: 0 nodes explored in subMIP, total elapsed time 25s
User MIP start produced solution with objective 213262 (26.61s)
Processing user MIP start: 6 nodes explored in subMIP, total elapsed time 30s
Processing user MIP start: 24 nodes explored in subMIP, total elapsed time 35s
Processing user MIP start: 56 nodes explored in subMIP, total elapsed time 40s
Processing user MIP start: 113 nodes explored in subMIP, total elapsed time 45s
Processing user MIP start: 155 nodes explored in subMIP, total elapsed time 50s
User MIP start produced solution with objective 213256 (53.63s)
Processing user MIP start: 285 nodes explored in subMIP, total elapsed time 55s
User MIP start produced solution with objective 213252 (55.08s)
User MIP start produced solution with objective 213239 (55.38s)
User MIP start produced solution with objective 213230 (55.72s)
User MIP start produced solution with objective 213221 (57.81s)
User MIP start produced solution with objective 213212 (59.21s)
User MIP start produced solution with objective 213203 (59.57s)
User MIP start produced solution with objective 213196 (59.91s)
Processing user MIP start: 457 nodes explored in subMIP, total elapsed time 60s
User MIP start produced solution with objective 213179 (60.21s)
User MIP start produced solution with objective 213166 (61.92s)
Loaded user MIP start with objective 213166
Processed MIP start in 61.95 seconds (239.73 work units)

Presolve removed 4 rows and 8353 columns
Presolve time: 0.20s
Presolved: 105119 rows, 61734 columns, 249777 nonzeros
Variable types: 44212 continuous, 17522 integer (0 binary)

Deterministic concurrent LP optimizer: primal and dual simplex (primal and dual model)
Showing first log only...

Root relaxation presolve removed 35040 rows and 17931 columns
Root relaxation presolved: 70079 rows, 43803 columns, 179286 nonzeros


Root simplex log...

Iteration    Objective       Primal Inf.    Dual Inf.      Time
       0    1.6348193e+06   0.000000e+00   2.414822e+05     62s
   31421    1.8010584e+05   0.000000e+00   3.144825e+04     65s
Concurrent spin time: 2.69s

Solved with dual simplex (dual model)

Root relaxation: objective 1.800991e+05, 27752 iterations, 5.75 seconds (11.29 work units)

    Nodes    |    Current Node    |     Objective Bounds      |     Work
 Expl Unexpl |  Obj  Depth IntInf | Incumbent    BestBd   Gap | It/Node Time

     0     0 180099.147    0 8622 213166.326 180099.147  15.5%     -   68s
H    0     0                    213163.92696 180099.147  15.5%     -   68s
     0     0 180112.885    0 10628 213163.927 180112.885  15.5%     -   69s
     0     0 180120.699    0 8592 213163.927 180120.699  15.5%     -   70s
     0     0 182811.314    0 11702 213163.927 182811.314  14.2%     -   73s
     0     0 184400.469    0 9398 213163.927 184400.469  13.5%     -   75s
     0     0 185075.498    0 8252 213163.927 185075.498  13.2%     -   75s
     0     0 185214.553    0 8304 213163.927 185214.553  13.1%     -   75s
     0     0 185268.896    0 8474 213163.927 185268.896  13.1%     -   76s
     0     0 185271.777    0 8481 213163.927 185271.777  13.1%     -   76s
     0     0 185273.042    0 8486 213163.927 185273.042  13.1%     -   76s
     0     0 185273.071    0 8488 213163.927 185273.071  13.1%     -   76s
     0     0 192508.845    0 7200 213163.927 192508.845  9.69%     -   82s
H    0     0                    211406.36985 192508.845  8.94%     -   84s
     0     0 192931.674    0 6212 211406.370 192931.674  8.74%     -   87s
     0     0 193092.407    0 6554 211406.370 193092.407  8.66%     -   89s
     0     0 193092.723    0 6553 211406.370 193092.723  8.66%     -   89s
     0     0 193233.480    0 5507 211406.370 193233.480  8.60%     -   94s
H    0     0                    200692.23753 193233.480  3.72%     -   95s
     0     0 193319.828    0 4992 200692.238 193319.828  3.67%     -   97s
     0     0 193341.105    0 4632 200692.238 193341.105  3.66%     -   97s
     0     0 193343.450    0 4636 200692.238 193343.450  3.66%     -   97s
     0     0 193352.493    0 4589 200692.238 193352.493  3.66%     -   98s
     0     0 193357.605    0 4615 200692.238 193357.605  3.65%     -  100s
     0     0 193361.374    0 4622 200692.238 193361.374  3.65%     -  100s
H    0     0                    200680.21264 193361.374  3.65%     -  102s
H    0     0                    200676.36294 193361.374  3.65%     -  102s
     0     0 193368.913    0 4761 200676.363 193368.913  3.64%     -  102s
     0     0 193369.090    0 4734 200676.363 193369.090  3.64%     -  102s
     0     0 193372.446    0 4734 200676.363 193372.446  3.64%     -  103s
     0     0 193372.446    0 4734 200676.363 193372.446  3.64%     -  104s
     0     2 193372.446    0 4734 200676.363 193372.446  3.64%     -  106s
     3     4 197794.369    2 2852 200676.363 194076.973  3.29%  5167  110s
H   41    48                    200668.17607 197805.670  1.43%  1021  118s
H   89    94                    200648.95740 197805.786  1.42%   529  120s
H   90    94                    200637.69361 197805.786  1.41%   524  120s
H  133   239                    200590.27440 197805.786  1.39%   388  122s
H  136   239                    200560.31962 197805.786  1.37%   381  122s
H  167   239                    200536.68696 197805.786  1.36%   316  122s
   252   549 197813.436   13 2769 200536.687 197805.786  1.36%   220  127s
H  270   549                    200285.71211 197805.786  1.24%   206  127s
H  320   549                    200285.42472 197805.786  1.24%   176  127s
H  339   549                    200262.62011 197805.786  1.23%   167  127s
   566  1375 197840.113   38 2744 200262.620 197805.786  1.23%   110  132s
H 1398  1695                    200199.54627 197805.786  1.20%  53.5  137s
H 1429  1693                    199870.39480 197805.786  1.03%  52.6  137s
  1722  2519 197895.810   88 2693 199870.395 197805.786  1.03%  46.2  140s
  3334  4079 197941.083  122 2659 199870.395 197805.786  1.03%  29.3  146s
  4751  5333 197993.475  161 2620 199870.395 197805.786  1.03%  24.0  152s
  5364  6020 198012.423  175 2606 199870.395 197805.786  1.03%  22.6  155s
  6780  7598 198052.218  205 2576 199870.395 197805.786  1.03%  20.2  161s
  8370  9105 198087.480  233 2552 199870.395 197805.786  1.03%  18.3  167s
  9143  9993 198149.222  293 2482 199870.395 197805.786  1.03%  18.0  170s
 10998 10960 197917.028   81 4734 199870.395 197805.786  1.03%  16.7  203s
 11000 10961 198035.543  165 8622 199870.395 197805.786  1.03%  16.7  217s
 11001 10962 198017.907  157 10225 199870.395 197805.786  1.03%  16.7  230s
 11003 10963 198156.247  340 7360 199870.395 197805.786  1.03%  16.7  235s
 11006 10965 198227.604  369 4687 199870.395 197805.786  1.03%  16.7  242s
 11007 10966 198738.667  772 4736 199870.395 197805.786  1.03%  16.7  248s
 11008 10967 198383.466  451 4378 199870.395 197805.786  1.03%  16.7  250s
 11010 10968 198219.805  386 4390 199870.395 197805.786  1.03%  16.6  255s
 11013 10970 198065.625  197 4397 199870.395 197805.786  1.03%  16.6  261s
 11015 10971 198471.120  624 4397 199870.395 197805.786  1.03%  16.6  267s
H11015 10424                    199870.31148 197805.786  1.03%  26.3  268s
 11022 10430 197805.786   18 6970 199870.311 197805.786  1.03%  27.1  270s
 11040 10438 198221.749   20 2626 199870.311 197805.786  1.03%  33.8  279s
 11056 10439     cutoff   21      199870.311 197974.275  0.95%  36.3  286s
H11059  9916                    199869.58645 197974.275  0.95%  36.4  286s
H11067  9418                    199869.14614 197974.535  0.95%  36.9  286s
 11133  9481 197989.665   25 2765 199869.146 197974.535  0.95%  38.7  290s
H11165  9015                    199867.38135 197974.535  0.95%  38.6  290s
H11166  8568                    199864.33668 197974.535  0.95%  38.6  290s
H11168  8143                    199862.60164 197974.535  0.94%  38.6  290s
H11174  7737                    199861.53721 197974.535  0.94%  38.6  290s
H11178  7353                    199859.50511 197974.535  0.94%  38.6  290s
H11179  6989                    199853.83974 197974.535  0.94%  38.6  290s
H11308  6797                    199789.10562 197974.535  0.91%  38.2  294s
H11323  6463                    199784.77483 197974.535  0.91%  38.2  294s
 11378  6769 198007.263   33 2757 199784.775 197974.535  0.91%  38.0  297s
 11898  6972 198020.374   38 2751 199784.775 197974.535  0.91%  36.7  300s
H12451  7001                    199772.77228 197974.535  0.90%  35.4  305s
 12945  7345 198068.497   58 2731 199772.772 197974.535  0.90%  34.7  311s
 13331  7643     cutoff   60      199772.772 197974.535  0.90%  34.2  315s
H13559  7484                    199772.55935 197974.535  0.90%  34.1  317s
 13764  7632 198078.752   64 2724 199772.559 197974.535  0.90%  33.8  320s
H14576  7932                    199771.26476 197974.535  0.90%  33.5  327s
 15130  8399 198704.465   76 2478 199771.265 197974.535  0.90%  33.0  331s
 15890  8894 198721.674   84 2470 199771.265 197974.535  0.90%  32.1  336s
H16204  8522                    199770.69682 197974.535  0.90%  31.8  336s
 16698  9215 198736.283   95 2459 199770.697 197974.535  0.90%  31.0  343s
 17129  9552 198743.227  100 2454 199770.697 197974.535  0.90%  31.1  347s
 17612  9930 198747.232  102 2452 199770.697 197974.535  0.90%  30.5  351s
H17965  9558                    199770.19843 197974.535  0.90%  30.1  351s
 18730 10443 198768.152  112 2442 199770.198 197974.535  0.90%  29.2  359s
 19297 10976 198775.302  119 2435 199770.198 197974.535  0.90%  28.9  362s
H19724 10590                    199769.38983 197974.535  0.90%  28.4  362s
 20021 11169 198792.631  128 2426 199769.390 197974.535  0.90%  28.1  366s
 20701 11657 198809.040  143 2411 199769.390 197974.535  0.90%  27.5  371s
 21415 11920 199081.994  151 2215 199769.390 197974.535  0.90%  26.9  378s
H21783 11567                    199768.71238 197974.535  0.90%  27.2  378s
 21932 12078 199082.495  152 2215 199768.712 197974.535  0.90%  27.1  384s
 22509 12467     cutoff  159      199768.712 197974.535  0.90%  26.9  390s
 23096 12936 199100.774  163 2204 199768.712 197974.535  0.90%  26.8  397s
H23369 12626                    199768.48380 197974.535  0.90%  26.6  397s
H23510 12603                    199766.77499 197974.535  0.90%  26.5  397s
 23761 13465 199130.717  173 2194 199766.775 197974.535  0.90%  26.4  404s
 24623 14226 199147.759  184 2182 199766.775 197974.535  0.90%  25.7  410s
H24656 14226                    199766.34590 197974.535  0.90%  25.7  410s
H24976 14224                    199765.49815 197974.535  0.90%  25.5  410s
 25384 14912 199163.656  192 2174 199765.498 197974.535  0.90%  25.3  417s
H26076 15578                    199764.46107 197974.535  0.90%  25.0  424s
H26188 15578                    199763.55731 197974.535  0.90%  25.1  424s
 26783 16373 199201.295  214 2152 199763.557 197974.535  0.90%  24.8  431s
 27599 17179 199215.140  224 2142 199763.557 197974.535  0.90%  24.5  438s
H27641 17178                    199761.71367 197974.535  0.89%  24.5  438s
 28405 17961 199232.934  233 2133 199761.714 197974.535  0.89%  24.2  446s
H29188 17638                    199620.51594 197974.535  0.82%  23.9  535s
H29194 17617                    199616.99760 197974.535  0.82%  23.9  535s
H29198 17615                    199616.01015 197974.535  0.82%  23.9  535s
 29204 17621 199246.463  243 2123 199616.010 197974.535  0.82%  23.9  665s
 29229 18364 199248.261  244 2122 199616.010 197974.535  0.82%  23.9  674s
 29975 18380 199263.496  255 2110 199616.010 197974.535  0.82%  23.7  678s
 29991 19199 199262.948  256 2109 199616.010 197974.535  0.82%  23.7  755s
 30826 20215 199281.909  267 2098 199616.010 197974.535  0.82%  23.4  765s
 31858 21199 199295.439  277 2089 199616.010 197974.535  0.82%  23.2  776s
 32862 22375 199319.828  289 2077 199616.010 197974.535  0.82%  23.0  788s
 34083 23575 199339.449  304 2061 199616.010 197974.535  0.82%  22.6  800s
 35317 24624     cutoff  316      199616.010 197974.535  0.82%  22.5  812s
 36403 25829 199430.755  323 2024 199616.010 197974.535  0.82%  22.9  824s
 37660 27127 199455.293  335 2012 199616.010 197974.535  0.82%  22.9  838s
 38972 28433 199486.073  345 2002 199616.010 197974.535  0.82%  22.6  852s
 40354 29744 199511.370  360 1987 199616.010 197974.535  0.82%  22.3  867s
 41741 31184 199539.766  374 1981 199616.010 197974.535  0.82%  22.2  882s
 43201 33497 199552.568  383 1966 199616.010 197974.535  0.82%  21.9 1094s
 45616 34816     cutoff  413      199616.010 197975.697  0.82%  22.3 1114s
 47009 36415 198225.548  134 2749 199616.010 197975.697  0.82%  23.6 1137s
 48698 38520 198355.183  264 2570 199616.010 197975.697  0.82%  24.3 1163s
 50843 40282 198574.951  419 2401 199616.010 197975.697  0.82%  24.6 1187s
 52622 42283 198722.869  540 2260 199616.010 197975.697  0.82%  24.7 1213s
 54703 44362 198859.859  663 2117 199616.010 197975.697  0.82%  24.6 1237s
 56796 46344 199005.848  805 1929 199616.010 197975.697  0.82%  24.3 1263s
 58818 48357 199130.516  925 1774 199616.010 197975.697  0.82%  24.3 1287s
 60854 50247 199226.018 1047 1621 199616.010 197975.697  0.82%  24.2 1309s
 62810 52349 199324.624 1212 1446 199616.010 197975.697  0.82%  24.0 1331s
 64931 55036 199416.694 1362 1282 199616.010 197975.697  0.82%  23.7 1365s
 67632 56675 199511.368 1550 1092 199616.010 197975.697  0.82%  23.4 1384s
H69073 56448                    199603.82540 197975.697  0.82%  23.3 1384s
H69082 56448                    199603.81043 197975.697  0.82%  23.3 1384s
 69307 57942 199580.883 1738  893 199603.810 197976.788  0.82%  23.4 1404s
 70899 59545     cutoff   25      199603.810 197976.788  0.82%  23.5 1424s
 72509 61221     cutoff   36      199603.810 197976.788  0.82%  23.4 1446s
 74189 62702 198233.599   61 2802 199603.810 197976.788  0.82%  23.3 1467s
 75724 64463 198271.945   87 2774 199603.810 197976.788  0.82%  23.4 1489s
 77504 66146 198317.586  112 2749 199603.810 197976.788  0.82%  23.2 1510s
 79229 67946 198352.916  133 2726 199603.810 197976.788  0.82%  23.1 1531s
 81086 69800 198962.153  141 2431 199603.810 197976.788  0.82%  23.0 1553s
 82999 71633 199020.202  179 2393 199603.810 197976.788  0.82%  23.0 1574s
 84865 73244 199077.560  213 2358 199603.810 197976.788  0.82%  22.8 1597s
 86500 75506 199105.051  230 2342 199603.810 197976.788  0.82%  22.7 1629s
 88902 77306 199165.369  267 2304 199603.810 197976.788  0.82%  23.0 1651s
 90743 79115 199192.575  287 2287 199603.810 197976.788  0.82%  23.1 1673s
 92575 81055 199476.336  304 2086 199603.810 197976.788  0.82%  23.1 1696s
 94538 82636 199513.693  325 2064 199603.810 197976.788  0.82%  22.9 1717s
 96175 84145 199536.237  340 2046 199603.810 197976.788  0.82%  23.0 1738s
 97800 85952 199571.008  357 2011 199603.810 197976.788  0.82%  23.0 1760s
 99618 87866 199582.948  366 2004 199603.810 197976.788  0.82%  23.0 1782s
 101574 89712 199599.964  376 1993 199603.810 197982.589  0.81%  22.8 1804s
 103471 91877 198208.048   89 2782 199603.810 197982.589  0.81%  22.7 1828s
 105672 94095 198337.051  226 2664 199603.810 197982.589  0.81%  22.6 1851s
 107894 96706 198480.586  347 2517 199603.810 197982.589  0.81%  22.4 1883s
 110520 98410 198723.801  535 2261 199603.810 197982.589  0.81%  22.3 1904s
 112326 100158 198896.790  664 2080 199603.810 197982.589  0.81%  22.4 1926s
 114121 101695 199054.445  796 1923 199603.810 197982.589  0.81%  22.5 1947s
 115748 103407 199164.834  936 1746 199603.810 197982.589  0.81%  22.7 1969s
 117485 105250 199247.290 1051 1614 199603.810 197982.589  0.81%  22.8 1992s
 119349 107119 199326.257 1186 1476 199603.810 197982.589  0.81%  22.8 2016s
 121226 108749 199401.748 1307 1349 199603.810 197982.589  0.81%  22.7 2038s
 122939 110519 199493.431 1480 1185 199603.810 197982.589  0.81%  22.8 2062s
 124735 112393 199584.482 1638 1037 199603.810 197987.146  0.81%  22.8 2085s
 126643 114577 199025.551   33 2330 199603.810 197987.146  0.81%  22.8 2111s
 128842 116838 199083.848   85 2266 199603.810 197987.146  0.81%  22.7 2145s
 131217 118827 199130.286  129 2222 199603.810 197987.146  0.81%  22.5 2172s
 133258 120620 199177.536  179 2173 199603.810 197987.146  0.81%  22.5 2198s
 135076 122526 199210.878  217 2135 199603.810 197987.146  0.81%  22.5 2225s
 136984 124655 199239.470  248 2105 199603.810 197987.146  0.81%  22.5 2253s
 139113 126705 199264.357  272 2081 199603.810 197987.146  0.81%  22.4 2280s
 141202 128574 199292.456  297 2055 199603.810 197987.146  0.81%  22.3 2306s
 143153 130527 199307.937  309 2043 199603.810 197987.146  0.81%  22.4 2332s
 145154 130546 199328.856  328 2026 199603.810 197987.146  0.81%  22.4 2394s
H145168 130538                    199603.75734 197987.146  0.81%  22.4 2394s
H145173 130289                    199602.50265 197987.146  0.81%  22.4 2394s
H145175 129656                    199598.71644 197987.146  0.81%  22.4 2394s
 145179 130999 199329.851  328 2024 199598.716 197987.146  0.81%  22.4 2418s
 146573 133146 199342.393  339 2012 199598.716 197987.146  0.81%  22.4 2445s
 148722 135418 199359.087  354 1998 199598.716 197987.146  0.81%  22.4 2473s
 150996 137694 199389.801  382 1967 199598.716 197987.146  0.81%  22.3 2506s
 153316 139743 199404.717  397 1950 199598.716 197987.146  0.81%  22.3 2533s
 155410 141719 199420.734  409 1935 199598.716 197987.146  0.81%  22.3 2559s
 157413 143669 199435.421  423 1925 199598.716 197987.146  0.81%  22.3 2585s
 159368 145800 199443.594  430 1918 199598.716 197987.146  0.81%  22.3 2611s
 161503 147635 199451.980  439 1908 199598.716 197987.146  0.81%  22.2 2637s
 163406 149699 199460.038  446 1898 199598.716 197987.146  0.81%  22.2 2663s
 165474 151537 199469.550  454 1890 199598.716 197987.146  0.81%  22.2 2687s
 167336 153469 199490.634  470 1874 199598.716 197987.146  0.81%  22.1 2712s
 169297 155456 199500.678  478 1858 199598.716 197987.146  0.81%  22.1 2737s
 171294 157216 199512.354  489 1847 199598.716 197987.146  0.81%  22.2 2762s
 173125 159239 199527.980  504 1832 199598.716 197987.146  0.81%  22.2 2794s
 175191 161334 199535.335  509 1834 199598.716 197987.146  0.81%  22.3 2824s
 177343 161549 199553.992  519 1827 199598.716 197987.146  0.81%  22.3 3017s
 177558 164001 199572.691  536 1805 199598.716 197987.146  0.81%  22.3 3052s
 180044 166197 199583.935  539 1803 199598.716 197987.146  0.81%  22.3 3081s
 182334 168306     cutoff  554      199598.716 197990.888  0.81%  22.3 3109s
 184474 170894 198240.311  119 2755 199598.716 197990.888  0.81%  22.4 3139s
 187067 173327 198463.368  307 2559 199598.716 197990.888  0.81%  22.3 3167s
 189555 174630 198669.562  460 2355 199598.716 197990.888  0.81%  22.2 3184s
 190915 176898 198770.302  538 2240 199598.716 197990.888  0.81%  22.2 3212s
 193328 179340 199015.743  725 1990 199598.716 197990.888  0.81%  22.2 3240s
 195771 181899 199205.719  903 1799 199598.716 197990.888  0.81%  22.1 3274s
 198331 183972 199364.360 1091 1573 199598.716 197990.888  0.81%  22.1 3298s
 200405 185959 199487.471 1226 1424 199598.716 197990.888  0.81%  22.0 3323s
 202412 187858 199586.318 1359 1302 199598.716 197991.695  0.81%  22.0 3349s
 204373 189891 199536.935   24 2456 199598.716 197991.795  0.81%  22.0 3375s
 206425 192068 198170.260   33 2842 199598.716 197991.795  0.81%  22.0 3402s
 208606 194349 198176.091   39 2831 199598.716 197991.795  0.81%  22.1 3429s
 210914 196375 198225.276   76 2792 199598.716 197991.795  0.81%  22.0 3455s
 213091 198207 198291.435  121 2746 199598.716 197991.795  0.81%  22.0 3479s
 214984 200119 198363.697  170 2696 199598.716 197991.795  0.81%  22.0 3505s
 216956 202543 198412.365  214 2650 199598.716 197991.795  0.81%  22.0 3539s
 219380 204549 198504.748  285 2578 199598.716 197991.795  0.81%  22.0 3566s
 221390 206532 198568.215  336 2524 199598.716 197991.795  0.81%  22.0 3594s
 223378 208444 198633.403  402 2459 199598.716 197991.795  0.81%  22.0 3622s
 225323 210338 198678.283  444 2395 199598.716 197991.795  0.81%  22.0 3650s
 227249 212361 198724.853  488 2340 199598.716 197991.795  0.81%  22.1 3679s
 229274 214167 198782.018  538 2286 199598.716 197991.795  0.81%  22.1 3707s
 231123 216041 198846.349  591 2227 199598.716 197991.795  0.81%  22.1 3735s
 233039 218081 198901.857  644 2158 199598.716 197991.795  0.81%  22.1 3764s
 235104 220240 198962.574  699 2098 199598.716 197991.795  0.81%  22.2 3793s
 237275 222459 199015.199  755 2040 199598.716 197991.795  0.81%  22.1 3819s
 239515 224571 199076.653  807 1973 199598.716 197991.795  0.81%  22.1 3852s
 241633 226778 199170.044  881 1893 199598.716 197991.795  0.81%  22.2 3882s
 243873 228843 199254.629  958 1798 199598.716 197991.795  0.81%  22.2 3910s
 245978 230593 199311.409 1024 1723 199598.716 197991.795  0.81%  22.1 3937s
 247780 232689 199349.407 1074 1666 199598.716 197991.795  0.81%  22.3 3964s
 249890 234834 199396.458 1130 1614 199598.716 197991.795  0.81%  22.3 3992s
 252071 236879 199440.813 1188 1555 199598.716 197991.795  0.81%  22.3 4020s
 254149 238747 199476.202 1244 1491 199598.716 197991.795  0.81%  22.3 4047s
 256128 240768 199520.618 1299 1432 199598.716 197991.795  0.81%  22.3 4074s
 258209 242969 199553.439 1359 1353 199598.716 197991.795  0.81%  22.3 4100s
 260436 245278     cutoff 1417      199598.716 197992.168  0.80%  22.2 4133s
 262787 247084 198295.980  199 2698 199598.716 197992.168  0.80%  22.3 4159s
 264633 249173 198467.339  387 2561 199598.716 197992.168  0.80%  22.3 4186s
 266736 251295 198675.919  563 2438 199598.716 197992.168  0.80%  22.4 4214s
 268877 253102 198891.248  751 2297 199598.716 197992.168  0.80%  22.4 4239s
 270769 255133 199110.434  918 2183 199598.716 197992.168  0.80%  22.4 4266s
 272804 257084 199375.437 1083 2091 199598.716 197992.168  0.80%  22.4 4294s
 274780 258705 199548.409 1217 2052 199598.716 197992.443  0.80%  22.4 4321s
 276487 260424 198164.885   27 2842 199598.716 197992.443  0.80%  22.4 4348s
 278263 262316 198308.661  184 2690 199598.716 197992.443  0.80%  22.5 4378s
 280176 264145 199326.208  289 2078 199598.716 197992.443  0.80%  22.5 4407s
 282009 265865 199557.359  477 1872 199598.716 197993.564  0.80%  22.5 4437s
 283782 267999 198241.671  117 2758 199598.716 197993.564  0.80%  22.6 4471s
 285932 270206 198477.905  305 2565 199598.716 197993.564  0.80%  22.8 4506s
 288166 272364 198738.823  493 2310 199598.716 197993.564  0.80%  22.8 4541s
 290327 274475 198983.908  680 2058 199598.716 197993.564  0.80%  22.8 4575s
 292468 276591 199185.569  868 1798 199598.716 197993.564  0.80%  22.8 4608s
 294595 278819 199375.411 1017 1533 199598.716 197993.564  0.80%  22.8 4641s
 296834 280962 199532.726 1204 1348 199598.716 197994.405  0.80%  22.8 4671s
 299054 283170 198215.723  110 2773 199598.716 197994.405  0.80%  22.8 4700s
 301272 285425 198447.472  298 2554 199598.716 197994.405  0.80%  22.8 4731s
 303546 287193 198696.366  483 2324 199598.716 197994.405  0.80%  22.8 4762s
 305364 289544 198900.432  656 2093 199598.716 197994.405  0.80%  22.9 4797s
 307715 291740 199132.444  844 1838 199598.716 197994.405  0.80%  22.9 4830s
 309917 293892 199270.512 1032 1632 199598.716 197994.405  0.80%  23.0 4862s
 312071 296134 199397.601 1220 1433 199598.716 197994.405  0.80%  23.0 4894s
 314357 298494 199507.993 1408 1211 199598.716 197994.405  0.80%  23.0 4925s
 316732 300464 199593.813 1596 1026 199598.716 197994.447  0.80%  22.9 4954s
 318779 302723 199039.233   48 2320 199598.716 197994.447  0.80%  22.9 4984s
 321038 304942 199246.802  210 2152 199598.716 197994.447  0.80%  22.9 5012s
 323280 307134 199444.316  394 1940 199598.716 197994.654  0.80%  22.9 5039s
 325504 309321 198171.833   34 2837 199598.716 197994.654  0.80%  22.8 5072s
 327693 311460 198335.127  222 2671 199598.716 197994.654  0.80%  22.9 5102s
 329835 313502 198522.140  384 2501 199598.716 197994.654  0.80%  22.8 5132s
 331935 315651 198694.293  520 2335 199598.716 197994.654  0.80%  22.8 5162s
 334124 317981 198911.932  683 2068 199598.716 197994.654  0.80%  22.8 5189s
 336471 320451 199103.262  869 1816 199598.716 197994.654  0.80%  22.8 5217s
 338946 322837 199258.396 1039 1631 199598.716 197994.654  0.80%  22.7 5244s
 341332 325024 199373.451 1208 1451 199598.716 197994.654  0.80%  22.6 5270s
 343519 326926 199470.778 1396 1266 199598.716 197994.654  0.80%  22.6 5295s
 345470 328843 199564.993 1584 1062 199598.716 197994.761  0.80%  22.6 5319s
 347446 330860 198190.981   63 2807 199598.716 197994.761  0.80%  22.6 5351s
 349486 332978 198370.758  251 2630 199598.716 197994.761  0.80%  22.6 5381s
 351608 334914 198598.181  439 2403 199598.716 197994.761  0.80%  22.6 5410s
 353593 336973     cutoff  563      199598.716 197994.813  0.80%  22.6 5440s
 355725 339177 198263.745  172 2720 199598.716 197994.813  0.80%  22.6 5470s
 357929 341280 198494.607  360 2510 199598.716 197994.813  0.80%  22.6 5498s
 360040 343410 198710.174  522 2298 199598.716 197994.813  0.80%  22.6 5528s
 362212 345435 198969.852  703 2048 199598.716 197994.813  0.80%  22.7 5558s
 364252 347689 199144.662  877 1799 199598.716 197994.813  0.80%  22.7 5587s
 366519 349595 199273.939 1065 1595 199598.716 197994.813  0.80%  22.6 5614s
 368488 351400 199397.959 1253 1386 199598.716 197994.813  0.80%  22.6 5645s
 370316 353549 199534.663 1441 1202 199598.716 197994.988  0.80%  22.7 5678s
 372498 355791 198207.591   72 2801 199598.716 197994.988  0.80%  22.8 5711s
 374758 357878 199240.792  212 2150 199598.716 197994.988  0.80%  22.8 5742s
 376885 359845 199475.121  399 1956 199598.716 197995.153  0.80%  22.8 5774s
 378937 361952 198189.388   51 2819 199598.716 197995.153  0.80%  22.8 5804s
 381050 363390 198366.514  238 2653 199598.716 197995.153  0.80%  22.8 5828s
 382494 365650 198489.772  338 2533 199598.716 197995.153  0.80%  22.8 5861s
 384760 367860 198732.980  526 2282 199598.716 197995.153  0.80%  22.8 5893s
 386973 369882 199013.533  714 1979 199598.716 197995.153  0.80%  22.8 5923s
 389109 371922 199225.646  901 1765 199598.716 197995.153  0.80%  22.8 5955s
 391185 373958 199410.943 1089 1566 199598.716 197995.153  0.80%  22.7 5986s
 393250 376084 199560.399 1277 1358 199598.716 197995.525  0.80%  22.8 6017s
 395411 378166 198193.236   51 2815 199598.716 197995.525  0.80%  22.8 6047s
 397501 380387 198245.315  119 2758 199598.716 197995.525  0.80%  22.8 6079s
 399746 382440 198307.976  176 2699 199598.716 197995.525  0.80%  22.7 6109s
 401830 384583 198343.548  205 2670 199598.716 197995.525  0.80%  22.7 6140s
 403977 386808 198381.132  235 2632 199598.716 197995.525  0.80%  22.7 6170s
 406205 388813 198406.377  258 2609 199598.716 197995.525  0.80%  22.7 6199s
 408226 391061 198437.733  288 2578 199598.716 197995.525  0.80%  22.7 6228s
 410531 393380 198462.230  317 2556 199598.716 197995.525  0.80%  22.7 6260s
 412850 395235 198482.749  334 2539 199598.716 197995.525  0.80%  22.6 6286s
 414728 397197 198491.427  339 2523 199598.716 197995.525  0.80%  22.6 6315s
 416717 399118 198507.165  349 2508 199598.716 197995.525  0.80%  22.6 6343s
 418673 401004 198518.315  363 2494 199598.716 197995.525  0.80%  22.6 6371s
 420571 403172 198529.537  371 2486 199598.716 197995.525  0.80%  22.6 6401s
 422742 405176 198549.032  388 2470 199598.716 197995.525  0.80%  22.6 6429s
 424766 407154 198561.720  399 2450 199598.716 197995.525  0.80%  22.6 6457s
 426750 409323 198572.295  407 2441 199598.716 197995.525  0.80%  22.6 6486s
 428927 411199 198584.234  416 2426 199598.716 197995.525  0.80%  22.6 6513s
 430901 413128 198593.085  421 2418 199598.716 197995.525  0.80%  22.6 6540s
 432882 415140 198603.624  429 2410 199598.716 197995.525  0.80%  22.6 6573s
 434939 417221 198615.224  438 2401 199598.716 197995.525  0.80%  22.6 6604s
 437048 419198 198627.267  445 2383 199598.716 197995.525  0.80%  22.6 6636s
 439120 421212 198638.169  453 2375 199598.716 197995.525  0.80%  22.5 6666s
 441224 423275 198645.218  459 2377 199598.716 197995.525  0.80%  22.5 6696s
 443369 425375 198653.982  466 2371 199598.716 197995.525  0.80%  22.5 6725s
 445501 427726 198671.472  479 2357 199598.716 197995.525  0.80%  22.5 6755s
 447859 429880 198686.318  496 2340 199598.716 197995.525  0.80%  22.5 6785s
 450061 432115 198700.689  507 2320 199598.716 197995.525  0.80%  22.5 6814s
 452342 434504 198720.231  529 2296 199598.716 197995.525  0.80%  22.5 6844s
 454768 436650 198730.544  538 2294 199598.716 197995.525  0.80%  22.5 6876s
 456972 438664 198741.686  547 2286 199598.716 197995.525  0.80%  22.5 6906s
 459066 440712 198749.155  552 2273 199598.716 197995.525  0.80%  22.5 6935s
 461177 442859 198758.068  560 2260 199598.716 197995.525  0.80%  22.5 6965s
 463336 444913 198764.577  566 2259 199598.716 197995.525  0.80%  22.4 6994s
 465410 447019 198774.759  575 2258 199598.716 197995.525  0.80%  22.4 7022s
 467518 449143 198780.962  581 2245 199598.716 197995.525  0.80%  22.4 7050s
 469655 451051 198789.484  585 2237 199598.716 197995.525  0.80%  22.4 7078s
 471632 452903 198795.286  592 2222 199598.716 197995.525  0.80%  22.4 7106s
 473571 454608 198804.973  599 2215 199598.716 197995.525  0.80%  22.4 7134s
 475407 456779 198811.876  603 2211 199598.716 197995.525  0.80%  22.4 7166s
 477648 458692 198818.611  611 2214 199598.716 197995.525  0.80%  22.4 7193s
 479620 460854 198834.312  619 2222 199598.716 197995.525  0.80%  22.4 7221s
 481787 463056 198835.684  623 2191 199598.716 197995.525  0.80%  22.4 7249s
 483990 465255 198859.231  650 2157 199598.716 197995.525  0.80%  22.4 7275s
 486196 467349 198864.052  652 2155 199598.716 197995.525  0.80%  22.3 7301s
 488402 469299 198866.829  655 2152 199598.716 197995.525  0.80%  22.3 7327s
 490386 471460 198869.798  658 2149 199598.716 197995.525  0.80%  22.3 7353s
 492581 473520 198873.230  661 2146 199598.716 197995.525  0.80%  22.3 7379s
 494725 475359 198876.434  662 2145 199598.716 197995.525  0.80%  22.3 7403s
 496626 477479 198874.902  663 2144 199598.716 197995.525  0.80%  22.3 7433s
 498770 479498 198885.016  672 2132 199598.716 197995.525  0.80%  22.3 7460s
 500855 481465 198904.489  695 2111 199598.716 197995.525  0.80%  22.3 7485s
 502886 483218 198915.712  709 2093 199598.716 197995.525  0.80%  22.3 7511s
 504730 485098 198919.915  712 2087 199598.716 197995.525  0.80%  22.4 7539s
 506700 487133 198928.449  720 2072 199598.716 197995.525  0.80%  22.4 7566s
 508750 489316 198939.602  728 2062 199598.716 197995.525  0.80%  22.4 7594s
 510949 491467 198942.329  734 2058 199598.716 197995.525  0.80%  22.4 7622s
 513101 493528 198948.792  740 2050 199598.716 197995.525  0.80%  22.4 7650s
 515211 495478 198962.707  760 2031 199598.716 197995.525  0.80%  22.4 7676s
 517229 497588 198965.303  763 2028 199598.716 197995.525  0.80%  22.4 7707s
 519360 499553 198977.866  778 2013 199598.716 197995.525  0.80%  22.4 7735s
 521337 501510 198982.490  785 2005 199598.716 197995.525  0.80%  22.4 7763s
 523340 503460 198996.128  795 1995 199598.716 197995.525  0.80%  22.4 7790s
 525384 505302 199006.617  804 1985 199598.716 197995.525  0.80%  22.4 7815s
 527337 507526 199017.547  815 1971 199598.716 197995.525  0.80%  22.5 7843s
 529571 509786 199026.022  822 1964 199598.716 197995.525  0.80%  22.5 7872s
 531831 512080 199031.057  826 1953 199598.716 197995.525  0.80%  22.4 7899s
 534139 514094 199037.564  831 1943 199598.716 197995.525  0.80%  22.4 7925s
 536220 516064 199046.405  838 1935 199598.716 197995.525  0.80%  22.4 7952s
 538205 518272 199052.905  843 1930 199598.716 197995.525  0.80%  22.4 7984s
 540442 520071 199056.967  846 1939 199598.716 197995.525  0.80%  22.4 8011s
 542280 522222 199068.238  855 1922 199598.716 197995.525  0.80%  22.4 8040s
 544438 524227 199076.876  861 1916 199598.716 197995.525  0.80%  22.4 8067s
 546461 526369 199086.187  867 1920 199598.716 197995.525  0.80%  22.4 8094s
 548629 528620 199086.953  869 1896 199598.716 197995.525  0.80%  22.4 8120s
 550894 530871 199094.991  876 1901 199598.716 197995.525  0.80%  22.3 8144s
 553151 532994 199104.963  884 1886 199598.716 197995.525  0.80%  22.3 8168s
 555326 535075 199112.474  891 1880 199598.716 197995.525  0.80%  22.3 8193s
 557464 536907 199122.142  900 1871 199598.716 197995.525  0.80%  22.3 8217s
 559361 538950 199131.124  913 1869 199598.716 197995.525  0.80%  22.3 8248s
 561496 541018 199141.141  924 1847 199598.716 197995.525  0.80%  22.3 8276s
 563643 543035 199151.055  937 1826 199598.716 197995.525  0.80%  22.3 8303s
 565676 545323 199160.750  947 1803 199598.716 197995.525  0.80%  22.3 8332s
 567969 547471 199175.817  973 1775 199598.716 197995.525  0.80%  22.2 8358s
 570119 549502 199183.089  975 1780 199598.716 197995.525  0.80%  22.2 8385s
 572170 551388 199187.740  985 1757 199598.716 197995.525  0.80%  22.2 8411s
 574073 553370 199198.852 1001 1744 199598.716 197995.525  0.80%  22.2 8437s
 576061 555436 199204.333 1010 1732 199598.716 197995.525  0.80%  22.2 8463s
 578179 557515 199216.758 1024 1721 199598.716 197995.525  0.80%  22.2 8489s
 580277 559336 199223.260 1033 1712 199598.716 197995.525  0.80%  22.2 8517s
 582210 560564 199227.932 1035 1710 199598.716 197995.525  0.80%  22.3 8536s
 583513 563111 199235.224 1041 1704 199598.716 197995.525  0.80%  22.3 8570s
 586116 565443 199242.528 1052 1693 199598.716 197995.525  0.80%  22.3 8601s
 588453 567600 199250.796 1060 1677 199598.716 197995.525  0.80%  22.3 8629s
 590620 569647 199257.657 1067 1673 199598.716 197995.525  0.80%  22.3 8657s
 592707 571719 199267.386 1076 1644 199598.716 197995.525  0.80%  22.3 8685s
 594819 573998 199272.805 1083 1637 199598.716 197995.525  0.80%  22.3 8714s
 597109 575980 199280.591 1088 1633 199598.716 197995.525  0.80%  22.3 8741s
 599111 578159 199286.551 1095 1639 199598.716 197995.525  0.80%  22.3 8768s
 601294 580061 199295.379 1105 1618 199598.716 197995.525  0.80%  22.2 8798s
 603287 582077 199301.198 1115 1600 199598.716 197995.525  0.80%  22.2 8826s
 605332 584402 199305.448 1121 1603 199598.716 197995.525  0.80%  22.3 8855s
 607661 586479 199311.380 1124 1600 199598.716 197995.525  0.80%  22.2 8881s
 609745 588439 199314.537 1126 1598 199598.716 197995.525  0.80%  22.2 8908s
 611746 590243 199327.632 1142 1564 199598.716 197995.525  0.80%  22.2 8933s
 613631 592168 199334.212 1153 1553 199598.716 197995.525  0.80%  22.2 8960s
 615598 594287 199341.980 1160 1546 199598.716 197995.525  0.80%  22.2 8987s
 617722 596291 199351.425 1169 1533 199598.716 197995.525  0.80%  22.2 9013s
 619745 598463 199360.097 1179 1522 199598.716 197995.525  0.80%  22.2 9040s
 621917 600623 199363.122 1181 1519 199598.716 197995.525  0.80%  22.2 9070s
 624095 602564 199364.598 1182 1519 199598.716 197995.525  0.80%  22.2 9095s
 626078 604436 199368.987 1185 1517 199598.716 197995.525  0.80%  22.2 9120s
 628015 606128 199371.411 1188 1512 199598.716 197995.525  0.80%  22.2 9145s
 629799 608122 199375.764 1191 1509 199598.716 197995.525  0.80%  22.2 9171s
 631831 610106 199378.640 1196 1507 199598.716 197995.525  0.80%  22.2 9196s
 633847 612152 199387.865 1206 1495 199598.716 197995.525  0.80%  22.2 9223s
 635943 613865 199391.097 1208 1493 199598.716 197995.525  0.80%  22.1 9247s
 637765 615946 199392.713 1210 1489 199598.716 197995.525  0.80%  22.2 9273s
 639876 617883 199395.021 1211 1490 199598.716 197995.525  0.80%  22.1 9299s
 641813 619790 199399.724 1218 1480 199598.716 197995.525  0.80%  22.1 9324s
 643739 621717 199403.357 1220 1478 199598.716 197995.525  0.80%  22.1 9354s
 645744 623693 199416.750 1246 1451 199598.716 197995.525  0.80%  22.1 9381s
 647728 625608 199422.122 1252 1452 199598.716 197995.525  0.80%  22.2 9408s
 649710 627669 199427.461 1256 1441 199598.716 197995.525  0.80%  22.2 9436s
 651787 629488 199431.632 1263 1433 199598.716 197995.525  0.80%  22.2 9463s
 653716 631469 199438.669 1271 1425 199598.716 197995.525  0.80%  22.2 9491s
 655771 633369 199446.086 1282 1414 199598.716 197995.525  0.80%  22.2 9518s
 657803 635151 199450.314 1286 1410 199598.716 197995.525  0.80%  22.2 9544s
 659645 637266 199455.283 1295 1400 199598.716 197995.525  0.80%  22.2 9573s
 661802 639257 199459.142 1307 1387 199598.716 197995.525  0.80%  22.2 9600s
 663819 641307 199471.630 1335 1351 199598.716 197995.525  0.80%  22.2 9627s
 665877 643282 199478.011 1343 1343 199598.716 197995.525  0.80%  22.2 9655s
 667878 644933 199484.666 1358 1339 199598.716 197995.525  0.80%  22.2 9681s
 669589 646958 199492.364 1366 1331 199598.716 197995.525  0.80%  22.2 9710s
 671654 648866 199498.844 1372 1320 199598.716 197995.525  0.80%  22.3 9738s
 673632 650620 199503.523 1382 1299 199598.716 197995.525  0.80%  22.3 9765s
 675443 652390 199512.191 1397 1292 199598.716 197995.525  0.80%  22.3 9792s
 677302 654012 199518.961 1404 1285 199598.716 197995.525  0.80%  22.4 9817s
 678964 656007 199526.077 1412 1277 199598.716 197995.525  0.80%  22.4 9845s
 681014 658081 199531.018 1419 1270 199598.716 197995.525  0.80%  22.4 9875s
 683100 660087 199541.222 1429 1269 199598.716 197995.525  0.80%  22.4 9905s
 685124 661918 199552.830 1467 1220 199598.716 197995.525  0.80%  22.4 9933s
 686960 663721 199561.139 1479 1189 199598.716 197995.525  0.80%  22.5 9962s
 688791 665784 199572.088 1496 1184 199598.716 197995.525  0.80%  22.5 9993s
 690863 667645 199575.636 1501 1179 199598.716 197995.525  0.80%  22.5 10022s
 692748 669561 199577.413 1501 1179 199598.716 197995.525  0.80%  22.5 10051s
 694691 671367 199579.315 1504 1173 199598.716 197995.525  0.80%  22.5 10080s
 696600 673344 199586.349 1519 1157 199598.716 197995.525  0.80%  22.5 10109s
 698685 675411 199593.882 1530 1144 199598.716 198001.046  0.80%  22.5 10140s
 700852 676463 198171.758   46 2825 199598.716 198001.046  0.80%  22.5 10165s
 701906 678876 198245.801  132 2754 199598.716 198001.046  0.80%  22.5 10196s
 704331 681160 198703.416  320 2133 199598.716 198001.046  0.80%  22.5 10227s
 706664 683236 198933.993  508 1950 199598.716 198001.046  0.80%  22.5 10256s
 708877 685302 199147.549  696 1760 199598.716 198001.046  0.80%  22.5 10286s
 711026 687367 199318.346  884 1569 199598.716 198001.046  0.80%  22.5 10314s
 713114 689122 199490.800 1072 1366 199598.716 198001.260  0.80%  22.5 10340s
 714938 691277 198195.927   63 2813 199598.716 198001.260  0.80%  22.5 10368s
 717113 693100 198401.952  241 2639 199598.716 198001.260  0.80%  22.5 10395s
 719026 695053 198579.662  377 2470 199598.716 198001.260  0.80%  22.5 10423s
 721009 696873 198810.323  539 2263 199598.716 198001.260  0.80%  22.5 10452s
 722971 698960 199044.728  691 2062 199598.716 198001.260  0.80%  22.5 10481s
 725070 701079 199254.658  872 1836 199598.716 198001.260  0.80%  22.5 10509s
 727199 703073 199376.363  998 1683 199598.716 198001.260  0.80%  22.5 10536s
 729200 705135 199530.459 1160 1515 199598.716 198001.923  0.80%  22.5 10563s
 731286 707178 198230.102   76 2792 199598.716 198001.923  0.80%  22.5 10594s
 733409 709369 198440.067  243 2613 199598.716 198001.923  0.80%  22.5 10624s
 735683 711541 198650.589  426 2416 199598.716 198001.923  0.80%  22.5 10652s
 737866 713707 198891.170  614 2145 199598.716 198001.923  0.80%  22.5 10679s
 740034 715892 199141.141  802 1895 199598.716 198001.923  0.80%  22.4 10706s
 742227 717691 199297.749  977 1693 199598.716 198001.923  0.80%  22.4 10732s
 744097 719761 199458.841 1099 1468 199598.716 198002.197  0.80%  22.4 10757s

Cutting planes:
  Learned: 133
  Gomory: 411
  Cover: 1
  Implied bound: 20
  MIR: 18664
  Flow cover: 1976
  Relax-and-lift: 81

Explored 746214 nodes (16894391 simplex iterations) in 10758.64 seconds (9359.27 work units)
Thread count was 32 (of 32 available processors)

Solution count 10: 199599 199603 199604 ... 199764

Optimal solution found (tolerance 8.00e-03)
Best objective 1.995987164413e+05, best bound 1.980021972794e+05, gap 0.7999%

