Solver command line: ['/opt/gurobi911/linux64/bin/gurobi.sh']


--------------------------------------------
Warning: your license will expire in 2 days
--------------------------------------------

Academic license - for non-commercial use only - expires 2021-10-07
Using license file /home/cie/gurobi.lic
Read LP format model from file /tmp/tmplb20w_ev.pyomo.lp
Reading time = 0.19 seconds
x105127: 105123 rows, 70087 columns, 258118 nonzeros
Read MIP start from file /tmp/tmpb3qyvypy.gurobi.mst
Changed value of parameter timelimit to 200000.0
   Prev: inf  Min: 0.0  Max: inf  Default: inf
Changed value of parameter mipgap to 0.005
   Prev: 0.0001  Min: 0.0  Max: inf  Default: 0.0001
Gurobi Optimizer version 9.1.1 build v9.1.1rc0 (linux64)
Thread count: 16 physical cores, 32 logical processors, using up to 32 threads
Optimize a model with 105123 rows, 70087 columns and 258118 nonzeros
Model fingerprint: 0x5a9ae50a
Variable types: 52565 continuous, 17522 integer (0 binary)
Coefficient statistics:
  Matrix range     [1e-02, 3e+01]
  Objective range  [3e-01, 5e+04]
  Bounds range     [2e+00, 2e+03]
  RHS range        [1e+00, 2e+01]

Warning: Completing partial solution with 17520 unfixed non-continuous variables out of 17522
User MIP start produced solution with objective 736454 (5.41s)
User MIP start produced solution with objective 242404 (9.51s)
User MIP start produced solution with objective 242382 (9.60s)
User MIP start produced solution with objective 242372 (22.36s)
User MIP start produced solution with objective 233429 (32.62s)
User MIP start produced solution with objective 233426 (52.82s)
User MIP start produced solution with objective 233412 (55.43s)
Loaded user MIP start with objective 233412
Processed MIP start in 55.46 seconds

Presolve removed 4 rows and 8764 columns
Presolve time: 0.21s
Presolved: 105119 rows, 61323 columns, 249353 nonzeros
Variable types: 43801 continuous, 17522 integer (0 binary)

Deterministic concurrent LP optimizer: primal and dual simplex (primal and dual model)
Showing first log only...

Presolve removed 35040 rows and 17520 columns
Presolved: 70079 rows, 43803 columns, 179273 nonzeros


Root simplex log...

Iteration    Objective       Primal Inf.    Dual Inf.      Time
       0    1.8826033e+06   0.000000e+00   2.761521e+05     56s
Concurrent spin time: 4.67s

Solved with primal simplex (dual model)

Root relaxation: objective 2.007868e+05, 36711 iterations, 5.71 seconds

    Nodes    |    Current Node    |     Objective Bounds      |     Work
 Expl Unexpl |  Obj  Depth IntInf | Incumbent    BestBd   Gap | It/Node Time

     0     0 200786.836    0 8294 233412.394 200786.836  14.0%     -   63s
     0     0 200786.836    0 10782 233412.394 200786.836  14.0%     -   64s
     0     0 200786.836    0 10181 233412.394 200786.836  14.0%     -   65s
     0     0 203642.298    0 9721 233412.394 203642.298  12.8%     -   69s
H    0     0                    229956.63481 203642.298  11.4%     -   71s
     0     0 204068.778    0 8667 229956.635 204068.778  11.3%     -   72s
     0     0 209502.222    0 4410 229956.635 209502.222  8.89%     -   74s
     0     0 209771.110    0 4085 229956.635 209771.110  8.78%     -   75s
     0     0 209771.316    0 4086 229956.635 209771.316  8.78%     -   75s
     0     0 211673.190    0 6746 229956.635 211673.190  7.95%     -   80s
H    0     0                    224404.50082 211673.190  5.67%     -   82s
     0     0 211803.123    0 5105 224404.501 211803.123  5.62%     -   84s
     0     0 211808.226    0 4993 224404.501 211808.226  5.61%     -   84s
     0     0 211811.922    0 5023 224404.501 211811.922  5.61%     -   84s
     0     0 211858.047    0 4977 224404.501 211858.047  5.59%     -   87s
H    0     0                    220138.14773 211858.047  3.76%     -   89s
     0     0 211885.660    0 4755 220138.148 211885.660  3.75%     -   90s
     0     0 211895.180    0 4417 220138.148 211895.180  3.74%     -   90s
     0     0 211895.650    0 4460 220138.148 211895.650  3.74%     -   90s
     0     0 211900.636    0 4429 220138.148 211900.636  3.74%     -   91s
     0     0 211901.612    0 4466 220138.148 211901.612  3.74%     -   92s
     0     0 211905.468    0 4471 220138.148 211905.468  3.74%     -   93s
H    0     0                    220135.44867 211905.468  3.74%     -   93s
     0     0 211906.334    0 4471 220135.449 211906.334  3.74%     -   93s
     0     0 211910.064    0 4443 220135.449 211910.064  3.74%     -   94s
     0     0 211910.064    0 4442 220135.449 211910.064  3.74%     -   95s
H    0     0                    219817.93955 211910.064  3.60%     -   97s
     0     2 211910.064    0 4442 219817.940 211910.064  3.60%     -   99s
     1     2 211967.723    1 3367 219817.940 211911.987  3.60%   759  100s
    23    32 214877.795    6 2229 219817.940 214874.243  2.25%  1128  105s
H   40    48                    219812.42344 214875.973  2.25%   651  105s
H   41    48                    219811.00282 214875.973  2.25%   636  105s
H   53    48                    219809.03978 214875.973  2.24%   493  105s
H  172   187                    219616.19628 214876.478  2.16%   166  107s
H  191   187                    219597.24672 214876.478  2.15%   151  107s
   368  1226 214895.144   22 2187 219597.247 214876.478  2.15%  88.7  111s
  2159  2566 214939.539   70 2140 219597.247 214876.478  2.15%  19.9  116s
  3517  4018 214985.809  105 2105 219597.247 214876.478  2.15%  15.2  121s
  5220  5856 215027.551  149 2070 219597.247 214876.478  2.15%  12.8  126s
  6402  6933 215053.298  174 2048 219597.247 214876.478  2.15%  11.6  130s
  6942  6972 215061.845  185 2040 219597.247 214876.478  2.15%  11.1  141s
H 6944  6972                    218814.49876 214876.478  1.80%  11.1  141s
H 6954  6972                    218787.30774 214876.478  1.79%  11.1  141s
  6981  6988 215064.831  188 2037 218787.308 214876.478  1.79%  11.0  145s
H 6985  6988                    217547.87688 214876.478  1.23%  11.0  145s
H 6990  6988                    217541.37741 214876.478  1.23%  11.0  145s
  8176  8845 215097.259  222 2005 217541.377 214876.478  1.23%  10.2  151s
  9609 10157 215134.155  252 1974 217541.377 214876.478  1.23%   9.8  156s
 10741 10720 215539.649  443 4442 217541.377 214876.478  1.23%  10.5  182s
 10743 10721 215290.292  265 8294 217541.377 214876.478  1.23%  10.5  196s
 10744 10722 215791.128  649 8801 217541.377 214876.478  1.23%  10.5  211s
 10745 10723 215082.105  204 8158 217541.377 214876.478  1.23%  10.5  218s
 10746 10723 215525.014  429 5419 217541.377 214876.478  1.23%  10.5  221s
 10749 10725 215093.463  218 4489 217541.377 214876.478  1.23%  10.5  225s
 10751 10727 215208.460  218 3544 217541.377 214876.478  1.23%  10.5  230s
 10755 10729 215257.440  262 3540 217541.377 214876.478  1.23%  10.5  235s
 10759 10732 215648.008  515 3535 217541.377 214876.478  1.23%  10.5  240s
H10760 10198                    217540.19328 214876.478  1.22%  23.1  243s
 10761 10199 214876.478   14 3537 217540.193 214876.478  1.22%  23.1  246s
 10767 10209 214876.478   16 3305 217540.193 214876.478  1.22%  24.4  250s
 10775 10223 214876.478   17 3324 217540.193 214876.478  1.22%  24.5  255s
 10791 10231 214876.478   18 3312 217540.193 214876.478  1.22%  26.5  262s
H10796  9719                    217537.71434 214876.478  1.22%  26.8  262s
H10805  9232                    217537.31119 214876.478  1.22%  27.8  262s
 10823  9232 214876.478   19 3312 217537.311 214876.478  1.22%  29.4  265s
H10886  8813                    217510.50428 214876.478  1.21%  30.4  268s
H10887  8375                    217499.40322 214876.478  1.21%  30.4  268s
H10896  7957                    217487.22164 214876.478  1.20%  30.4  268s
H10933  7597                    217280.26043 214876.478  1.11%  30.8  280s
H10934  7222                    217227.91810 214876.478  1.08%  30.7  280s
 11156  7395 214876.478   27 3296 217227.918 214876.478  1.08%  31.0  285s
 11539  7681 214876.478   33 3291 217227.918 214876.478  1.08%  30.9  290s
 11966  7996 214876.478   38 3287 217227.918 214876.478  1.08%  30.5  295s
 12657  8540 214876.478   43 3285 217227.918 214876.478  1.08%  29.6  301s
 13197  8909 214876.478   52 3276 217227.918 214876.478  1.08%  29.0  305s
 13747  9261 214876.478   62 3266 217227.918 214876.478  1.08%  28.7  310s
 14342  9664 214876.478   66 3264 217227.918 214876.478  1.08%  28.8  316s
 14770  9999 214876.478   70 3262 217227.918 214876.478  1.08%  28.6  320s
 15507 10469 214876.478   73 3285 217227.918 214876.478  1.08%  28.2  326s
 16005 10859 214876.478   76 3288 217227.918 214876.478  1.08%  28.4  332s
 16303 11069 214876.478   77 3280 217227.918 214876.478  1.08%  28.3  335s
 16894 11438 214876.478   82 3279 217227.918 214876.478  1.08%  28.1  340s
 17526 11938 214876.478   89 3272 217227.918 214876.478  1.08%  27.8  347s
 17891 12193 214876.478   93 3273 217227.918 214876.478  1.08%  27.7  350s
 18625 12713 214876.478  104 3244 217227.918 214876.478  1.08%  27.1  357s
 19032 12686 214876.478  107 3243 217227.918 214876.478  1.08%  26.9  680s
 19143 12665 214876.478  111 3242 217227.918 214876.478  1.08%  26.9 1250s
H19144 12309                    217182.17112 214876.478  1.06%  26.9 1250s
H19146 11969                    216927.12842 214876.478  0.95%  26.9 1250s
H19149 11615                    216521.79813 214876.478  0.76%  26.9 1250s
 19159 11619 214876.478  111 3243 216521.798 214876.478  0.76%  26.9 1640s
H19160 11306                    216516.55229 214876.478  0.76%  26.9 1640s
H19161 10936                    216428.63743 214876.478  0.72%  26.9 1640s
H19180 10655                    216428.28933 214876.478  0.72%  26.9 1640s
 19183 10880 214876.478  112 3244 216428.289 214876.478  0.72%  26.9 1645s
 19432 11223 214876.478  115 3243 216428.289 214876.478  0.72%  27.2 1653s
 19842 11607 214876.478  119 3243 216428.289 214876.478  0.72%  27.1 1658s
 20367 11892 214876.478  128 3231 216428.289 214876.478  0.72%  26.7 1662s
 20827 12189 214876.478  134 3226 216428.289 214876.478  0.72%  26.5 1667s
 21277 14000 214876.478  136 3221 216428.289 214876.478  0.72%  26.4 1695s
 23269 13939 214876.478  159 3212 216428.289 214876.478  0.72%  25.9 1702s
 23884 14352 214876.478  163 3208 216428.289 214876.478  0.72%  25.6 1709s
 24534 14906 214876.478  167 3208 216428.289 214876.478  0.72%  25.3 1717s
 25328 15332 214876.478  173 3206 216428.289 214876.478  0.72%  25.0 1725s
 26022 15875 214876.478  180 3199 216428.289 214876.478  0.72%  24.7 1732s
 26797 16590 214876.478  187 3194 216428.289 214876.478  0.72%  24.4 1740s
 27655 17545 214876.478  195 3187 216428.289 214876.478  0.72%  24.0 1749s
 28636 18203 214876.478  202 3185 216428.289 214876.478  0.72%  23.7 1757s
 29335 18951     cutoff  204      216428.289 214876.478  0.72%  23.9 1765s
 30135 19525 215355.457  218 2075 216428.289 214876.478  0.72%  23.7 1773s
 30747 20349 215384.088  239 2052 216428.289 214876.478  0.72%  24.1 1783s
 31605 21264 215430.608  277 2014 216428.289 214876.478  0.72%  24.0 1793s
 32526 22028 215470.513  308 1986 216428.289 214876.478  0.72%  23.8 1804s
 33290 22044 215493.101  327 1968 216428.289 214876.478  0.72%  23.8 2079s
H33304 21800                    216415.46383 214876.478  0.71%  23.8 2079s
 33306 22820 215494.494  328 1967 216415.464 214876.478  0.71%  23.8 2090s
 34338 23669 215516.505  345 1950 216415.464 214876.478  0.71%  23.5 2100s
 35232 24591 215551.865  377 1919 216415.464 214876.478  0.71%  23.5 2112s
 36216 25508 215609.963  417 1843 216415.464 214876.478  0.71%  23.5 2123s
 37139 26702 215630.144  439 1856 216415.464 214876.478  0.71%  23.5 2136s
 38374 27750 215692.127  482 1813 216415.464 214876.478  0.71%  23.4 2148s
 39460 29010 215723.312  522 1775 216415.464 214876.478  0.71%  23.7 2162s
 40732 30206 215764.961  562 1735 216415.464 214876.478  0.71%  23.8 2175s
 41939 30207 216211.568 1279 4442 216415.464 214876.478  0.71%  24.1 3325s
 41941 30208 216368.007 1470 10238 216415.464 214876.478  0.71%  24.1 3339s
 41942 30209 214876.478   39 9225 216415.464 214876.478  0.71%  24.1 3346s
 41943 30210 215469.803  258 8199 216415.464 214876.478  0.71%  24.1 3356s
 41944 30210 215474.381  310 7013 216415.464 214876.478  0.71%  24.1 3363s
 41945 30211 215209.057   69 5966 216415.464 214876.478  0.71%  24.1 3368s
 41946 30212 215695.410  449 5447 216415.464 214876.478  0.71%  24.1 3370s
 41948 30213 215608.521  423 5368 216415.464 214876.478  0.71%  24.1 3375s
 41950 30214 216249.920  320 3870 216415.464 214876.478  0.71%  24.1 3382s
 41952 30216 215941.767  713 3800 216415.464 214876.478  0.71%  24.1 3385s
 41953 30216 215525.247  318 3814 216415.464 214876.478  0.71%  24.1 3427s
 41955 30218 216084.126  882 3796 216415.464 214876.478  0.71%  24.1 3447s
 41956 30218 216026.516   47 3805 216415.464 214876.478  0.71%  24.1 3489s
 41957 30219 215427.406  241 3815 216415.464 214884.158  0.71%  24.1 3490s
 41959 30220 215964.517  745 3850 216415.464 214904.724  0.70%  24.1 3509s
 41960 30221 215992.648  764 3898 216415.464 214925.763  0.69%  24.1 3532s
 41961 30222 215764.717  521 3895 216415.464 214929.150  0.69%  24.1 3551s
 41962 30222 215504.152  277 3893 216415.464 214936.265  0.68%  24.1 3592s
 41964 30224 216268.860 1149 3943 216415.464 214963.773  0.67%  24.1 3612s
 41965 30224 215500.481  268 3956 216415.464 214969.306  0.67%  24.1 3653s
 41966 30225 216373.914  428 3941 216415.464 214972.106  0.67%  24.1 3673s
 41967 30226 215439.658  268 3941 216415.464 214992.601  0.66%  24.1 3714s
 41968 30226 215255.447   95 3956 216415.464 215004.298  0.65%  24.1 3734s
 41969 30227 215405.204  204 3964 216415.464 215016.450  0.65%  24.1 3775s
 41970 30228 215515.091  332 3966 216415.464 215022.625  0.64%  24.1 3793s
 41971 30228 215418.302  216 3969 216415.464 215034.577  0.64%  24.1 3838s
 41972 30229 215672.352  469 4007 216415.464 215041.302  0.63%  24.1 3856s
 41973 30230 216053.738  905 4039 216415.464 215054.361  0.63%  24.1 3899s
 41974 30230 215373.325  204 4024 216415.464 215064.277  0.62%  24.1 3919s
 41975 30231 215449.498  253 4032 216415.464 215073.406  0.62%  24.1 3949s
 41976 30232 215686.643  506 4023 216415.464 215084.620  0.61%  24.1 3972s
 41977 30232 215785.580  591 4038 216415.464 215097.222  0.61%  24.1 3995s
 41978 30233 215339.432  150 4052 216415.464 215101.407  0.61%  24.1 4016s
 41979 30234 215322.956  181 4067 216415.464 215108.639  0.60%  24.1 4060s
 41980 30234 215667.770  466 3971 216415.464 215123.891  0.60%  24.1 4066s
 41981 30235 215306.586  125 3981 216415.464 215127.400  0.60%  24.1 4085s
 41982 30236 215335.661  163 3964 216415.464 215132.300  0.59%  24.1 4129s
 41983 30236 215139.512  189 3993 216415.464 215139.512  0.59%  24.1 4150s
 41984 30237 215526.264  308 3994 216415.464 215148.157  0.59%  24.1 4203s
 41985 30238 215576.642  353 4002 216415.464 215158.227  0.58%  24.1 4228s
 41986 30238 216275.451 1172 4001 216415.464 215164.665  0.58%  24.1 4256s
 41987 30239 216397.177  371 4006 216415.464 215167.969  0.58%  24.1 4278s
 41988 30240 215719.990  522 4011 216415.464 215171.955  0.57%  24.1 4303s
 41989 30240 215432.919  224 4000 216415.464 215181.834  0.57%  24.1 4327s
 41990 30241 215264.247  104 3984 216415.464 215184.841  0.57%  24.1 4357s
 41991 30242 215865.738  640 3984 216415.464 215188.665  0.57%  24.1 4375s
 41992 30242 215548.824  356 3969 216415.464 215195.594  0.56%  24.1 4413s
 41993 30243 215361.299  166 3985 216415.464 215201.823  0.56%  24.1 4433s
 41994 30244 215359.306  164 3973 216415.464 215205.130  0.56%  24.1 4474s
 41995 30244 215814.886  558 3967 216415.464 215206.697  0.56%  24.1 4491s
 41996 30245 216235.644 1082 3972 216415.464 215209.150  0.56%  24.1 4531s
 41997 30246 215849.642  463 3990 216415.464 215213.564  0.56%  24.0 4554s
 41998 30246 215472.134  292 3975 216415.464 215216.538  0.55%  24.0 4579s
 41999 30247 215681.270  437 3986 216415.464 215220.775  0.55%  24.0 4602s
 42000 30248 215903.868  682 3982 216415.464 215228.079  0.55%  24.0 4623s
 42001 30248 215229.719  200 4007 216415.464 215229.719  0.55%  24.0 4646s
 42002 30249 216124.736  951 3998 216415.464 215233.784  0.55%  24.0 4688s
 42003 30250 215958.297  729 4040 216415.464 215243.538  0.54%  24.0 4712s
 42004 30250 216267.748 1242 4029 216415.464 215248.755  0.54%  24.0 4757s
 42005 30251 215931.270  746 3997 216415.464 215251.316  0.54%  24.0 4775s
 42006 30252 216214.248 1303 3988 216415.464 215255.450  0.54%  24.0 4816s
 42007 30252 216059.702  899 3980 216415.464 215257.910  0.53%  24.0 4836s
 42008 30253 215675.268  473 3965 216415.464 215261.746  0.53%  24.0 4877s
 42009 30254 216297.264  270 3981 216415.464 215265.691  0.53%  24.0 4883s
 42010 30254 215743.476  493 3968 216415.464 215269.375  0.53%  24.0 4889s
 42011 30255 215583.730  358 3991 216415.464 215271.310  0.53%  24.0 4893s
 42012 30256 215275.799  119 3975 216415.464 215274.223  0.53%  24.0 4901s
 42013 30256 215278.832  112 3975 216415.464 215278.832  0.53%  24.0 4909s
 42014 30257 215597.362  356 3991 216415.464 215280.674  0.52%  24.0 4921s
 42015 30258 216105.866  944 4029 216415.464 215316.156  0.51%  24.0 4938s
 42016 30258 215339.706  150 4029 216415.464 215320.694  0.51%  24.0 4946s
 42017 30259 215823.849  580 3998 216415.464 215325.867  0.50%  24.0 4961s
 42018 30260 215573.161  350 4004 216415.464 215328.833  0.50%  24.0 4966s
 42019 30260 216074.269  866 3990 216415.464 215331.238  0.50%  24.0 4976s

Cutting planes:
  Learned: 460
  Gomory: 471
  Cover: 191
  Implied bound: 20
  Clique: 5
  MIR: 21694
  Flow cover: 3056
  RLT: 355
  Relax-and-lift: 154

Explored 42019 nodes (1408106 simplex iterations) in 4986.58 seconds
Thread count was 32 (of 32 available processors)

Solution count 10: 216415 216428 216429 ... 217487

Optimal solution found (tolerance 5.00e-03)
Best objective 2.164154638252e+05, best bound 2.153379577678e+05, gap 0.4979%

