Solver command line: ['/opt/gurobi911/linux64/bin/gurobi.sh']


--------------------------------------------
Warning: your license will expire in 8 days
--------------------------------------------

Academic license - for non-commercial use only - expires 2021-10-07
Using license file /home/cie/gurobi.lic
Read LP format model from file /tmp/tmpx4svpnoq.pyomo.lp
Reading time = 2.00 seconds
x1051207: 1051203 rows, 700807 columns, 2580375 nonzeros
Read MIP start from file /tmp/tmp6chudiic.gurobi.mst
Changed value of parameter timelimit to 300000.0
   Prev: inf  Min: 0.0  Max: inf  Default: inf
Changed value of parameter mipgap to 0.005
   Prev: 0.0001  Min: 0.0  Max: inf  Default: 0.0001
Gurobi Optimizer version 9.1.1 build v9.1.1rc0 (linux64)
Thread count: 16 physical cores, 32 logical processors, using up to 32 threads
Optimize a model with 1051203 rows, 700807 columns and 2580375 nonzeros
Model fingerprint: 0x6848566b
Variable types: 525605 continuous, 175202 integer (0 binary)
Coefficient statistics:
  Matrix range     [1e-02, 3e+01]
  Objective range  [6e-03, 5e+04]
  Bounds range     [2e+00, 1e+03]
  RHS range        [1e+00, 4e+01]

Warning: Completing partial solution with 175200 unfixed non-continuous variables out of 175202
User MIP start produced solution with objective 249788 (456.44s)
User MIP start produced solution with objective 249788 (597.99s)
User MIP start produced solution with objective 249788 (718.86s)
User MIP start produced solution with objective 249787 (725.98s)
User MIP start produced solution with objective 249787 (732.86s)
User MIP start produced solution with objective 249787 (740.39s)
User MIP start produced solution with objective 249786 (748.02s)
User MIP start produced solution with objective 249786 (754.78s)
User MIP start produced solution with objective 249786 (761.83s)
User MIP start produced solution with objective 249785 (769.33s)
User MIP start produced solution with objective 249784 (774.94s)
User MIP start produced solution with objective 249784 (781.66s)
User MIP start produced solution with objective 249783 (786.76s)
User MIP start produced solution with objective 249782 (792.36s)
User MIP start produced solution with objective 249780 (797.94s)
User MIP start produced solution with objective 249776 (987.76s)
Loaded user MIP start with objective 249776
Processed MIP start in 988.15 seconds

Presolve removed 13 rows and 82983 columns
Presolve time: 2.39s
Presolved: 1051190 rows, 617824 columns, 2497400 nonzeros
Variable types: 442622 continuous, 175202 integer (0 binary)

Deterministic concurrent LP optimizer: primal simplex, dual simplex, and barrier
Showing barrier log only...

Root barrier log...

Ordering time: 0.07s

Barrier statistics:
 Dense cols : 4
 AA' NZ     : 1.704e+06
 Factor NZ  : 6.657e+06 (roughly 500 MBytes of memory)
 Factor Ops : 6.693e+07 (less than 1 second per iteration)
 Threads    : 14

                  Objective                Residual
Iter       Primal          Dual         Primal    Dual     Compl     Time
   0   8.29893385e+06 -2.26833285e+09  2.21e+01 3.18e-01  7.92e+03   993s
   1   5.79277185e+06 -1.38086626e+09  2.39e+01 4.86e+01  2.80e+03   994s
   2   5.15061327e+06 -7.78856628e+08  2.18e+01 5.77e+00  1.42e+03   995s
   3   3.65911942e+06 -3.36465503e+08  1.23e+01 7.03e-08  4.93e+02   996s
   4   1.55524640e+06 -9.50435315e+07  5.33e-14 5.16e-07  6.49e+01   997s
   5   1.47658219e+06 -3.57208697e+07  3.09e-13 1.92e-07  2.50e+01   998s
   6   1.25186303e+06 -1.23142880e+06  2.42e-13 1.57e-08  1.67e+00   999s
   7   8.96686764e+05 -6.97966382e+05  1.92e-13 1.17e-08  1.07e+00   999s
   8   6.27301785e+05 -5.72528403e+05  2.13e-13 1.03e-08  8.06e-01  1000s
   9   5.53427170e+05 -4.31608523e+05  1.78e-13 7.77e-09  6.61e-01  1002s
  10   3.45353079e+05 -3.83752680e+04  2.86e-13 2.70e-09  2.58e-01  1003s
  11   3.04027439e+05  1.00432034e+05  2.91e-13 5.78e-10  1.37e-01  1003s
  12   3.02359378e+05  1.11784401e+05  4.87e-13 6.11e-10  1.28e-01  1004s
  13   2.92908150e+05  1.36920691e+05  4.04e-12 7.20e-10  1.05e-01  1005s
  14   2.80888913e+05  1.71479806e+05  6.01e-11 3.89e-10  7.35e-02  1006s
  15   2.72177530e+05  1.90381536e+05  7.60e-11 7.79e-10  5.49e-02  1007s
  16   2.68272072e+05  1.92665052e+05  2.56e-10 1.15e-09  5.08e-02  1008s
  17   2.65664822e+05  2.06476108e+05  2.31e-10 2.93e-10  3.97e-02  1010s
  18   2.59352871e+05  2.14136851e+05  2.75e-10 2.87e-09  3.04e-02  1011s
  19   2.58149266e+05  2.16649092e+05  5.24e-10 2.59e-09  2.79e-02  1012s
  20   2.52038721e+05  2.25404216e+05  5.13e-10 1.40e-09  1.79e-02  1013s
  21   2.50362262e+05  2.25613718e+05  4.58e-10 1.18e-09  1.66e-02  1014s
  22   2.48707820e+05  2.27829092e+05  4.40e-10 8.75e-10  1.40e-02  1015s
  23   2.47398197e+05  2.29828655e+05  4.03e-10 1.34e-09  1.18e-02  1017s
  24   2.45591892e+05  2.30581166e+05  3.41e-10 1.24e-09  1.01e-02  1018s
  25   2.44232405e+05  2.30781667e+05  2.96e-10 5.28e-10  9.03e-03  1019s
  26   2.43924026e+05  2.31026981e+05  2.89e-10 1.37e-09  8.66e-03  1020s
  27   2.42588520e+05  2.31220859e+05  2.55e-10 6.33e-10  7.63e-03  1022s
  28   2.42310614e+05  2.31410061e+05  2.46e-10 2.91e-10  7.32e-03  1023s
  29   2.41873406e+05  2.31508537e+05  2.36e-10 7.71e-10  6.96e-03  1025s
  30   2.41297424e+05  2.31682616e+05  2.20e-10 2.80e-10  6.46e-03  1026s
  31   2.40752904e+05  2.31767560e+05  2.03e-10 6.51e-10  6.03e-03  1027s
  32   2.40018257e+05  2.31917432e+05  1.83e-10 7.44e-10  5.44e-03  1029s
  33   2.39551104e+05  2.31993041e+05  1.68e-10 3.69e-10  5.08e-03  1030s
  34   2.38912818e+05  2.32285426e+05  1.50e-10 2.24e-10  4.45e-03  1031s
  35   2.38553994e+05  2.32323071e+05  1.40e-10 1.26e-10  4.18e-03  1033s
  36   2.38221493e+05  2.32378192e+05  1.30e-10 2.27e-10  3.92e-03  1034s
  37   2.37953693e+05  2.32425167e+05  1.22e-10 1.96e-10  3.71e-03  1036s
  38   2.37726109e+05  2.32482597e+05  1.15e-10 5.02e-10  3.52e-03  1037s
  39   2.37464654e+05  2.32527015e+05  1.08e-10 3.66e-10  3.32e-03  1039s
  40   2.37388274e+05  2.32556536e+05  1.05e-10 3.84e-10  3.24e-03  1040s
  41   2.37246340e+05  2.32614442e+05  1.01e-10 5.11e-10  3.11e-03  1042s
  42   2.37103482e+05  2.32653342e+05  9.76e-11 6.82e-10  2.99e-03  1043s
  43   2.36920677e+05  2.32724156e+05  9.24e-11 1.69e-10  2.82e-03  1044s
  44   2.36798216e+05  2.32750712e+05  8.86e-11 2.29e-10  2.72e-03  1046s
  45   2.36699077e+05  2.32779445e+05  8.54e-11 6.13e-10  2.63e-03  1047s
  46   2.36561490e+05  2.32807758e+05  8.14e-11 2.35e-10  2.52e-03  1048s
  47   2.36430775e+05  2.32838795e+05  7.74e-11 3.49e-10  2.41e-03  1049s
  48   2.36348800e+05  2.32866846e+05  7.48e-11 1.67e-10  2.34e-03  1051s
  49   2.36308053e+05  2.32896920e+05  7.35e-11 3.31e-10  2.29e-03  1052s
  50   2.36186470e+05  2.32974158e+05  6.96e-11 7.79e-10  2.16e-03  1053s
  51   2.36048815e+05  2.32999942e+05  6.54e-11 7.75e-10  2.05e-03  1055s
  52   2.35935375e+05  2.33026475e+05  6.14e-11 5.58e-10  1.95e-03  1057s
  53   2.35899696e+05  2.33062777e+05  6.01e-11 7.51e-10  1.91e-03  1058s
  54   2.35823224e+05  2.33094213e+05  5.77e-11 8.73e-10  1.83e-03  1060s
  55   2.35739095e+05  2.33141867e+05  5.48e-11 6.80e-10  1.74e-03  1061s
  56   2.35641123e+05  2.33193186e+05  5.17e-11 6.20e-10  1.64e-03  1063s
  57   2.35552038e+05  2.33211888e+05  4.89e-11 6.55e-10  1.57e-03  1064s
  58   2.35487864e+05  2.33259067e+05  4.69e-11 6.58e-10  1.50e-03  1066s
  59   2.35409291e+05  2.33279211e+05  4.43e-11 3.26e-10  1.43e-03  1067s
  60   2.35386300e+05  2.33299050e+05  4.35e-11 3.82e-10  1.40e-03  1068s
  61   2.35300362e+05  2.33315466e+05  4.07e-11 5.06e-10  1.33e-03  1069s
  62   2.35254086e+05  2.33330283e+05  3.93e-11 8.51e-10  1.29e-03  1070s
  63   2.35203697e+05  2.33343244e+05  3.76e-11 7.82e-10  1.25e-03  1072s
  64   2.35153531e+05  2.33360300e+05  3.60e-11 7.42e-10  1.20e-03  1073s
  65   2.35125339e+05  2.33374391e+05  3.50e-11 6.26e-10  1.18e-03  1075s
  66   2.35085235e+05  2.33388531e+05  3.37e-11 4.69e-10  1.14e-03  1076s
  67   3.11122488e+08 -8.72070604e+09  9.98e+02 3.18e-01  1.01e+06  1079s
  68   2.55453447e+08 -1.69459107e+10  1.38e+03 1.83e+02  8.44e+05  1080s
  69   2.10099174e+08 -1.74214483e+10  1.15e+03 5.97e-09  6.60e+05  1081s
  70   4.19939504e+06 -1.66210880e+10  1.52e+01 6.47e-03  1.95e+04  1083s
  71   1.51976127e+06 -2.71851738e+09  1.78e-14 4.46e-08  1.83e+03  1084s
  72   1.51671790e+06 -1.80750289e+07  5.68e-14 4.65e-08  1.32e+01  1084s
  73   1.31433560e+06 -2.75381008e+06  4.62e-14 6.07e-09  2.73e+00  1085s
  74   1.34262476e+06 -1.31819158e+06  9.59e-14 4.07e-09  1.79e+00  1086s
  75   1.19250343e+06 -9.56226204e+05  8.17e-14 3.40e-09  1.44e+00  1087s
  76   9.51179470e+05 -6.07522866e+05  5.68e-14 2.32e-09  1.05e+00  1088s
  77   7.08285946e+05 -4.15426501e+05  4.26e-14 2.07e-09  7.55e-01  1089s
  78   5.89809786e+05 -1.91706973e+05  7.11e-14 1.09e-09  5.25e-01  1090s
  79   4.07433053e+05  8.86042084e+04  2.03e-13 5.35e-10  2.14e-01  1090s
  80   3.90109552e+05  1.28267749e+05  2.15e-13 3.22e-10  1.76e-01  1091s
  81   3.57811469e+05  1.58738121e+05  6.31e-13 1.46e-10  1.34e-01  1092s
  82   3.51099110e+05  1.69917212e+05  1.84e-11 9.82e-11  1.22e-01  1093s
  83   3.12691741e+05  1.79205310e+05  1.70e-10 1.20e-10  8.96e-02  1094s
  84   2.88664198e+05  1.90673069e+05  1.33e-10 4.91e-11  6.58e-02  1095s
  85   2.83997545e+05  1.99648023e+05  1.25e-10 4.73e-11  5.66e-02  1095s
  86   2.87648019e+05  2.02944361e+05  8.26e-11 9.28e-11  5.69e-02  1096s
  87   2.60535920e+05  2.11425410e+05  1.68e-10 9.82e-11  3.30e-02  1097s
  88   2.56424495e+05  2.19725662e+05  1.71e-10 1.56e-10  2.46e-02  1098s
  89   2.52428032e+05  2.23857933e+05  1.25e-10 8.15e-10  1.92e-02  1099s
  90   2.50544252e+05  2.26670797e+05  1.19e-10 1.36e-09  1.60e-02  1100s
  91   2.49700595e+05  2.27010858e+05  1.10e-10 1.41e-09  1.52e-02  1100s
  92   2.49182325e+05  2.29521499e+05  1.04e-10 4.09e-11  1.32e-02  1102s
  93   2.47812704e+05  2.30430328e+05  9.48e-11 1.15e-10  1.17e-02  1103s
  94   2.46836687e+05  2.31135365e+05  8.92e-11 1.39e-09  1.05e-02  1105s
  95   2.45005787e+05  2.31647405e+05  7.73e-11 3.82e-10  8.97e-03  1106s
  96   2.43309548e+05  2.32234584e+05  6.50e-11 2.20e-09  7.44e-03  1108s
  97   2.41367179e+05  2.32556802e+05  5.25e-11 1.08e-09  5.92e-03  1110s
  98   2.39484907e+05  2.32953033e+05  3.99e-11 1.06e-09  4.39e-03  1111s
  99   2.38830531e+05  2.33289074e+05  3.58e-11 1.24e-09  3.72e-03  1113s
 100   2.37391046e+05  2.33392696e+05  2.55e-11 1.43e-09  2.68e-03  1114s
 101   2.36725370e+05  2.33543692e+05  2.08e-11 1.07e-09  2.14e-03  1116s
 102   2.36146932e+05  2.33639963e+05  1.68e-11 7.39e-10  1.68e-03  1118s
 103   2.36023573e+05  2.33715275e+05  1.59e-11 1.97e-09  1.55e-03  1119s
 104   2.35573880e+05  2.33787595e+05  1.25e-11 2.38e-09  1.20e-03  1121s
 105   2.35242082e+05  2.33825062e+05  1.03e-11 7.02e-10  9.52e-04  1123s
 106   2.35064186e+05  2.33836578e+05  8.92e-12 9.75e-10  8.24e-04  1125s
 107   2.35032608e+05  2.33844034e+05  8.67e-12 4.87e-10  7.98e-04  1126s
 108   2.34870333e+05  2.33853019e+05  7.44e-12 6.48e-10  6.83e-04  1128s
 109   2.34783254e+05  2.33861485e+05  6.78e-12 3.58e-10  6.19e-04  1129s
 110   2.34707623e+05  2.33875642e+05  6.20e-12 6.44e-10  5.59e-04  1131s
 111   2.34634526e+05  2.33881761e+05  5.62e-12 1.10e-09  5.05e-04  1133s
 112   2.34569486e+05  2.33889548e+05  5.12e-12 4.62e-10  4.57e-04  1135s
 113   2.34521089e+05  2.33898028e+05  4.74e-12 7.48e-10  4.18e-04  1136s
 114   2.34458777e+05  2.33906295e+05  4.26e-12 1.07e-09  3.71e-04  1138s
 115   2.34411486e+05  2.33915778e+05  3.89e-12 7.68e-10  3.33e-04  1140s
 116   2.34366930e+05  2.33926719e+05  3.52e-12 6.75e-10  2.96e-04  1142s
 117   2.34310296e+05  2.33932987e+05  3.04e-12 7.60e-10  2.53e-04  1143s
 118   2.34298416e+05  2.33937096e+05  2.94e-12 7.15e-10  2.43e-04  1145s
 119   2.34229051e+05  2.33940172e+05  2.42e-12 4.64e-10  1.94e-04  1147s
 120   2.34196934e+05  2.33942922e+05  2.14e-12 4.58e-10  1.71e-04  1149s
 121   2.34172184e+05  2.33946009e+05  1.94e-12 6.98e-10  1.52e-04  1151s
 122   2.34149044e+05  2.33947331e+05  1.74e-12 4.40e-10  1.35e-04  1152s
 123   2.34129206e+05  2.33950317e+05  1.58e-12 4.29e-10  1.20e-04  1154s
 124   2.34108914e+05  2.33951259e+05  1.41e-12 9.82e-10  1.06e-04  1156s
 125   2.34092292e+05  2.33952226e+05  1.26e-12 3.40e-10  9.41e-05  1158s
 126   2.34081462e+05  2.33953203e+05  1.16e-12 3.02e-10  8.61e-05  1160s
 127   2.34068865e+05  2.33954067e+05  1.05e-12 4.07e-10  7.71e-05  1162s
 128   2.34057014e+05  2.33954990e+05  9.40e-13 7.97e-10  6.85e-05  1164s
 129   2.34049913e+05  2.33955797e+05  8.78e-13 2.49e-10  6.32e-05  1166s
 130   2.34031874e+05  2.33956544e+05  7.04e-13 2.11e-10  5.06e-05  1168s
 131   2.34026694e+05  2.33957726e+05  6.54e-13 1.02e-10  4.63e-05  1170s
 132   2.34015530e+05  2.33958114e+05  5.39e-13 5.28e-10  3.86e-05  1173s
 133   2.34004894e+05  2.33959339e+05  4.27e-13 4.44e-10  3.06e-05  1175s
 134   2.34002815e+05  2.33959737e+05  4.07e-13 4.26e-10  2.89e-05  1177s
 135   2.33997437e+05  2.33960414e+05  3.56e-13 2.51e-10  2.49e-05  1179s
 136   2.33995935e+05  2.33960689e+05  3.39e-13 3.82e-11  2.37e-05  1181s
 137   2.33982762e+05  2.33961457e+05  2.00e-13 2.76e-10  1.43e-05  1183s
 138   2.33981264e+05  2.33961647e+05  1.85e-13 2.15e-10  1.32e-05  1185s
 139   2.33979131e+05  2.33961689e+05  1.64e-13 1.70e-10  1.17e-05  1187s
 140   2.33976252e+05  2.33961914e+05  1.36e-13 7.86e-10  9.63e-06  1189s
 141   2.33974419e+05  2.33961955e+05  1.17e-13 1.36e-10  8.37e-06  1192s
 142   2.33967593e+05  2.33962104e+05  4.66e-14 4.23e-13  3.69e-06  1194s
 143   2.33966332e+05  2.33962507e+05  3.52e-14 1.96e-09  2.57e-06  1197s
 144   2.33965335e+05  2.33962550e+05  2.53e-14 1.25e-04  1.87e-06  1199s
 145   2.33963907e+05  2.33962573e+05  1.15e-14 1.03e-04  8.96e-07  1200s
 146   2.33963404e+05  2.33962645e+05  6.79e-15 2.53e-05  5.10e-07  1201s
 147   2.33963074e+05  2.33962647e+05  3.62e-15 5.53e-05  2.87e-07  1202s
 148   2.33962681e+05  2.33962681e+05  9.49e-11 1.90e-08  1.11e-10  1203s

Barrier solved model in 148 iterations and 1202.86 seconds
Optimal objective 2.33962681e+05


Root crossover log...

  438012 DPushes remaining with DInf 0.0000000e+00              1203s
       0 DPushes remaining with DInf 0.0000000e+00              1204s

   83326 PPushes remaining with PInf 0.0000000e+00              1204s
       0 PPushes remaining with PInf 0.0000000e+00              1204s

  Push phase complete: Pinf 0.0000000e+00, Dinf 8.3078254e-11   1204s


Root simplex log...

Iteration    Objective       Primal Inf.    Dual Inf.      Time
  227712    2.3396268e+05   0.000000e+00   0.000000e+00   1204s
  227712    2.3396268e+05   0.000000e+00   0.000000e+00   1204s
Concurrent spin time: 31.94s (can be avoided by choosing Method=3)

Solved with barrier

Root relaxation: objective 2.339627e+05, 227712 iterations, 213.28 seconds
Total elapsed time = 1210.18s
Total elapsed time = 1218.65s
Total elapsed time = 1222.51s
Total elapsed time = 1226.16s

    Nodes    |    Current Node    |     Objective Bounds      |     Work
 Expl Unexpl |  Obj  Depth IntInf | Incumbent    BestBd   Gap | It/Node Time

     0     0 233962.681    0 83020 249775.859 233962.681  6.33%     - 1226s
H    0     0                    249775.81279 233962.681  6.33%     - 1246s
     0     0 233962.681    0 83020 249775.813 233962.681  6.33%     - 1250s
     0     0 233962.681    0 82974 249775.813 233962.681  6.33%     - 1282s
     0     0 234599.714    0 79100 249775.813 234599.714  6.08%     - 1323s
     0     0 236485.089    0 88695 249775.813 236485.089  5.32%     - 1548s
     0     0 236770.731    0 84741 249775.813 236770.731  5.21%     - 1582s
     0     0 240455.664    0 78936 249775.813 240455.664  3.73%     - 1695s
     0     0 240457.147    0 88730 249775.813 240457.147  3.73%     - 1706s
     0     0 240457.211    0 91267 249775.813 240457.211  3.73%     - 1708s
     0     0 240458.056    0 92018 249775.813 240458.056  3.73%     - 1741s
     0     0 241439.899    0 75343 249775.813 241439.899  3.34%     - 1925s
     0     0 241572.789    0 71895 249775.813 241572.789  3.28%     - 1951s
     0     0 241716.215    0 69393 249775.813 241716.215  3.23%     - 2098s
     0     0 241877.457    0 66458 249775.813 241877.457  3.16%     - 2218s
     0     0 241899.672    0 64026 249775.813 241899.672  3.15%     - 2314s
     0     0 241907.079    0 62464 249775.813 241907.079  3.15%     - 2366s
     0     0 241910.336    0 61488 249775.813 241910.336  3.15%     - 2405s
     0     0 241912.232    0 60828 249775.813 241912.232  3.15%     - 2428s
     0     0 241918.232    0 61132 249775.813 241918.232  3.15%     - 2470s
     0     0 241920.698    0 59831 249775.813 241920.698  3.14%     - 2488s
     0     0 241922.461    0 59829 249775.813 241922.461  3.14%     - 2497s
     0     0 241928.018    0 73091 249775.813 241928.018  3.14%     - 2560s
     0     0 241931.250    0 58761 249775.813 241931.250  3.14%     - 2598s
     0     0 241933.937    0 58788 249775.813 241933.937  3.14%     - 2605s
     0     0 241933.937    0 51384 249775.813 241933.937  3.14%     - 2650s
     0     2 241933.937    0 50992 249775.813 241933.937  3.14%     - 2936s
     1     4 242060.171    1 43210 249775.813 241933.945  3.14% 69618 3126s
     3     6 245937.186    2 29303 249775.813 241975.166  3.12% 54325 3611s
     7    10 245938.681    3 29220 249775.813 242752.408  2.81% 48240 3780s
    13    18 245962.801    4 27975 249775.813 242793.667  2.80% 33054 4476s
    23    30 245962.967    5 27929 249775.813 242794.183  2.80% 26633 4569s
H   39    46                    249775.75389 242794.394  2.80% 16731 5222s
H   41    46                    249775.34806 242794.394  2.79% 15916 5222s
H   52    46                    249775.33598 242794.394  2.79% 14197 5222s
H   54    46                    249775.27334 242794.394  2.79% 15179 5222s
    55    62 245963.112    7 27922 249775.273 242794.394  2.79% 14904 5227s
    87   110 245963.353    9 27920 249775.273 242794.605  2.79%  9434 5233s
   119   142 245963.579   11 27918 249775.273 242794.811  2.79%  6900 5237s
H  151   158                    249756.17202 242794.811  2.79%  5449 5294s
H  152   158                    249742.02762 242794.811  2.78%  5413 5294s
H  156   158                    249739.76165 242794.811  2.78%  5278 5294s
H  158   158                    249739.18263 242794.811  2.78%  5214 5294s
H  159   158                    249732.61035 242794.811  2.78%  5181 5294s
   167   252 245963.803   14 27915 249732.610 242794.811  2.78%  4942 5404s
H  265   294                    249707.73109 242794.811  2.77%  4235 5601s
H  267   294                    249705.88743 242794.811  2.77%  4204 5601s
H  269   294                    249704.29760 242794.811  2.77%  4173 5601s
H  270   294                    249702.36277 242794.811  2.77%  4157 5601s
H  272   294                    249696.44472 242794.811  2.76%  4127 5601s
H  306   294                    249694.15614 242794.811  2.76%  3670 5601s
   307   504 245964.760   23 27904 249694.156 242794.811  2.76%  3658 5657s
   526   789 245965.847   36 27896 249694.156 242794.811  2.76%  2239 5695s
   824  1057 245966.232   50 27892 249694.156 242794.811  2.76%  1433 5738s
  1092  1350 245966.330   60 27892 249694.156 242794.811  2.76%  1100 5766s
  1390  1605 245966.710   74 27886 249694.156 242794.811  2.76%   867 5793s
  1666  1884 245966.930   93 27885 249694.156 242794.811  2.76%   726 5821s
  1955  2158 245967.227  112 27880 249694.156 242794.811  2.76%   620 5848s
  2239  2430 245967.398  131 27880 249694.156 242794.811  2.76%   543 5877s
  2516  2726 245967.806  145 27880 249694.156 242794.811  2.76%   486 5903s
  2816  3013 245968.110  161 27878 249694.156 242794.811  2.76%   435 5929s
  3112  3311 245968.856  179 27869 249694.156 242794.811  2.76%   394 5954s
  3416  3584 245969.161  197 27863 249694.156 242794.811  2.76%   360 5982s
  3698  3850 245969.793  206 27859 249694.156 242794.811  2.76%   334 6006s
  3971  4092 245971.604  223 27847 249694.156 242794.811  2.76%   312 6034s
  4223  4342 245972.207  241 27846 249694.156 242794.811  2.76%   296 6056s
  4492  4595 245974.114  255 27840 249694.156 242794.811  2.76%   279 6075s
  4769  4854 245974.712  269 27713 249694.156 242794.811  2.76%   264 6097s
  5037  5131 245974.850  275 27713 249694.156 242794.811  2.76%   250 6118s
  5322  5386 245974.941  279 27713 249694.156 242794.811  2.76%   238 6138s
  5587  5648 245974.972  282 27714 249694.156 242794.811  2.76%   227 6158s
  5873  5906 245975.035  285 27713 249694.156 242794.811  2.76%   216 6179s
  6147  6181 245976.918  293 27704 249694.156 242794.811  2.76%   207 6200s
  6438  6419 245978.605  309 27697 249694.156 242794.811  2.76%   198 6295s
  6689  6676 245979.518  315 27692 249694.156 242794.811  2.76%   202 6316s
  6950  6945 245979.568  318 27690 249694.156 242794.811  2.76%   195 6336s
  7226  7214 245983.410  335 27785 249694.156 242794.811  2.76%   188 6354s
  7508  7461 245987.144  353 27778 249694.156 242794.811  2.76%   181 6371s
  7755  7718 245987.563  362 27655 249694.156 242794.811  2.76%   176 6398s
  8017  7959 245988.749  368 27651 249694.156 242794.811  2.76%   172 6424s
  8260  8186 245991.076  377 27643 249694.156 242794.811  2.76%   169 6450s
  8489  8392 245993.249  389 27633 249694.156 242794.811  2.76%   166 6474s
  8697  8623 245995.640  400 27623 249694.156 242794.811  2.76%   164 6496s
  8939  8861 245997.308  406 27616 249694.156 242794.811  2.76%   160 6527s
  9181  9110 245997.548  409 27615 249694.156 242794.811  2.76%   158 6564s
  9438  9344 245998.067  412 27614 249694.156 242794.811  2.76%   156 6641s
  9673  9559 245998.629  416 27612 249694.156 242794.811  2.76%   162 6697s
  9891  9793 245999.871  422 27605 249694.156 242794.811  2.76%   162 6746s
 10128 10035 246000.380  427 27604 249694.156 242794.811  2.76%   162 6798s
 10374 10036 245964.036   15 51384 249694.156 242794.811  2.76%   161 9726s
 10376 10037 248916.016  164 83446 249694.156 242794.811  2.76%   161 9891s
 10377 10038 242914.054  500 95116 249694.156 242794.811  2.76%   161 9985s
 10378 10039 245967.019   75 100076 249694.156 242794.811  2.76%   161 10148s
 10379 10039 245964.450   20 99029 249694.156 242794.811  2.76%   161 10619s
 10380 10040 245969.567  193 92226 249694.156 242794.811  2.76%   161 10827s
 10381 10041 245968.609  157 86099 249694.156 242794.811  2.76%   161 10982s
 10382 10041 249636.936  565 79759 249694.156 242794.811  2.76%   161 11180s
 10383 10042 245969.382  193 73880 249694.156 242794.811  2.76%   161 11447s
 10384 10043 245996.399  404 57676 249694.156 242794.811  2.76%   161 11691s
 10385 10043 249636.541  698 54870 249694.156 242794.811  2.76%   161 11753s
 10386 10044 245967.574  136 50528 249694.156 242794.811  2.76%   161 11805s
 10387 10045 245967.450  117 50441 249694.156 242794.811  2.76%   161 11868s
 10388 10045 242815.044  410 48851 249694.156 242794.811  2.76%   161 11927s
H10388  9542                    249666.10028 242794.811  2.75%   161 12473s
 10389  9543 248912.821  200 63451 249666.100 242794.811  2.75%   161 12480s
 10390  9544 245968.111  162 56034 249666.100 242794.811  2.75%   161 12590s
 10391  9544 248916.634   67 47846 249666.100 242794.811  2.75%   161 13060s
 10392  9545 245992.076  365 50346 249666.100 242794.811  2.75%   161 13272s
 10393  9546 245998.479  424 48977 249666.100 242794.811  2.75%   161 13461s
 10394  9546 245968.824  196 52898 249666.100 242794.811  2.75%   161 13598s
 10395  9547 246010.754  529 53682 249666.100 242794.811  2.75%   161 13809s
 10396  9548 245986.480  332 53805 249666.100 242794.811  2.75%   161 14053s
 10397  9548 245984.020  300 54113 249666.100 242912.912  2.70%   161 14282s
 10398  9549 243001.123  135 54296 249666.100 243001.123  2.67%   161 14468s
 10399  9550 248915.918   75 54285 249666.100 243006.804  2.67%   161 14531s
 10400  9550 246017.090  594 53113 249666.100 243090.786  2.63%   161 14809s
 10401  9551 245987.912  352 53255 249666.100 243092.016  2.63%   161 14889s
 10402  9552 243099.102  383 53087 249666.100 243099.102  2.63%   161 14986s
 10403  9552 245991.434  373 66303 249666.100 243136.831  2.62%   161 15286s
 10404  9553 245969.327  198 65719 249666.100 243144.533  2.61%   161 15384s
 10405  9554 245970.647  224 65328 249666.100 243151.362  2.61%   161 15489s
 10406  9554 249632.896  272 65405 249666.100 243151.888  2.61%   161 15550s
 10407  9555 243154.494  153 65400 249666.100 243154.494  2.61%   161 15629s
 10408  9556 245967.893  147 66039 249666.100 243158.027  2.61%   161 15747s
 10409  9556 245967.292  125 65873 249666.100 243160.249  2.61%   161 15807s
 10410  9557 248915.883  305 65945 249666.100 243172.852  2.60%   161 15917s
 10411  9558 248912.757   80 66017 249666.100 243177.028  2.60%   161 16032s
 10412  9558 245966.227   53 65838 249666.100 243177.877  2.60%   161 16073s
 10413  9559 245964.456   18 65697 249666.100 243177.877  2.60%   161 16100s
 10414  9560 246027.405  623 65697 249666.100 243177.877  2.60%   161 16942s
 10415  9563 243177.895   16 65671 249666.100 243177.895  2.60%   304 17389s
 10416  9563 243177.905   16 65669 249666.100 243177.905  2.60%   304 17390s
 10417  9567 243216.427   17 65156 249666.100 243178.074  2.60%   307 17761s
 10421  9571 243517.523   18 56354 249666.100 243216.651  2.58%   320 19043s
 10429  9577 243518.050   19 56380 249666.100 243282.227  2.56%   448 19998s
H10443  9103                    249665.98819 243378.795  2.52%   513 21729s
H10445  8648                    249665.80279 243378.795  2.52%   524 21729s
 10448  8647 244095.896   20 78558 249665.803 243378.795  2.52%   551 21730s
H10451  8214                    249665.55214 243378.795  2.52%   555 21730s
H10458  7801                    249665.49707 243378.870  2.52%   580 21730s
 10459  7809     cutoff   21      249665.497 243378.870  2.52%   581 22142s
 10475  7815 244804.656   21 85069 249665.497 243378.870  2.52%   620 22772s
 10491  7824     cutoff   22      249665.497 243378.870  2.52%   661 33358s
H10492  7434                    249664.36225 243378.870  2.52%   661 33358s
H10493  7063                    249663.91274 243378.870  2.52%   661 33358s
H10495  6711                    249663.65673 243378.870  2.52%   661 33358s
H10498  6376                    249663.50798 243378.870  2.52%   661 33358s
H10500  6057                    249663.22464 243378.870  2.52%   661 33358s
H10505  5754                    249661.40404 243378.870  2.52%   661 33358s
 10507  5780     cutoff   22      249661.404 243378.870  2.52%   662 33535s
 10537  5793 246829.762   24 24231 249661.404 243378.870  2.52%   662 33916s
 10560  5817 246830.105   25 24201 249661.404 243378.870  2.52%   661 33938s
H10592  5539                    249561.04239 243378.870  2.48%   660 34141s
H10594  5267                    249560.94807 243378.870  2.48%   660 34141s
H10595  5007                    249559.83455 243378.870  2.48%   660 34141s
H10599  4760                    249558.60515 243378.870  2.48%   659 34141s
 10612  4802 246830.192   27 24200 249558.605 243378.870  2.48%   659 34541s
H10660  4569                    249513.68667 243378.870  2.46%   666 41769s
H10661  4346                    249513.68206 243378.870  2.46%   666 41769s
H10663  4135                    249193.76306 243378.870  2.33%   666 41769s
H10666  3934                    249193.71472 243378.870  2.33%   666 41769s
H10667  3743                    249192.72654 243378.870  2.33%   666 41769s
 10676  3755 246830.689   28 24200 249192.727 243378.870  2.33%   665 42986s
 10693  3814 246830.847   28 24198 249192.727 243378.870  2.33%   678 43006s
 10757  3863 246831.039   31 24198 249192.727 243378.870  2.33%   674 43549s
 10832  3924 246831.203   32 24198 249192.727 243378.870  2.33%   683 44104s
 10922  3993 246831.742   34 24197 249192.727 243378.870  2.33%   689 44551s
 11023  4067 246831.978   36 24195 249192.727 243378.870  2.33%   693 45190s
 11134  4172 246833.284   42 24188 249192.727 243378.870  2.33%   702 46201s
 11280  4259 246834.484   47 24188 249192.727 243378.870  2.33%   719 50236s
H11326  4063                    249192.55285 243378.870  2.33%   716 50236s
 11422  4187 246835.833   51 24184 249192.553 243378.870  2.33%   752 51429s
 11586  4303 246836.384   56 24178 249192.553 243378.870  2.33%   780 53361s
 11773  4416 246837.619   63 24172 249192.553 243378.870  2.33%   843 54802s
 11954  4526 246839.335   73 24168 249192.553 243378.870  2.33%   892 56519s
 12145  4668 246840.371   80 24160 249192.553 243378.870  2.33%   891 57713s
 12375  4820 246841.494   86 24159 249192.553 243378.870  2.33%   915 58064s
 12629  4972 246842.758   92 24153 249192.553 243378.870  2.33%   907 59182s
 12906  5122 246844.298   99 24145 249192.553 243378.870  2.33%   906 59600s
 13193  5251 246845.642  105 24137 249192.553 243378.870  2.33%   897 60547s
 13467  5374 246847.132  110 24131 249192.553 243378.870  2.33%   896 61488s
 13725  5530 246846.701  113 24130 249192.553 243378.870  2.33%   903 62477s
 14002  5678 246848.999  121 24124 249192.553 243378.870  2.33%   902 63483s
 14277  5797 246849.938  125 24118 249192.553 243378.870  2.33%   902 64014s
 14536  5969 246850.343  128 24117 249192.553 243378.870  2.33%   906 64925s
 14818  6109 246852.104  134 24110 249192.553 243378.870  2.33%   905 65951s
 15086  6227 246852.804  139 24105 249192.553 243378.870  2.33%   907 66835s
 15339  6351 246854.051  146 24099 249192.553 243378.870  2.33%   908 67879s
 15588  6458 246855.164  152 24097 249192.553 243378.870  2.33%   914 68645s
 15814  6632 246857.406  158 24090 249192.553 243378.870  2.33%   923 69207s
 16078  6786 246859.857  168 24079 249192.553 243378.870  2.33%   923 69907s
 16339  6944 246859.837  170 24078 249192.553 243378.870  2.33%   925 70449s
 16603  7104 246860.824  178 24079 249192.553 243378.870  2.33%   925 71045s
 16870  7225 246861.693  182 24075 249192.553 243378.870  2.33%   924 72133s
 17103  7385 246862.605  185 24072 249192.553 243378.870  2.33%   933 73416s
 17376  7514 246863.172  189 24069 249192.553 243378.870  2.33%   934 73957s
 17651  7660 246864.735  194 24064 249192.553 243378.870  2.33%   929 74572s
 17929  7822 246865.664  198 24062 249192.553 243378.870  2.33%   922 75100s
 18216  8000 246867.098  201 24058 249192.553 243378.870  2.33%   914 75477s
 18503  8179 246866.948  204 24056 249192.553 243378.870  2.33%   905 75940s
 18790  8360 246867.799  206 24054 249192.553 243378.870  2.33%   897 76381s
 19077  8534 246869.231  211 24051 249192.553 243378.870  2.33%   889 76792s
 19364  8703 246870.194  214 24050 249192.553 243378.870  2.33%   880 77198s
 19651  8872 246872.655  225 24041 249192.553 243378.870  2.33%   872 77626s
 19926  9037 246872.624  226 24041 249192.553 243378.870  2.33%   868 78054s
 20195  9211 246874.088  230 24035 249192.553 243378.870  2.33%   864 78518s
 20465  9391 246874.284  231 24038 249192.553 243378.870  2.33%   860 79042s
 20752  9593 246875.250  235 24035 249192.553 243378.870  2.33%   860 80129s
 21032  9866 246876.312  241 24034 249192.553 243378.870  2.33%   860 80391s
 21321 10119 246876.994  243 24031 249192.553 243378.870  2.33%   850 80791s
 21608 10378 246877.573  245 24027 249192.553 243378.870  2.33%   844 81220s
 21888 10651 246878.356  248 24025 249192.553 243378.870  2.33%   840 81589s
 22175 10917 246878.984  252 24022 249192.553 243378.870  2.33%   833 91302s
H22315 10917                    249191.99816 243378.870  2.33%   828 91302s
 22451 11173 246880.996  259 24015 249191.998 243378.870  2.33%   830 91800s
 22722 11419 246882.709  265 24005 249191.998 243378.870  2.33%   828 92413s
 22990 11567 246882.959  269 24005 249191.998 243378.870  2.33%   829 93264s
 23154 11824 246883.891  270 24001 249191.998 243378.870  2.33%   830 93742s
 23428 12047 246883.952  270 24002 249191.998 243378.870  2.33%   826 94829s
 23674 12306 246884.781  277 23997 249191.998 243378.870  2.33%   830 95658s
 23947 12549 246886.259  279 23994 249191.998 243378.870  2.33%   832 96347s
 24202 12811 246886.049  283 23994 249191.998 243378.870  2.33%   835 97015s
 24481 13073 246886.879  284 23993 249191.998 243378.870  2.33%   833 98022s
 24752 13338 246888.375  290 23990 249191.998 243378.870  2.33%   833 99041s
 25027 13577 246888.621  294 23985 249191.998 243378.870  2.33%   834 99643s
 25285 13797 246890.527  299 23975 249191.998 243378.870  2.33%   834 100330s
 25542 14024 246892.323  307 23971 249191.998 243378.870  2.33%   837 101143s
 25804 14154 246893.292  311 23965 249191.998 243378.870  2.33%   839 102431s
 25960 14402 246893.320  311 23965 249191.998 243378.870  2.33%   847 103154s
 26223 14644 246894.277  316 23960 249191.998 243378.870  2.33%   848 104151s
 26481 14892 246894.721  318 23958 249191.998 243378.870  2.33%   851 104605s
 26747 15121 246897.632  332 23949 249191.998 243378.870  2.33%   852 105801s
 26995 15367 246897.619  332 23954 249191.998 243378.870  2.33%   858 107007s
 27262 15607 246898.706  336 23946 249191.998 243378.870  2.33%   864 108172s
 27522 15853 246898.959  337 23948 249191.998 243378.870  2.33%   868 108916s
 27788 16095 246899.837  341 23944 249191.998 243378.870  2.33%   868 109294s
 28060 16354 246900.041  343 23942 249191.998 243378.870  2.33%   865 109692s
 28340 16581 246901.104  346 23938 249191.998 243378.870  2.33%   862 110162s
 28597 16823 246901.672  347 23936 249191.998 243378.870  2.33%   861 110729s
 28863 17069 246902.373  350 23938 249191.998 243378.870  2.33%   860 111906s
 29129 17305 246903.168  353 23936 249191.998 243378.870  2.33%   863 112316s
 29377 17542 246904.685  358 23933 249191.998 243378.870  2.33%   862 113816s
 29632 17742 246905.127  359 23932 249191.998 243378.870  2.33%   866 114337s
 29869 18005 246905.586  361 23932 249191.998 243378.870  2.33%   868 114725s
 30145 18273 246906.943  365 23926 249191.998 243378.870  2.33%   864 115109s
 30421 18530 246907.597  367 23922 249191.998 243378.870  2.33%   861 115637s
 30690 18765 246909.391  372 23921 249191.998 243378.870  2.33%   861 116083s
 30946 19014 246910.802  376 23914 249191.998 243378.870  2.33%   862 116485s
 31205 19255 246912.403  381 23910 249191.998 243378.870  2.33%   862 117736s
 31467 19514 246913.546  384 23906 249191.998 243378.870  2.33%   867 118216s
 31735 19774 246912.473  382 23907 249191.998 243378.870  2.33%   865 118625s
 32011 20039 246914.166  387 23903 249191.998 243378.870  2.33%   862 119010s
 32285 20282 246916.376  393 23899 249191.998 243378.870  2.33%   860 119599s
 32545 20507 246916.826  397 23893 249191.998 243378.870  2.33%   859 120779s
 32793 20756 246917.899  401 23893 249191.998 243378.870  2.33%   863 121238s
 33067 20981 246919.402  406 23887 249191.998 243378.870  2.33%   860 121717s
 33327 21212 246920.821  411 23881 249191.998 243378.870  2.33%   859 122731s
 33586 21438 246921.480  413 23880 249191.998 243378.870  2.33%   864 123665s
 33832 21668 246922.516  418 23877 249191.998 243378.870  2.33%   869 124114s
 34075 21907 246923.639  422 23873 249191.998 243378.870  2.33%   868 124522s
 34335 22088 246925.443  427 23866 249191.998 243378.870  2.33%   867 125162s
 34536 22320 246925.275  426 23867 249191.998 243378.870  2.33%   866 125605s
 34785 22566 246928.589  436 23860 249191.998 243378.870  2.33%   865 126014s
H35059 22581                    249191.98612 243378.870  2.33%   863 130464s
H35062 18272                    248721.89680 243378.870  2.15%   863 130464s
H35069 18262                    248716.66637 243378.870  2.15%   863 130464s
 35076 18448 246929.566  440 23856 248716.666 243378.870  2.15%   863 131155s
 35319 18679 246929.371  439 23857 248716.666 243378.870  2.15%   872 131615s
 35566 18933 246930.652  445 23853 248716.666 243378.870  2.15%   872 132070s
 35842 19167 246932.323  448 23848 248716.666 243378.870  2.15%   872 132634s
 36094 19418 246932.567  450 23846 248716.666 243378.870  2.15%   873 133090s
 36362 19657 246933.627  452 23843 248716.666 243378.870  2.15%   872 133979s
H36434 19161                    248565.35788 243378.870  2.09%   870 133979s
 36613 19314 246934.231  457 23841 248565.358 243378.870  2.09%   871 134719s
 36852 19550 246935.990  465 23835 248565.358 243378.870  2.09%   876 135215s
 37106 19806 246935.561  466 23837 248565.358 243378.870  2.09%   877 135660s
 37380 20053 246936.640  470 23831 248565.358 243378.870  2.09%   875 136078s
 37654 20216 246937.772  475 23824 248565.358 243378.870  2.09%   872 136432s
 37837 20449 246937.710  476 23822 248565.358 243378.870  2.09%   869 136833s
 38105 20652 246938.924  481 23817 248565.358 243378.870  2.09%   868 137275s
 38347 20877 246940.800  486 23811 248565.358 243378.870  2.09%   869 137780s
 38590 21092 246941.341  489 23809 248565.358 243378.870  2.09%   869 138514s
 38824 21334 246942.638  491 23809 248565.358 243378.870  2.09%   872 138953s
 39080 21575 246943.018  493 23806 248565.358 243378.870  2.09%   871 139355s
 39339 21799 246944.800  499 23800 248565.358 243378.870  2.09%   870 139778s
 39610 22009 246945.908  502 23795 248565.358 243378.870  2.09%   870 140349s
 39853 22238 246947.349  505 23798 248565.358 243378.870  2.09%   872 141334s
 40117 22496 246948.010  511 23792 248565.358 243378.870  2.09%   874 141747s
 40392 22726 246949.445  513 23791 248565.358 243378.870  2.09%   872 142261s
 40654 22961 246949.613  518 23786 248565.358 243378.870  2.09%   871 142697s
H40930 22952                    248561.19003 243378.870  2.08%   870 173022s
 40931 22953 248349.081  144 51384 248561.190 243378.870  2.08%   870 178717s
H40932 21806                    248560.83294 243378.870  2.08%   870 178996s
 40933 21806 244797.377  426 83169 248560.833 243378.870  2.08%   870 179004s
 40934 21807 244742.838  678 109047 248560.833 243378.870  2.08%   870 179404s
 40935 21808 247032.969 1074 89263 248560.833 243378.870  2.08%   870 179850s
 40936 21808 244860.204  515 87448 248560.833 243378.870  2.08%   870 180753s
H40936 20717                    248554.33083 243378.870  2.08%   870 180968s
 40937 20718 246925.029  543 87393 248554.331 243378.870  2.08%   870 181032s
H40937 19682                    248553.94262 243378.870  2.08%   870 181325s
 40938 19683 248402.656  103 85725 248553.943 243378.870  2.08%   870 181416s
 40939 19683 245940.910  125 81327 248553.943 243378.870  2.08%   870 181788s
 40940 19684 244567.944  345 83121 248553.943 243378.870  2.08%   870 182141s
 40941 19685 245126.637 1162 76764 248553.943 243378.870  2.08%   870 182445s
 40942 19685 245081.782 1086 87903 248553.943 243378.870  2.08%   870 182546s
 40943 19686 246903.863  355 58405 248553.943 243378.870  2.08%   870 182871s
 40944 19687 244557.886  134 57837 248553.943 243378.870  2.08%   870 183017s
 40945 19687 247017.069  938 55320 248553.943 243378.870  2.08%   870 183133s
 40946 19688 247986.220  880 76816 248553.943 243378.870  2.08%   870 184034s
 40947 19689 244629.247  202 67097 248553.943 243378.870  2.08%   870 184275s
 40948 19689 246843.730   70 63495 248553.943 243378.870  2.08%   870 184763s
 40949 19690 245280.459  477 63271 248553.943 243378.870  2.08%   870 184944s
 40950 19691 246886.377  284 64550 248553.943 243378.870  2.08%   870 185193s
 40951 19691 248401.785 1160 64379 248553.943 243378.870  2.08%   870 185298s
 40952 19692 246952.668  614 64476 248553.943 243378.870  2.08%   870 185502s
 40953 19693 248371.147 1134 63893 248553.943 243378.870  2.08%   870 185988s
 40954 19693 248351.295 1316 63168 248553.943 243378.870  2.08%   870 186401s
 40955 19694 246965.812  654 62223 248553.943 243378.870  2.08%   870 186746s
 40956 19695 246945.906  571 62030 248553.943 243378.870  2.08%   869 186953s
 40957 19695 247126.716 1921 60989 248553.943 243378.870  2.08%   869 187162s
 40958 19696 247070.877 1531 56065 248553.943 243378.870  2.08%   869 188063s
 40959 19697 247003.019  894 56466 248553.943 243378.870  2.08%   869 188143s
 40960 19697 244563.910  258 56543 248553.943 243378.870  2.08%   869 188663s
 40961 19698 245085.336 1092 56546 248553.943 243378.870  2.08%   869 189133s
 40962 19699 244560.631  293 56614 248553.943 243378.870  2.08%   869 189213s
 40963 19699 247089.106 1659 56793 248553.943 243378.870  2.08%   869 190027s
 40964 19700 244856.146  511 56697 248553.943 243378.870  2.08%   869 191098s
 40965 19701 244631.522  411 56793 248553.943 243378.870  2.08%   869 191162s
 40966 19701 244900.185  173 65505 248553.943 243378.870  2.08%   869 191421s
 40967 19702 247081.514 1607 65367 248553.943 243378.870  2.08%   869 192727s
 40968 19703 246258.400  334 65446 248553.943 243378.870  2.08%   869 193616s
 40969 19703 248468.072  736 65472 248553.943 243378.870  2.08%   869 194639s
H40969 18717                    248553.83354 243378.870  2.08%   869 195351s
H40969 17781                    248553.79405 243378.870  2.08%   869 195351s
H40969 16891                    248553.76171 243378.870  2.08%   869 196101s
H40970 16047                    248553.73015 243378.870  2.08%   869 196258s
H40970 15244                    248553.71620 243378.870  2.08%   869 196258s
 40971 15245 245512.575  125 65432 248553.716 243389.153  2.08%   869 196287s
 40972 15245 244561.435  226 65477 248553.716 243389.153  2.08%   869 197189s
 40973 15246 248522.644  801 65458 248553.716 243389.279  2.08%   869 198116s
H40973 14483                    248553.70110 243389.279  2.08%   869 199029s
 40974 14484 246977.632  722 65138 248553.701 243389.279  2.08%   869 199141s
H40974 13759                    248553.67316 243461.561  2.05%   869 199821s
 40976 13760 247094.578 1692 65152 248553.673 243461.561  2.05%   869 200834s
H40976 13071                    248553.57394 243461.561  2.05%   869 202073s
H40976 12417                    248553.43150 243461.561  2.05%   869 202073s
 40977 12418 247034.547 1081 65124 248553.431 243461.561  2.05%   869 202853s
H40977 11796                    248553.25284 243461.561  2.05%   869 202921s
H40977 11206                    248553.04701 243461.561  2.05%   869 202985s
 40978 11206 245355.733  271 65208 248553.047 243461.561  2.05%   869 203737s
 40979 11207 247038.131 1274 65177 248553.047 243461.561  2.05%   869 204560s
H40979 10645                    248552.81781 243461.561  2.05%   869 205583s
 40980 10646 246954.072  732 65194 248552.818 243461.561  2.05%   869 205808s
 40981 10646 246949.259  582 65204 248552.818 243461.561  2.05%   869 206926s
 40982 10647 246838.833   86 65193 248552.818 243461.561  2.05%   869 208244s
H40982 10114                    248552.78753 243502.513  2.03%   869 209761s
 40984 10115 246864.400  193 65296 248552.788 243503.513  2.03%   869 209908s
 40985 10116 248478.778  170 65189 248552.788 244666.554  1.56%   869 211011s
 40986 10117 244666.554  171 65114 248552.788 244666.554  1.56%   869 212224s
 40987 10117 246924.195  470 64582 248552.788 244666.611  1.56%   869 213626s
H40987  9610                    248552.73138 244732.593  1.54%   869 214940s
 40989  9612 244732.593   60 64536 248552.731 244732.593  1.54%   869 215751s
 40990  9612 247121.049 1867 64561 248552.731 244732.593  1.54%   869 216907s
 40991  9613 244732.593  281 64727 248552.731 244732.593  1.54%   869 217845s
H40991  9132                    248552.68695 244732.593  1.54%   869 218877s
 40993  9133 246998.202  837 64736 248552.687 244732.593  1.54%   869 220401s
 40994  9134 244732.593  221 64788 248552.687 244732.593  1.54%   869 221472s
 40995  9135 247056.499 1408 64595 248552.687 244732.593  1.54%   869 223098s
H40995  8677                    248552.56670 244732.593  1.54%   869 224620s
H40996  8242                    248551.61021 244732.593  1.54%   869 226734s
H40996  7829                    248550.77059 244732.593  1.54%   869 226734s
 40997  7830 246792.570  433 64599 248550.771 244732.593  1.54%   869 226748s
H40997  7437                    248533.04189 244732.593  1.53%   869 228307s
H40997  7064                    248531.04870 244732.593  1.53%   869 228307s
 40998  7065 246504.149  175 64561 248531.049 244732.593  1.53%   869 229022s
H40998  6711                    248529.85648 244732.593  1.53%   869 230633s
 40999  6711 245282.908  454 64585 248529.856 244732.593  1.53%   869 230674s
H40999  6374                    248528.87015 244732.593  1.53%   869 231804s
 41000  6375 244732.593   39 64523 248528.870 244732.593  1.53%   869 232975s
H41000  6055                    248528.45477 244732.593  1.53%   869 233389s
H41000  5751                    248527.17241 244732.593  1.53%   869 234893s
 41001  5752 246884.705  276 64610 248527.172 244732.593  1.53%   869 234946s
H41001  5463                    248526.45338 244732.593  1.53%   869 236025s
 41002  5463 247007.835 1063 64583 248526.453 244732.593  1.53%   869 237324s
H41002  5189                    248525.28121 244732.593  1.53%   869 237977s
 41003  5190 246911.067  409 64614 248525.281 244732.593  1.53%   868 239748s
H41003  4929                    248525.24201 244732.593  1.53%   868 240512s
H41004  4682                    248522.51855 244732.593  1.52%   868 241823s
 41005  4682 247081.380 1608 64703 248522.519 244732.593  1.52%   868 241845s
 41006  4683 245060.762  678 64645 248522.519 244732.593  1.52%   868 242535s
H41006  4448                    248522.23965 244732.593  1.52%   868 243325s
 41007  4449 246951.222  592 64671 248522.240 244732.593  1.52%   868 243351s
H41007  4225                    248521.93513 244732.593  1.52%   868 244751s
 41009  4226 248521.935  852 64692 248521.935 244732.593  1.52%   868 245480s
 41010  4227 246914.866  390 64661 248521.935 244732.593  1.52%   868 246298s
 41011  4227 244732.593  168 64718 248521.935 244732.593  1.52%   868 247269s
H41011  4015                    248521.23484 244732.593  1.52%   868 247888s
 41013  4017 246286.505  156 64745 248521.235 244732.593  1.52%   868 248070s
 41014  4017 244732.593  527 64751 248521.235 244732.593  1.52%   868 248250s
H41014  3814                    248520.72375 244732.593  1.52%   868 249119s
H41014  3622                    248518.41326 244732.593  1.52%   868 249119s
H41014  3440                    248516.49005 244732.593  1.52%   868 249120s
H41014  3266                    248514.77288 244732.593  1.52%   868 249120s
H41014  3102                    248512.52649 244732.593  1.52%   868 249120s
 41015  3103 244732.593  190 64756 248512.526 244732.593  1.52%   868 249143s
H41015  2946                    248509.94174 244732.593  1.52%   868 249997s
 41016  2947 248499.663  715 64647 248509.942 244732.593  1.52%   868 250693s
H41016  2798                    248504.04146 244732.593  1.52%   868 251753s
 41017  2798 246868.232  170 64685 248504.041 244732.593  1.52%   868 251773s
H41017  2657                    248503.56086 244732.593  1.52%   868 254551s
 41019  2659 248058.379  782 64801 248503.561 244732.593  1.52%   868 256180s
 41020  2659 246905.637  362 64757 248503.561 244732.593  1.52%   868 257108s
 41021  2660 247049.861 1359 64762 248503.561 244732.593  1.52%   868 258803s
H41021  2525                    248503.42248 244732.593  1.52%   868 260597s
 41023  2526 244996.514  781 64789 248503.422 244732.593  1.52%   868 261664s
 41024  2527 246839.542   74 64780 248503.422 244732.593  1.52%   868 262476s
 41025  2528 244732.593   25 64902 248503.422 244732.593  1.52%   868 263918s
H41025  2400                    248503.20602 244732.593  1.52%   868 264954s
H41025  2279                    248503.03469 244732.593  1.52%   868 265927s
 41027  2280 244732.593   40 64776 248503.035 244732.593  1.52%   868 267439s
 41028  2281 246949.881  684 64754 248503.035 244732.593  1.52%   868 269329s
 41029  2281 246834.686   50 64814 248503.035 244732.593  1.52%   868 271092s
H41029  2165                    248500.47992 244732.593  1.52%   868 272473s
 41030  2166 247133.358 1974 64819 248500.480 244732.593  1.52%   868 273237s
H41030  2056                    248498.25991 244732.593  1.52%   868 273711s
H41030  1952                    248496.44268 244732.593  1.51%   868 275587s
 41031  1953 248349.081  144 64890 248496.443 244732.593  1.51%   868 275631s
 41032  1953 244732.593   92 64905 248496.443 244732.593  1.51%   868 276497s
 41033  1954 244797.377  426 64894 248496.443 244732.593  1.51%   868 277697s
 41034  1955 244742.838  678 64952 248496.443 244732.593  1.51%   868 278584s
 41035  1955 247032.969 1074 64943 248496.443 244732.593  1.51%   868 279657s
H41035  1855                    248491.92705 244732.593  1.51%   868 280392s
 41036  1856 244860.204  515 64913 248491.927 244732.593  1.51%   868 281039s
 41037  1857 246925.029  543 64947 248491.927 244732.593  1.51%   868 282053s
 41038  1857 248402.656  103 65055 248491.927 244732.593  1.51%   868 283133s
 41039  1858 245940.910  125 65045 248491.927 244732.593  1.51%   868 284083s
 41040  1859 244732.593  345 65104 248491.927 244732.593  1.51%   868 285162s
 41041  1859 245126.637 1162 65037 248491.927 244732.593  1.51%   868 286057s
H41041  1764                    248491.28609 244732.593  1.51%   868 288413s
H41042  1675                    248491.04165 244732.593  1.51%   868 288567s
 41043  1676 246903.863  355 65130 248491.042 244732.593  1.51%   868 289365s
 41044  1676 244732.593  134 65080 248491.042 244732.593  1.51%   868 290696s
 41045  1677 247017.069  938 65092 248491.042 244732.593  1.51%   868 291622s
H41045  1591                    248490.92475 244732.593  1.51%   868 292768s
 41047  1592 244732.593  202 65096 248490.925 244732.593  1.51%   868 293641s
 41048  1593 246843.730   70 65067 248490.925 244732.593  1.51%   868 294779s
 41049  1594 245280.459  477 65162 248490.925 244732.593  1.51%   868 295894s
H41049  1513                    248487.57554 244732.593  1.51%   868 297015s
H41049  1435                    248484.54472 244732.593  1.51%   868 297015s
H41049  1361                    248480.53606 244732.593  1.51%   868 297015s
 41050  1361 246886.377  284 65168 248480.536 244732.593  1.51%   867 298035s
H41050  1291                    248478.57280 244732.593  1.51%   867 298595s
H41050  1225                    248473.37563 244732.593  1.51%   867 298596s
 41051  1226 248401.785 1160 65168 248473.376 244732.593  1.51%   867 298647s
 41052  1227 246952.668  614 65075 248473.376 244732.593  1.51%   867 298738s
 41053  1227 248371.147 1134 65146 248473.376 244732.593  1.51%   867 298854s
 41054  1228 248351.295 1316 65094 248473.376 244732.593  1.51%   867 298925s
 41055  1229 246965.812  654 64860 248473.376 244732.593  1.51%   867 299124s
 41056  1229 246945.906  571 64598 248473.376 244732.593  1.51%   867 299752s
 41057  1230 247126.716 1921 64555 248473.376 244732.593  1.51%   867 299863s

Cutting planes:
  Learned: 22
  Gomory: 875
  Cover: 8667
  MIR: 143824
  StrongCG: 1
  Flow cover: 63186
  Relax-and-lift: 938

Explored 41057 nodes (39152286 simplex iterations) in 300002.07 seconds
Thread count was 32 (of 32 available processors)

Solution count 10: 248473 248479 248481 ... 248498

Time limit reached
Best objective 2.484733756340e+05, best bound 2.447325932186e+05, gap 1.5055%

