Solver command line: ['/opt/gurobi911/linux64/bin/gurobi.sh']


--------------------------------------------
Warning: your license will expire in 4 days
--------------------------------------------

Academic license - for non-commercial use only - expires 2021-10-07
Using license file /home/cie/gurobi.lic
Read LP format model from file /tmp/tmp0o07olgd.pyomo.lp
Reading time = 2.11 seconds
x1051207: 1051205 rows, 700807 columns, 2755577 nonzeros
Read MIP start from file /tmp/tmpb_rzn01s.gurobi.mst
Changed value of parameter timelimit to 300000.0
   Prev: inf  Min: 0.0  Max: inf  Default: inf
Changed value of parameter mipgap to 0.005
   Prev: 0.0001  Min: 0.0  Max: inf  Default: 0.0001
Gurobi Optimizer version 9.1.1 build v9.1.1rc0 (linux64)
Thread count: 16 physical cores, 32 logical processors, using up to 32 threads
Optimize a model with 1051205 rows, 700807 columns and 2755577 nonzeros
Model fingerprint: 0x826f54b7
Variable types: 525605 continuous, 175202 integer (0 binary)
Coefficient statistics:
  Matrix range     [1e-02, 1e+02]
  Objective range  [6e-03, 5e+04]
  Bounds range     [2e+00, 1e+03]
  RHS range        [1e+00, 4e+02]

Warning: Completing partial solution with 175200 unfixed non-continuous variables out of 175202
User MIP start produced solution with objective 450977 (1339.76s)
Loaded user MIP start with objective 450977
Processed MIP start in 2410.78 seconds

Presolve removed 14 rows and 82983 columns
Presolve time: 1.81s
Presolved: 1051191 rows, 617824 columns, 2672601 nonzeros
Variable types: 442622 continuous, 175202 integer (0 binary)

Deterministic concurrent LP optimizer: primal simplex, dual simplex, and barrier
Showing barrier log only...

Root barrier log...

Ordering time: 0.08s

Barrier statistics:
 Dense cols : 4
 AA' NZ     : 1.967e+06
 Factor NZ  : 7.358e+06 (roughly 500 MBytes of memory)
 Factor Ops : 8.094e+07 (less than 1 second per iteration)
 Threads    : 14

                  Objective                Residual
Iter       Primal          Dual         Primal    Dual     Compl     Time
   0   3.40161268e+08 -3.02164944e+10  1.75e+06 8.07e+01  2.48e+06  2415s
   1   3.35844986e+08 -3.61980730e+10  1.72e+06 8.48e+02  2.08e+06  2416s
   2   2.06033829e+08 -4.12506111e+10  9.24e+05 1.36e+01  1.03e+06  2417s
   3   1.45088980e+08 -4.14663849e+10  6.56e+05 1.19e-06  8.02e+05  2418s
   4   3.15036093e+06 -3.60257189e+10  8.14e+03 3.82e-06  3.32e+04  2419s
   5   1.75509018e+06 -6.62059470e+09  1.83e+03 4.00e-02  5.28e+03  2420s
   6   1.37723787e+06 -1.04311281e+09  2.11e+02 2.83e-12  7.37e+02  2421s
   7   1.32239002e+06 -3.71808008e+07  1.71e-12 7.05e-07  2.59e+01  2422s
   8   1.29110227e+06 -5.86995273e+06  3.88e-12 1.22e-07  4.81e+00  2423s
   9   1.16296240e+06 -4.98664081e+06  4.18e-12 1.09e-07  4.13e+00  2424s
  10   1.00637224e+06 -1.41341501e+06  2.61e-12 3.52e-08  1.62e+00  2425s
  11   8.38046326e+05 -5.54944933e+05  2.02e-12 1.97e-08  9.35e-01  2426s
  12   7.46734785e+05 -2.91562146e+05  1.83e-12 1.44e-08  6.97e-01  2427s
  13   7.40638314e+05 -2.38991364e+05  1.77e-12 1.31e-08  6.58e-01  2428s
  14   6.74916361e+05 -1.92236944e+05  1.39e-12 1.18e-08  5.82e-01  2429s
  15   6.08408848e+05 -9.80434639e+04  1.10e-12 1.04e-08  4.74e-01  2430s
  16   5.55144226e+05  5.95434889e+04  8.46e-13 6.94e-09  3.33e-01  2431s
  17   5.08254399e+05  1.55576911e+05  1.04e-12 4.64e-09  2.37e-01  2432s
  18   4.76269724e+05  2.29916891e+05  2.05e-12 2.98e-09  1.65e-01  2434s
  19   4.57358921e+05  3.12841055e+05  2.35e-12 1.78e-09  9.70e-02  2435s
  20   4.46591276e+05  3.46465489e+05  1.14e-11 1.31e-09  6.72e-02  2436s
  21   4.37109269e+05  3.72340013e+05  1.12e-10 8.08e-10  4.35e-02  2437s
  22   4.33227317e+05  3.80105230e+05  1.12e-10 4.44e-10  3.57e-02  2438s
  23   4.30477054e+05  3.95178109e+05  1.12e-10 7.57e-10  2.37e-02  2439s
  24   4.26828459e+05  4.05063507e+05  1.73e-10 5.20e-10  1.46e-02  2440s
  25   4.23247807e+05  4.11410100e+05  3.33e-10 2.55e-10  7.95e-03  2441s
  26   4.21918993e+05  4.16359837e+05  9.45e-10 1.31e-10  3.73e-03  2443s
  27   4.21292073e+05  4.18372920e+05  1.60e-09 1.96e-10  1.96e-03  2444s
  28   4.20983795e+05  4.19165386e+05  7.05e-10 3.27e-11  1.22e-03  2445s
  29   4.20860821e+05  4.19934599e+05  3.84e-10 1.29e-10  6.22e-04  2446s
  30   4.20757918e+05  4.20222984e+05  1.16e-10 1.89e-10  3.59e-04  2447s
  31   4.20721222e+05  4.20626800e+05  4.03e-11 2.15e-10  6.34e-05  2448s
  32   4.20711115e+05  4.20696782e+05  1.01e-09 4.55e-11  9.62e-06  2449s
  33   4.20707923e+05  4.20707029e+05  5.10e-10 3.04e-09  6.00e-07  2450s
  34   4.20707405e+05  4.20707393e+05  9.43e-12 2.18e-14  8.12e-09  2451s
  35   4.20707405e+05  4.20707393e+05  2.46e-06 5.64e-11  8.09e-09  2452s
  36   4.20707405e+05  4.20707393e+05  2.07e-06 5.46e-11  8.09e-09  2453s
  37   4.20707405e+05  4.20707393e+05  1.83e-06 3.64e-12  8.09e-09  2455s

Barrier solved model in 37 iterations and 2455.12 seconds
Optimal objective 4.20707405e+05


Root crossover log...

     272 DPushes remaining with DInf 0.0000000e+00              2456s
       0 DPushes remaining with DInf 0.0000000e+00              2457s

  107527 PPushes remaining with PInf 3.0690748e-06              2457s
  104139 PPushes remaining with PInf 1.0981960e-06              2462s
  103027 PPushes remaining with PInf 0.0000000e+00              2467s
   69638 PPushes remaining with PInf 0.0000000e+00              2470s
   32878 PPushes remaining with PInf 0.0000000e+00              2476s
    5445 PPushes remaining with PInf 0.0000000e+00              2481s
       0 PPushes remaining with PInf 0.0000000e+00              2483s

  Push phase complete: Pinf 0.0000000e+00, Dinf 7.9556014e-09   2483s


Root simplex log...

Iteration    Objective       Primal Inf.    Dual Inf.      Time
  107677    4.2070740e+05   0.000000e+00   0.000000e+00   2484s
  107677    4.2070740e+05   0.000000e+00   0.000000e+00   2486s
Concurrent spin time: 0.00s

Solved with barrier

Root relaxation: objective 4.207074e+05, 107677 iterations, 72.68 seconds

    Nodes    |    Current Node    |     Objective Bounds      |     Work
 Expl Unexpl |  Obj  Depth IntInf | Incumbent    BestBd   Gap | It/Node Time

     0     0 420707.395    0 63027 450976.830 420707.395  6.71%     - 2871s
     0     0 420835.347    0 56125 450976.830 420835.347  6.68%     - 4044s
     0     0 420891.094    0 33846 450976.830 420891.094  6.67%     - 5196s
     0     0 420891.638    0 34110 450976.830 420891.638  6.67%     - 5225s
     0     0 420891.670    0 34128 450976.830 420891.670  6.67%     - 5232s
     0     0 420961.637    0 62894 450976.830 420961.637  6.66%     - 5754s
H    0     0                    432159.92128 420961.637  2.59%     - 6013s
     0     0 421011.034    0 34278 432159.921 421011.034  2.58%     - 6172s
     0     0 421011.223    0 34355 432159.921 421011.223  2.58%     - 6182s
     0     0 421011.226    0 34357 432159.921 421011.226  2.58%     - 6187s
     0     0 421029.993    0 34019 432159.921 421029.993  2.58%     - 6547s
     0     0 421035.767    0 34145 432159.921 421035.767  2.57%     - 7243s
     0     0 421035.914    0 34174 432159.921 421035.914  2.57%     - 7270s
     0     0 421035.943    0 34181 432159.921 421035.943  2.57%     - 7277s
     0     0 421104.100    0 67274 432159.921 421104.100  2.56%     - 7965s
     0     0 421113.750    0 33622 432159.921 421113.750  2.56%     - 8172s
     0     0 421113.913    0 33775 432159.921 421113.913  2.56%     - 8212s
     0     0 421113.947    0 33788 432159.921 421113.947  2.56%     - 8222s
     0     0 421118.576    0 33968 432159.921 421118.576  2.55%     - 8370s
H    0     0                    430494.03043 421118.576  2.18%     - 9232s
     0     0 421118.689    0 34023 430494.030 421118.689  2.18%     - 10444s
     0     0 421118.693    0 34032 430494.030 421118.693  2.18%     - 10452s
     0     0 421121.598    0 33974 430494.030 421121.598  2.18%     - 10515s
     0     0 421121.610    0 33986 430494.030 421121.610  2.18%     - 10534s
     0     0 421122.360    0 33992 430494.030 421122.360  2.18%     - 10591s
     0     0 421122.371    0 34001 430494.030 421122.371  2.18%     - 10603s
     0     0 421123.177    0 33994 430494.030 421123.177  2.18%     - 10650s
     0     0 421123.182    0 34003 430494.030 421123.182  2.18%     - 10671s
     0     0 421123.939    0 33994 430494.030 421123.939  2.18%     - 10723s
     0     0 421123.939    0 33588 430494.030 421123.939  2.18%     - 10946s
     0     2 421123.939    0 33561 430494.030 421123.939  2.18%     - 11118s
     1     4 423154.543    1 38914 430494.030 421123.941  2.18% 197162 15758s
     3     4 infeasible    2      430494.030 423224.443  1.69% 106558 16517s
     7     8 423609.260    3 7302 430494.030 423606.706  1.60% 55859 16546s
    11    16 423611.147    4 7269 430494.030 423609.329  1.60% 36097 16568s
    19    32 423611.376    5 7270 430494.030 423611.075  1.60% 21405 16595s
H   35    48                    430489.87820 423611.083  1.60% 11735 17238s
H   36    48                    430488.31945 423611.083  1.60% 11594 17238s
    51    64 423611.688    7 7263 430488.319 423611.087  1.60%  9399 17243s
    67    80 423611.757    8 7262 430488.319 423611.087  1.60%  7158 17249s
    83    96 423611.901    8 7260 430488.319 423611.087  1.60%  5785 17261s
    99   118 423611.969    9 7259 430488.319 423611.087  1.60%  4860 17270s
   121   182 423611.985   11 7259 430488.319 423611.087  1.60%  3984 18193s
H  124   182                    430288.73885 423611.087  1.55%  3888 18193s
H  144   182                    430256.19263 423611.087  1.54%  3350 18193s
H  184   182                    430112.70964 423611.087  1.51%  2627 18193s
   185   484 423612.689   13 7258 430112.710 423611.087  1.51%  2613 18289s
   487   788 423612.692   28 7250 430112.710 423611.087  1.51%  1016 18357s
   791  1090 423613.085   47 7244 430112.710 423611.087  1.51%   634 18392s
  1093  1378 423613.085   66 7244 430112.710 423611.087  1.51%   461 18437s
  1381  1636 423613.091   85 7241 430112.710 423611.087  1.51%   368 18492s
  1639  1866 423613.419   99 7237 430112.710 423611.087  1.51%   314 18557s
  1869  2096 423614.383  109 7232 430112.710 423611.087  1.51%   280 18619s
  2099  2322 423615.024  123 7223 430112.710 423611.087  1.51%   253 18671s
  2325  2577 423615.321  128 7222 430112.710 423611.087  1.51%   231 18721s
  2580  2791 423615.462  131 7215 430112.710 423611.087  1.51%   211 18779s
  2794  3042 423615.956  134 7215 430112.710 423611.087  1.51%   198 18837s
  3045  3279 423616.015  137 7212 430112.710 423611.087  1.51%   184 18889s
  3282  3556 423616.492  149 7203 430112.710 423611.087  1.51%   172 18926s
  3559  3835 423616.752  168 7197 430112.710 423611.087  1.51%   160 18962s
  3838  4123 423617.495  187 7190 430112.710 423611.087  1.51%   149 18994s
  4126  4404 423617.495  206 7190 430112.710 423611.087  1.51%   139 19028s
  4407  4682 423617.942  223 7177 430112.710 423611.087  1.51%   131 19059s
  4685  4971 423618.017  238 7177 430112.710 423611.087  1.51%   123 19090s
  4974  5266 423619.923  258 7160 430112.710 423611.087  1.51%   117 19115s
  5269  5570 423620.625  273 7151 430112.710 423611.087  1.51%   110 19136s
  5573  5863 423621.498  292 7146 430112.710 423611.087  1.51%   104 19165s
  5866  6142 423621.848  311 7139 430112.710 423611.087  1.51%   100 19191s
  6145  6413 423622.659  330 7133 430112.710 423611.087  1.51%  95.4 19220s
  6416  6671 423623.166  344 7127 430112.710 423611.087  1.51%  91.7 19246s
  6674  6942 423623.780  363 7119 430112.710 423611.087  1.51%  88.4 19276s
  6945  7230 423623.840  381 7119 430112.710 423611.087  1.51%  85.4 19307s
  7233  7511 423623.848  400 7116 430112.710 423611.087  1.51%  82.3 19335s
  7514  7777 423623.881  419 7116 430112.710 423611.087  1.51%  79.4 19361s
  7780  8047 423623.906  438 7116 430112.710 423611.087  1.51%  76.8 19386s
  8050  8074 423624.472  457 7105 430112.710 423611.087  1.51%  74.4 20926s
  8077  8349 423624.472  458 7105 430112.710 423611.087  1.51%  74.2 20952s
  8352  8643 423624.557  477 7105 430112.710 423611.087  1.51%  71.9 20973s
  8646  8931 423625.429  496 7097 430112.710 423611.087  1.51%  69.5 20996s
  8934  9194 423626.316  515 7092 430112.710 423611.087  1.51%  67.4 21021s
  9197  9479 423626.682  534 7088 430112.710 423611.087  1.51%  65.6 21044s
  9482  9747 423627.343  553 7079 430112.710 423611.087  1.51%  63.7 21070s
  9750 10013 423627.702  572 7075 430112.710 423611.087  1.51%  62.1 21096s
 10016 10257 423628.396  591 7065 430112.710 423611.087  1.51%  60.6 21121s
H10260 10257                    430058.38828 423611.087  1.50%  59.3 22591s
 10261 10258 423621.408  541 33588 430058.388 423611.087  1.50%  59.3 30532s
H10262  9746                    430057.45873 423611.087  1.50%  59.3 31067s
 10263  9746 423621.043  406 62932 430057.459 423611.087  1.50%  59.3 31070s
 10264  9747 423617.064  102 55287 430057.459 423611.087  1.50%  59.3 32234s
H10264  9259                    430055.81896 423611.087  1.50%  59.3 33272s
H10264  8796                    430054.73414 423611.087  1.50%  59.3 33272s
H10264  8356                    430050.60358 423611.087  1.50%  59.3 33272s
H10264  7938                    430044.79854 423611.087  1.50%  59.3 33272s
H10264  7541                    430036.84802 423611.087  1.49%  59.3 33272s
H10264  7164                    430029.10793 423611.087  1.49%  59.3 33272s
H10264  6806                    430029.10718 423611.087  1.49%  59.3 33272s
H10264  6466                    430028.83759 423611.087  1.49%  59.3 33272s
H10264  6142                    430028.77130 423611.087  1.49%  59.3 33272s
H10264  5835                    430028.72366 423611.087  1.49%  59.3 33272s
H10264  5543                    430028.63308 423611.087  1.49%  59.3 33272s
H10264  5266                    430012.33746 423611.087  1.49%  59.3 33272s
 10265  5267 423626.190  475 62612 430012.337 423611.087  1.49%  59.3 33279s
H10265  5004                    430006.37420 423611.087  1.49%  59.3 33993s
H10265  4753                    429986.68486 423611.087  1.48%  59.3 33993s
H10265  4516                    429986.61588 423611.087  1.48%  59.3 33993s
H10265  4290                    429956.45096 423611.087  1.48%  59.3 33993s
H10265  4075                    429933.11335 423611.087  1.47%  59.3 33993s
 10266  4075 423623.782  492 34240 429933.113 423611.087  1.47%  59.3 34001s
H10266  3871                    429933.10832 423611.087  1.47%  59.3 34229s
 10267  3872 423638.208  648 34261 429933.108 423611.087  1.47%  59.2 34239s
H10267  3679                    429904.96462 423611.087  1.46%  59.2 34357s
 10268  3680 423618.039  222 34198 429904.965 423611.087  1.46%  59.2 34367s
 10269  3680 423622.868  104 34200 429904.965 423611.087  1.46%  59.2 34754s
 10270  3681 423621.177  387 34186 429904.965 423611.087  1.46%  59.2 34795s
 10271  3682 423621.332  278 34191 429904.965 423611.087  1.46%  59.2 35776s
H10271  3497                    429892.56746 423611.087  1.46%  59.2 35782s
H10271  3322                    429878.29227 423611.087  1.46%  59.2 35782s
 10272  3322 423624.767  553 34194 429878.292 423611.087  1.46%  59.2 35793s
 10273  3323 423621.276  405 34194 429878.292 423611.087  1.46%  59.2 36230s
 10274  3324 423612.061   24 33662 429878.292 423611.087  1.46%  59.2 36438s
 10275  3324 423613.717   67 33662 429878.292 423611.087  1.46%  59.2 37964s
 10276  3328 423611.087   14 38590 429878.292 423611.087  1.46%   115 43631s
 10278  3327 infeasible   15      429878.292 423611.087  1.46%   127 44436s
 10282  3330 423611.087   16 7224 429878.292 423611.087  1.46%   134 44517s
 10286  3337 423611.087   17 7224 429878.292 423611.087  1.46%   134 44626s
 10294  3350 423611.087   18 7223 429878.292 423611.087  1.46%   134 44822s
 10310  3361 423611.087   19 7221 429878.292 423611.087  1.46%   134 44831s
 10342  3382 423611.087   21 7219 429878.292 423611.087  1.46%   134 44837s
H10358  3236                    429740.93273 423611.087  1.43%   133 45466s
H10382  3070                    429171.53334 423611.087  1.30%   133 45466s
 10383  3100 423611.087   23 7218 429171.533 423611.087  1.30%   133 45471s
 10414  3251 423611.087   25 7216 429171.533 423611.087  1.30%   133 45490s
 10575  3467 423611.087   32 7213 429171.533 423611.087  1.30%   131 45518s
 10845  3656 423611.087   49 7199 429171.533 423611.087  1.30%   128 45550s
 11124  3844 423612.322   67 7182 429171.533 423611.087  1.30%   124 45577s
 11405  4012 423613.232   73 7175 429171.533 423611.087  1.30%   121 45602s
 11666  4190 423614.318   89 7159 429171.533 423611.087  1.30%   119 45625s
 11931  4368 423614.780   96 7152 429171.533 423611.087  1.30%   116 45646s
 12198  4539 423615.902  115 7133 429171.533 423611.087  1.30%   114 45666s
 12458  4684 423616.917  133 7117 429171.533 423611.087  1.30%   111 45691s
 12689  4828 423617.350  137 7113 429171.533 423611.087  1.30%   109 45718s
 12910  4933 423617.476  138 7112 429171.533 423611.087  1.30%   108 45747s
 13089  5040 423617.935  144 7106 429171.533 423611.087  1.30%   106 45769s
 13256  5186 423618.461  156 7095 429171.533 423611.087  1.30%   105 45794s
 13457  5347 423619.309  171 7081 429171.533 423611.087  1.30%   103 45822s
 13685  5523 423619.251  171 7081 429171.533 423611.087  1.30%   102 45846s
 13937  5667 423619.466  176 7076 429171.533 423611.087  1.30%   100 45872s
 14165  5802 423619.765  176 7076 429171.533 423611.087  1.30%  98.5 45897s
 14376  5933 423620.325  180 7072 429171.533 423611.087  1.30%  97.1 45920s
 14578  6098 423620.405  184 7068 429171.533 423611.087  1.30%  95.8 45944s
 14810  6249 423620.843  195 7056 429171.533 423611.087  1.30%  94.4 45967s
 15038  6387 423620.850  195 7057 429171.533 423611.087  1.30%  93.0 45992s
 15252  6528 423621.285  194 7059 429171.533 423611.087  1.30%  91.7 46015s
 15465  6671 423620.865  196 7055 429171.533 423611.087  1.30%  90.5 46038s
 15679  6835 423621.286  200 7053 429171.533 423611.087  1.30%  89.3 46061s
 15914  6982 423621.653  204 7059 429171.533 423611.087  1.30%  88.0 46083s
 16139  7144 423621.475  202 7051 429171.533 423611.087  1.30%  86.9 46105s
 16376  7286 423621.672  204 7058 429171.533 423611.087  1.30%  85.6 46126s
 16597  7447 423621.788  204 7049 429171.533 423611.087  1.30%  84.5 46146s
 16832  7601 423621.607  202 7051 429171.533 423611.087  1.30%  83.4 46168s
 17064  7752 423621.901  206 7049 429171.533 423611.087  1.30%  82.3 46190s
 17293  7895 423622.036  206 7049 429171.533 423611.087  1.30%  81.2 46212s
 17512  8051 423622.403  210 7045 429171.533 423611.087  1.30%  80.3 46234s
 17741  8201 423622.565  212 7043 429171.533 423611.087  1.30%  79.3 46255s
 17967  8354 423622.886  218 7042 429171.533 423611.087  1.30%  78.3 46276s
 18196  8506 423622.952  216 7039 429171.533 423611.087  1.30%  77.4 46298s
 18424  8660 423623.106  218 7037 429171.533 423611.087  1.30%  76.4 46321s
 18654  8795 423623.245  219 7035 429171.533 423611.087  1.30%  75.5 46343s
 18866  8939 423623.290  219 7036 429171.533 423611.087  1.30%  74.7 46366s
 19080  9101 423623.433  220 7034 429171.533 423611.087  1.30%  73.9 46387s
 19314  9262 423623.400  220 7035 429171.533 423611.087  1.30%  73.1 46407s
 19540  9486 423623.478  220 7034 429171.533 423611.087  1.30%  72.3 46430s
 19764  9712 423623.465  220 7035 429171.533 423611.087  1.30%  71.5 46451s
 19990  9951 423623.680  222 7033 429171.533 423611.087  1.30%  70.7 46472s
 20229 10186 423623.900  225 7031 429171.533 423611.087  1.30%  69.9 46490s
 20464 10395 423624.019  226 7030 429171.533 423611.087  1.30%  69.1 46506s
 20673 10601 423624.058  226 7030 429171.533 423611.087  1.30%  68.4 46561s
 20879 10863 423624.271  229 7028 429171.533 423611.087  1.30%  67.8 46630s
 21141 11134 423624.474  231 7026 429171.533 423611.087  1.30%  67.1 46697s
 21412 11410 423624.471  231 7027 429171.533 423611.087  1.30%  66.2 46763s
 21688 11690 423624.660  232 7026 429171.533 423611.087  1.30%  65.4 46828s
 21968 11967 423625.037  236 7022 429171.533 423611.087  1.30%  64.6 46889s
 22245 12242 423625.183  237 7021 429171.533 423611.087  1.30%  63.9 46952s
 22520 12518 423625.506  242 7016 429171.533 423611.087  1.30%  63.1 47011s
 22796 12788 423625.973  251 7011 429171.533 423611.087  1.30%  62.4 47062s
 23066 12887 423626.440  258 7002 429171.533 423611.087  1.30%  61.7 47098s
 23165 13148 423626.535  259 7001 429171.533 423611.087  1.30%  61.4 47151s
 23426 13408 423626.780  263 6996 429171.533 423611.087  1.30%  60.8 47206s
 23686 13672 423627.216  268 6991 429171.533 423611.087  1.30%  60.1 47264s
 23950 13941 423627.880  277 6982 429171.533 423611.087  1.30%  59.5 47329s
 24219 14204 423628.105  278 6977 429171.533 423611.087  1.30%  58.9 47391s
 24482 14474 423628.378  280 6982 429171.533 423611.087  1.30%  58.3 47458s
 24752 14742 423628.345  282 6973 429171.533 423611.087  1.30%  57.7 47526s
 25020 15019 423628.509  285 6972 429171.533 423611.087  1.30%  57.1 47587s
 25297 15295 423629.178  297 6963 429171.533 423611.087  1.30%  56.5 47628s
 25573 15563 423629.486  301 6959 429171.533 423611.087  1.30%  56.0 47661s
 25841 15842 423630.129  316 6945 429171.533 423611.087  1.30%  55.4 47697s
 26120 16117 423630.810  331 6931 429171.533 423611.087  1.30%  54.8 47735s
 26395 16379 423631.301  339 6924 429171.533 423611.087  1.30%  54.3 47773s
 26657 16647 423631.518  347 6917 429171.533 423611.087  1.30%  53.8 47803s
 26925 16925 423631.754  351 6913 429171.533 423611.087  1.30%  53.3 47843s
 27203 17199 423632.387  367 6905 429171.533 423611.087  1.30%  52.8 47882s
 27477 17475 423632.581  371 6902 429171.533 423611.087  1.30%  52.3 47918s
 27753 17750 423632.620  372 6901 429171.533 423611.087  1.30%  51.8 47951s
 28028 18022 423633.152  386 6887 429171.533 423611.087  1.30%  51.3 47982s
 28300 18290 423633.679  398 6874 429171.533 423611.087  1.30%  50.8 48014s
 28568 18549 423633.739  399 6873 429171.533 423611.087  1.30%  50.4 48049s
 28827 18818 423633.820  399 6877 429171.533 423611.087  1.30%  49.9 48082s
 29096 19092 423633.789  397 6876 429171.533 423611.087  1.30%  49.5 48116s
 29370 19375 423634.129  406 6865 429171.533 423611.087  1.30%  49.1 48149s
 29653 19659 423634.737  420 6854 429171.533 423611.087  1.30%  48.6 48175s
 29937 19948 423634.952  426 6848 429171.533 423611.087  1.30%  48.2 48206s
 30226 20236 423635.263  435 6842 429171.533 423611.087  1.30%  47.8 48240s
 30514 20518 423635.714  448 6830 429171.533 423611.087  1.30%  47.3 48273s
 30796 20803 423636.106  464 6814 429171.533 423611.087  1.30%  46.9 48299s
 31081 21085 423636.517  474 6806 429171.533 423611.087  1.30%  46.5 48328s
 31363 21358 423636.862  489 6790 429171.533 423611.087  1.30%  46.1 48359s
 31636 21645 423637.327  506 6774 429171.533 423611.087  1.30%  45.8 48388s
 31923 21910 423637.787  519 6762 429171.533 423611.087  1.30%  45.4 48421s
 32188 22168 423637.842  523 6758 429171.533 423611.087  1.30%  45.0 48449s
 32446 22433 423638.231  536 6746 429171.533 423611.087  1.30%  44.7 48481s
 32711 22702 423638.631  550 6731 429171.533 423611.087  1.30%  44.3 48515s
 32980 22977 423639.044  565 6718 429171.533 423611.087  1.30%  44.0 48549s
 33255 23236 423639.370  573 6714 429171.533 423611.087  1.30%  43.7 48577s
 33514 23499 423639.621  582 6712 429171.533 423611.087  1.30%  43.3 48610s
 33777 23775 423639.835  589 6709 429171.533 423611.087  1.30%  43.0 48640s
 34053 24046 423640.075  597 6705 429171.533 423611.087  1.30%  42.7 48667s
 34324 24319 423640.431  610 6693 429171.533 423611.087  1.30%  42.4 50308s
 34597 24597 423640.744  620 6686 429171.533 423611.087  1.30%  42.1 50340s
 34875 24874 423640.821  622 6687 429171.533 423611.087  1.30%  41.8 50374s
 35152 25141 423641.100  635 6673 429171.533 423611.087  1.30%  41.4 50404s
 35419 25412 423641.415  648 6664 429171.533 423611.087  1.30%  41.2 50434s
 35690 25682 423641.777  663 6651 429171.533 423611.087  1.30%  40.9 50462s
 35960 25938 423641.973  669 6649 429171.533 423611.087  1.30%  40.6 50494s
 36216 26187 423642.069  672 6646 429171.533 423611.087  1.30%  40.3 50525s
 36465 26461 423642.114  675 6643 429171.533 423611.087  1.30%  40.0 50556s
 36739 26714 423642.377  685 6633 429171.533 423611.087  1.30%  39.8 50587s
 36992 26990 423642.587  693 6625 429171.533 423611.087  1.30%  39.5 50616s
 37268 27252 423642.752  700 6618 429171.533 423611.087  1.30%  39.2 50646s
 37530 27510 423643.072  716 6607 429171.533 423611.087  1.30%  39.0 50674s
 37788 27764 423643.350  733 6590 429171.533 423611.087  1.30%  38.7 50700s
 38042 28029 423643.715  752 6572 429171.533 423611.087  1.30%  38.5 50725s
 38307 28289 423643.981  765 6560 429171.533 423611.087  1.30%  38.2 50746s
 38567 28554 423644.347  785 6541 429171.533 423611.087  1.30%  38.0 50768s
 38832 28809 423644.559  795 6535 429171.533 423611.087  1.30%  37.7 50790s
 39087 29065 423644.715  800 6532 429171.533 423611.087  1.30%  37.5 50817s
 39343 29313 423644.885  808 6527 429171.533 423611.087  1.30%  37.3 50844s
 39591 29581 423644.977  812 6526 429171.533 423611.087  1.30%  37.1 50872s
 39859 29845 423645.125  818 6519 429171.533 423611.087  1.30%  36.8 50900s
 40123 30094 423645.195  820 6517 429171.533 423611.087  1.30%  36.6 50927s
 40372 30347 423645.303  823 6514 429171.533 423611.087  1.30%  36.4 50951s
 40625 30596 423645.369  825 6514 429171.533 423611.087  1.30%  36.2 50976s
 40874 30836 423645.291  822 6516 429171.533 423611.087  1.30%  36.0 51002s
H41114 30836                    429142.43538 423611.087  1.29%  35.8 60654s
 41115 30837 423644.426  586 33588 429142.435 423611.087  1.29%  35.8 68940s
 41117 30838 423611.671   58 64168 429142.435 423611.087  1.29%  35.8 69560s
H41117 29296                    429142.24990 423611.087  1.29%  35.8 70839s
H41117 27831                    429142.15932 423611.087  1.29%  35.8 70839s
H41117 26439                    429141.79018 423611.087  1.29%  35.8 70839s
H41117 25117                    429140.06244 423611.087  1.29%  35.8 70839s
H41117 23861                    429139.77470 423611.087  1.29%  35.8 70839s
H41117 22668                    429138.35180 423611.087  1.29%  35.8 70839s
H41117 21535                    429137.50205 423611.087  1.29%  35.8 70839s
H41117 20458                    429136.83364 423611.087  1.29%  35.8 70839s
H41117 19435                    429134.92256 423611.087  1.29%  35.8 70839s
H41117 18463                    429132.09410 423611.087  1.29%  35.8 70839s
H41117 17540                    429118.47148 423611.087  1.28%  35.8 70839s
 41118 17541 423705.646 1914 55305 429118.471 423611.087  1.28%  35.8 71367s
 41119 17542 423656.669  741 62558 429118.471 423611.087  1.28%  35.8 72326s
 41120 17542 423664.437 1033 33262 429118.471 423611.087  1.28%  35.8 73013s
 41121 17543 423639.025  603 33697 429118.471 423611.087  1.28%  35.8 73495s
 41122 17544 423629.886  334 33649 429118.471 423611.087  1.28%  35.8 73637s
 41123 17544 423642.666  669 33634 429118.471 423611.087  1.28%  35.8 74444s
H41123 16666                    429103.82570 423611.087  1.28%  35.8 74457s
H41123 15833                    429074.77582 423611.087  1.27%  35.8 75261s
H41123 15041                    429055.71738 423611.087  1.27%  35.8 75261s
 41125 15043 423642.010  410 33635 429055.717 423611.087  1.27%  35.8 75808s
H41125 14291                    429030.73884 423611.087  1.26%  35.8 75815s
 41126 14291 423710.108 2077 33632 429030.739 423611.087  1.26%  35.8 76538s
 41127 14292 423661.797  264 33632 429030.739 423611.087  1.26%  35.8 77441s
H41127 13577                    429012.09670 423611.087  1.26%  35.8 77449s
 41128 13578 423614.609   95 33632 429012.097 423611.087  1.26%  35.8 78217s
 41129 13578 423631.013  380 33632 429012.097 423611.087  1.26%  35.8 78988s
H41129 12899                    428988.34029 423611.087  1.25%  35.8 79830s
H41130 12254                    428987.93236 423611.087  1.25%  35.8 82395s
H41131 11642                    427596.82138 423611.087  0.93%  35.8 83163s
H41131 11060                    427481.92601 423611.087  0.91%  35.8 83163s
 41133 11061 423641.029  609 33145 427481.926 423611.087  0.91%  35.8 85531s
 41134 11062 423619.478  170 33169 427481.926 423611.087  0.91%  35.8 86390s
 41135 11062 423616.485  133 32730 427481.926 423611.087  0.91%  35.8 87492s
 41136 11063 423620.553  198 32746 427481.926 423611.087  0.91%  35.8 88396s
 41137 11064 423615.042   72 32749 427481.926 423611.087  0.91%  35.8 88417s
H41137 10510                    425568.95380 423611.087  0.46%  35.8 89171s
H41137  9985                    425525.99441 423611.087  0.45%  35.8 89171s
H41137  9485                    425486.43845 423611.087  0.44%  35.8 89171s

Cutting planes:
  Gomory: 6
  MIR: 61361

Explored 41137 nodes (2287781 simplex iterations) in 89248.68 seconds
Thread count was 32 (of 32 available processors)

Solution count 10: 425486 425526 425569 ... 429056

Optimal solution found (tolerance 5.00e-03)
Best objective 4.248759693260e+05, best bound 4.236110873825e+05, gap 0.2977%

