Solver command line: ['C:\\gurobi911\\win64\\bin\\gurobi.bat']

Academic license - for non-commercial use only - expires 2021-03-22

Using license file C:\Users\Dell\gurobi.lic

Read LP format model from file C:\Users\Dell\AppData\Local\Temp\tmp4l2rdaid.pyomo.lp

Reading time = 0.59 seconds

x105127: 105123 rows, 70087 columns, 258572 nonzeros

Read MIP start from file C:\Users\Dell\AppData\Local\Temp\tmp147xcven.gurobi.mst

Changed value of parameter timelimit to 1500.0

   Prev: inf  Min: 0.0  Max: inf  Default: inf

Changed value of parameter mipgap to 0.05

   Prev: 0.0001  Min: 0.0  Max: inf  Default: 0.0001

Gurobi Optimizer version 9.1.1 build v9.1.1rc0 (win64)

Thread count: 6 physical cores, 12 logical processors, using up to 12 threads

Optimize a model with 105123 rows, 70087 columns and 258572 nonzeros

Model fingerprint: 0x9e708d98

Variable types: 52565 continuous, 17522 integer (0 binary)

Coefficient statistics:

  Matrix range     [1e-03, 3e+01]

  Objective range  [3e-01, 5e+04]

  Bounds range     [1e+00, 2e+03]

  RHS range        [1e+00, 2e+01]



Warning: Completing partial solution with 17520 unfixed non-continuous variables out of 17522

User MIP start produced solution with objective 734111 (11.26s)

User MIP start produced solution with objective 235208 (18.33s)

User MIP start produced solution with objective 226623 (43.66s)

User MIP start produced solution with objective 226612 (84.08s)

User MIP start produced solution with objective 226592 (86.92s)

User MIP start produced solution with objective 226564 (89.35s)

User MIP start produced solution with objective 226547 (90.82s)

User MIP start produced solution with objective 226543 (92.93s)

User MIP start produced solution with objective 226536 (93.58s)

User MIP start produced solution with objective 226530 (97.10s)

User MIP start produced solution with objective 226500 (97.67s)

User MIP start produced solution with objective 226492 (98.26s)

User MIP start produced solution with objective 226490 (102.16s)

User MIP start produced solution with objective 226471 (102.75s)

User MIP start produced solution with objective 226467 (103.83s)

User MIP start produced solution with objective 226440 (105.00s)

User MIP start produced solution with objective 226418 (106.19s)

Loaded user MIP start with objective 226418

Processed MIP start in 106.27 seconds



Presolve removed 4 rows and 8764 columns

Presolve time: 0.71s

Presolved: 105119 rows, 61323 columns, 249807 nonzeros

Variable types: 43801 continuous, 17522 integer (8761 binary)



Deterministic concurrent LP optimizer: primal and dual simplex (primal and dual model)

Showing first log only...



Presolve removed 35040 rows and 17520 columns

Presolved: 70079 rows, 43803 columns, 179727 nonzeros





Root simplex log...



Iteration    Objective       Primal Inf.    Dual Inf.      Time

       0    1.1332171e+06   0.000000e+00   2.658555e+05    107s

Concurrent spin time: 11.66s



Solved with primal simplex (dual model)



Root relaxation: objective 1.948653e+05, 39663 iterations, 14.17 seconds



    Nodes    |    Current Node    |     Objective Bounds      |     Work

 Expl Unexpl |  Obj  Depth IntInf | Incumbent    BestBd   Gap | It/Node Time



     0     0 194865.282    0 8320 226417.656 194865.282  13.9%     -  123s

H    0     0                    226414.74761 194865.282  13.9%     -  124s

     0     0 194865.282    0 10533 226414.748 194865.282  13.9%     -  128s

H    0     0                    226240.02021 194865.282  13.9%     -  134s

     0     0 194865.282    0 8320 226240.020 194865.282  13.9%     -  134s

     0     0 195426.817    0 9124 226240.020 195426.817  13.6%     -  142s

     0     0 198468.545    0 7771 226240.020 198468.545  12.3%     -  148s

     0     0 205323.153    0 4462 226240.020 205323.153  9.25%     -  152s

     0     0 205475.107    0 4081 226240.020 205475.107  9.18%     -  154s

     0     0 205475.986    0 4078 226240.020 205475.986  9.18%     -  154s

     0     0 205476.025    0 4076 226240.020 205476.025  9.18%     -  154s

     0     0 205512.744    0 4125 226240.020 205512.744  9.16%     -  158s

     0     0 205628.315    0 4116 226240.020 205628.315  9.11%     -  164s

     0     0 205633.588    0 4044 226240.020 205633.588  9.11%     -  164s

     0     0 205633.665    0 4083 226240.020 205633.665  9.11%     -  165s

     0     0 205664.554    0 4161 226240.020 205664.554  9.09%     -  168s

     0     0 205690.346    0 4135 226240.020 205690.346  9.08%     -  169s

     0     0 205692.431    0 4072 226240.020 205692.431  9.08%     -  169s

     0     0 205707.781    0 4067 226240.020 205707.781  9.08%     -  170s

     0     0 205712.143    0 4136 226240.020 205712.143  9.07%     -  173s

     0     0 205739.648    0 4140 226240.020 205739.648  9.06%     -  174s

     0     0 205739.648    0 4140 226240.020 205739.648  9.06%     -  175s

     0     2 205739.648    0 4140 226240.020 205739.648  9.06%     -  182s

     1     4 205745.440    1 4040 226240.020 205744.136  9.06%  4232  225s

     3     4 211897.765    2 2706 226240.020 207257.423  8.39% 16979  230s

    17    20 211973.606    5 2696 226240.020 211904.949  6.34%  4432  249s

    23    26 211973.748    5 2696 226240.020 211904.949  6.34%  3745  253s

H   29    32                    226237.95641 211904.949  6.34%  3127  265s

H   30    32                    226188.24769 211904.949  6.31%  3025  265s

    87   126 211978.997   15 2690 226188.248 211904.949  6.31%  1200  271s

H  129   228                    226175.93579 211904.949  6.31%   838  273s

H  149   228                    226167.90439 211904.949  6.31%   726  273s

H  191   228                    226162.85902 211904.949  6.30%   586  273s

H  237   303                    226133.77082 211904.949  6.29%   475  274s

H  259   303                    226126.64786 211904.949  6.29%   448  275s

H  280   303                    226122.78479 211904.949  6.29%   415  275s

H  320   377                    226080.56088 211904.949  6.27%   364  276s

H  349   377                    226056.76552 211904.949  6.26%   345  276s

H  379   377                    226049.91884 211904.949  6.26%   318  277s

H  471   469                    225968.65568 211904.949  6.22%   265  278s

   472   542 212036.644   76 2639 225968.656 211904.949  6.22%   264  281s

H  545   596                    225921.67872 211904.949  6.20%   247  283s

H  557   596                    225903.80794 211904.949  6.20%   242  283s

H  564   596                    225895.29733 211904.949  6.19%   239  283s

H  566   596                    225890.72840 211904.949  6.19%   244  283s

   599   662 212061.348   97 2643 225890.728 211904.949  6.19%   231  287s

H  610   662                    225790.42672 211904.949  6.15%   227  287s

H  622   662                    225777.85782 211904.949  6.14%   223  287s

H  664   662                    225773.61165 211904.949  6.14%   214  287s

   665   777 212071.823  107 2631 225773.612 211904.949  6.14%   214  294s

H  690   777                    225633.96828 211904.949  6.08%   206  294s

   780   927 212095.995  130 2608 225633.968 211904.949  6.08%   188  296s

  1104  1238 212143.163  172 2545 225633.968 211904.949  6.08%   144  300s

  1401  1549 212177.731  200 2519 225633.968 211904.949  6.08%   123  305s

  1877  2046 212246.267  269 2460 225633.968 211904.949  6.08%   103  312s

  2254  2478 212303.098  321 2411 225633.968 211904.949  6.08%  92.8  316s

  2647  2771 212353.233  373 2389 225633.968 211904.949  6.08%  84.9  321s

  2977  3208 212392.102  410 2352 225633.968 211904.949  6.08%  81.2  325s

  3452  3631 212462.141  481 2270 225633.968 211904.949  6.08%  74.6  332s

  3634  3887 212475.785  495 2282 225633.968 211904.949  6.08%  75.0  335s

  4110  4397 212517.573  550 2222 225633.968 211904.949  6.08%  71.5  341s

  4673  4944 212577.240  605 2168 225633.968 211904.949  6.08%  66.8  347s

  4947  5199 212592.277  631 2146 225633.968 211904.949  6.08%  64.7  351s

  5475  5853 212654.698  716 2083 225633.968 211904.949  6.08%  63.2  358s

  5856  6161 212688.341  761 2065 225633.968 211904.949  6.08%  60.7  362s

  6164  6543 212747.944  809 2009 225633.968 211904.949  6.08%  59.7  366s

H 6546  3851                    214397.95298 211904.949  1.16%  58.4  399s

  6547  3835 213752.520 1746 4140 214397.953 211904.949  1.16%  58.4  414s



Explored 6547 nodes (499604 simplex iterations) in 414.61 seconds

Thread count was 12 (of 12 available processors)



Solution count 10: 214398 225634 225774 ... 225969



Optimal solution found (tolerance 5.00e-02)

Best objective 2.143979529815e+05, best bound 2.119049488134e+05, gap 1.1628%


