Solver command line: ['/opt/gurobi911/linux64/bin/gurobi.sh']

Academic license - for non-commercial use only - expires 2021-03-30
Using license file /home/cie/gurobi.lic
Read LP format model from file /tmp/tmpen_vyvmq.pyomo.lp
Reading time = 1.94 seconds
x1051207: 1051203 rows, 700807 columns, 2580460 nonzeros
Read MIP start from file /tmp/tmpsv628hax.gurobi.mst
Changed value of parameter timelimit to 200000.0
   Prev: inf  Min: 0.0  Max: inf  Default: inf
Changed value of parameter mipgap to 0.005
   Prev: 0.0001  Min: 0.0  Max: inf  Default: 0.0001
Gurobi Optimizer version 9.1.1 build v9.1.1rc0 (linux64)
Thread count: 16 physical cores, 32 logical processors, using up to 32 threads
Optimize a model with 1051203 rows, 700807 columns and 2580460 nonzeros
Model fingerprint: 0x53fdc277
Variable types: 525605 continuous, 175202 integer (0 binary)
Coefficient statistics:
  Matrix range     [1e-02, 3e+01]
  Objective range  [6e-03, 5e+04]
  Bounds range     [2e+00, 1e+03]
  RHS range        [1e+00, 4e+01]

Warning: Completing partial solution with 175200 unfixed non-continuous variables out of 175202
User MIP start produced solution with objective 244352 (496.39s)
User MIP start produced solution with objective 244352 (673.81s)
User MIP start produced solution with objective 244352 (698.28s)
User MIP start produced solution with objective 244351 (707.19s)
User MIP start produced solution with objective 244351 (715.08s)
User MIP start produced solution with objective 244351 (720.78s)
User MIP start produced solution with objective 244348 (725.80s)
User MIP start produced solution with objective 244347 (730.14s)
User MIP start produced solution with objective 244346 (735.54s)
User MIP start produced solution with objective 244345 (743.08s)
User MIP start produced solution with objective 244344 (747.66s)
User MIP start produced solution with objective 244341 (752.78s)
User MIP start produced solution with objective 244341 (757.29s)
User MIP start produced solution with objective 244340 (762.53s)
User MIP start produced solution with objective 244338 (767.22s)
Loaded user MIP start with objective 244338
Processed MIP start in 768.28 seconds

Presolve removed 13 rows and 81480 columns
Presolve time: 2.55s
Presolved: 1051190 rows, 619327 columns, 2498988 nonzeros
Variable types: 444125 continuous, 175202 integer (0 binary)

Deterministic concurrent LP optimizer: primal simplex, dual simplex, and barrier
Showing barrier log only...

Root barrier log...

Ordering time: 0.06s

Barrier statistics:
 Dense cols : 4
 AA' NZ     : 1.704e+06
 Factor NZ  : 6.657e+06 (roughly 500 MBytes of memory)
 Factor Ops : 6.693e+07 (less than 1 second per iteration)
 Threads    : 14

                  Objective                Residual
Iter       Primal          Dual         Primal    Dual     Compl     Time
   0   8.03907399e+06 -2.16829906e+09  2.13e+01 3.18e-01  7.48e+03   774s
   1   5.60383040e+06 -1.31619345e+09  2.30e+01 4.82e+01  2.65e+03   774s
   2   4.97366239e+06 -7.51311178e+08  2.10e+01 6.38e+00  1.35e+03   776s
   3   3.37938323e+06 -3.25310535e+08  1.18e+01 1.46e-07  4.66e+02   777s
   4   1.44328891e+06 -8.91806067e+07  4.97e-14 1.21e-05  6.09e+01   778s
   5   1.34235072e+06 -1.61225778e+07  3.30e-13 2.29e-06  1.17e+01   778s
   6   1.23904303e+06 -2.14613991e+06  2.74e-13 3.68e-07  2.27e+00   779s
   7   1.18602443e+06 -1.92421037e+06  2.52e-13 3.35e-07  2.09e+00   780s
   8   6.41028317e+05 -6.35117336e+05  1.53e-13 8.71e-08  8.57e-01   781s
   9   3.67324284e+05  7.41277063e+04  3.83e-13 1.00e-08  1.97e-01   783s
  10   3.44300164e+05  9.59890465e+04  3.42e-13 7.44e-09  1.67e-01   784s
  11   3.19616508e+05  1.40233241e+05  1.11e-12 4.20e-09  1.20e-01   784s
  12   3.12080726e+05  1.68515688e+05  7.98e-13 1.94e-09  9.64e-02   785s
  13   3.09668071e+05  1.72895380e+05  1.20e-10 1.97e-09  9.18e-02   786s
  14   2.86079939e+05  1.96018914e+05  1.98e-10 9.06e-10  6.05e-02   787s
  15   2.74501988e+05  2.13844784e+05  1.52e-10 4.48e-10  4.07e-02   788s
  16   2.64722223e+05  2.19867274e+05  1.62e-10 7.02e-10  3.01e-02   790s
  17   2.60983008e+05  2.22583891e+05  1.52e-10 3.54e-10  2.58e-02   791s
  18   2.57311249e+05  2.23546821e+05  1.36e-10 4.98e-10  2.27e-02   792s
  19   2.54129970e+05  2.24149843e+05  1.25e-10 1.07e-09  2.01e-02   793s
  20   2.52669777e+05  2.25521093e+05  1.18e-10 1.66e-09  1.82e-02   795s
  21   2.47002318e+05  2.25986786e+05  8.88e-11 1.04e-10  1.41e-02   796s
  22   2.43958358e+05  2.26911075e+05  7.60e-11 4.86e-10  1.14e-02   797s
  23   2.37344525e+05  2.27480112e+05  4.59e-11 3.72e-10  6.62e-03   799s
  24   2.35578799e+05  2.28260480e+05  3.73e-11 1.52e-09  4.91e-03   800s
  25   2.34694098e+05  2.28467088e+05  3.29e-11 1.12e-09  4.18e-03   802s
  26   2.32294007e+05  2.28584122e+05  1.99e-11 4.20e-10  2.49e-03   803s
  27   2.31449250e+05  2.28724151e+05  1.47e-11 5.93e-10  1.83e-03   805s
  28   2.30897335e+05  2.28815424e+05  1.13e-11 4.95e-10  1.40e-03   807s
  29   2.30329156e+05  2.28867819e+05  7.79e-12 2.51e-10  9.81e-04   809s
  30   2.30074594e+05  2.28948989e+05  6.19e-12 3.91e-10  7.56e-04   810s
  31   2.29901430e+05  2.29002054e+05  5.16e-12 5.40e-10  6.04e-04   812s
  32   2.29756299e+05  2.29028510e+05  4.25e-12 4.38e-10  4.89e-04   814s
  33   2.29636860e+05  2.29052584e+05  3.51e-12 8.22e-10  3.92e-04   815s
  34   2.29546120e+05  2.29078549e+05  2.92e-12 5.98e-10  3.14e-04   817s
  35   2.29469492e+05  2.29088214e+05  2.45e-12 7.82e-10  2.56e-04   819s
  36   2.29403614e+05  2.29100654e+05  1.99e-12 8.00e-10  2.03e-04   820s
  37   2.29329772e+05  2.29102548e+05  1.50e-12 1.17e-09  1.53e-04   822s
  38   2.29290153e+05  2.29110636e+05  1.24e-12 1.32e-09  1.21e-04   824s
  39   2.29251504e+05  2.29111519e+05  9.54e-13 1.41e-09  9.40e-05   825s
  40   2.29229041e+05  2.29114841e+05  8.09e-13 1.00e-09  7.67e-05   827s
  41   2.29201012e+05  2.29119404e+05  6.07e-13 1.97e-09  5.48e-05   829s
  42   2.29182171e+05  2.29120579e+05  4.73e-13 1.98e-09  4.14e-05   830s
  43   2.29170931e+05  2.29122499e+05  3.87e-13 1.27e-09  3.25e-05   833s
  44   2.29158402e+05  2.29122769e+05  2.75e-13 1.26e-09  2.39e-05   834s
  45   2.29148971e+05  2.29124920e+05  2.05e-13 6.22e-10  1.62e-05   836s
  46   2.29142395e+05  2.29125501e+05  1.45e-13 1.78e-10  1.13e-05   839s
  47   2.29134503e+05  2.29125933e+05  7.05e-14 3.64e-11  5.75e-06   841s
  48   2.29132463e+05  2.29126095e+05  5.42e-14 4.37e-11  4.28e-06   843s
  49   2.29127941e+05  2.29126362e+05  1.20e-14 2.46e-09  1.06e-06   844s
  50   2.29127603e+05  2.29126527e+05  8.74e-15 2.80e-09  7.22e-07   845s
  51   2.29126686e+05  2.29126624e+05  5.09e-16 4.35e-09  4.20e-08   846s
  52   2.29126627e+05  2.29126627e+05  7.54e-11 7.46e-10  1.06e-13   847s

Barrier solved model in 52 iterations and 847.26 seconds
Optimal objective 2.29126627e+05


Root crossover log...

  438018 DPushes remaining with DInf 0.0000000e+00               847s
       0 DPushes remaining with DInf 0.0000000e+00               848s

   83503 PPushes remaining with PInf 0.0000000e+00               848s
       0 PPushes remaining with PInf 0.0000000e+00               848s

  Push phase complete: Pinf 0.0000000e+00, Dinf 2.9004066e-09    848s


Root simplex log...

Iteration    Objective       Primal Inf.    Dual Inf.      Time
  230319    2.2912663e+05   0.000000e+00   0.000000e+00    848s
  230319    2.2912663e+05   0.000000e+00   0.000000e+00    849s
Concurrent spin time: 0.07s

Solved with barrier

Root relaxation: objective 2.291266e+05, 230319 iterations, 77.50 seconds
Total elapsed time = 857.52s
Total elapsed time = 866.18s
Total elapsed time = 870.07s

    Nodes    |    Current Node    |     Objective Bounds      |     Work
 Expl Unexpl |  Obj  Depth IntInf | Incumbent    BestBd   Gap | It/Node Time

     0     0 229126.627    0 83454 244337.580 229126.627  6.23%     -  879s
H    0     0                    244337.50849 229126.627  6.23%     -  899s
     0     0 229126.627    0 83454 244337.508 229126.627  6.23%     -  902s
     0     0 229126.795    0 83454 244337.508 229126.795  6.23%     -  905s
     0     0 229139.051    0 82976 244337.508 229139.051  6.22%     -  918s
     0     0 236071.462    0 78531 244337.508 236071.462  3.38%     - 1026s
     0     0 236071.462    0 76392 244337.508 236071.462  3.38%     - 1031s
     0     0 236089.018    0 76950 244337.508 236089.018  3.38%     - 1081s
     0     0 237218.974    0 61646 244337.508 237218.974  2.91%     - 1164s
     0     0 237897.917    0 50027 244337.508 237897.917  2.64%     - 1219s
     0     0 238550.218    0 56470 244337.508 238550.218  2.37%     - 1257s
     0     0 238642.022    0 49688 244337.508 238642.022  2.33%     - 1281s
     0     0 238644.350    0 49227 244337.508 238644.350  2.33%     - 1283s
     0     0 238644.453    0 49232 244337.508 238644.453  2.33%     - 1285s
     0     0 238751.230    0 53702 244337.508 238751.230  2.29%     - 1335s
     0     0 238763.228    0 51440 244337.508 238763.228  2.28%     - 1357s
     0     0 238869.123    0 42923 244337.508 238869.123  2.24%     - 1375s
     0     0 238984.717    0 43503 244337.508 238984.717  2.19%     - 1401s
     0     0 238992.382    0 43820 244337.508 238992.382  2.19%     - 1416s
     0     0 238997.154    0 43815 244337.508 238997.154  2.19%     - 1419s
     0     0 238997.169    0 43821 244337.508 238997.169  2.19%     - 1421s
     0     0 239114.365    0 44864 244337.508 239114.365  2.14%     - 1478s
H    0     0                    244337.50778 239114.365  2.14%     - 1483s
     0     0 239172.565    0 48898 244337.508 239172.565  2.11%     - 1535s
     0     0 239204.685    0 42812 244337.508 239204.685  2.10%     - 1573s
     0     0 239206.560    0 42657 244337.508 239206.560  2.10%     - 1584s
     0     0 239213.149    0 41796 244337.508 239213.149  2.10%     - 1613s
     0     0 239213.955    0 45601 244337.508 239213.955  2.10%     - 1626s
     0     0 239215.860    0 44763 244337.508 239215.860  2.10%     - 1642s
H    0     0                    244337.15689 239215.860  2.10%     - 1648s
     0     0 239216.750    0 45475 244337.157 239216.750  2.10%     - 1670s
     0     0 239221.689    0 43898 244337.157 239221.689  2.09%     - 1685s
     0     0 239221.689    0 43898 244337.157 239221.689  2.09%     - 1704s
     0     2 239221.689    0 43898 244337.157 239221.689  2.09%     - 1794s
     1     4 239280.681    1 29401 244337.157 239221.964  2.09% 54471 2733s
     3     6 239282.247    2 29401 244337.157 239281.084  2.07% 55387 3228s
     7    12 239347.968    3 28748 244337.157 239281.099  2.07% 47449 3278s
    13    24 239443.474    4 28657 244337.157 239294.409  2.06% 27460 3414s
    23    24 243206.987    4 51688 244337.157 239295.906  2.06% 19696 3415s
    25    40 239497.722    5 28503 244337.157 239295.906  2.06% 19498 3919s
H   41    56                    244336.25234 239295.913  2.06% 20030 4904s
H   50    56                    244335.64825 239295.913  2.06% 17052 4904s
    57    72 239498.031    7 28498 244335.648 239295.913  2.06% 15757 4945s
    73    88 239498.067    8 28497 244335.648 239295.913  2.06% 12562 5568s
    89   117 239498.076    9 28497 244335.648 239295.913  2.06% 10364 5584s
   120   149 239498.310   11 28497 244335.648 239295.913  2.06%  7776 5588s
H  152   171                    244307.87712 239295.913  2.05%  6144 5659s
H  156   171                    244301.56531 239295.913  2.05%  5986 5659s
H  160   171                    244300.04600 239295.913  2.05%  5837 5659s
H  175   171                    244299.35436 239295.913  2.05%  5371 5659s
   176   289 239498.828   15 28501 244299.354 239295.913  2.05%  5340 5688s
H  298   368                    244260.47373 239295.913  2.03%  3190 5827s
H  301   368                    244251.78880 239295.913  2.03%  3159 5827s
   379   629 239499.425   23 28485 244251.789 239295.913  2.03%  2520 6243s
H  646   880                    244222.47318 239295.913  2.02%  1642 6856s
H  665   880                    244184.35553 239295.913  2.00%  1596 6856s
   901  1167 239502.593   60 28452 244184.356 239295.913  2.00%  1188 6921s
  1200  1461 239504.421   79 28436 244184.356 239295.913  2.00%   913 6972s
  1502  1732 239506.121   98 28420 244184.356 239295.913  2.00%   739 7014s
  1781  2019 239507.448  117 28408 244184.356 239295.913  2.00%   632 7061s
  2076  2300 239508.795  136 28394 244184.356 239295.913  2.00%   549 7101s
  2365  2581 239509.939  153 28385 244184.356 239295.913  2.00%   488 7146s
  2654  2861 239511.416  171 28372 244184.356 239295.913  2.00%   441 7177s
  2948  3090 239512.344  190 28358 244184.356 239295.913  2.00%   400 7221s
  3219  3307 239513.066  206 28352 244184.356 239295.913  2.00%   371 7552s
  3496  3538 239513.901  225 28337 244184.356 239295.913  2.00%   366 7619s
  3771  3770 239514.630  243 28328 244184.356 239295.913  2.00%   345 7652s
  4049  3987 239515.431  262 28348 244184.356 239295.913  2.00%   325 7688s
  4322  4216 239516.591  281 28333 244184.356 239295.913  2.00%   307 7717s
  4613  4434 239517.646  298 28325 244184.356 239295.913  2.00%   290 7762s
  4889  4644 239518.278  314 28315 244184.356 239295.913  2.00%   277 7809s
  5161  4870 239519.909  328 28307 244184.356 239295.913  2.00%   265 7849s
  5445  5104 239520.908  338 28301 244184.356 239295.913  2.00%   254 7889s
  5739  5324 239521.836  354 28261 244184.356 239295.913  2.00%   243 7926s
  6020  5533 239523.749  366 28250 244184.356 239295.913  2.00%   235 7961s
  6306  5747 239525.355  381 28274 244184.356 239295.913  2.00%   226 7998s
  6596  5919 239526.991  392 28270 244184.356 239295.913  2.00%   218 8057s
  6846  6123 239528.423  407 28263 244184.356 239295.913  2.00%   213 8091s
  7128  6325 239530.443  416 28254 244184.356 239295.913  2.00%   206 8126s
  7408  6532 239531.936  424 28248 244184.356 239295.913  2.00%   200 8162s
  7693  6724 239534.164  436 28210 244184.356 239295.913  2.00%   195 8199s
  7963  6924 239536.371  449 28235 244184.356 239295.913  2.00%   189 8234s
  8241  7117 239536.811  458 28204 244184.356 239295.913  2.00%   185 8267s
  8512  7302 239539.031  474 28233 244184.356 239295.913  2.00%   180 8297s
  8775  7494 239539.969  479 28219 244184.356 239295.913  2.00%   176 8330s
  9045  7692 239540.280  485 28218 244184.356 239295.913  2.00%   173 8895s
  9321  7897 239541.759  497 28211 244184.356 239295.913  2.00%   183 8929s
  9604  8105 239543.395  504 28205 244184.356 239295.913  2.00%   179 8959s
  9888  8313 239544.499  518 28212 244184.356 239295.913  2.00%   175 8996s
 10174  8523 239544.424  522 28173 244184.356 239295.913  2.00%   171 9033s
 10461  8524 239540.928  498 43898 244184.356 239295.913  2.00%   168 11920s
H10462  8098                    244184.32684 239295.913  2.00%   167 12187s
 10463  8098 239508.292  124 83599 244184.327 239295.913  2.00%   167 12247s
 10464  8099 243243.769   73 100014 244184.327 239295.913  2.00%   167 12422s
 10465  8100 239520.023  335 104065 244184.327 239295.913  2.00%   167 12689s
 10466  8100 239514.722  245 96766 244184.327 239295.913  2.00%   167 13416s
 10467  8101 239575.826  688 91152 244184.327 239295.913  2.00%   167 13594s
 10468  8102 239512.880  196 88718 244184.327 239295.913  2.00%   167 13790s
 10469  8102 239322.210  103 81547 244184.327 239295.913  2.00%   167 14080s
 10470  8103 239314.147  253 74290 244184.327 239295.913  2.00%   167 14328s
 10471  8104 239334.985  318 73533 244184.327 239295.913  2.00%   167 14490s
 10472  8104 239519.948  334 55697 244184.327 239295.913  2.00%   167 14995s
 10473  8105 239506.791  105 49565 244184.327 239295.913  2.00%   167 15098s
 10474  8106 239539.199  482 67941 244184.327 239295.913  2.00%   167 15157s
 10475  8106 239328.723  223 69512 244184.327 239295.913  2.00%   167 15204s
 10476  8107 239333.588  314 47621 244184.327 239295.913  2.00%   167 15293s
 10477  8108 239536.490  450 45421 244184.327 239295.913  2.00%   167 15392s
 10478  8108 239356.508  451 43701 244184.327 239295.913  2.00%   167 15480s
 10479  8109 239380.651  585 44271 244184.327 239295.913  2.00%   167 15579s
 10480  8110 239319.680   69 43895 244184.327 239295.913  2.00%   167 15612s
 10481  8110 239522.439  359 43875 244184.327 239295.913  2.00%   167 15661s
 10482  8111 239332.969  311 45627 244184.327 239295.913  2.00%   167 15758s
 10483  8112 239405.797  485 68520 244184.327 239405.797  1.96%   167 15924s
 10484  8112 239413.850  160 42995 244184.327 239413.850  1.95%   167 15968s
 10485  8113 239528.859  417 41031 244184.327 239452.260  1.94%   167 16058s
 10486  8114 239520.902  336 41815 244184.327 239488.402  1.92%   167 16102s
 10487  8114 239780.310  114 40019 244184.327 239780.310  1.80%   167 16212s
 10488  8115 239862.960  280 39542 244184.327 239862.960  1.77%   167 16284s
 10489  8116 239875.651  284 38396 244184.327 239875.651  1.76%   167 16325s
 10490  8116 239876.189   66 38345 244184.327 239876.189  1.76%   167 16349s
 10491  8117 243320.935  451 38338 244184.327 239876.236  1.76%   167 16395s
 10492  8118 243313.566   98 38341 244184.327 239876.935  1.76%   167 16448s
 10493  8118 239878.148  328 38452 244184.327 239878.148  1.76%   167 16476s
 10494  8119 239888.230  159 38128 244184.327 239888.230  1.76%   167 16538s
 10495  8120 239896.499  354 37769 244184.327 239896.499  1.76%   167 16573s
 10496  8120 239896.923  410 37800 244184.327 239896.923  1.76%   167 16582s
 10497  8121 239897.052  148 37686 244184.327 239897.052  1.76%   167 16622s
H10497  7715                    244184.10769 239897.368  1.76%   167 16669s
 10498  7716 239897.368  139 37680 244184.108 239897.368  1.76%   167 16670s
 10499  7716 239899.993  159 37673 244184.108 239899.993  1.75%   167 16689s
 10500  7717 239905.214  434 37713 244184.108 239905.214  1.75%   167 16711s
 10501  7718 239905.280  145 37669 244184.108 239905.280  1.75%   167 16750s
 10502  7718 239906.335  126 37686 244184.108 239906.335  1.75%   167 16797s
 10503  7719 239910.157  368 37657 244184.108 239910.157  1.75%   167 16819s
 10504  7720 239912.245  105 37628 244184.108 239912.245  1.75%   167 16842s
 10505  7720 239912.429   72 37508 244184.108 239912.429  1.75%   167 16884s
H10505  7333                    244184.05996 239913.174  1.75%   167 16940s
 10507  7335 239914.655  378 37607 244184.060 239914.655  1.75%   167 16954s
 10508  7335 239915.260  416 38060 244184.060 239915.260  1.75%   167 16963s
 10509  7336 239915.296  456 37578 244184.060 239915.296  1.75%   167 17001s
 10510  7337 239916.214  110 37951 244184.060 239916.214  1.75%   167 17044s
 10511  7337 239917.094  337 37604 244184.060 239917.094  1.75%   167 17053s
 10512  7338 243252.783   32 37573 244184.060 239921.849  1.75%   167 17075s
 10513  7339 239921.962  126 37570 244184.060 239921.962  1.75%   167 17118s
H10513  6971                    244184.00670 239923.175  1.74%   167 17178s
 10515  6972 239923.859  372 37589 244184.007 239923.859  1.74%   167 17200s
 10516  6973 239923.998  116 37595 244184.007 239923.998  1.74%   167 17244s
 10517  6973 239925.518  505 37605 244184.007 239925.518  1.74%   167 17298s
 10518  6974 239926.146  136 37629 244184.007 239926.146  1.74%   167 17315s
 10519  6975 239926.784  133 37637 244184.007 239926.784  1.74%   167 17331s
 10520  6975 239926.827  597 37610 244184.007 239926.827  1.74%   167 17378s
H10520  6625                    244183.65335 239927.411  1.74%   167 17470s
 10522  6627 239929.808   25 37651 244183.653 239929.808  1.74%   167 17486s
 10523  6627 239930.123   32 37655 244183.653 239930.123  1.74%   167 17540s
 10524  6628 239931.903  510 37682 244183.653 239931.903  1.74%   166 17632s
 10525  6629 243438.523  169 37654 244183.653 239933.006  1.74%   166 17653s
 10526  6629 239935.529  442 37915 244183.653 239935.529  1.74%   166 17671s
 10527  6630 239935.719  168 37916 244183.653 239935.719  1.74%   166 17730s
 10528  6631 239938.332  165 37959 244183.653 239938.332  1.74%   166 17777s
 10529  6631 239939.249  192 37979 244183.653 239939.249  1.74%   166 17788s
 10530  6632 243298.615   23 37951 244183.653 239940.748  1.74%   166 17803s
 10531  6633 239955.554  115 38008 244183.653 239955.554  1.73%   166 17851s
 10532  6633 239957.450  104 37936 244183.653 239957.450  1.73%   166 17878s
 10533  6634 239960.309  144 37901 244183.653 239960.309  1.73%   166 17900s
 10534  6635 239960.754   34 37888 244183.653 239960.754  1.73%   166 17915s
 10535  6635 239961.045  261 37884 244183.653 239961.045  1.73%   166 17974s
 10536  6636 239964.238  183 37905 244183.653 239964.238  1.73%   166 18033s
 10537  6637 239964.790  508 37904 244183.653 239964.790  1.73%   166 18044s
 10538  6637 239966.389  607 37941 244183.653 239966.389  1.73%   166 18068s
 10539  6638 239966.910  417 38021 244183.653 239966.910  1.73%   166 18088s
 10540  6639 239968.515  111 38087 244183.653 239968.515  1.73%   166 18129s
 10541  6639 239968.684  229 38085 244183.653 239968.684  1.73%   166 18208s
H10541  6306                    244183.38983 239971.073  1.73%   166 18271s
 10543  6308 243290.089  114 38202 244183.390 239972.664  1.72%   166 18288s
 10544  6308 239972.839  280 38254 244183.390 239972.839  1.72%   166 18333s
 10545  6309 239974.262  488 38256 244183.390 239974.262  1.72%   166 18411s
 10546  6310 239975.921  306 38280 244183.390 239975.921  1.72%   166 18421s
 10547  6310 243268.087   61 38278 244183.390 239976.150  1.72%   166 18522s
H10547  5993                    244183.14415 239980.174  1.72%   166 18627s
 10549  5995 239984.104  641 39151 244183.144 239984.104  1.72%   166 18650s
 10550  5995 243286.335   69 39037 244183.144 239984.852  1.72%   166 18660s
 10551  5996 239985.903   38 38316 244183.144 239985.903  1.72%   166 18679s
H10551  5695                    244182.68404 239986.246  1.72%   166 18755s
 10552  5696 239986.246  276 38198 244182.684 239986.246  1.72%   166 18787s
 10553  5696 243271.274  185 38180 244182.684 239988.366  1.72%   166 18854s
 10554  5697 243298.781   33 38755 244182.684 239989.634  1.72%   166 18873s
 10555  5698 239992.290   27 38769 244182.684 239992.290  1.72%   166 18903s
 10556  5698 239992.697  219 38217 244182.684 239992.697  1.72%   166 18918s
 10557  5699 239992.792  487 38188 244182.684 239992.792  1.72%   166 18968s
H10557  5412                    244181.88304 239993.569  1.72%   166 19028s
 10559  5413 239993.718  467 38106 244181.883 239993.718  1.72%   166 19092s
 10560  5414 239995.298  663 38118 244181.883 239995.298  1.71%   166 19165s
 10561  5415 239996.781  498 38247 244181.883 239996.781  1.71%   166 19223s
 10562  5415 239997.073  476 38621 244181.883 239997.073  1.71%   166 19296s
H10562  5143                    244179.90809 239997.533  1.71%   166 19347s
 10564  5145 243243.769   73 38698 244179.908 239998.493  1.71%   166 19366s
 10565  5145 239999.211  335 38232 244179.908 239999.211  1.71%   166 19382s
 10566  5146 239999.355  245 38223 244179.908 239999.355  1.71%   166 19430s
 10567  5147 240000.254  688 38239 244179.908 240000.254  1.71%   166 19482s
 10568  5147 240000.254  196 38239 244179.908 240000.254  1.71%   166 19522s
 10570  5150 240000.254  253 43898 244179.908 240000.254  1.71%   323 19623s
H10571  4893                    244179.77062 240000.254  1.71%   323 19974s
 10572  4893 240000.254  334 83670 244179.771 240000.254  1.71%   323 20035s
H10572  4648                    244179.75819 240000.254  1.71%   323 20309s
 10573  4649 240000.254  105 121332 244179.758 240000.254  1.71%   323 20376s
 10574  4650 240000.254  482 96640 244179.758 240000.254  1.71%   323 20650s
 10575  4650 240000.254  223 102898 244179.758 240000.254  1.71%   323 20988s
 10576  4651 240000.254  314 100871 244179.758 240000.254  1.71%   323 21757s
 10577  4652 240000.254  450 90203 244179.758 240000.254  1.71%   323 22118s
 10578  4652 240000.254  451 87845 244179.758 240000.254  1.71%   323 22666s
 10579  4653 240000.254  585 84387 244179.758 240000.254  1.71%   323 22969s
 10580  4654 240000.254   69 78260 244179.758 240000.254  1.71%   323 23343s
 10581  4654 240000.254  359 78255 244179.758 240000.254  1.71%   323 23564s
 10582  4655 240000.254  311 53303 244179.758 240000.254  1.71%   323 23993s
 10583  4656 240000.254  485 74290 244179.758 240000.254  1.71%   323 24069s
 10584  4656 240000.254  160 51235 244179.758 240000.254  1.71%   323 24186s
 10585  4657 240000.254  417 46378 244179.758 240000.254  1.71%   323 24276s
 10586  4658 240000.254  336 44145 244179.758 240000.254  1.71%   323 24301s
 10587  4658 240000.254  114 43188 244179.758 240000.254  1.71%   323 24363s
 10588  4659 240000.254  280 42797 244179.758 240000.254  1.71%   323 24386s
 10589  4660 240000.254  284 42557 244179.758 240000.254  1.71%   323 24453s
 10590  4660 240000.254   66 43081 244179.758 240000.254  1.71%   323 24532s
 10591  4661 243320.935  451 44024 244179.758 240000.254  1.71%   323 24624s
 10592  4662 243313.566   98 41677 244179.758 240000.254  1.71%   323 24736s
 10593  4662 240000.254  328 40826 244179.758 240000.254  1.71%   323 24784s
 10594  4663 240000.254  159 40575 244179.758 240000.254  1.71%   322 24800s
 10595  4664 240000.254  354 40550 244179.758 240000.254  1.71%   322 24812s
 10596  4664 240000.254  410 40550 244179.758 240000.254  1.71%   322 24872s
H10596  4431                    244179.56264 240000.254  1.71%   322 24920s
 10597  4432 240000.308  148 40211 244179.563 240000.308  1.71%   322 24979s
 10598  4433 240000.987  139 40112 244179.563 240000.987  1.71%   322 24996s
 10599  4433 240002.833  159 38453 244179.563 240002.833  1.71%   322 25025s
 10600  4434 240003.329  434 38300 244179.563 240003.329  1.71%   322 25051s
 10601  4435 240005.641  145 38277 244179.563 240005.641  1.71%   322 25083s
 10602  4435 240007.503  126 38089 244179.563 240007.503  1.71%   322 25123s
 10603  4436 240008.144  368 38087 244179.563 240008.144  1.71%   322 25150s
 10604  4437 240008.424  105 38071 244179.563 240008.424  1.71%   322 25214s
 10605  4437 240010.918   72 38083 244179.563 240010.918  1.71%   322 25262s
 10606  4438 240011.826  226 38120 244179.563 240011.826  1.71%   322 25269s
 10607  4439 240013.135  378 38110 244179.563 240013.135  1.71%   322 25285s
 10608  4439 240013.964  416 38217 244179.563 240013.964  1.71%   322 25301s
 10609  4440 240016.290  456 38165 244179.563 240016.290  1.71%   322 25341s
H10609  4217                    244179.13730 240016.290  1.70%   322 25368s
 10610  4218 240018.530  110 38088 244179.137 240018.530  1.70%   322 25371s
H10610  4006                    244178.84474 240018.530  1.70%   322 25406s
 10612  4007 243252.783   32 38047 244178.845 240020.569  1.70%   322 25478s
H10612  3806                    244178.80278 240021.991  1.70%   322 25530s
 10614  3807 240022.497   33 38108 244178.803 240022.497  1.70%   322 25542s
 10615  3808 240024.225  372 38123 244178.803 240024.225  1.70%   322 25559s
 10616  3809 240025.242  116 38115 244178.803 240025.242  1.70%   322 25577s
 10617  3809 240025.775  505 38130 244178.803 240025.775  1.70%   322 25595s
 10618  3810 240026.447  136 38240 244178.803 240026.447  1.70%   322 25624s
 10619  3811 240026.596  133 38216 244178.803 240026.596  1.70%   322 25681s
 10620  3811 240027.823  597 38249 244178.803 240027.823  1.70%   322 25737s
 10621  3812 240028.126  507 38260 244178.803 240028.126  1.70%   322 25779s
H10621  3621                    244178.80131 240028.803  1.70%   322 25830s
 10623  3622 240031.460   32 38346 244178.801 240031.460  1.70%   322 25855s
 10624  3623 240031.917  510 38372 244178.801 240031.917  1.70%   322 25866s
 10625  3624 243438.523  169 38277 244178.801 240032.598  1.70%   322 25883s
 10626  3624 240032.689  442 38287 244178.801 240032.689  1.70%   322 25929s
 10627  3625 240033.728  168 38284 244178.801 240033.728  1.70%   321 25976s
 10628  3626 240034.713  165 38380 244178.801 240034.713  1.70%   321 25992s
 10629  3626 240034.726  192 38339 244178.801 240034.726  1.70%   321 26037s
 10630  3627 243298.615   23 38349 244178.801 240035.423  1.70%   321 26090s
 10631  3628 240036.017  115 38250 244178.801 240036.017  1.70%   321 26124s
 10632  3628 240036.226  104 38403 244178.801 240036.226  1.70%   321 26200s
 10633  3629 240037.331  144 38402 244178.801 240037.331  1.70%   321 26252s
 10634  3630 240038.463   34 38193 244178.801 240038.463  1.70%   321 26295s
 10635  3630 240038.606  261 38170 244178.801 240038.606  1.70%   321 26356s
 10636  3631 240039.166  183 38185 244178.801 240039.166  1.70%   321 26405s
 10637  3632 240040.683  508 38232 244178.801 240040.683  1.69%   321 26476s
 10638  3632 240040.962  607 38225 244178.801 240040.962  1.69%   321 26524s
 10639  3633 240041.477  417 38222 244178.801 240041.477  1.69%   321 26574s
 10640  3634 240041.979  111 38268 244178.801 240041.979  1.69%   321 26599s
 10641  3634 240042.040  229 38208 244178.801 240042.040  1.69%   321 26656s
 10642  3635 240042.351  595 38211 244178.801 240042.351  1.69%   321 26707s
 10643  3636 243290.089  114 38211 244178.801 240042.351  1.69%   321 26745s
H10643  3453                    244174.22116 240042.351  1.69%   321 27254s
 10644  3453 240042.351  280 38211 244174.221 240042.351  1.69%   321 29327s
H10644  3281                    244173.89957 240042.351  1.69%   467 29353s
 10645  3283 240042.608   21 38210 244173.900 240042.567  1.69%   469 29562s
 10647  3286 240053.764   22 38604 244173.900 240042.673  1.69%   469 29893s
 10651  3291 240055.681   23 38446 244173.900 240053.776  1.69%   473 31560s
 10659  3298 240056.552   24 38471 244173.900 240055.279  1.69%   506 33369s
 10669  3295 240056.660   24 38468 244173.900 240056.002  1.69%   509 33370s
H10673  3138                    244173.88606 240056.002  1.69%   564 39769s
H10674  2980                    244172.64323 240056.002  1.69%   565 39769s
H10681  2829                    244171.75760 240056.002  1.69%   616 39769s
 10689  2835 240057.341   26 38459 244171.758 240056.049  1.69%   728 41714s
 10705  2846 242092.656   26 97192 244171.758 240056.070  1.69%   809 44310s
 10721  2855 240057.515   27 38463 244171.758 240056.070  1.69%   810 45239s
 10737  2876     cutoff   27      244171.758 240056.070  1.69%   821 45729s
H10768  2739                    244157.59947 240056.070  1.68%   820 46770s
H10770  2603                    244153.66604 240056.070  1.68%   820 46770s
H10779  2472                    244137.10113 240056.070  1.67%   819 46770s
 10787  2498 240057.517   29 38460 244137.101 240056.070  1.67%   818 48743s
H10819  2452                    244060.80578 240056.070  1.64%   827 50145s
H10820  2337                    244059.59726 240056.070  1.64%   827 50145s
H10861  2213                    244058.86546 240056.070  1.64%   824 50145s
 10905  2467     cutoff   30      244058.865 240056.070  1.64%   821 51651s
 11189  2656     cutoff   37      244058.865 240056.070  1.64%   824 52305s
 11475  2832 240079.100   47 26240 244058.865 240056.070  1.64%   810 52603s
 11765  3021 240081.664   56 26230 244058.865 240056.070  1.64%   797 52728s
 12069  3204 240084.559   66 26198 244058.865 240056.070  1.64%   778 53583s
 12356  3394 240087.068   75 26189 244058.865 240056.070  1.64%   765 53689s
 12660  3578 240089.883   85 26182 244058.865 240056.070  1.64%   747 53794s
 12964  3509 240092.365   94 26173 244058.865 240056.070  1.64%   731 55233s
H13016  3404                    244053.07065 240056.070  1.64%   728 61494s
H13019  3304                    244030.84700 240056.070  1.63%   728 61494s
H13030  3205                    243346.04883 240056.070  1.35%   727 61494s
 13032  3494 240092.868   95 26193 243346.049 240056.070  1.35%   727 62377s
 13326  3693 240095.512  105 26149 243346.049 240056.070  1.35%   715 62537s
 13625  3876 240097.940  114 26162 243346.049 240056.070  1.35%   702 62883s
 13922  4081 240100.693  124 26149 243346.049 240056.070  1.35%   689 62968s
 14226  4283 240103.597  133 26143 243346.049 240056.070  1.35%   674 63057s
 14530  4486 240106.304  143 26134 243346.049 240056.070  1.35%   661 63143s
 14834  4689 240108.576  152 26122 243346.049 240056.070  1.35%   648 63227s
 15138  4891 240111.105  162 26116 243346.049 240056.070  1.35%   635 63316s
 15442  5094 240113.471  171 26093 243346.049 240056.070  1.35%   623 63405s
 15746  5297 240115.979  181 26078 243346.049 240056.070  1.35%   612 63496s
 16050  5541 240118.190  190 26070 243346.049 240056.070  1.35%   601 63583s
 16354  5845 240120.644  200 26067 243346.049 240056.070  1.35%   590 63669s
 16658  6149 240123.074  209 26060 243346.049 240056.070  1.35%   579 63754s
 16962  6453 240125.219  219 26049 243346.049 240056.070  1.35%   569 63837s
 17266  6754 240127.698  228 26034 243346.049 240056.070  1.35%   560 63924s
 17567  7058 240129.996  238 26025 243346.049 240056.070  1.35%   551 64010s
 17871  7362 240132.132  247 26017 243346.049 240056.070  1.35%   542 64093s
 18175  7666 240134.321  257 26005 243346.049 240056.070  1.35%   533 64162s
 18479  7970 240136.414  266 25994 243346.049 240056.070  1.35%   525 64242s
 18783  8271 240138.417  276 25992 243346.049 240056.070  1.35%   516 64321s
 19084  8575 240140.489  285 25983 243346.049 240056.070  1.35%   509 64389s
 19388  8879 240142.464  295 25972 243346.049 240056.070  1.35%   501 64461s
 19692  9180 240144.237  304 25966 243346.049 240056.070  1.35%   493 64536s
 19993  9484 240145.792  314 25962 243346.049 240056.070  1.35%   486 64604s
 20297  9778 240147.741  323 25952 243346.049 240056.070  1.35%   479 64815s
 20591 10078 240149.126  333 25960 243346.049 240056.070  1.35%   474 64894s
 20891 10337 240151.212  342 25953 243346.049 240056.070  1.35%   467 65302s
 21152 10611 240153.071  352 25943 243346.049 240056.070  1.35%   467 65617s
 21428 10895 240155.305  361 25937 243346.049 240056.070  1.35%   465 65862s
 21714 11199 240157.318  371 25925 243346.049 240056.070  1.35%   461 65946s
 22018 11503 240159.088  380 25922 243346.049 240056.070  1.35%   455 66032s
 22322 11807 240161.326  390 25910 243346.049 240056.070  1.35%   449 66107s
 22626 12103 240163.178  399 25901 243346.049 240056.070  1.35%   444 66193s
 22922 12401 240164.827  409 25888 243346.049 240056.070  1.35%   438 66275s
 23220 12705 240166.922  418 25876 243346.049 240056.070  1.35%   433 66359s
 23524 13009 240168.468  428 25855 243346.049 240056.070  1.35%   427 66435s
 23828 13291 240170.270  437 25863 243346.049 240056.070  1.35%   422 66516s
 24110 13584 240172.570  447 25855 243346.049 240056.070  1.35%   418 66592s
 24403 13875 240174.409  456 25848 243346.049 240056.070  1.35%   413 66673s
 24694 14167 240176.134  464 25843 243346.049 240056.070  1.35%   408 66751s
 24986 14466 240178.054  474 25833 243346.049 240056.070  1.35%   404 66825s
 25285 14770 240180.009  483 25828 243346.049 240056.070  1.35%   399 66898s
 25589 15071 240181.848  492 25820 243346.049 240056.070  1.35%   395 66973s
H25890 15087                    243346.03277 240056.070  1.35%   390 70911s
H25893 15087                    243345.61631 240056.070  1.35%   390 70911s
H25895 15085                    242489.91629 240056.070  1.00%   390 70911s
H25903 15085                    242470.81199 240056.070  1.00%   390 70911s
H25906 15101                    242460.96003 240056.070  0.99%   390 76786s
H25907 15101                    242460.84498 240056.070  0.99%   390 76786s
 25922 15152 240183.458  503 25810 242460.845 240056.070  0.99%   390 76896s
 25973 15453 240183.637  503 25809 242460.845 240056.070  0.99%   389 76969s
 26274 15749 240185.028  513 25800 242460.845 240056.070  0.99%   385 77043s
 26570 16050 240186.381  522 25790 242460.845 240056.070  0.99%   381 77117s
 26871 16353 240187.295  532 25778 242460.845 240056.070  0.99%   377 77191s
 27174 16641 240188.721  541 25768 242460.845 240056.070  0.99%   373 77262s
 27462 16911 240190.403  551 25758 242460.845 240056.070  0.99%   369 77335s
 27732 17188 240192.233  560 25754 242460.845 240056.070  0.99%   366 77410s
 28009 17483 240193.822  570 25750 242460.845 240056.070  0.99%   362 77485s
 28304 17754 240195.399  579 25740 242460.845 240056.070  0.99%   359 77564s
 28575 18014 240196.451  589 25732 242460.845 240056.070  0.99%   356 77638s
 28835 18286 240197.669  598 25724 242460.845 240056.070  0.99%   353 77713s
 29107 18557 240198.424  608 25714 242460.845 240056.070  0.99%   350 77787s
 29378 18827 240200.149  616 25697 242460.845 240056.070  0.99%   347 77861s
 29648 19081 240201.092  621 25696 242460.845 240056.070  0.99%   344 77936s
 29902 19344 240202.405  626 25688 242460.845 240056.070  0.99%   341 78011s
 30165 19620 240203.944  635 25683 242460.845 240056.070  0.99%   338 78082s
 30441 19909 240205.053  643 25678 242460.845 240056.070  0.99%   335 78155s
 30730 20170 240206.326  651 25668 242460.845 240056.070  0.99%   332 78226s
 30991 20420 240207.093  656 25671 242460.845 240056.070  0.99%   330 78301s
 31241 20673 240208.370  662 25666 242460.845 240056.070  0.99%   327 78532s
 31494 20858 240209.359  669 25551 242460.845 240056.070  0.99%   325 78951s
 31679 21099 240210.078  674 25547 242460.845 240056.070  0.99%   329 79086s
 31920 21341 240211.137  679 25542 242460.845 240056.070  0.99%   327 79164s
 32162 21592 240212.286  685 25538 242460.845 240056.070  0.99%   326 79342s
 32413 21868 240213.566  692 25534 242460.845 240056.070  0.99%   324 79412s
 32691 22146 240214.578  697 25528 242460.845 240056.070  0.99%   322 79486s
 32969 22427 240215.782  706 25524 242460.845 240056.070  0.99%   319 79558s
 33250 22702 240216.896  712 25521 242460.845 240056.070  0.99%   317 79629s
 33525 22987 240218.228  721 25517 242460.845 240056.070  0.99%   314 79703s
 33810 23272 240219.585  729 25510 242460.845 240056.070  0.99%   312 79777s
 34095 23535 240221.023  738 25496 242460.845 240056.070  0.99%   310 79850s
 34358 23809 240222.146  745 25491 242460.845 240056.070  0.99%   307 79925s
 34632 24088 240223.515  753 25486 242460.845 240056.070  0.99%   305 79999s
 34911 24367 240225.067  761 25478 242460.845 240056.070  0.99%   303 80072s
 35190 24646 240226.300  767 25470 242460.845 240056.070  0.99%   301 80145s
 35469 24927 240227.417  775 25465 242460.845 240056.070  0.99%   298 80218s
 35750 25201 240228.785  782 25462 242460.845 240056.070  0.99%   296 80293s
 36024 25472 240230.051  789 25458 242460.845 240056.070  0.99%   294 80369s
 36295 25743 240231.501  798 25451 242460.845 240056.070  0.99%   292 80443s
 36566 26039 240232.922  805 25473 242460.845 240056.070  0.99%   290 80515s
 36862 26327 240234.458  815 25468 242460.845 240056.070  0.99%   288 80586s
 37150 26607 240235.630  824 25459 242460.845 240056.070  0.99%   286 80658s
 37430 26871 240236.913  834 25448 242460.845 240056.070  0.99%   284 80729s
 37694 27143 240238.528  843 25442 242460.845 240056.070  0.99%   282 80801s
 37966 27405 240239.954  852 25404 242460.845 240056.070  0.99%   281 80876s
 38228 27664 240241.089  861 25428 242460.845 240056.070  0.99%   279 80951s
 38487 27945 240242.519  869 25423 242460.845 240056.070  0.99%   277 81023s
 38768 28212 240243.967  879 25414 242460.845 240056.070  0.99%   275 81095s
 39035 28483 240245.389  888 25407 242460.845 240056.070  0.99%   274 81168s
 39306 28740 240246.609  897 25425 242460.845 240056.070  0.99%   272 81237s
 39563 29007 240248.057  904 25417 242460.845 240056.070  0.99%   270 81308s
 39830 29275 240249.444  913 25402 242460.845 240056.070  0.99%   269 81383s
 40098 29546 240250.763  923 25391 242460.845 240056.070  0.99%   267 81455s
 40369 29813 240252.101  932 25384 242460.845 240056.070  0.99%   265 81521s
 40636 30067 240253.450  942 25375 242460.845 240056.070  0.99%   264 81592s
 40890 30351 240254.247  949 25365 242460.845 240056.070  0.99%   262 81659s
 41174 30610 240255.773  958 25360 242460.845 240056.070  0.99%   261 81732s
H41433 30610                    242447.54381 240056.070  0.99%   259 96962s
 41434 30611 240541.553 1696 43898 242447.544 240056.070  0.99%   259 100930s
 41436 30612 240181.268  438 83670 242447.544 240056.070  0.99%   259 101226s
H41436 29081                    242447.54366 240056.070  0.99%   259 101710s
H41436 27627                    242447.50959 240056.070  0.99%   259 101710s
 41437 27628 240147.034  289 120447 242447.510 240056.070  0.99%   259 101775s
 41438 27629 240173.968  417 94744 242447.510 240056.070  0.99%   259 102213s
 41439 27629 240152.595  348 94611 242447.510 240056.070  0.99%   259 102969s
 41440 27630 240225.201  736 91039 242447.510 240056.070  0.99%   259 103611s
 41441 27631 240430.785 1850 85503 242447.510 240056.070  0.99%   259 104156s
 41442 27631 240121.816  195 82212 242447.510 240056.070  0.99%   259 104309s
 41443 27632 240112.515  162 77444 242447.510 240056.070  0.99%   259 104499s
 41444 27633 240198.166  602 65813 242447.510 240056.070  0.99%   259 104886s
 41445 27633 240256.328  872 61762 242447.510 240056.070  0.99%   259 105103s
 41446 27634 240167.179  466 59725 242447.510 240056.070  0.99%   259 105153s
 41447 27635 240194.511  541 59685 242447.510 240056.070  0.99%   259 105287s
 41448 27635 240082.084   65 55111 242447.510 240056.070  0.99%   259 105309s
 41449 27636 240205.742  567 55241 242447.510 240056.070  0.99%   259 105414s
 41450 27637 240116.665  190 42285 242447.510 240056.070  0.99%   259 105536s
 41451 27637 240616.578 1724 42485 242447.510 240056.070  0.99%   259 105594s
 41452 27638 240610.478 1678 42064 242447.510 240056.070  0.99%   259 105638s
 41453 27639 240211.249  675 41273 242447.510 240056.070  0.99%   259 105703s
 41454 27639 240402.718  423 41764 242447.510 240056.070  0.99%   259 105806s
 41455 27640 240246.555  604 41450 242447.510 240056.070  0.99%   259 105989s
 41456 27641 240090.193   76 40978 242447.510 240056.070  0.99%   259 106158s
 41457 27641 240419.224 1238 40484 242447.510 240056.070  0.99%   259 106515s
 41458 27642 240401.834  419 40221 242447.510 240071.313  0.98%   259 106637s
 41459 27643 240125.919  224 39850 242447.510 240075.130  0.98%   259 106766s
 41460 27643 240467.993 1417 39739 242447.510 240075.928  0.98%   259 106800s
 41461 27644 240248.620  887 39921 242447.510 240076.167  0.98%   259 106868s
 41462 27645 240119.486  199 39521 242447.510 240078.313  0.98%   259 108026s
 41463 27645 240369.699 1619 39188 242447.510 240084.735  0.97%   259 108112s
 41464 27646 240396.508 1645 38607 242447.510 240088.794  0.97%   259 108258s
 41465 27647 240242.665  868 38524 242447.510 240089.256  0.97%   259 108344s
H41465 26264                    242447.40070 240089.429  0.97%   259 109052s
H41465 24950                    242447.34551 240089.429  0.97%   259 109182s
H41465 23702                    242447.17122 240089.429  0.97%   259 109182s
H41465 22516                    242447.06243 240089.429  0.97%   259 109183s
 41466 22516 240141.334  267 38467 242447.062 240089.429  0.97%   259 109278s
H41466 21390                    242447.06227 240089.429  0.97%   259 110348s
H41466 20320                    242446.87166 240089.429  0.97%   259 110348s
 41467 20321 240196.601  550 38507 242446.872 240095.448  0.97%   259 111158s
 41468 20322 240596.187 1572 38785 242446.872 240098.716  0.97%   259 111344s
 41469 20322 240101.185  109 38814 242446.872 240101.185  0.97%   259 111369s
 41470 20323 240348.851 1475 38851 242446.872 240103.949  0.97%   259 111438s
 41471 20324 240105.622  145 38832 242446.872 240105.622  0.97%   259 111497s
 41472 20324 240230.031  654 38840 242446.872 240106.246  0.97%   259 111526s
 41473 20325 240562.288 1782 38892 242446.872 240106.901  0.97%   259 111561s
 41474 20326 240107.854  120 38960 242446.872 240107.854  0.96%   259 111590s
H41474 19309                    242446.54615 240108.091  0.96%   259 112391s
H41474 18343                    242446.28332 240108.091  0.96%   259 112459s
H41474 17425                    242445.71800 240108.091  0.96%   259 112459s
H41474 16553                    242445.25234 240108.091  0.96%   259 112460s
 41475 16553 240108.091   71 38873 242445.252 240108.091  0.96%   259 112537s
H41475 15725                    242444.85183 240108.091  0.96%   259 113662s
H41475 14938                    242443.90392 240108.091  0.96%   259 113662s
H41475 14190                    242427.98835 240108.091  0.96%   259 113662s
H41475 13480                    242425.47129 240108.091  0.96%   259 113662s
H41475 12805                    242424.19589 240108.091  0.96%   259 113662s
H41475 12164                    242420.90335 240108.091  0.95%   259 113663s
H41475 11555                    242419.13452 240112.746  0.95%   259 115401s
H41476 10978                    242415.27313 240112.746  0.95%   259 115680s
H41476 10428                    242412.06165 240112.746  0.95%   259 115680s
H41476  9906                    242409.56107 240112.746  0.95%   259 115680s
H41476  9410                    242407.19898 240112.746  0.95%   259 115680s
H41476  8939                    242403.97633 240112.746  0.95%   259 115680s
H41476  8491                    242395.57902 240112.746  0.94%   259 115680s
 41478  8492 240133.815  239 39179 242395.579 240117.154  0.94%   259 115716s
 41479  8493 240398.253 1819 38978 242395.579 240119.848  0.94%   259 115829s
 41480  8494 240150.379  307 38891 242395.579 240120.558  0.94%   259 115859s
 41481  8494 240120.804  126 38869 242395.579 240120.804  0.94%   259 117190s
 41482  8495 240160.845  356 38893 242395.579 240123.195  0.94%   259 118081s
 41483  8496 240181.919  453 38944 242395.579 240125.612  0.94%   259 118143s
 41484  8496 240413.833  457 48125 242395.579 240126.040  0.94%   259 118177s
 41485  8497 240126.174  163 38875 242395.579 240126.174  0.94%   259 119429s
 41486  8498 240418.346  476 48112 242395.579 240127.591  0.94%   259 120387s
 41487  8498 240224.402  625 48072 242395.579 240129.133  0.94%   259 120489s
H41487  8072                    242389.01262 240129.273  0.93%   259 121820s
H41487  7668                    242386.13723 240129.273  0.93%   259 121820s
 41488  7669 240129.273  101 48091 242386.137 240129.273  0.93%   259 121839s
 41489  7670 240130.506   96 48067 242386.137 240130.506  0.93%   259 123172s
 41490  7670 240204.444  627 48024 242386.137 240132.034  0.93%   259 123212s
 41491  7671 240132.593   77 48100 242386.137 240132.593  0.93%   259 123248s
 41492  7672 240217.843  662 48034 242386.137 240133.244  0.93%   259 123285s
H41492  7287                    242385.31565 240133.469  0.93%   259 124446s
H41492  6922                    242361.89987 240133.469  0.92%   259 124446s
 41493  6922 240133.469  319 48020 242361.900 240133.469  0.92%   259 124466s
H41493  6575                    242361.89289 240134.262  0.92%   259 126165s
 41495  6577 240135.695  106 48032 242361.893 240135.695  0.92%   259 126227s
 41496  6577 240352.000 1498 48027 242361.893 240135.992  0.92%   259 127463s
H41496  6247                    242355.78686 240135.992  0.92%   259 128781s
 41497  6248 240142.369  274 47995 242355.787 240137.045  0.92%   259 130384s
H41497  5934                    242354.88312 240137.045  0.92%   259 130548s
 41498  5935 240184.831  537 48019 242354.883 240138.933  0.91%   259 130552s
H41498  5638                    242352.40002 240139.146  0.91%   259 131952s
 41499  5638 240250.542  833 48020 242352.400 240139.146  0.91%   259 131978s
H41499  5355                    242347.85136 240139.146  0.91%   259 133462s
H41499  5086                    242347.75649 240139.491  0.91%   259 135099s
 41500  5087 240217.843  643 48014 242347.756 240139.491  0.91%   259 135100s
 41501  5088 240140.551   42 47984 242347.756 240140.551  0.91%   259 135148s
 41502  5088 240141.598  232 48020 242347.756 240141.598  0.91%   259 135207s
 41503  5089 240331.640 1350 48022 242347.756 240142.081  0.91%   259 135267s
 41504  5090 240201.887  559 48035 242347.756 240142.673  0.91%   259 135354s
 41505  5090 240183.433  462 48069 242347.756 240143.633  0.91%   259 135431s
 41506  5091 240190.171  488 47992 242347.756 240144.952  0.91%   259 135489s
 41507  5092 240318.252 1265 47967 242347.756 240145.564  0.91%   259 135526s
 41508  5092 240145.744  144 47973 242347.756 240145.744  0.91%   259 136928s
H41508  4836                    242345.84506 240145.744  0.91%   259 138330s
 41509  4837 240146.040  100 47954 242345.845 240146.040  0.91%   259 140575s
 41510  4838 240146.330  276 48008 242345.845 240146.330  0.91%   259 142179s
 41511  4838 240210.757  642 47908 242345.845 240147.313  0.91%   259 143634s
H41511  4595                    242336.25923 240147.382  0.90%   259 145144s
H41511  4364                    242327.07139 240147.382  0.90%   259 145144s
 41512  4365 240365.278 1582 47893 242327.071 240147.382  0.90%   259 145173s
H41512  4145                    242322.91795 240147.382  0.90%   259 146474s
 41513  4146 240148.638  262 47909 242322.918 240148.638  0.90%   259 147810s
H41513  3937                    242303.49800 240148.638  0.89%   259 148361s
 41515  3938 240150.371  141 47910 242303.498 240150.371  0.89%   259 148423s
 41516  3939 240150.587   43 47957 242303.498 240150.587  0.89%   259 150040s
 41517  3939 240335.080  312 47977 242303.498 240151.078  0.89%   259 152264s
H41517  3741                    242300.24265 240151.078  0.89%   259 152510s
 41518  3742 240152.446  329 47994 242300.243 240151.533  0.89%   259 152515s
 41519  3743 240616.768 1725 47873 242300.243 240151.747  0.89%   259 154017s
H41519  3554                    242294.13241 240151.747  0.88%   259 155951s
H41519  3375                    241910.43941 240152.317  0.73%   259 159026s
 41521  3376 240198.111  521 47954 241910.439 240152.883  0.73%   259 159718s
 41522  3377 240222.530  673 47943 241910.439 240153.080  0.73%   259 161476s
 41523  3377 240218.464  681 47972 241910.439 240154.769  0.73%   259 162158s
 41524  3378 240226.855  693 48005 241910.439 240156.386  0.73%   259 162325s
 41525  3379 240481.405 1463 47923 241910.439 240156.607  0.72%   259 162591s
 41526  3379 240223.355  675 47937 241910.439 240157.831  0.72%   259 163387s
 41527  3380 240157.941   77 48003 241910.439 240157.941  0.72%   259 163509s
H41527  3210                    241910.43685 240158.358  0.72%   259 163902s
H41528  3049                    241910.35433 240158.358  0.72%   259 163981s
 41529  3049 240224.967  681 47913 241910.354 240158.473  0.72%   259 164035s
 41530  3050 240176.652  429 47960 241910.354 240158.841  0.72%   259 164893s
H41530  2895                    241905.72314 240158.841  0.72%   259 165130s
H41530  2749                    241900.71510 240158.841  0.72%   259 165130s
H41530  2610                    241897.48676 240158.841  0.72%   259 165131s
 41532  2611 240386.784 1743 48003 241897.487 240159.460  0.72%   259 165261s
H41532  2479                    241897.38105 240159.860  0.72%   259 165933s
 41534  2481 240541.553 1696 47942 241897.381 240160.709  0.72%   259 166072s
 41535  2481 240160.975  188 48044 241897.381 240160.975  0.72%   259 166496s
 41536  2482 240181.268  438 47957 241897.381 240161.905  0.72%   259 167210s
 41537  2483 240161.986  289 47992 241897.381 240161.986  0.72%   259 167363s
H41537  2357                    241897.33992 240162.331  0.72%   259 168159s
 41538  2357 240173.968  417 48009 241897.340 240162.331  0.72%   259 168160s
 41539  2358 240162.419  348 47945 241897.340 240162.419  0.72%   259 168313s
 41540  2359 240225.201  736 47940 241897.340 240162.631  0.72%   259 168388s
 41541  2359 240430.785 1850 47978 241897.340 240163.160  0.72%   259 168500s
 41542  2360 240163.272  195 47994 241897.340 240163.272  0.72%   259 168674s
H41542  2240                    241897.17718 240163.409  0.72%   259 168825s
 41544  2241 240198.166  602 47999 241897.177 240163.596  0.72%   259 168983s
 41545  2242 240256.328  872 48021 241897.177 240164.572  0.72%   259 169727s
 41546  2243 240167.179  466 48019 241897.177 240164.680  0.72%   259 169916s
H41546  2129                    241897.14132 240165.085  0.72%   259 170232s
 41548  2130 240165.237   65 48027 241897.141 240165.237  0.72%   259 170480s
 41549  2131 240205.742  567 48005 241897.141 240165.800  0.72%   259 170700s
 41550  2131 240165.844  190 48018 241897.141 240165.844  0.72%   259 170818s
H41550  2023                    241897.02113 240166.350  0.72%   259 171050s
 41552  2025 240610.478 1678 47991 241897.021 240166.450  0.72%   259 171253s
 41553  2025 240211.249  675 47923 241897.021 240166.756  0.72%   259 171469s
 41554  2026 240402.718  423 47984 241897.021 240166.799  0.72%   259 171620s
H41554  1922                    241896.99839 240167.147  0.72%   259 172411s
 41556  1923 240168.447   76 48455 241896.998 240168.447  0.71%   258 172624s
 41557  1924 240419.224 1238 48479 241896.998 240168.742  0.71%   258 172851s
H41557  1826                    241891.34751 240168.742  0.71%   258 173105s
 41558  1827 240401.834  419 47943 241891.348 240169.403  0.71%   258 173931s
 41559  1827 240169.617  224 47951 241891.348 240169.617  0.71%   258 174118s
H41559  1733                    241891.29410 240170.150  0.71%   258 174958s
 41561  1735 240248.620  887 48042 241891.294 240170.262  0.71%   258 175231s
 41562  1735 240170.773  199 48004 241891.294 240170.773  0.71%   258 176164s
H41562  1647                    241890.97954 240170.773  0.71%   258 176429s
 41563  1648 240369.699 1619 48050 241890.980 240171.255  0.71%   258 176433s
 41564  1649 240396.508 1645 48038 241890.980 240171.535  0.71%   258 176680s
 41565  1649 240242.665  868 47987 241890.980 240172.166  0.71%   258 177626s
 41566  1650 240172.652  267 48028 241890.980 240172.652  0.71%   258 177941s
 41567  1651 240196.601  550 48058 241890.980 240173.594  0.71%   258 178241s
 41568  1651 240596.187 1572 48058 241890.980 240173.752  0.71%   258 178491s
 41569  1652 240174.562  109 48028 241890.980 240174.562  0.71%   258 178762s
 41570  1653 240348.851 1475 48056 241890.980 240174.751  0.71%   258 179005s
H41570  1568                    241890.81649 240174.960  0.71%   258 179212s
 41572  1569 240230.031  654 48128 241890.816 240175.905  0.71%   258 179512s
 41573  1570 240562.288 1782 48209 241890.816 240177.268  0.71%   258 180029s
 41574  1570 240177.394  120 48091 241890.816 240177.394  0.71%   258 180194s
 41575  1571 240177.549   71 47667 241890.816 240177.549  0.71%   258 180279s
 41576  1572 240259.138  952 48199 241890.816 240178.143  0.71%   258 180598s
 41577  1572 240253.113  840 48153 241890.816 240178.294  0.71%   258 180826s
H41577  1491                    241890.79520 240178.620  0.71%   258 180934s
 41578  1492 240178.620  239 48087 241890.795 240178.620  0.71%   258 180935s
 41579  1493 240398.253 1819 48086 241890.795 240179.267  0.71%   258 181334s
 41580  1493 240180.446  307 48208 241890.795 240180.446  0.71%   258 181696s
 41581  1494 240180.658  126 48128 241890.795 240180.658  0.71%   258 181881s
 41582  1495 240181.380  356 47986 241890.795 240181.380  0.71%   258 182028s
 41583  1495 240181.961  453 48178 241890.795 240181.961  0.71%   258 182422s
 41584  1496 240413.833  457 48046 241890.795 240182.164  0.71%   258 182713s
H41584  1418                    241890.71058 240182.677  0.71%   258 182824s
 41585  1419 240182.677  163 48035 241890.711 240182.677  0.71%   258 182825s
 41586  1419 240418.346  476 48097 241890.711 240182.893  0.71%   258 183124s
 41587  1420 240224.402  625 48044 241890.711 240183.151  0.71%   258 183208s
 41588  1421 240183.514  101 47992 241890.711 240183.514  0.71%   258 183597s
H41588  1348                    241890.68645 240183.723  0.71%   258 183699s
 41589  1348 240183.723   96 47970 241890.686 240183.723  0.71%   258 183700s
 41590  1349 240204.444  627 47996 241890.686 240184.189  0.71%   258 183997s
 41591  1350 240185.562   77 48180 241890.686 240185.562  0.70%   258 184586s
 41592  1350 240217.843  662 48215 241890.686 240185.717  0.70%   258 184865s
 41593  1351 240186.000  319 48061 241890.686 240186.000  0.70%   258 184959s
 41594  1352 240203.250  572 48181 241890.686 240186.379  0.70%   258 185325s
 41595  1352 240186.445  106 48184 241890.686 240186.445  0.70%   258 185532s
H41595  1281                    241890.39097 240186.921  0.70%   258 185631s
 41597  1283 240187.018  274 48158 241890.391 240187.018  0.70%   258 185778s
 41598  1283 240187.635  537 48130 241890.391 240187.635  0.70%   258 185843s
 41599  1284 240250.542  833 48170 241890.391 240188.621  0.70%   258 186388s
 41600  1285 240217.843  643 48188 241890.391 240188.768  0.70%   258 186655s
H41600  1218                    241890.09605 240189.541  0.70%   258 186843s
 41602  1219 240189.831  232 48197 241890.096 240189.831  0.70%   258 187266s
 41603  1220 240331.640 1350 48130 241890.096 240189.988  0.70%   258 187368s
 41604  1220 240201.887  559 48187 241890.096 240190.334  0.70%   258 187733s
H41604  1156                    241889.77799 240190.800  0.70%   258 187840s
 41606  1158 240190.997  488 48199 241889.778 240190.997  0.70%   258 188222s
 41607  1158 240318.252 1265 48143 241889.778 240191.638  0.70%   258 188322s
 41608  1159 240191.811  144 48252 241889.778 240191.811  0.70%   258 188627s
 41609  1160 240192.422  100 48191 241889.778 240192.422  0.70%   258 188745s
 41610  1160 240192.550  276 48260 241889.778 240192.550  0.70%   258 189059s
 41611  1161 240210.757  642 48198 241889.778 240193.059  0.70%   258 190158s
 41612  1162 240365.278 1582 48290 241889.778 240193.195  0.70%   258 190455s
 41613  1162 240193.766  262 48257 241889.778 240193.766  0.70%   258 190536s
 41614  1163 240194.022  190 48243 241889.778 240194.022  0.70%   258 190884s
 41615  1164 240194.643  141 48174 241889.778 240194.643  0.70%   258 190984s
 41616  1164 240195.122   43 48260 241889.778 240195.122  0.70%   258 191388s
 41617  1165 240335.080  312 48310 241889.778 240195.268  0.70%   258 191568s
H41617  1104                    241888.66308 240195.815  0.70%   258 193234s
 41619  1105 240616.768 1725 48405 241888.663 240196.752  0.70%   258 193885s
 41620  1106 240196.941   39 48402 241888.663 240196.941  0.70%   258 194173s
 41621  1107 240198.111  521 48245 241888.663 240197.520  0.70%   258 195019s
 41622  1107 240222.530  673 48368 241888.663 240197.861  0.70%   258 195404s
 41623  1108 240218.464  681 48322 241888.663 240198.252  0.70%   258 195491s
 41624  1109 240226.855  693 48364 241888.663 240198.730  0.70%   258 195986s
 41625  1109 240481.405 1463 48380 241888.663 240198.872  0.70%   258 196372s
 41626  1110 240223.355  675 48231 241888.663 240199.495  0.70%   258 196473s
 41627  1111 240199.787   77 48382 241888.663 240199.787  0.70%   258 196819s
H41627  1052                    241888.18166 240200.144  0.70%   258 197638s
 41629  1053 240224.967  681 48379 241888.182 240201.026  0.70%   258 198199s
 41630  1054 240201.196  429 48388 241888.182 240201.196  0.70%   258 199150s

Cutting planes:
  Learned: 3
  Gomory: 1558
  Cover: 1714
  Clique: 1
  MIR: 168323
  StrongCG: 2
  Flow cover: 57702
  RLT: 6
  Relax-and-lift: 483

Explored 41630 nodes (14485947 simplex iterations) in 200001.09 seconds
Thread count was 32 (of 32 available processors)

Solution count 10: 241888 241889 241890 ... 241891

Time limit reached
Best objective 2.418881816611e+05, best bound 2.402019551448e+05, gap 0.6971%

