Solver command line: ['/opt/gurobi911/linux64/bin/gurobi.sh']

Academic license - for non-commercial use only - expires 2021-03-30
Using license file /home/cie/gurobi.lic
Read LP format model from file /tmp/tmp_4oswy43.pyomo.lp
Reading time = 1.97 seconds
x1051207: 1051203 rows, 700807 columns, 2587320 nonzeros
Read MIP start from file /tmp/tmpwno5kehc.gurobi.mst
Changed value of parameter timelimit to 80000.0
   Prev: inf  Min: 0.0  Max: inf  Default: inf
Changed value of parameter mipgap to 0.01
   Prev: 0.0001  Min: 0.0  Max: inf  Default: 0.0001
Gurobi Optimizer version 9.1.1 build v9.1.1rc0 (linux64)
Thread count: 16 physical cores, 32 logical processors, using up to 32 threads
Optimize a model with 1051203 rows, 700807 columns and 2587320 nonzeros
Model fingerprint: 0x434a7508
Variable types: 525605 continuous, 175202 integer (0 binary)
Coefficient statistics:
  Matrix range     [1e-03, 5e+01]
  Objective range  [2e-02, 5e+04]
  Bounds range     [2e+00, 2e+03]
  RHS range        [1e+00, 4e+01]

Warning: Completing partial solution with 175200 unfixed non-continuous variables out of 175202
User MIP start produced solution with objective 574231 (61.23s)
User MIP start produced solution with objective 574222 (63.77s)
User MIP start produced solution with objective 246699 (103.30s)
User MIP start produced solution with objective 246695 (297.49s)
User MIP start produced solution with objective 246692 (403.44s)
User MIP start produced solution with objective 219240 (410.97s)
User MIP start produced solution with objective 219240 (423.11s)
User MIP start produced solution with objective 219239 (444.47s)
User MIP start produced solution with objective 219239 (458.23s)
User MIP start produced solution with objective 219238 (480.34s)
User MIP start produced solution with objective 219237 (527.02s)
User MIP start produced solution with objective 219235 (546.07s)
User MIP start produced solution with objective 219234 (556.75s)
User MIP start produced solution with objective 218890 (610.83s)
User MIP start produced solution with objective 218887 (617.16s)
User MIP start produced solution with objective 218885 (630.52s)
User MIP start produced solution with objective 218883 (640.07s)
User MIP start produced solution with objective 218883 (652.93s)
User MIP start produced solution with objective 218881 (663.57s)
User MIP start produced solution with objective 218875 (675.17s)
User MIP start produced solution with objective 218872 (701.03s)
User MIP start produced solution with objective 218868 (708.31s)
Loaded user MIP start with objective 218868
Processed MIP start in 709.07 seconds

Presolve removed 13 rows and 81193 columns
Presolve time: 2.45s
Presolved: 1051190 rows, 619614 columns, 2506135 nonzeros
Variable types: 444412 continuous, 175202 integer (0 binary)

Deterministic concurrent LP optimizer: primal simplex, dual simplex, and barrier
Showing barrier log only...

Root barrier log...

Ordering time: 0.06s

Barrier statistics:
 Dense cols : 4
 AA' NZ     : 1.711e+06
 Factor NZ  : 6.657e+06 (roughly 500 MBytes of memory)
 Factor Ops : 6.693e+07 (less than 1 second per iteration)
 Threads    : 14

                  Objective                Residual
Iter       Primal          Dual         Primal    Dual     Compl     Time
   0   2.10989658e+07 -4.02471838e+09  5.85e+01 1.11e+00  2.05e+04   714s
   1   1.26870731e+07 -2.93576880e+09  4.35e+01 4.33e+01  7.56e+03   715s
   2   1.15584600e+07 -1.74104396e+09  4.16e+01 1.60e+00  4.40e+03   716s
   3   3.19731162e+06 -7.53931701e+08  3.84e+00 7.54e-06  6.77e+02   717s
   4   2.25418507e+06 -1.05996838e+08  5.12e-14 1.13e-07  7.26e+01   718s
   5   2.09897770e+06 -6.45201506e+06  1.49e-13 5.26e-08  5.73e+00   719s
   6   1.23501078e+06 -4.17022212e+06  1.49e-13 3.51e-08  3.62e+00   720s
   7   9.92490767e+05 -1.46106307e+06  1.21e-13 1.55e-08  1.64e+00   721s
   8   4.97737155e+05 -7.34732660e+04  1.10e-13 5.02e-10  3.83e-01   722s
   9   3.29047147e+05  8.18829928e+04  1.53e-12 4.69e-10  1.66e-01   723s
  10   3.06325010e+05  1.21365245e+05  2.25e-11 5.09e-10  1.24e-01   724s
  11   2.83181688e+05  1.37126555e+05  1.44e-10 7.05e-11  9.79e-02   725s
  12   2.64639553e+05  1.43565689e+05  1.21e-10 1.74e-10  8.12e-02   726s
  13   2.54902211e+05  1.50428287e+05  1.02e-10 1.28e-13  7.00e-02   727s
  14   2.41177666e+05  1.51557575e+05  3.91e-10 1.12e-13  6.01e-02   728s
  15   2.32189921e+05  1.54287915e+05  3.17e-10 1.16e-09  5.22e-02   730s
  16   2.25315392e+05  1.58305512e+05  2.33e-10 3.64e-10  4.49e-02   731s
  17   2.15997591e+05  1.65054415e+05  4.04e-10 3.70e-09  3.41e-02   733s
  18   2.10791508e+05  1.66849210e+05  1.66e-10 2.52e-09  2.95e-02   735s
  19   2.06478998e+05  1.67276326e+05  1.99e-10 1.67e-09  2.63e-02   736s
  20   2.05067449e+05  1.69344715e+05  1.90e-10 1.13e-09  2.39e-02   738s
  21   1.96959406e+05  1.69853744e+05  1.47e-10 1.60e-09  1.82e-02   740s
  22   1.92982789e+05  1.70143498e+05  2.23e-10 4.84e-10  1.53e-02   742s
  23   1.88064633e+05  1.71041869e+05  1.56e-10 2.39e-09  1.14e-02   743s
  24   1.86144227e+05  1.71558229e+05  1.36e-10 2.50e-09  9.78e-03   745s
  25   1.84876116e+05  1.72238754e+05  1.23e-10 1.79e-09  8.47e-03   747s
  26   1.80310299e+05  1.73877388e+05  4.87e-11 1.31e-09  4.31e-03   749s
  27   1.77838758e+05  1.74377340e+05  1.54e-10 3.14e-10  2.32e-03   750s
  28   1.77435385e+05  1.74509121e+05  1.34e-10 7.59e-11  1.96e-03   752s
  29   1.77333028e+05  1.74522272e+05  1.29e-10 2.22e-10  1.88e-03   753s
  30   1.77310889e+05  1.74547405e+05  1.28e-10 2.33e-10  1.85e-03   755s
  31   1.77137704e+05  1.74554090e+05  1.21e-10 1.11e-10  1.73e-03   756s
  32   1.76747038e+05  1.74617350e+05  1.01e-10 5.05e-11  1.43e-03   758s
  33   1.76725231e+05  1.74618204e+05  9.79e-11 1.97e-10  1.41e-03   760s
  34   1.76171357e+05  1.74627118e+05  6.54e-11 5.82e-11  1.04e-03   762s
  35   1.76031442e+05  1.74699294e+05  5.93e-11 2.14e-11  8.93e-04   764s
  36   1.75714238e+05  1.74735480e+05  4.49e-11 8.99e-10  6.56e-04   765s
  37   1.75549032e+05  1.74749952e+05  3.76e-11 6.00e-10  5.36e-04   767s
  38   1.75461701e+05  1.74759305e+05  3.29e-11 8.00e-10  4.71e-04   768s
  39   1.75442803e+05  1.74763521e+05  3.19e-11 6.24e-10  4.55e-04   769s
  40   1.75286162e+05  1.74765673e+05  2.51e-11 7.04e-10  3.49e-04   771s
  41   1.75177618e+05  1.74778630e+05  1.92e-11 4.55e-11  2.67e-04   772s
  42   1.74933042e+05  1.74782319e+05  6.81e-12 1.18e-09  1.01e-04   774s
  43   1.74864900e+05  1.74804614e+05  2.89e-12 1.23e-09  4.04e-05   775s
  44   1.74847180e+05  1.74807613e+05  1.92e-12 2.04e-10  2.65e-05   777s
  45   1.74838297e+05  1.74809694e+05  1.45e-12 2.24e-10  1.92e-05   778s
  46   1.74827452e+05  1.74810085e+05  8.63e-13 2.41e-10  1.16e-05   779s
  47   1.74813378e+05  1.74810755e+05  1.28e-13 1.04e-12  1.76e-06   781s
  48   1.74810890e+05  1.74810875e+05  1.21e-14 3.33e-09  1.03e-08   782s
  49   1.74810883e+05  1.74810883e+05  4.37e-10 1.89e-08  9.34e-12   783s

Barrier solved model in 49 iterations and 782.69 seconds
Optimal objective 1.74810883e+05


Root crossover log...

  437992 DPushes remaining with DInf 0.0000000e+00               783s
       0 DPushes remaining with DInf 0.0000000e+00               784s

   47723 PPushes remaining with PInf 0.0000000e+00               784s
       0 PPushes remaining with PInf 0.0000000e+00               784s

  Push phase complete: Pinf 0.0000000e+00, Dinf 2.4829303e-13    784s


Root simplex log...

Iteration    Objective       Primal Inf.    Dual Inf.      Time
  236029    1.7481088e+05   0.000000e+00   0.000000e+00    784s
  236029    1.7481088e+05   0.000000e+00   0.000000e+00    784s
Concurrent spin time: 21.36s (can be avoided by choosing Method=3)

Solved with barrier

Root relaxation: objective 1.748109e+05, 236029 iterations, 71.95 seconds
Total elapsed time = 804.17s
Total elapsed time = 810.47s
Total elapsed time = 815.51s

    Nodes    |    Current Node    |     Objective Bounds      |     Work
 Expl Unexpl |  Obj  Depth IntInf | Incumbent    BestBd   Gap | It/Node Time

     0     0 174810.883    0 47699 218868.318 174810.883  20.1%     -  818s
H    0     0                    218868.31002 174810.883  20.1%     -  842s
     0     0 174810.883    0 47699 218868.310 174810.883  20.1%     -  845s
     0     0 179251.554    0 48859 218868.310 179251.554  18.1%     -  919s
     0     0 179251.554    0 48508 218868.310 179251.554  18.1%     -  921s
     0     0 183652.711    0 39556 218868.310 183652.711  16.1%     -  943s
     0     0 186493.504    0 25096 218868.310 186493.504  14.8%     -  951s
     0     0 191361.605    0 25306 218868.310 191361.605  12.6%     -  959s
     0     0 191473.957    0 22371 218868.310 191473.957  12.5%     -  964s
     0     0 191486.234    0 22255 218868.310 191486.234  12.5%     -  967s
     0     0 191486.234    0 22254 218868.310 191486.234  12.5%     -  969s
     0     0 192331.834    0 23342 218868.310 192331.834  12.1%     - 1019s
     0     0 192553.714    0 22444 218868.310 192553.714  12.0%     - 1056s
     0     0 192555.135    0 24575 218868.310 192555.135  12.0%     - 1082s
     0     0 192601.037    0 44665 218868.310 192601.037  12.0%     - 1130s
     0     0 192685.307    0 24035 218868.310 192685.307  12.0%     - 1159s
     0     0 192689.982    0 23886 218868.310 192689.982  12.0%     - 1165s
     0     0 192698.837    0 21827 218868.310 192698.837  12.0%     - 1178s
     0     0 192701.780    0 24074 218868.310 192701.780  12.0%     - 1185s
     0     0 192709.118    0 24151 218868.310 192709.118  12.0%     - 1195s
H    0     0                    218866.25157 192709.118  12.0%     - 1200s
     0     0 192709.849    0 24262 218866.252 192709.849  12.0%     - 1204s
     0     0 192720.310    0 21757 218866.252 192720.310  11.9%     - 1226s
     0     0 192720.310    0 21757 218866.252 192720.310  11.9%     - 1236s
H    0     0                    218815.77467 192720.310  11.9%     - 1271s
     0     2 192720.310    0 21757 218815.775 192720.310  11.9%     - 1338s
     1     4 192799.097    1 9390 218815.775 192720.447  11.9% 47469 1512s
     3     6 197715.868    2 8477 218815.775 196269.430  10.3% 32571 1836s
     7    12 197718.646    3 8474 218815.775 197715.870  9.64% 43157 2029s
    13    24 197898.138    4 6068 218815.775 197716.437  9.64% 27210 2151s
    25    40 197904.397    5 6066 218815.775 197896.007  9.56% 19914 2257s
H   41    56                    201508.35528 197897.450  1.79% 15747 2386s
H   89    48                    201451.37962 197897.450  1.76%  7298 2392s
H   99    48                    201432.12661 197897.450  1.75%  6562 2392s
   117    80 197908.191    8 6064 201432.127 197897.450  1.75%  5554 2395s
H  149    96                    201366.59079 197897.450  1.72%  4362 2404s
H  150    96                    201353.50653 197897.450  1.72%  4333 2404s
H  156    96                    201352.41158 197897.450  1.72%  4167 2404s
H  158    96                    201349.96409 197897.450  1.71%  4114 2404s
H  159    96                    201344.62004 197897.450  1.71%  4088 2404s
   165   144 197910.260   11 6061 201344.620 197897.450  1.71%  3940 2406s
H  213   160                    201192.62969 197897.450  1.64%  3053 2421s
H  214   160                    201191.06839 197897.450  1.64%  3039 2421s
H  215   160                    201185.40538 197897.450  1.63%  3025 2421s
   229   448 197912.673   15 6057 201185.405 197897.450  1.63%  2840 2434s
H  517   464                    200975.15449 197897.450  1.53%  1263 2471s
H  518   464                    200972.80836 197897.450  1.53%  1261 2471s
H  521   464                    200971.98511 197897.450  1.53%  1253 2471s
H  531   464                    200970.31733 197897.450  1.53%  1230 2471s
   533   768 197930.525   34 6044 200970.317 197897.450  1.53%  1225 2486s
   837  1072 197936.601   48 6030 200970.317 197897.450  1.53%   785 2502s
  1141  1375 197949.055   65 6020 200970.317 197897.450  1.53%   578 2516s
  1445  1679 197961.298   84 6008 200970.317 197897.450  1.53%   457 2529s
  1749  1983 197971.367  103 5994 200970.317 197897.450  1.53%   378 2540s
  2053  2271 197978.286  120 5977 200970.317 197897.450  1.53%   323 2552s
  2341  2535 197981.432  127 5974 200970.317 197897.450  1.53%   285 2564s
  2605  2772 197988.101  139 5958 200970.317 197897.450  1.53%   257 2577s
  2842  3044 197993.691  145 5952 200970.317 197897.450  1.53%   238 2589s
  3114  3298 197998.527  152 5940 200970.317 197897.450  1.53%   218 2603s
  3368  3550 198004.244  158 5933 200970.317 197897.450  1.53%   203 2616s
  3620  3817 198009.418  165 5920 200970.317 197897.450  1.53%   189 2629s
  3887  4066 198016.211  173 5910 200970.317 197897.450  1.53%   177 2642s
  4136  4324 198024.388  181 5902 200970.317 197897.450  1.53%   169 2655s
  4394  4589 198031.397  191 5892 200970.317 197897.450  1.53%   160 2668s
  4659  4857 198038.742  200 5880 200970.317 197897.450  1.53%   154 2681s
  4927  5126 198047.093  208 5874 200970.317 197897.450  1.53%   146 2694s
  5196  5388 198054.834  218 5864 200970.317 197897.450  1.53%   139 2707s
  5458  5675 198064.735  229 5852 200970.317 197897.450  1.53%   133 2719s
  5745  5945 198071.298  237 5837 200970.317 197897.450  1.53%   127 2732s
  6015  6199 198082.915  250 5824 200970.317 197897.450  1.53%   122 2745s
  6269  6482 198089.485  258 5815 200970.317 197897.450  1.53%   117 2758s
  6552  6763 198095.373  266 5807 200970.317 197897.450  1.53%   113 2770s
  6833  7025 198103.275  277 5794 200970.317 197897.450  1.53%   109 2783s
  7095  7284 198114.403  292 5776 200970.317 197897.450  1.53%   105 2796s
  7354  7540 198123.707  303 5765 200970.317 197897.450  1.53%   102 2809s
  7610  7792 198135.563  321 5746 200970.317 197897.450  1.53%   100 2821s
  7862  8051 198148.129  340 5720 200970.317 197897.450  1.53%  97.3 2834s
  8121  8313 198160.368  359 5699 200970.317 197897.450  1.53%  94.5 2846s
  8383  8583 198173.166  378 5683 200970.317 197897.450  1.53%  91.9 2859s
  8653  8858 198179.473  386 5675 200970.317 197897.450  1.53%  89.7 2872s
  8928  9128 198184.658  393 5665 200970.317 197897.450  1.53%  87.2 2884s
  9198  9395 198189.078  398 5659 200970.317 197897.450  1.53%  84.9 2895s
  9465  9657 198194.448  404 5652 200970.317 197897.450  1.53%  83.2 2907s
  9727  9918 198198.235  411 5642 200970.317 197897.450  1.53%  81.8 2919s
  9988 10189 198199.785  413 5640 200970.317 197897.450  1.53%  80.1 2930s
 10260 10190 198315.436  521 21757 200970.317 197897.450  1.53%  78.2 3478s
 10262 10191 198310.563  517 48098 200970.317 197897.450  1.53%  78.2 3611s
 10263 10192 197984.529  118 58101 200970.317 197897.450  1.53%  78.2 3751s
 10264 10193 197934.592  113 57272 200970.317 197897.450  1.53%  78.2 3871s
 10265 10193 198166.134  183 77366 200970.317 197897.450  1.53%  78.2 4028s
 10266 10194 198334.733  553 58692 200970.317 197897.450  1.53%  78.2 4122s
 10267 10195 198417.650  639 58993 200970.317 197897.450  1.53%  78.2 4278s
 10268 10195 198209.572  421 23123 200970.317 197897.450  1.53%  78.2 4367s
 10269 10196 198372.852  612 43856 200970.317 197897.450  1.53%  78.2 4415s
 10270 10197 198201.515  376 43434 200970.317 197897.450  1.53%  78.1 4510s
 10271 10197 197972.594  168 20118 200970.317 197897.450  1.53%  78.1 4678s
 10272 10198 198374.633  636 23897 200970.317 197897.450  1.53%  78.1 4722s
 10273 10199 197985.660  186 22347 200970.317 197897.450  1.53%  78.1 4871s
 10274 10199 198340.195  561 43735 200970.317 197897.450  1.53%  78.1 5085s
 10275 10200 197998.418  200 43885 200970.317 197897.450  1.53%  78.1 5122s
 10276 10201 198056.984  219 23081 200970.317 197897.450  1.53%  78.1 5145s
 10277 10201 198147.191  300 23376 200970.317 197897.450  1.53%  78.1 5158s
 10278 10202 198156.459  314 30420 200970.317 197897.450  1.53%  78.1 5198s
 10279 10203 197915.357   35 30134 200970.317 197897.450  1.53%  78.1 5224s
 10280 10203 198077.364  220 31156 200970.317 197897.450  1.53%  78.1 5245s
H10280  9692                    200969.64521 197897.450  1.53%  78.1 5278s
 10281  9693 198055.684  227 29921 200969.645 197897.450  1.53%  78.1 5293s
 10282  9694 197928.522   45 30339 200969.645 197897.450  1.53%  78.1 5340s
 10283  9694 198377.108  573 31740 200969.645 197897.450  1.53%  78.0 5427s
 10284  9695 198144.836  299 31694 200969.645 197897.450  1.53%  78.0 5474s
 10285  9696 198127.586  277 31833 200969.645 197897.450  1.53%  78.0 5525s
 10286  9696 198037.675  205 31856 200969.645 197897.450  1.53%  78.0 5566s
 10287  9697 198216.748  401 31925 200969.645 197897.450  1.53%  78.0 5614s
 10288  9698 198102.761  276 31956 200969.645 197897.450  1.53%  78.0 5663s
 10289  9698 198124.233  273 32042 200969.645 197897.450  1.53%  78.0 5712s
 10290  9699 197962.878   65 32042 200969.645 197897.450  1.53%  78.0 5736s
H10290  9214                    200967.92946 197897.450  1.53%  78.0 5745s
 10291  9215 198216.172  480 32042 200967.929 197897.450  1.53%  78.0 6184s
 10292  9218 197897.450   13 32052 200967.929 197897.450  1.53%   166 6333s
 10294  9222 197897.450   14 32635 200967.929 197897.450  1.53%   167 6423s
 10298  9228 197897.450   15 32522 200967.929 197897.450  1.53%   171 6785s
 10306  9236 197897.450   16 32521 200967.929 197897.450  1.53%   202 6962s
 10322  9246 197897.450   17 32389 200967.929 197897.450  1.53%   213 7397s
H10323  8784                    200967.86285 197897.450  1.53%   213 7397s
H10325  8345                    200786.76032 197897.450  1.44%   214 7397s
H10332  7927                    199549.89017 197897.450  0.83%   228 7397s

Cutting planes:
  Learned: 5
  Gomory: 348
  Cover: 1335
  MIR: 109812
  StrongCG: 1
  Flow cover: 29868
  Relax-and-lift: 819

Explored 10338 nodes (3039042 simplex iterations) in 7398.11 seconds
Thread count was 32 (of 32 available processors)

Solution count 10: 199550 200787 200968 ... 201185

Optimal solution found (tolerance 1.00e-02)
Best objective 1.995498901707e+05, best bound 1.978974495002e+05, gap 0.8281%

